#"Step","Time (ps)","Potential Energy (kJ/mole)","Temperature (K)","Density (g/mL)","Speed (ns/day)"
505000,1009.9999999899404,-36128.852834703575,300.3304235973017,0.9830220761418108,0
510000,1019.999999989704,-36673.552123550675,300.3757312018724,0.9935235670097415,451
515000,1029.9999999894676,-36326.95022750288,299.22519013876206,0.9999489029092781,447
520000,1039.9999999892311,-36303.545464265015,300.38490403355297,0.9968476475076918,450
525000,1049.9999999889947,-36309.17327265901,306.0816447693003,0.9926341590087651,451
530000,1059.9999999887582,-36510.29858399942,298.2676289637276,0.9992141767232728,451
535000,1069.9999999885217,-36668.10264472835,295.1289539329918,0.9888220919467218,454
540000,1079.9999999882853,-36570.391985329275,305.53543871565444,0.9892377354145881,454
545000,1089.9999999880488,-36177.005327495426,301.4263605455313,0.9832673105434464,454
550000,1099.9999999878123,-36300.732872684894,300.72652502106416,0.9999416966674919,454
555000,1109.9999999875758,-36746.048223800404,292.30227885802566,1.028935631389563,454
560000,1119.9999999873394,-36313.18076244087,296.43833958246313,0.9999855896668812,454
565000,1129.999999987103,-36518.52974799342,298.2734212462046,1.0012901628029658,454
570000,1139.9999999868664,-36474.09201220056,302.59056809719044,0.9963671373288343,454
575000,1149.99999998663,-36609.48534754358,299.1262884614509,1.002963146437476,455
580000,1159.9999999863935,-36334.01386207837,305.14593348546,0.9909803803265581,456
585000,1169.999999986157,-36336.933403908624,298.3053097194852,0.9938883584385494,456
590000,1179.9999999859206,-36622.55252277886,290.55919348145386,0.9910888394251931,456
595000,1189.999999985684,-36214.57861193197,297.7751818876616,0.9912178188408892,456
600000,1199.9999999854476,-36542.715209566435,299.835214365179,0.9931569946187349,456
605000,1209.9999999852112,-36361.90165451562,299.70675349544086,1.001748663891216,456
610000,1219.9999999849747,-36602.029567830556,292.9942607895258,1.004697910565744,456
615000,1229.9999999847382,-36858.78704036269,300.12039667147343,0.9979056405329205,456
620000,1239.9999999845018,-36557.13045139055,303.7272159275979,0.9835033240659359,457
625000,1249.9999999842653,-36536.01754698393,297.3647543559934,0.986324948389189,458
630000,1259.9999999840288,-36302.27703364132,296.1865092798973,0.9884337649128266,459
635000,1269.9999999837923,-36372.44701268984,297.4243056160501,0.9812359978589323,459
640000,1279.9999999835559,-36482.193161999254,298.1165761310188,0.9766831318821768,459
645000,1289.9999999833194,-36634.46914409677,304.8988235839162,1.0162194755677376,459
650000,1299.999999983083,-36443.42604934424,298.82500732022936,0.98028449226371,459
655000,1309.9999999828465,-36752.97088139926,304.0665488604652,1.009213034131338,459
660000,1319.99999998261,-36395.71435459453,311.52991513858035,0.9894293825021908,459
665000,1329.9999999823735,-36601.1644238256,307.0420093266012,0.9983668417607311,459
670000,1339.999999982137,-36204.9680052785,307.3831562126997,0.9884099828203827,459
675000,1349.9999999819006,-36732.6901516479,301.7300740331311,1.0016289995098822,459
680000,1359.9999999816641,-36366.52228022629,309.8092155939302,0.9901497168255466,458
685000,1369.9999999814277,-36184.237420023856,302.79432863912905,0.9733456165729788,458
690000,1379.9999999811912,-36078.34040887802,296.1652983949549,0.9827977388970123,458
695000,1389.9999999809547,-36462.767448113766,307.0721456859653,0.9859122502528885,458
700000,1399.9999999807183,-36584.79547448733,303.27059442784844,1.0031244803267347,458
705000,1409.9999999804818,-36492.51096862031,295.3137710315271,0.99862162381915,458
710000,1419.9999999802453,-36351.88765752109,290.8495084508684,0.9873061036478942,457
715000,1429.9999999800089,-36826.04782443409,307.731373393779,1.0153252468391734,457
720000,1439.9999999797724,-36331.72139739702,308.6585920784004,0.9978862446929997,457
725000,1449.999999979536,-36408.944079623296,297.8891311315499,1.002165192914585,457
730000,1459.9999999792994,-36080.76339686438,301.9985597244563,0.9680361073453111,457
735000,1469.999999979063,-36722.654734153155,299.1030781053333,0.9951728557534052,457
740000,1479.9999999788265,-36516.81719658096,299.2990262805146,0.9898951789644369,457
745000,1489.99999997859,-36705.70802809819,306.47661247229325,1.0034754400813424,457
750000,1499.9999999783536,-36398.92356871982,298.1278721125042,0.9850942272566915,457
755000,1509.999999978117,-36200.452767738345,305.46624052250445,0.9896962513508923,457
760000,1519.9999999778806,-36841.25240774744,305.990596684956,1.0146494062739957,457
765000,1529.9999999776442,-36289.39103011685,304.39499807394526,0.9944418826552235,457
770000,1539.9999999774077,-36368.839803650684,302.88236721015784,0.9948368930202016,457
775000,1549.9999999771712,-36560.07990885433,303.2661626102949,1.001978214974711,457
780000,1559.9999999769348,-36304.3477331225,283.5667748109939,1.0013152532667,456
785000,1569.9999999766983,-36522.02866796375,291.948764108987,0.983167257186947,457
790000,1579.9999999764618,-36708.85114713863,289.0739368209739,1.0038672758486333,457
795000,1589.9999999762254,-36028.931063700846,297.60252652101735,0.9814423929475813,457
800000,1599.9999999759889,-36459.57491078181,293.05727505120575,0.9957678118087858,457
805000,1609.9999999757524,-36770.17945494855,307.17698393748776,0.998929014346468,457
810000,1619.999999975516,-36302.19328218119,299.21208020404555,0.9974114186372489,457
815000,1629.9999999752795,-36687.1717549586,291.57003953265536,1.0098694133103985,457
820000,1639.999999975043,-36499.25801504642,304.5762491053328,1.001562623265906,457
825000,1649.9999999748065,-36277.15515543698,305.32615386160256,0.9870914615842754,457
830000,1659.99999997457,-36664.04115769497,302.33912944361765,0.9901471991496857,457
835000,1669.9999999743336,-36165.76774112601,296.9854113865148,0.9923385516564832,457
840000,1679.9999999740971,-36260.69243170804,295.10372349259393,0.9843111757244078,457
845000,1689.9999999738607,-36642.0503648608,301.80786789102444,0.9916387491899972,457
850000,1699.9999999736242,-36499.90790597565,294.8464719434393,0.9980223371469523,457
855000,1709.9999999733877,-36582.8992644361,298.478872062745,1.0017128238681678,457
860000,1719.9999999731513,-36200.26460769519,294.18483250235226,0.993104570842039,457
865000,1729.9999999729148,-36336.7500697209,305.9926373823411,0.9926143441972929,457
870000,1739.9999999726783,-36381.661585441994,304.58377288862135,0.9902423643239772,457
875000,1749.9999999724419,-37001.98810567666,302.61215001802094,0.9978701193122056,457
880000,1759.9999999722054,-36515.532576673286,299.0295717732591,1.0016355599822775,457
885000,1769.999999971969,-36202.26399720667,304.613393920363,1.0100850967362132,457
890000,1779.9999999717324,-36166.36007324912,312.9380169474188,0.9796396898227303,457
895000,1789.999999971496,-35939.448299184936,297.6476692207488,0.9890595622364425,457
900000,1799.9999999712595,-36706.592545029154,303.12667372943514,1.0000867099806827,457
905000,1809.999999971023,-36575.10420189949,310.97088773368665,0.9967275014805325,457
910000,1819.9999999707866,-36537.962494265405,305.4576654708659,1.0028500576312112,456
915000,1829.99999997055,-36225.36054954259,307.5065050324225,0.9866278960256543,457
920000,1839.9999999703136,-36444.83547508149,299.861660978766,0.9906049250590049,457
925000,1849.9999999700772,-36286.201574256,308.3070355743272,0.9949902425172484,457
930000,1859.9999999698407,-36960.64159288726,297.8215201474772,1.0261261592425353,457
935000,1869.9999999696042,-36576.400607656775,297.5965074943865,0.9992391579996875,456
940000,1879.9999999693678,-36474.22516229309,296.3550626386663,1.0002350153148645,456
945000,1889.9999999691313,-36639.3896033763,313.29099575573,1.013775064832857,456
950000,1899.9999999688948,-36530.220467065694,286.7066041756041,1.0093127808905555,456
955000,1909.9999999686584,-36498.66524855982,301.55616126708793,0.9712367903189122,456
960000,1919.999999968422,-36225.82477347873,301.63978863366816,0.9921788020296815,456
965000,1929.9999999681854,-36450.091447932355,295.18947400897883,1.003019126917252,456
970000,1939.999999967949,-36611.3841118773,295.4818709019884,1.0169574502716987,456
975000,1949.9999999677125,-36323.53526111043,312.7235788171419,0.9961938671245796,456
980000,1959.999999967476,-36756.28200194906,298.0078213895653,1.0022074428380832,456
985000,1969.9999999672395,-36199.61798362812,290.6872214759891,0.9995043081336205,456
990000,1979.999999967003,-36406.39597559304,289.87222053444447,0.9977397383293028,456
995000,1989.9999999667666,-36220.50759436071,300.82724065160664,0.9975853454916357,456
1000000,1999.9999999665301,-36745.51919064252,293.82461849422106,1.0117511141681423,456
1005000,2009.9999999662937,-36283.92121940112,303.4683565562611,1.0027019456643145,456
1010000,2019.9999999660572,-36366.58037344809,288.92257479169166,0.9880538974876449,456
1015000,2029.9999999658207,-36517.950484700705,300.0956815586981,0.9963331729387929,456
1020000,2039.9999999655843,-36364.26579192557,295.20831438685764,1.002565956302335,456
1025000,2049.999999965348,-36270.14685447671,298.60217965625804,0.9959962130445511,456
1030000,2059.9999999651113,-36461.995937069325,301.5176559871344,0.9904830864446841,456
1035000,2069.999999964875,-36642.56048250079,301.8626162976394,0.992741179441892,456
1040000,2079.9999999646384,-36329.25651924891,299.508001937993,0.9787186742601706,456
1045000,2089.999999964402,-36524.83890663902,295.4357387732217,0.994704334472622,456
1050000,2099.9999999641655,-36753.912724299094,295.10994865027385,0.9990288216705693,456
1055000,2109.999999963929,-36243.56603892203,291.2987504590637,0.9906845439685513,456
1060000,2119.9999999636925,-36665.16681384959,311.85521054701064,1.0010709826141473,456
1065000,2129.999999963456,-36399.79327544643,301.0609520349652,1.008409577712902,456
1070000,2139.9999999632196,-36417.93588479562,297.5797284269977,0.9867379700934662,456
1075000,2149.999999962983,-36444.67749395568,292.5771958380798,0.99271189399955,456
1080000,2159.9999999627466,-36459.00712378722,300.8754547039682,0.9926864626282317,456
1085000,2169.99999996251,-36553.93987993969,288.2606261540311,0.9827477222585086,456
1090000,2179.9999999622737,-36072.15077890421,308.17389552977676,0.9852861060248931,456
1095000,2189.9999999620372,-36626.22331540933,290.2903573673453,0.9988674335270527,456
1100000,2199.9999999618008,-36303.987425976986,298.96086829462666,0.9899142192550078,456
1105000,2209.9999999615643,-36565.0140003729,291.26826367691626,1.001288064953943,456
1110000,2219.999999961328,-36527.70748454225,302.76017272430937,0.9897752495833607,456
1115000,2229.9999999610914,-36469.899698475696,300.9791180085114,0.9970359169812455,456
1120000,2239.999999960855,-36513.399859833095,307.01162560997824,0.9987225513168754,456
1125000,2249.9999999606184,-36396.585564788635,299.3177017535543,1.002645959458863,456
1130000,2259.999999960382,-36402.769573971746,307.43996592980466,1.0052124254351291,456
1135000,2269.9999999601455,-36174.472197449446,298.3245417463571,1.0056834830740735,456
1140000,2279.999999959909,-36351.48863020798,293.1982274625134,1.0194164307636757,456
1145000,2289.9999999596726,-36450.736878787255,299.3455294451696,1.0008648094602761,456
1150000,2299.999999959436,-36450.23844140521,293.9175011449014,0.9981117084699647,456
1155000,2309.9999999591996,-36535.981988654035,305.3009852605194,0.9937192156103446,456
1160000,2319.999999958963,-36348.46039596081,307.2492534832679,0.974596934865151,456
1165000,2329.9999999587267,-36529.76109000298,295.76695014275833,1.008602176372161,456
1170000,2339.99999995849,-36603.91570163207,307.5867930760089,0.9869744336805567,457
1175000,2349.9999999582537,-36513.73475295736,297.88424582568854,1.0078386553677896,457
1180000,2359.9999999580173,-36318.601233724126,298.60321031150306,0.9899210710701233,457
1185000,2369.999999957781,-36376.23360716531,297.11294466653237,0.9869564765887066,457
1190000,2379.9999999575443,-36608.624200879945,305.55753596410744,0.997266071445544,457
1195000,2389.999999957308,-36353.88035231229,313.89788679020216,1.0078124715347243,457
1200000,2399.9999999570714,-36487.310797538725,298.8104956943796,1.0026980523838402,457
1205000,2409.999999956835,-36428.77423805263,306.03134879334374,1.0058156703718846,457
1210000,2419.9999999565985,-36738.276697298454,308.19391085463485,1.0199972536299016,457
1215000,2429.999999956362,-36556.50929436486,295.30430961637796,1.0064207468873057,457
1220000,2439.9999999561255,-36582.72684643991,303.21959760632535,0.9985599844903323,457
1225000,2449.999999955889,-36570.48846002872,304.3212031584025,0.9811183709888814,457
1230000,2459.9999999556526,-36781.77204287556,306.8886890523534,1.0123378859098615,457
1235000,2469.999999955416,-36415.031493697024,282.9765391652812,0.9966373416027409,457
1240000,2479.9999999551796,-36651.44294513986,306.67958971624563,0.9978729435867298,457
1245000,2489.999999954943,-36662.1642992961,303.459905183252,0.9781046013185181,457
1250000,2499.9999999547067,-36348.37471944385,298.04752222960315,0.982530889339997,457
1255000,2509.9999999544702,-36370.38731730421,308.1112729170899,0.9936064175187431,457
1260000,2519.9999999542338,-36494.962051767274,294.36853649322296,1.0043356377379098,457
1265000,2529.9999999539973,-36613.49258444624,293.40565713712425,0.9952763128033255,457
1270000,2539.999999953761,-36516.45568211892,293.68731460248074,0.9994723122854468,457
1275000,2549.9999999535244,-36596.1735853696,308.28110428836277,0.9993272984651994,457
1280000,2559.999999953288,-36290.29284673842,303.329135645765,0.9922827209909513,457
1285000,2569.9999999530514,-36736.51728294525,293.31293939128307,0.9848447530982115,457
1290000,2579.999999952815,-36269.32181520754,300.49677135384644,0.9792850498889537,457
1295000,2589.9999999525785,-36360.633084327215,308.0101244113446,1.0012179174034446,457
1300000,2599.999999952342,-36335.104747851554,310.0301056260409,0.996577711048135,457
1305000,2609.9999999521056,-36675.077964885655,293.6458822616313,1.0061083213298812,457
1310000,2619.999999951869,-36382.71077889166,307.31101034554894,0.9884606407003558,457
1315000,2629.9999999516326,-36603.297875820834,300.95151706105,0.9957350154792336,457
1320000,2639.999999951396,-36625.34899316996,295.2768735737558,0.9933393770204584,457
1325000,2649.9999999511597,-36075.522351773805,293.35278452305516,0.9681800193856047,457
1330000,2659.999999950923,-36199.960680523975,304.42474278431627,0.9879156300991228,457
1335000,2669.9999999506867,-36016.58849796138,304.3030223998805,0.9792354160099634,457
1340000,2679.9999999504503,-36326.564837550046,308.64121523096946,0.9866426653199386,457
1345000,2689.999999950214,-36456.132661725045,306.52694967445956,1.0032529468961582,457
1350000,2699.9999999499773,-36411.207677984436,295.7088005738348,1.0024262610452905,457
1355000,2709.999999949741,-36483.65831852367,293.167740680366,0.9992038395247215,457
1360000,2719.9999999495044,-36454.01454958756,300.3742882845293,0.995759098614345,457
1365000,2729.999999949268,-36400.840424788155,303.02158812065386,0.9829818145550401,457
1370000,2739.9999999490315,-36578.271630981646,307.9692280112226,0.9908295742545071,457
1375000,2749.999999948795,-36153.68269043937,314.4325907313136,0.9938678689437991,457
1380000,2759.9999999485585,-36419.47340898408,312.79215861714493,0.9865750359042503,457
1385000,2769.999999948322,-36544.85511556349,303.6485150930889,0.9980687982946501,457
1390000,2779.9999999480856,-36419.46129521105,295.28357283284834,0.9932700621607679,457
1395000,2789.999999947849,-36514.182455342496,298.126882683469,0.986662669692624,457
1400000,2799.9999999476127,-36446.821435553225,301.16781037076794,0.9980650231919237,457
1405000,2809.999999947376,-36519.74206452569,308.4991703251021,0.9937169753549369,457
1410000,2819.9999999471397,-36747.850702485535,295.47760398927403,0.9974423763301963,457
1415000,2829.9999999469032,-36629.73514986178,297.9071057590229,1.003107772053963,457
1420000,2839.999999946667,-36476.792129766836,296.0662730390143,0.9906474581090957,457
1425000,2849.9999999464303,-36501.657798393455,305.1377706959195,0.9933117844830346,458
1430000,2859.999999946194,-36224.329068323364,305.7336749454798,0.9846210709230078,458
1435000,2869.9999999459574,-36334.10903004708,299.4038233058273,0.98375958735505,458
1440000,2879.999999945721,-36402.435196081555,300.35651978810535,0.9805434009644575,457
1445000,2889.9999999454844,-36613.698663691146,296.8887359245328,0.9910128620397054,458
1450000,2899.999999945248,-36436.52635254868,295.72213725270524,0.9968481270686456,458
1455000,2909.9999999450115,-36559.970048259274,297.0303891814071,0.988514708210653,458
1460000,2919.999999944775,-36387.87687395391,307.2715980889798,0.9936091741982761,458
1465000,2929.9999999445386,-36470.12388856217,299.3457561893235,1.0017205888170735,458
1470000,2939.999999944302,-36236.12621461056,294.004344155846,0.9825520098044968,458
1475000,2949.9999999440656,-36702.07285654338,303.41756586578697,1.0017025713795655,458
1480000,2959.999999943829,-36560.76216155547,306.3094608046574,1.0054297699524952,458
1485000,2969.9999999435927,-36989.06471073974,297.086992767463,1.006852235197193,458
1490000,2979.999999943356,-36331.73353847794,302.6237758091846,0.9974906888496787,458
1495000,2989.9999999431197,-36421.59760717975,300.0050251233469,0.9975049682965562,458
1500000,2999.9999999428833,-36501.81725555743,302.50382815177034,0.9975760900676007,458
1505000,3009.999999942647,-36769.72244229383,290.6567759200515,0.9960239436849188,458
1510000,3019.9999999424103,-36897.490163562325,285.4348168294708,1.017042827113307,458
1515000,3029.999999942174,-36546.37582106175,304.7260857648525,1.0015544657128148,458
1520000,3039.9999999419374,-36725.3543070204,304.63037911880076,1.0138889483674844,458
1525000,3049.999999941701,-36245.24314379555,306.0770686600124,0.9967655287081691,458
1530000,3059.9999999414645,-36788.38275204718,308.10644945054327,0.9930740849211485,458
1535000,3069.999999941228,-36459.27484032861,293.20224701796894,1.0040960484497028,458
1540000,3079.9999999409915,-36411.25642263988,305.4578716019149,0.9951075932779565,458
1545000,3089.999999940755,-36261.50329825195,300.08380841027554,0.9852510815588217,458
1550000,3099.9999999405186,-36280.312219082174,297.64185632516694,1.0021755256932527,458
1555000,3109.999999940282,-36423.08310611421,295.73085659607807,0.98385079845709,458
1560000,3119.9999999400457,-36281.49943121718,296.0094633219093,0.9968673008894609,458
1565000,3129.999999939809,-36808.51691668783,295.42419543447755,0.9882987417647461,458
1570000,3139.9999999395727,-36762.35241665348,311.1792243849131,1.0098844117983208,458
1575000,3149.9999999393362,-36239.55435515824,303.37920487756764,0.99768838000704,458
1580000,3159.9999999391,-36645.76593197018,304.2648881558151,0.9903357927496128,458
1585000,3169.9999999388633,-36498.053406967985,290.3481565134855,0.9851817752742336,458
1590000,3179.999999938627,-36506.92744963133,296.70020846711543,0.9974800548637878,458
1595000,3189.9999999383904,-35967.2213019749,297.5990222931843,0.9897781768652217,458
1600000,3199.999999938154,-36362.089975311945,296.00404207532057,0.9893830965138173,458
1605000,3209.9999999379174,-36624.6955441506,302.23128167877974,1.001688820972864,458
1610000,3219.999999937681,-36674.67787290193,304.88134367096086,0.9928205422283715,458
1615000,3229.9999999374445,-36547.06352288416,305.61772623041605,0.9967376311144137,458
1620000,3239.999999937208,-36460.35188767905,303.21176462646326,0.9992547886253207,458
1625000,3249.9999999369716,-36846.35475630031,294.0017056784188,0.9944624595371734,458
1630000,3259.999999936735,-36662.44890618982,284.0771552883232,0.9895226467797258,458
1635000,3269.9999999364986,-36648.54311093557,300.4352618488242,0.9953593419007678,458
1640000,3279.999999936262,-36330.853634338884,310.09419176917567,1.0079469698057169,458
1645000,3289.9999999360257,-36663.85045924847,299.43618588052067,0.9952314236060565,458
1650000,3299.999999935789,-36329.465071606915,300.6241191159199,0.9732032967760957,458
1655000,3309.9999999355528,-36669.74582883695,304.7842559468809,0.9979401299268931,458
1660000,3319.9999999353163,-36281.655169350415,290.3522172951508,0.9790700546666592,458
1665000,3329.99999993508,-36625.50202225623,301.7705581711551,1.004352352234445,459
1670000,3339.9999999348433,-36049.49123177113,307.42112555192585,0.9984504278317933,459
1675000,3349.999999934607,-36432.23729165757,296.7471238938683,1.0017528808520604,459
1680000,3359.9999999343704,-36386.998333289375,305.29496623388854,1.0009945659679769,459
1685000,3369.999999934134,-36376.4262923272,306.15073989692576,0.99234630305913,459
1690000,3379.9999999338975,-36572.59927331883,301.5887505859352,0.9964968224767597,459
1695000,3389.999999933661,-36397.79675629022,296.1847159397709,1.0040239806190188,459
1700000,3399.9999999334245,-36411.18030268577,300.73497639407327,1.0042489949478735,459
1705000,3409.999999933188,-36724.514205600106,290.48904708547843,1.0023191339576534,459
1710000,3419.9999999329516,-36743.17158617423,293.6057691594955,0.9954693794946434,459
1715000,3429.999999932715,-36311.8445093912,295.3439280039961,1.0026206653632237,459
1720000,3439.9999999324787,-36394.13040675584,297.9837452830419,0.992552530234599,459
1725000,3449.999999932242,-36557.61203909738,298.19313320261824,1.0068363251721397,459
1730000,3459.9999999320057,-36410.33510800416,298.2123446163852,1.005669667302959,459
1735000,3469.9999999317693,-36565.90895571472,303.5842022058003,0.9934282015759212,459
1740000,3479.999999931533,-36559.09965659413,291.7881467956046,1.0017225031776655,459
1745000,3489.9999999312963,-36286.20531320709,307.0492239133162,0.9877115055432295,459
1750000,3499.99999993106,-36568.78584555088,299.9926778735117,0.9845731853717262,459
1755000,3509.9999999308234,-36419.138902119244,307.39610124257706,0.996960896102796,459
1760000,3519.999999930587,-36425.82865749372,298.9404200945657,0.9922615901317468,459
1765000,3529.9999999303504,-36584.29320053244,292.7383903183994,1.0011955194213416,459
1770000,3539.999999930114,-36331.331186066,294.9393958203295,1.0082738157482707,459
1775000,3549.9999999298775,-36368.58659548746,305.1655159351152,0.9891651165781621,459
1780000,3559.999999929641,-36979.790658277285,296.74213552248244,1.0155522041933738,459
1785000,3569.9999999294046,-36400.236999955,296.4761440168501,0.9989303470605697,459
1790000,3579.999999929168,-37000.32440437711,308.11776604513346,1.0077291544267004,459
1795000,3589.9999999289316,-36560.758130390255,311.12643422326363,1.0032290947387297,459
1800000,3599.999999928695,-36328.086386443785,295.53556804025345,0.9836590441772186,459
1805000,3609.9999999284587,-36022.09810558788,305.0949572770418,0.9877416205027889,459
1810000,3619.999999928222,-36281.23210292429,296.2414638175612,1.0032673460898198,459
1815000,3629.9999999279858,-36474.57094524588,298.3504730323216,0.9937455616543693,459
1820000,3639.9999999277493,-36657.31579006309,294.0422310426526,0.9973882614061133,459
1825000,3649.999999927513,-36308.875278849184,293.7305608965614,0.9884818206868482,459
1830000,3659.9999999272763,-36157.86811450659,300.9510841858471,0.9956839713032106,459
1835000,3669.99999992704,-36620.10899551725,301.845136384684,0.9965203140349386,459
1840000,3679.9999999268034,-36760.82191144646,310.1626066643395,0.9986371550785911,459
1845000,3689.999999926567,-36502.96011835974,303.58492366447183,0.9953395293851616,459
1850000,3699.9999999263305,-36435.95512344781,307.53425027161825,0.9970776653486333,459
1855000,3709.999999926094,-36553.97626899282,299.93349764934317,1.0012115416759155,459
1860000,3719.9999999258575,-36166.200689092424,291.3219814282862,0.995791639686072,459
1865000,3729.999999925621,-36376.248131048604,303.4217709391866,0.9742358612049842,460
1870000,3739.9999999253846,-36467.788134594884,295.45109553637235,0.9899907841005224,460
1875000,3749.999999925148,-36753.039338425064,300.07348124472054,1.0106894847591994,460
1880000,3759.9999999249117,-36477.762651327066,306.25516588635026,1.003560955234044,460
1885000,3769.999999924675,-36708.05759580701,299.0615220858544,0.9888697179533062,460
1890000,3779.9999999244387,-36666.90641714976,303.31046017272547,0.9969226560132153,460
1895000,3789.9999999242023,-36105.68556294823,295.83023237480194,0.9857757083109724,460
1900000,3799.999999923966,-36857.9266980832,288.35060235692055,1.0076139388660545,460
1905000,3809.9999999237293,-36521.78356327824,304.5011555641813,0.9838404262525248,460
1910000,3819.999999923493,-36158.44267148015,307.3818369739861,0.986208077897437,460
1915000,3829.9999999232564,-36360.35397335206,301.3102263125235,0.9923348261561806,460
1920000,3839.99999992302,-36877.489970473456,300.7327089525342,0.9959264289191673,460
1925000,3849.9999999227834,-36757.82376018402,299.5242038384446,0.999437956038147,460
1930000,3859.999999922547,-36707.005114796775,305.4349910554757,1.0032354111435726,460
1935000,3869.9999999223105,-36437.41983928654,302.5771901921102,0.9907849727672657,460
1940000,3879.999999922074,-36268.421472749935,301.6982267860602,0.990742472195134,460
1945000,3889.9999999218376,-36319.34663336168,295.6571853591647,0.993758260466961,460
1950000,3899.999999921601,-36454.94252235073,298.2738747345124,0.9933164686960554,460
1955000,3909.9999999213646,-36313.4989754062,298.4063139334963,0.990786566899901,460
1960000,3919.999999921128,-36336.665643371205,297.982900145741,0.995497268047312,460
1965000,3929.9999999208917,-36890.85857565401,314.04469332330143,1.0120969089700556,460
1970000,3939.9999999206552,-36433.49812413007,296.02123340480733,1.0017879598582382,460
1975000,3949.9999999204188,-36553.38707548045,293.0598929155281,0.9873870861674211,460
1980000,3959.9999999201823,-36607.53365608142,304.40074913021243,1.011604136527155,460
1985000,3969.999999919946,-36660.37619624261,303.5876652074235,0.9881259065901377,460
1990000,3979.9999999197094,-36511.87861859883,300.1386392693101,0.9899609310788899,460
1995000,3989.999999919473,-36527.327999215515,296.91359532904244,1.005616437298325,460
2000000,3999.9999999192364,-36381.28861118891,308.5286882913192,0.9904667382649742,460
2005000,4009.999999919,-36712.80206202346,309.46314217576054,0.9912832804755389,460
2010000,4019.9999999187635,-36423.479433984205,302.9068555787793,0.9885326094348142,460
2015000,4029.999999918527,-36643.29287617348,299.07442588952193,0.9830395806732327,460
2020000,4039.9999999182905,-36642.44477872242,304.4980635984463,1.00333978097928,460
2025000,4049.999999918054,-36480.71122262982,313.8689253778173,0.9975609930320666,460
2030000,4059.9999999178176,-36284.77014783138,300.45206152931786,0.9837883035464844,460
2035000,4069.999999917581,-36573.392718214716,306.32337465046504,1.0047854886200662,460
2040000,4079.9999999173447,-36442.587270831835,298.3381257824864,0.9886411146148639,460
2045000,4089.999999917108,-36550.564305621025,307.1820547612932,1.0010383419851987,460
2050000,4099.999999917781,-36718.6908366947,283.391996294545,0.9969653983449183,460
2055000,4109.999999919818,-36622.17485653784,301.8916395493389,0.995509469170161,460
2060000,4119.999999921855,-36561.95805550463,311.63007421529056,1.003279393096333,460
2065000,4129.999999923893,-36402.908588752995,297.2069610379823,0.9881966791986797,460
2070000,4139.99999992593,-36443.45186735704,291.6402271548406,0.9943542568547853,460
2075000,4149.999999927967,-36722.49184549521,303.31429421023694,0.9995266002414697,460
2080000,4159.999999930004,-36269.21685743274,293.4303516367947,1.0048997186335544,460
2085000,4169.999999932042,-36802.51956586781,309.36362210530234,0.9868126918425854,460
2090000,4179.999999934079,-36775.59918533274,289.45286752835455,0.9927104945716124,460
2095000,4189.999999936116,-36533.568959348195,296.72158425689696,0.9978148563810361,460
2100000,4199.999999938153,-36220.26374722211,301.06099326117504,0.9869173107911293,460
2105000,4209.999999940191,-36746.39109859202,298.713531648929,1.01655176597339,460
2110000,4219.999999942228,-36219.86396879156,289.4510329620184,1.0025785349080478,460
2115000,4229.999999944265,-36560.24554313155,293.11113709431004,0.9941316367819847,460
2120000,4239.9999999463025,-36576.91560268146,307.27440147124616,0.9881390456410196,460
2125000,4249.99999994834,-36655.03061410549,293.5863103884697,0.9938709695725673,460
2130000,4259.999999950377,-36632.999972215475,299.6720410267889,0.9925780019816062,460
2135000,4269.999999952414,-36871.278019765334,307.96386860394847,1.010015009965063,460
2140000,4279.999999954452,-36467.06450710111,302.6929533892298,1.0005079638216907,460
2145000,4289.999999956489,-36229.61383906755,302.16668020802246,0.9892354143617125,460
2150000,4299.999999958526,-36270.88545699269,298.828387869433,0.9800687152410565,460
2155000,4309.999999960563,-36318.97124436154,294.0282965837401,0.9972220688808169,460
2160000,4319.999999962601,-36294.82100665354,293.02225338598026,0.9970728232503074,460
2165000,4329.999999964638,-36569.85756093351,300.332629199526,0.9819605630867789,460
2170000,4339.999999966675,-36741.194430378004,290.3968446672598,1.0053172818012122,460
2175000,4349.9999999687125,-36798.17533499049,306.7375949934348,1.0140539837402751,460
2180000,4359.99999997075,-36634.82088284317,297.0849520700779,0.9964103638103029,460
2185000,4369.999999972787,-36609.043058946234,305.93916698823,1.007230418624948,460
2190000,4379.999999974824,-36267.09437222709,302.4936865041594,0.981644408409039,460
2195000,4389.999999976862,-36349.29812682574,308.65374799874877,0.989030612082411,460
2200000,4399.999999978899,-36246.24273204856,305.3779752073217,1.0010341835091825,460
2205000,4409.999999980936,-36390.64943793396,291.6483899443811,1.0056701845441236,460
2210000,4419.999999982973,-36476.03207446955,306.26543121259056,0.9939318648636755,460
2215000,4429.999999985011,-36338.83404588737,306.99078576092415,0.9905592200884642,460
2220000,4439.999999987048,-36167.12482563467,296.3882497375556,0.9874070900564762,460
2225000,4449.999999989085,-36301.726683248446,298.69928799344297,0.9948716774064384,460
2230000,4459.999999991122,-36411.71866130634,291.04203485063647,0.9948668136833082,460
2235000,4469.99999999316,-36725.616901630216,301.9740301296251,0.9968490194646056,460
2240000,4479.999999995197,-36388.360085552995,304.66303027696273,1.0017851236154058,460
2245000,4489.999999997234,-36496.234635448986,297.63851700217316,0.9957824499163715,460
2250000,4499.9999999992715,-36699.61098570391,296.6501186222079,0.9916110683649401,460
2255000,4510.000000001309,-36337.980422533205,300.3963030805628,1.0031922749303144,460
2260000,4520.000000003346,-36518.78311986846,298.943037958888,0.9880491136602495,460
2265000,4530.000000005383,-36522.27212939874,292.74715088798206,0.9885347117025612,460
2270000,4540.000000007421,-36604.00350983118,300.4529891190384,0.9895797714169811,460
2275000,4550.000000009458,-36713.63758453485,296.70117728304575,0.9925216685482229,460
2280000,4560.000000011495,-36299.494915390096,288.6063903756273,1.0074120348601439,460
2285000,4570.000000013532,-36386.61692721586,314.16371339099527,1.005105084372563,460
2290000,4580.00000001557,-36377.84807133331,299.44257594303974,0.9863522880690065,460
2295000,4590.000000017607,-36809.692939700966,293.169183597709,0.9996169263960227,460
2300000,4600.000000019644,-36512.50362541599,297.1978706587213,0.9891916907871253,460
2305000,4610.000000021681,-36154.375278508,296.66052824018254,0.9832286553992688,459
2310000,4620.000000023719,-36660.306234167336,293.71827548604085,0.9982041255375412,459
2315000,4630.000000025756,-36378.661082686245,295.05755013761745,0.977475946029539,459
2320000,4640.000000027793,-36375.71810863601,295.8133090156789,1.004393673457945,459
2325000,4650.0000000298305,-36865.209028929065,293.4509235154851,0.9994364698885774,459
2330000,4660.000000031868,-36465.694769216614,295.51749034725594,0.99963210418173,459
2335000,4670.000000033905,-36336.76653087101,308.2504732144811,0.9781475294846634,459
2340000,4680.000000035942,-36429.83066603041,299.6072334249826,1.0045235939764667,459
2345000,4690.00000003798,-36405.240640875156,306.0451595736269,1.0040412985811327,459
2350000,4700.000000040017,-36233.04834567013,292.1406927287129,0.9930365848404831,459
2355000,4710.000000042054,-36393.933023879596,311.5397269765129,0.9911546933748313,459
2360000,4720.000000044091,-36567.22403990029,295.23317379136734,0.9916740071595527,459
2365000,4730.000000046129,-36663.219103014824,296.0991303282252,1.001387005297002,459
2370000,4740.000000048166,-36678.76337899675,301.29724005643635,1.0076761445616444,459
2375000,4750.000000050203,-36779.89945116002,292.4413760898923,1.0220455925732688,459
2380000,4760.0000000522405,-36467.70865394705,295.0028223441074,0.9854893705598714,459
2385000,4770.000000054278,-36744.544033934915,293.45129455137334,1.0035151066239172,459
2390000,4780.000000056315,-36398.32681556314,300.2363866127469,0.9844335395121125,459
2395000,4790.000000058352,-36288.94760361503,301.3294995656052,0.9878984353627529,459
2400000,4800.0000000603895,-36487.92649910273,305.49340859476285,0.9869092904609734,459
2405000,4810.000000062427,-36626.982587305625,297.4390439860538,0.9973899392700063,459
2410000,4820.000000064464,-36127.93366597011,295.0857076389112,0.986563637394806,459
2415000,4830.000000066501,-36227.59048459763,296.21520272191833,0.9909292812441066,459
2420000,4840.000000068539,-36264.85760747382,298.77333026624456,0.9842555752642215,459
2425000,4850.000000070576,-36691.750321287545,300.50048171272846,0.9944503056404713,459
2430000,4860.000000072613,-36659.06518777329,298.6760570242204,0.9973694552015441,459
2435000,4870.00000007465,-36209.87858591575,301.6850343989241,0.998215789901305,459
2440000,4880.000000076688,-36659.06609986356,294.3906543547809,0.9954845529171731,459
2445000,4890.000000078725,-36459.501274445065,307.924518186694,0.9913666832380603,459
2450000,4900.000000080762,-36357.37657427127,295.9484073051949,1.001092179164532,459
2455000,4910.0000000827995,-36309.69302541972,307.81658796943645,0.9970365693589638,459
2460000,4920.000000084837,-36596.97656282969,292.3682407937063,0.9898990390181761,459
2465000,4930.000000086874,-36495.21664298052,294.8333620087228,0.9871388234629837,459
2470000,4940.000000088911,-36367.37473732099,304.332251782629,1.0047299444694073,459
2475000,4950.000000090949,-36212.88660755716,301.1838885925901,1.0050659632695098,459
2480000,4960.000000092986,-36426.3496056069,301.7214371421779,0.9938995471578059,459
2485000,4970.000000095023,-36483.761103714845,295.96116681712806,1.004541500543458,459
2490000,4980.00000009706,-36618.62202698953,303.1360320790599,0.995321972637495,459
2495000,4990.000000099098,-36411.432271024736,306.21616589187903,1.0062144360614076,458
2500000,5000.000000101135,-36044.473445446085,308.7987611917218,0.9815161901745073,458
2505000,5010.000000103172,-36386.25576276652,293.2453077941055,1.008495946551138,458
2510000,5020.000000105209,-36664.248603034095,296.5173908397555,0.9945795131872961,458
2515000,5030.000000107247,-36404.368159937934,301.94230656118367,1.0052266458324393,458
2520000,5040.000000109284,-36619.82703690918,297.75139436460665,0.9870382582640382,458
2525000,5050.000000111321,-36845.54631974778,297.0170731156415,1.0066238016629248,458
2530000,5060.0000001133585,-36291.58170865671,301.06190023779067,0.9936014977339985,458
2535000,5070.000000115396,-36685.60928753027,295.87088141766515,0.999496984753003,458
2540000,5080.000000117433,-36554.14571288109,298.05391229212216,0.9966463722510529,458
2545000,5090.00000011947,-36396.09140845496,308.86222894170953,0.9962214187715046,458
2550000,5100.000000121508,-36598.77069674968,296.4618385220494,0.9706110550717252,458
2555000,5110.000000123545,-36347.44756486965,291.4253561493608,0.9859337324437178,458
2560000,5120.000000125582,-36721.43026477384,305.4199434888985,1.0044690709143183,458
2565000,5130.000000127619,-36731.28936802311,298.7823588061908,0.9835461572671302,458
2570000,5140.000000129657,-36365.10355710081,298.1984926098923,0.9990443939022634,458
2575000,5150.000000131694,-36716.794553235144,301.5958414940209,1.0082217301815406,458
2580000,5160.000000133731,-36480.63753715958,300.7560017610715,0.9997339800026045,458
2585000,5170.0000001357685,-36466.15999520244,300.44783584281333,1.0168494238392525,458
2590000,5180.000000137806,-36502.450565945735,306.9537027852087,0.9916477021469925,458
2595000,5190.000000139843,-36292.147219099454,303.0003978488164,0.9943279484274944,458
2600000,5200.00000014188,-36517.9598797613,301.21843615640284,1.0108764890134065,458
2605000,5210.0000001439175,-36676.05729221052,297.5318235712096,0.9813111696126524,458
2610000,5220.000000145955,-36814.32247859571,302.330987267182,0.9950619499953488,458
2615000,5230.000000147992,-36429.6662047109,301.85719505105067,1.0040912879044512,458
2620000,5240.000000150029,-36515.354196001776,305.03151014015896,1.0044429532064563,458
2625000,5250.000000152067,-36462.163977616,300.85576918878854,1.0040397098061369,458
2630000,5260.000000154104,-36590.02046351356,301.5157595814835,1.0067513590464423,458
2635000,5270.000000156141,-36665.31602207667,293.97321836744675,1.0091904409760966,458
2640000,5280.000000158178,-35971.88551092928,301.1716650213843,0.9796405699297134,458
2645000,5290.000000160216,-36609.763242940884,287.8557023213714,1.0089292199979472,458
2650000,5300.000000162253,-36580.67097946309,304.3525350778508,1.0059457902077968,458
2655000,5310.00000016429,-36533.51755255094,306.7812741627184,0.9883936729514856,458
2660000,5320.0000001663275,-36576.25403535462,296.98953400749485,0.9946968175916672,458
2665000,5330.000000168365,-36497.981192672334,298.0632706417469,0.9937097750106727,458
2670000,5340.000000170402,-36241.10789436512,292.8439088023836,1.0105865722352902,458
2675000,5350.000000172439,-36555.89023000529,299.9956255475125,0.995016142038922,458
2680000,5360.000000174477,-36246.19437105357,301.98213107985083,0.9861903936594075,458
2685000,5370.000000176514,-36488.770730813645,292.0203328092005,1.003439593199271,458
2690000,5380.000000178551,-36485.369716543355,296.21681054410055,1.002506502006433,458
2695000,5390.000000180588,-36667.743625423725,305.4861115556282,1.0004025914462287,458
2700000,5400.000000182626,-36244.14214212468,301.2974255743805,1.005695308908938,458
2705000,5410.000000184663,-36841.36457107161,301.12332729039326,0.9884408217047013,458
2710000,5420.0000001867,-36571.51690928996,302.86884501334333,0.9966745396949738,457
2715000,5430.000000188737,-36515.71387089757,296.70198119413686,0.9807994985894235,457
2720000,5440.000000190775,-36439.31649810242,302.52369918489416,0.9849527493438961,457
2725000,5450.000000192812,-36208.68330440117,294.80062839814127,0.9818818305636622,457
2730000,5460.000000194849,-36130.56591958122,298.0264968626049,0.9869264024719177,457
2735000,5470.0000001968865,-36098.950891721266,299.0689840298283,0.9909678273604665,457
2740000,5480.000000198924,-36012.49993401396,296.6768538192635,0.984541459497792,457
2745000,5490.000000200961,-36491.126429276395,308.45998481268686,0.9924936457112505,457
2750000,5500.000000202998,-36588.37141577722,307.90687336889937,0.9934508752106113,457
2755000,5510.000000205036,-36461.14095866715,304.6215360967986,0.9969936064378263,457
2760000,5520.000000207073,-36512.05642913995,296.32494689240707,1.0122809395370267,457
2765000,5530.00000020911,-36664.69109900505,300.9985767795372,0.9977878473424256,457
2770000,5540.000000211147,-36211.93637475185,298.3799909985387,0.9863151990004559,457
2775000,5550.000000213185,-36726.38446100458,294.73351212858614,1.0154729071163293,457
2780000,5560.000000215222,-36538.109262509126,301.3074229302571,1.0060033349607769,457
2785000,5570.000000217259,-36432.27273998753,299.01543118329755,0.9884311998721407,457
2790000,5580.000000219296,-36471.0588186541,299.999438971919,0.9906310254269347,457
2795000,5590.000000221334,-36559.77445188828,300.2028903172841,1.0136971621768205,457
2800000,5600.000000223371,-36595.34123403416,292.6488882169227,0.9902309700301338,457
2805000,5610.000000225408,-36830.950078287395,285.91825597869547,0.9960868155064975,457
2810000,5620.0000002274455,-36418.5008568982,297.7869725836644,1.0000717962834136,457
2815000,5630.000000229483,-36615.57655037416,298.02084887186226,0.9862089408444722,457
2820000,5640.00000023152,-36404.999179260485,295.5427001745489,0.9955650498124331,457
2825000,5650.000000233557,-36433.19371236325,301.0301560562443,0.9891902540112979,457
2830000,5660.000000235595,-36568.633576967026,302.9363117056817,1.0091614011886783,457
2835000,5670.000000237632,-36631.10000010766,303.1285495219811,0.9806316923589055,457
2840000,5680.000000239669,-36265.66306587923,295.9322878571629,0.9944538517580149,457
2845000,5690.000000241706,-36182.1651353577,304.7979224354297,0.985689062486371,457
2850000,5700.000000243744,-36613.01960206087,298.5185110634681,1.0151250647764904,457
2855000,5710.000000245781,-36699.47450775918,294.0106517659455,1.0135378654671698,457
2860000,5720.000000247818,-36495.93856297046,311.67909217874325,1.0029655838165579,457
2865000,5730.0000002498555,-36172.07678420789,294.8121717368853,0.985222277278301,457
2870000,5740.000000251893,-36417.88994447884,299.4845029984068,0.9948127192272365,457
2875000,5750.00000025393,-36530.939856451994,291.3551685271756,1.0020774973666047,457
2880000,5760.000000255967,-36439.095944998,301.07400013036704,0.9959961778189405,457
2885000,5770.000000258005,-36177.12045233953,304.9919948180652,0.9835454539499557,457
2890000,5780.000000260042,-36230.92115056078,300.85510956943176,0.9764558094490617,457
2895000,5790.000000262079,-36293.2016277338,307.2360610961318,0.9995678212513796,457
2900000,5800.000000264116,-36325.73691152144,307.1759120560329,0.9906671148854681,457
2905000,5810.000000266154,-36658.43078648619,304.9736903809138,0.9988772807638796,457
2910000,5820.000000268191,-36410.057084919536,302.49418121867706,0.9866656130945354,457
2915000,5830.000000270228,-36349.892328849295,305.6582103684401,1.0091755895961656,457
2920000,5840.000000272265,-36554.61255365843,298.7857805816043,0.9898002646534292,457
2925000,5850.000000274303,-36219.741835572,304.2943648958224,0.996288221569334,457
2930000,5860.00000027634,-36652.724646822375,309.65307132431116,1.003320268464035,457
2935000,5870.000000278377,-36525.163230096485,316.0445767607201,0.9912693603813152,457
2940000,5880.0000002804145,-36563.187254832155,293.541621177046,0.9942432685112474,457
2945000,5890.000000282452,-36501.16730558753,292.86691302745226,0.983522811484232,457
2950000,5900.000000284489,-36736.715333709,306.4161954618307,0.9935427807447084,457
2955000,5910.000000286526,-36310.558409123594,290.69526058690013,0.9873653118837907,457
2960000,5920.000000288564,-36485.527857818495,307.35198919809056,0.9967211051604261,457
2965000,5930.000000290601,-36189.67100922283,300.3321963243231,0.9866153527412511,457
2970000,5940.000000292638,-36385.160294668254,300.2882285715709,0.9939761188407654,457
2975000,5950.000000294675,-36454.931994163664,292.19537929601313,1.0004993783484593,457
2980000,5960.000000296713,-36518.09660716681,294.49110201495967,0.9946895547610184,457
2985000,5970.00000029875,-36324.97210736002,302.60083342343074,1.0041384742084973,457
2990000,5980.000000300787,-36180.627506498684,288.92799603828047,0.9739096767940995,457
2995000,5990.000000302824,-36522.9119355015,301.30319724375255,0.9966180209534377,457
3000000,6000.000000304862,-36413.05412395584,297.9134752084371,0.9906321014277063,457
3005000,6010.000000306899,-36488.133641361754,295.6484041764772,0.9977407563385124,457
3010000,6020.000000308936,-36789.6904761137,302.60002951233963,1.0033654431930874,457
3015000,6030.0000003109735,-36319.64182123137,293.84638593299564,0.9883552763878333,457
3020000,6040.000000313011,-36705.37863967297,305.1819858059305,1.0052153693463124,457
3025000,6050.000000315048,-36143.43852693122,306.82944698887013,0.9855634667909163,457
3030000,6060.000000317085,-36345.640982246696,308.7581121488586,0.9833345391100727,457
3035000,6070.000000319123,-36766.14459977663,306.9259987722228,1.0004645819846243,456
3040000,6080.00000032116,-36328.63233060768,292.4000674276723,0.9880496264262635,456
3045000,6090.000000323197,-36045.81611530017,291.98096177884116,0.9925136556356386,456
3050000,6100.000000325234,-36648.17810343424,300.4139478983573,1.0117291641985735,456
3055000,6110.000000327272,-36605.502846378076,288.0393856991372,0.9997164285773771,456
3060000,6120.000000329309,-36569.9180820921,301.72894031236154,0.9907461195818343,456
3065000,6130.000000331346,-36571.85383209403,308.1249394056387,0.997674984428629,456
3070000,6140.0000003333835,-36851.49913474941,315.734514436811,0.9924609706199106,456
3075000,6150.000000335421,-36221.60822465533,304.0549642955113,0.9802994206097428,456
3080000,6160.000000337458,-36696.867844127904,313.48261517888244,1.0009853372623854,456
3085000,6170.000000339495,-36875.24995637027,308.2690250088913,1.0162099021826014,456
3090000,6180.0000003415325,-36307.42997634687,306.1926463391879,0.9874072957803239,456
3095000,6190.00000034357,-36650.538454007125,291.27442699528143,0.9899144089113633,456
3100000,6200.000000345607,-36503.658665986964,295.0113973957459,0.9860921200858692,456
3105000,6210.000000347644,-36584.603106391296,291.6611494563143,1.0090548402405013,456
3110000,6220.000000349682,-36467.0283908557,296.61441672452077,0.9867128753160006,456
3115000,6230.000000351719,-36610.23238456104,291.5948783240602,0.9994810377005684,456
3120000,6240.000000353756,-36473.235437884025,303.59108698283694,1.002483103643126,456
3125000,6250.000000355793,-36195.01909183603,300.1433802834372,0.9868909755541648,456
3130000,6260.000000357831,-36374.68355805488,287.8156304454453,0.9971039093809768,456
3135000,6270.000000359868,-36307.80835783243,287.68193384706257,0.9918265590648206,456
3140000,6280.000000361905,-36333.594754598395,312.4834567581593,0.9904071627148266,456
3145000,6290.0000003639425,-36721.74996832924,304.7008965506644,1.0003872031247527,456
3150000,6300.00000036598,-36366.533374056366,306.31461408088245,0.9797616574826656,456
3155000,6310.000000368017,-36820.10671319568,301.5695185590633,0.9900622105721226,456
3160000,6320.000000370054,-36830.90273910464,298.72534295803683,1.0217959284305098,456
3165000,6330.000000372092,-36330.44179627363,305.40289645114603,0.9855949099798293,456
3170000,6340.000000374129,-36453.90292514177,309.35589219096477,1.0065925985552022,456
3175000,6350.000000376166,-36933.86088832372,299.78081638134734,1.0043634058542057,456
3180000,6360.000000378203,-36656.19645216278,302.08876267149964,1.0081512825729846,456
3185000,6370.000000380241,-36415.17605934356,298.4672462715813,0.9943337153371369,456
3190000,6380.000000382278,-36383.420244496025,304.9874187087774,0.9838494631710767,456
3195000,6390.000000384315,-36391.57335251389,296.0534104615566,0.9769172292740342,456
3200000,6400.000000386352,-36207.19270211959,289.73932784715277,0.9977032791382673,456
3205000,6410.00000038839,-36058.75370168401,300.3787407151878,0.9817821189398817,456
3210000,6420.000000390427,-36365.90356413793,300.24755891560284,0.9864776888354805,456
3215000,6430.000000392464,-36477.20979044994,296.38342627100894,0.9926311243045569,456
3220000,6440.0000003945015,-36496.916505403264,302.4276008898493,0.9890664016758647,456
3225000,6450.000000396539,-36500.23101023506,300.7089420425843,1.0254073321888075,456
3230000,6460.000000398576,-36379.6895868266,294.1666517438303,0.9790085737439004,456
3235000,6470.000000400613,-36754.36141042999,299.8168687018178,1.017716800491163,456
3240000,6480.000000402651,-36970.193556387094,303.18517372114195,1.004395675976919,456
3245000,6490.000000404688,-36526.9239635189,299.01095813953424,0.9955466043174561,456
3250000,6500.000000406725,-36690.38105256506,294.44872147128484,0.9854953331141312,456
3255000,6510.000000408762,-36484.72861749641,297.1812152699619,0.9933920116308956,456
3260000,6520.0000004108,-36176.30099388937,306.81996496061606,0.9840731417488324,456
3265000,6530.000000412837,-36462.742705072626,295.95632273747657,0.9912157248431932,456
3270000,6540.000000414874,-36709.35071443356,298.95874514482193,0.9979868926166197,456
3275000,6550.0000004169115,-36374.38949070606,298.98912886144484,1.0016347498609133,456
3280000,6560.000000418949,-36341.55110174909,299.57476778476484,0.9994452051739491,456
3285000,6570.000000420986,-36280.633728201385,306.2385929500105,0.9837683692394037,456
3290000,6580.000000423023,-36847.63334161558,299.18353105375877,1.0122037441851017,456
3295000,6590.0000004250605,-36801.30097035918,292.72286865040957,1.0091392578630725,456
3300000,6600.000000427098,-36375.185753405734,303.05261084352867,0.9992208565717683,456
3305000,6610.000000429135,-36269.64259533037,302.64055487657345,0.9993374260686846,456
3310000,6620.000000431172,-36416.01367458678,292.20440783595944,0.9972436013030728,456
3315000,6630.00000043321,-36658.115776353225,294.7654418280766,1.0100546535731119,456
3320000,6640.000000435247,-36738.02232037351,304.7230556384322,1.0036274332731743,456
3325000,6650.000000437284,-36130.63497320685,303.74943685468037,0.9934462930246329,456
3330000,6660.000000439321,-36356.66598860209,298.14122940447953,0.9836285668790374,456
3335000,6670.000000441359,-36711.4644197271,288.7244210142859,0.9999410566452507,456
3340000,6680.000000443396,-36799.44607725993,288.1828529092426,1.0045638812336632,456
3345000,6690.000000445433,-36527.48668432,299.99026614023836,0.9916391534741574,456
3350000,6700.0000004474705,-36666.31992498154,295.8144427364484,1.0092771774138372,456
3355000,6710.000000449508,-36419.183651629515,302.3337288101338,1.0103370258620699,456
3360000,6720.000000451545,-36638.89130403867,296.93503295813866,0.9940441469134047,456
3365000,6730.000000453582,-36465.99011653321,312.9858599638922,1.0046953375540377,456
3370000,6740.00000045562,-36250.74086332173,299.4765875661251,1.0021681618456804,456
3375000,6750.000000457657,-36590.2933647015,306.06230967690385,1.0027386827569094,456
3380000,6760.000000459694,-36664.62743827276,310.43810081133086,1.0005332972573575,456
3385000,6770.000000461731,-36327.34688703905,294.11709783965017,0.9824966737382357,456
3390000,6780.000000463769,-36558.56174176111,291.32451684018895,0.9972305207917491,456
3395000,6790.000000465806,-36371.64128295693,296.69979620501744,0.9995864330888232,456
3400000,6800.000000467843,-36466.83475734174,301.6193816598169,0.9999770546139,456
3405000,6810.00000046988,-36361.62350467694,284.5845468654419,0.9910343657999932,456
3410000,6820.000000471918,-36882.30856367649,296.57312867540566,0.9977995571372281,456
3415000,6830.000000473955,-36389.53420556223,291.84429689335275,0.9982378444202455,456
3420000,6840.000000475992,-36431.59037158798,301.78084411050025,0.9975117593427929,456
3425000,6850.0000004780295,-36327.457211592206,302.28091803537944,0.9983471287890586,456
3430000,6860.000000480067,-36467.179899907,293.40961485326505,0.9926603710023398,456
3435000,6870.000000482104,-36455.436000119924,301.1907733696268,1.015385773403982,456
3440000,6880.000000484141,-36241.27928349277,289.9906634352011,0.9925609776290827,456
3445000,6890.000000486179,-36572.958306453336,297.8229630648202,1.0010033638272795,456
3450000,6900.000000488216,-36342.90548670062,299.2288798845392,0.9893105983882857,456
3455000,6910.000000490253,-36241.11780936373,298.6297599906145,0.9891209212121146,456
3460000,6920.00000049229,-36533.19062000443,303.05786718527827,0.999130255250304,456
3465000,6930.000000494328,-36416.08897199397,308.83269036238755,0.9943568132190898,456
3470000,6940.000000496365,-36360.699647588306,304.7650651462188,0.9955217499085937,456
3475000,6950.000000498402,-36796.51549286136,295.61653631630145,0.990464723623082,456
3480000,6960.0000005004395,-36374.89926847798,302.4710739280839,0.9902550019614567,456
3485000,6970.000000502477,-36349.788494378154,299.80856162054306,0.9931713776643871,456
3490000,6980.000000504514,-36252.42745056734,293.5105160017516,0.9845007633530242,456
3495000,6990.000000506551,-36336.95095863307,303.98642572171815,0.9984833896797015,456
3500000,7000.0000005085885,-36273.535228892724,304.8584012852069,0.993903824509437,456
3505000,7010.000000510626,-36128.133663938206,291.5873957669814,0.9881089223017834,456
3510000,7020.000000512663,-36345.16694899008,287.45094339355074,0.9962033191949395,456
3515000,7030.0000005147,-36532.657839462045,301.4362136096736,0.9844523030000574,456
3520000,7040.000000516738,-36440.056551648944,299.3220717317931,0.9998261934577646,456
3525000,7050.000000518775,-36419.2658121633,295.75575722679747,0.9982682673654822,456
3530000,7060.000000520812,-36569.07329471421,297.03061592556094,0.996233541674479,456
3535000,7070.000000522849,-36365.32225474302,310.16918224480264,0.9927770953468025,456
3540000,7080.000000524887,-36510.577054313995,297.53396733411927,1.0009445602894171,456
3545000,7090.000000526924,-36608.82885147992,306.7361933023016,1.0053540631382416,456
3550000,7100.000000528961,-36312.49774603464,304.46302132011596,1.0084312390666716,456
3555000,7110.0000005309985,-36255.45004409272,307.6022322915791,0.9765962912024684,456
3560000,7120.000000533036,-36279.882712403836,301.184115336744,0.9994915012172897,456
3565000,7130.000000535073,-36871.158493891504,303.53011341854216,1.0073403158155727,456
3570000,7140.00000053711,-35924.31359631609,289.7491396850853,0.9787834880627093,456
3575000,7150.000000539148,-36389.67890485146,294.03790229062355,0.9860425781353234,456
3580000,7160.000000541185,-36598.68932126928,297.3301861790757,1.0057221850188338,456
3585000,7170.000000543222,-36264.17221077034,299.3581034391587,0.9836194702883254,456
3590000,7180.000000545259,-36541.33930975149,300.4885673380961,1.0046444299041128,456
3595000,7190.000000547297,-35995.89548759977,299.28257702280433,0.9892369957053992,456
3600000,7200.000000549334,-36470.761706369696,299.00580486330915,1.0021782836191953,456
3605000,7210.000000551371,-36384.24701005357,299.3177635928689,0.9900226289864512,456
3610000,7220.000000553408,-36241.270235405886,303.29850457188337,0.9992333909505905,456
3615000,7230.000000555446,-36454.4865630744,290.11048741398605,0.9958027274042995,456
3620000,7240.000000557483,-36522.55286003376,302.9139877130748,0.9978215694931554,456
3625000,7250.00000055952,-36240.03350616907,302.288235687619,0.9916938353803928,456
3630000,7260.0000005615575,-36125.454823866894,306.2778609148454,0.988484182662218,456
3635000,7270.000000563595,-36600.63027318052,308.8765756627201,1.0115988908877855,456
3640000,7280.000000565632,-36743.05141763523,304.02668311558824,1.0100893197606402,456
3645000,7290.000000567669,-36603.515220883506,297.7112812624709,0.9898836337258874,456
3650000,7300.000000569707,-36590.729347638,308.41471843432595,1.003265027041614,456
3655000,7310.000000571744,-36742.05005498754,308.0208432258927,0.9935379187418196,456
3660000,7320.000000573781,-36249.59499840648,305.183737919847,1.0014544442595585,456
3665000,7330.000000575818,-36773.88740868136,297.5874789544402,1.0084575041165333,456
3670000,7340.000000577856,-36206.9102887857,300.93482044608083,0.9969416594575449,456
3675000,7350.000000579893,-36715.54002950888,295.1609042455872,1.0054936892752744,456
3680000,7360.00000058193,-36301.36977262277,302.7486293855652,0.9828735306571752,456
3685000,7370.000000583967,-36298.33523244879,294.57629597751225,0.9904773314246947,456
3690000,7380.000000586005,-36308.10858322572,297.8997468805735,0.994590131741026,456
3695000,7390.000000588042,-36190.52366658245,306.1934708633839,0.9907052366868896,456
3700000,7400.000000590079,-36480.12408164659,294.0507648680813,1.0071583175607877,456
3705000,7410.0000005921165,-36777.133203584,299.56000880165624,1.007876609644683,456
3710000,7420.000000594154,-36330.24257461607,298.9005337365838,0.9857326200009873,456
3715000,7430.000000596191,-36495.94076295468,299.13325569090716,0.994148998922332,456
3720000,7440.000000598228,-36455.9003594697,295.2617229416541,0.9868710545583405,456
3725000,7450.000000600266,-36272.70377708881,309.7765025964536,0.981650688763399,456
3730000,7460.000000602303,-36292.81455200567,302.07800263074176,0.9895777168591563,456
3735000,7470.00000060434,-36464.65209038029,307.73081683994667,0.9887945527473354,456
3740000,7480.000000606377,-36238.007188706135,295.5745268085148,0.984988106115007,456
3745000,7490.000000608415,-36275.91090871519,315.95635267174714,0.9869704093564481,456
3750000,7500.000000610452,-36428.9723914974,306.3771954673595,0.9933705385733429,456
3755000,7510.000000612489,-36453.978895807435,297.1909446554748,0.9952313553822983,456
3760000,7520.0000006145265,-36683.17703576182,309.92029961623746,0.998771340561443,456
3765000,7530.000000616564,-36470.47884660616,307.92060169676296,0.9846795366322632,456
3770000,7540.000000618601,-36338.302705131675,303.51455052434244,0.9792275854129204,455
3775000,7550.000000620638,-36395.56310556154,301.6566707665814,0.9800196971740854,455
3780000,7560.0000006226755,-36089.43397295993,298.23114376805427,0.9779429019576729,455
3785000,7570.000000624713,-36564.83954524243,303.848462210621,0.9983393276041481,455
3790000,7580.00000062675,-36685.60005972668,295.2724623693071,0.9991888232592943,455
3795000,7590.000000628787,-36220.26129110434,295.4647001856065,1.0000606084918764,455
3800000,7600.000000630825,-36351.20254337575,302.5266880851047,0.9933456843676205,455
3805000,7610.000000632862,-36552.788789260376,304.698917692594,1.0008443865321988,455
3810000,7620.000000634899,-36412.833970336476,305.39452753055656,0.9954623106137505,455
3815000,7630.000000636936,-36482.95243772163,297.9818901036009,0.9952238531103718,455
3820000,7640.000000638974,-36698.433406422904,303.3063787779552,1.018940833404286,455
3825000,7650.000000641011,-36355.533258624695,304.7297755106296,0.9986012701002158,455
3830000,7660.000000643048,-36544.33074252895,294.47135466046524,0.9962435002354313,455
3835000,7670.0000006450855,-36496.09904595566,303.4126187206109,0.9948784120809467,455
3840000,7680.000000647123,-36258.40536193055,312.2222474928638,1.0029699597053778,455
3845000,7690.00000064916,-36903.44431172201,302.89292111986674,1.002177692247232,455
3850000,7700.000000651197,-36516.97122966865,302.15148834971103,1.006434309390044,455
3855000,7710.000000653235,-36190.41989339498,298.2658562367062,1.0052551341140015,455
3860000,7720.000000655272,-36473.257417766144,306.2038392551487,1.0037263505729779,455
3865000,7730.000000657309,-36526.24336058568,296.1751308459923,0.9980241135696516,455
3870000,7740.000000659346,-36574.58647854111,300.30494579964505,0.9945185057987073,455
3875000,7750.000000661384,-36433.33051884931,299.5455384020163,0.9894248387970577,455
3880000,7760.000000663421,-36363.89810063786,303.49470010432356,0.9940065663829752,455
3885000,7770.000000665458,-36354.21131070738,298.87437570646534,0.9757647267279465,455
3890000,7780.000000667495,-36315.021430484194,297.80913167143217,0.9874992478139406,455
3895000,7790.000000669533,-36500.0006386257,295.60701306183756,0.9895664903677103,455
3900000,7800.00000067157,-36561.846861552796,303.33534019034005,1.0006617831392428,455
3905000,7810.000000673607,-36567.94899955267,285.303799934725,0.9782404179529564,455
3910000,7820.0000006756445,-36688.69817496062,307.986275048975,1.007744465734327,455
3915000,7830.000000677682,-36568.95230163881,300.3137269823325,0.9936607761992113,455
3920000,7840.000000679719,-36580.09465240131,297.4704583579217,1.0071868862389728,455
3925000,7850.000000681756,-35762.68554089792,301.2764414335921,0.9843035303998342,455
3930000,7860.000000683794,-36310.931789610535,295.9476446203136,1.006081461767398,455
3935000,7870.000000685831,-36751.813597598404,302.39614529177163,0.9897293603588485,455
3940000,7880.000000687868,-36415.5898671629,294.53838847760073,1.0018810406791636,455
3945000,7890.000000689905,-36496.577266549924,303.69804838416417,0.9976275918412124,455
3950000,7900.000000691943,-36843.50144791795,308.1299690032344,0.9981031895632897,455
3955000,7910.00000069398,-36263.18634474368,306.9438084948565,0.991576918616564,455
3960000,7920.000000696017,-36212.20671201844,300.6382390927766,1.000262669116128,455
3965000,7930.0000006980545,-36102.524432575534,298.3818667910846,0.9872741323841315,455
3970000,7940.000000700092,-36194.56909940913,296.95051339991875,0.9874528179308056,455
3975000,7950.000000702129,-36265.01570534363,299.1637424730545,0.9805602681152623,455
3980000,7960.000000704166,-36205.096101127565,299.0130194500242,0.9945079123522098,455
3985000,7970.0000007062035,-36222.364479522774,301.1225852186169,0.9847033497994254,455
3990000,7980.000000708241,-36057.222151462425,296.0088037025525,0.9854091236781046,455
3995000,7990.000000710278,-36356.3092511819,297.788106304434,1.0009336725466913,455
4000000,8000.000000712315,-36388.205949865514,300.6911941592652,1.0038769072453806,455
4005000,8010.000000714353,-36482.36957949528,296.4741651587797,0.9951817673432934,455
4010000,8020.00000071639,-36595.65566657053,306.51031489880506,1.0052057018395202,455
4015000,8030.000000718427,-36507.731698304124,299.3730273271064,0.9989941090026695,455
4020000,8040.000000720464,-36451.6457544436,293.19837175424766,1.0080903157737275,455
4025000,8050.000000722502,-36607.71520426968,293.4290117849762,1.0042564407581405,455
4030000,8060.000000724539,-36824.02642559941,300.4378797131465,0.9914248379285856,455
4035000,8070.000000726576,-36523.90885057024,301.61696992654356,0.9984012953427167,455
4040000,8080.0000007286135,-36807.45101980251,303.2441684273664,1.0103874942651414,455
4045000,8090.000000730651,-36236.4336710521,297.7191554685428,1.0026714006682405,455
4050000,8100.000000732688,-36469.62409989716,307.5965430746267,0.996190737179734,455
4055000,8110.000000734725,-36660.39481100123,301.93717389806346,1.0065559614927466,455
4060000,8120.000000736763,-36435.851966229704,295.749861878796,0.9924329682859231,455
4065000,8130.0000007388,-36599.47006698174,303.20178788369157,1.0028258189218648,455
4070000,8140.000000740837,-36608.403385410056,298.3525549559165,0.9985114273747875,455
4075000,8150.000000742874,-36533.46642708464,296.2230150886755,0.9972840628885555,455
4080000,8160.000000744912,-36331.27751975373,299.8857164721845,0.9926903613976799,455
4085000,8170.000000746949,-36668.52597891496,298.67980860931226,0.9995327942573384,455
4090000,8180.000000748986,-36555.84342600699,296.4103469860087,1.0004251558394883,455
4095000,8190.000000751023,-36736.80504592956,296.70309430180146,0.9946447144155678,455
4100000,8200.00000075306,-36216.67596515408,297.5481491502906,0.9785454080956153,455
4105000,8210.000000755097,-36884.48774193649,305.4517288966547,0.9959437058986207,455
4110000,8220.000000757134,-36313.772996977175,305.51874210068524,0.9885580028348157,455
4115000,8230.000000759172,-36136.26653007622,299.0222747341244,1.002535092216905,455
4120000,8240.000000761209,-36393.17506549906,308.28765925572105,0.9996684731967678,455
4125000,8250.000000763246,-36385.66386426549,296.2959854800223,1.0004019606557744,455
4130000,8260.000000765283,-36512.879365603614,295.59513991341504,0.9865752779312681,455
4135000,8270.00000076732,-36634.36063621886,291.719051667979,1.0107457425366546,455
4140000,8280.000000769358,-36134.25788638077,303.9017264736832,1.0071961118366488,455
4145000,8290.000000771395,-36386.056790420495,290.70313479297204,1.0089215331071597,455
4150000,8300.000000773432,-36219.39344492843,303.46361554213405,0.9964436546305792,455
4155000,8310.00000077547,-36554.593304054055,304.10699177227946,0.9941721221177101,455
4160000,8320.000000777507,-36373.831394560024,305.91826529986116,0.9982581436669288,455
4165000,8330.000000779544,-36325.64274327742,296.30802353328403,0.9911821139358572,455
4170000,8340.000000781582,-36456.1580176547,302.20648411358474,0.9955775859929475,455
4175000,8350.000000783619,-36664.33765453714,300.5021307611205,1.007160125371961,455
4180000,8360.000000785656,-36315.993969161296,299.5849506585855,1.007818929659299,455
4185000,8370.000000787693,-36342.99656320349,289.2553115309909,0.9966250173520081,455
4190000,8380.00000078973,-35977.04380119167,302.00892811622117,0.9966719551531826,455
4195000,8390.000000791768,-36010.11394391695,304.90315233594526,0.9797204814365161,455
4200000,8400.000000793805,-36632.67501426648,292.55435651785035,1.0055239194091343,455
4205000,8410.000000795842,-36521.59243689355,300.4349320391458,1.002912891713606,455
4210000,8420.00000079788,-36538.432248024794,302.0458049608876,0.9996990832513061,455
4215000,8430.000000799917,-36640.7074405365,306.000305457364,1.011449577028888,455
4220000,8440.000000801954,-36240.82222366825,291.81931381021366,0.9887196545114814,455
4225000,8450.000000803991,-36516.00151245712,301.91447886956837,0.9937580995587959,455
4230000,8460.000000806029,-36536.31528674267,299.2364448940376,1.0049224691263454,455
4235000,8470.000000808066,-37091.50260971917,287.4171379015144,0.9922968625599747,455
4240000,8480.000000810103,-36630.89246567781,302.3660501586173,1.002514783696443,455
4245000,8490.00000081214,-36806.53217036146,302.18378908508964,0.9923945530216743,455
4250000,8500.000000814178,-36003.38263333691,298.0149741369657,0.9932704824467365,455
4255000,8510.000000816215,-36394.54352497135,303.04211877313446,0.9979502380737563,455
4260000,8520.000000818252,-36652.184615352046,306.76336137456013,0.9987996832773571,455
4265000,8530.00000082029,-36338.478598081274,299.22916846800786,0.983209030796084,455
4270000,8540.000000822327,-36655.10202173967,303.33074346794723,0.9957347106073929,455
4275000,8550.000000824364,-36441.06238300237,301.9317938776845,1.0062016076323002,455
4280000,8560.000000826401,-36314.45408507998,298.56672511582974,0.9948846825756881,455
4285000,8570.000000828439,-36170.31913287839,299.65278838681206,0.993715469924363,455
4290000,8580.000000830476,-36006.83083929235,299.21247185303866,0.9819744204588138,455
4295000,8590.000000832513,-36059.515394132846,292.6983802817881,0.9906247527174847,455
4300000,8600.00000083455,-36985.45679443603,302.6884185061517,1.0068548184116435,455
4305000,8610.000000836588,-36406.46464949229,298.5255401322391,0.9946937460714432,455
4310000,8620.000000838625,-36803.06992152039,301.60484942086225,1.0082589579175418,455
4315000,8630.000000840662,-36669.984882521094,304.46976180541833,1.0017806456751819,455
4320000,8640.0000008427,-36404.206703758275,306.44942378692986,0.9919337378577757,455
4325000,8650.000000844737,-36335.8439952294,287.3639560908719,0.9870691010456571,455
4330000,8660.000000846774,-36336.06934870561,302.8940960668461,0.9934992045573245,455
4335000,8670.000000848811,-36686.733969017834,298.2942817083636,0.9962412179857936,455
4340000,8680.000000850849,-36655.835636509466,297.22555405860226,1.0050275221216165,455
4345000,8690.000000852886,-36214.902812985325,312.4632146891473,0.9863292069767153,455
4350000,8700.000000854923,-36407.209321381844,302.66665106737713,1.0052718875877644,455
4355000,8710.00000085696,-36520.02580683594,307.80364293955915,1.0082258703584372,455
4360000,8720.000000858998,-36609.42986046162,307.9942317074665,0.9981517556171601,455
4365000,8730.000000861035,-36285.549191222584,299.7005901770757,1.0008146856659172,455
4370000,8740.000000863072,-36494.73698045185,294.2783953854943,0.9919440554336263,455
4375000,8750.00000086511,-36316.14747635773,300.56908212583636,1.0074836244038687,455
4380000,8760.000000867147,-36281.45748488174,295.7896451712534,0.9861231387015653,455
4385000,8770.000000869184,-36444.878857098985,297.0162898176553,0.9969795467660585,455
4390000,8780.000000871221,-36558.00345021227,292.83624072736075,1.0191356747039038,455
4395000,8790.000000873259,-36445.14414507194,309.5500882522296,1.0140222086391142,455
4400000,8800.000000875296,-36681.44683712869,307.25108804960405,0.9907316740003606,455
4405000,8810.000000877333,-36474.46510283279,313.894197044425,1.0036714387060077,455
4410000,8820.00000087937,-36346.682196746435,303.1641895803536,0.9994435854234412,455
4415000,8830.000000881408,-36648.974931486446,311.9849494292526,0.9928320658289584,455
4420000,8840.000000883445,-36481.17580467087,301.6618240428065,0.991859462992292,455
4425000,8850.000000885482,-36758.64031928408,292.5959949897488,1.0002203287104383,455
4430000,8860.00000088752,-36568.29444694711,295.23739947787186,0.9900349200213525,455
4435000,8870.000000889557,-36684.603886168275,297.1599631588098,0.9892940421705716,455
4440000,8880.000000891594,-36443.43789532976,307.3269236625319,1.0000021256809033,454
4445000,8890.000000893631,-36634.85505346485,291.7932588456198,0.9987752304392646,454
4450000,8900.000000895669,-36435.65759818957,296.62387813966996,0.9890384947338597,454
4455000,8910.000000897706,-36606.419448409986,301.9341231585382,1.002794979784489,454
4460000,8920.000000899743,-36359.52116714904,288.8856154946056,1.0021964395909553,454
4465000,8930.00000090178,-36335.98311416607,300.75678505905773,0.9882602269982192,454
4470000,8940.000000903818,-36967.49200513805,292.87515826941234,0.9983900902372661,454
4475000,8950.000000905855,-36087.61786238899,302.84427419230224,1.0034118047892335,454
4480000,8960.000000907892,-36477.68955978437,303.76708167247494,0.9928797098361112,454
4485000,8970.00000090993,-36956.39452784622,308.0421159501497,1.0032366831169925,454
4490000,8980.000000911967,-36477.86215676376,306.4072287611991,1.0068368236572307,454
4495000,8990.000000914004,-36348.35107969699,309.61598834859564,0.9929390919298227,454
4500000,9000.000000916041,-36240.22971474557,303.29718533316975,0.9901406771964893,454
4505000,9010.000000918079,-36717.141155788006,310.9638586649157,1.004500400105861,454
4510000,9020.000000920116,-36704.21072241757,303.0571663397116,0.9825675720122066,454
4515000,9030.000000922153,-36541.67561067501,304.44566508579,1.0010825478781644,454
4520000,9040.00000092419,-36821.68401964186,308.0311497783428,1.0104051139789092,454
4525000,9050.000000926228,-36417.68845114208,298.88746502807703,0.9777822629445031,454
4530000,9060.000000928265,-36365.50102039214,301.41081826443656,1.0063243693827986,454
4535000,9070.000000930302,-36143.323207365494,301.1285217928281,0.989422293262472,454
4540000,9080.00000093234,-36175.64351458519,295.0203640963775,1.0071186541234283,454
4545000,9090.000000934377,-36473.09606137604,296.88436594629394,0.9855086709049801,454
4550000,9100.000000936414,-36476.76301081164,301.1528864828202,0.9919148103973879,454
4555000,9110.000000938451,-36505.4004268102,292.4247825404476,0.9902352692111827,454
4560000,9120.000000940488,-36381.785611390515,302.3882710856998,0.9957681151121424,454
4565000,9130.000000942526,-36683.4956485561,300.00331423564023,1.0141704203514028,454
4570000,9140.000000944563,-36575.16457808926,302.2963366378448,1.0049005757982004,454
4575000,9150.0000009466,-36126.69014726102,299.06791214837347,0.9918629503207996,454
4580000,9160.000000948638,-36251.46169460812,304.5468135915353,0.9783008137216717,454
4585000,9170.000000950675,-36749.46433331416,299.23191001095955,1.0042167218107318,454
4590000,9180.000000952712,-36292.33427730927,305.6285481104887,0.9971708994374654,454
4595000,9190.00000095475,-36398.86145351568,310.5662937107053,1.0107963263035165,454
4600000,9200.000000956787,-36400.604360402474,304.6594023705003,1.0128836222221285,454
4605000,9210.000000958824,-36409.07255331389,315.84889655590234,0.9970142904645266,454
4610000,9220.000000960861,-36767.98019559815,304.1434357417431,1.008182651588169,454
4615000,9230.000000962898,-36667.63361756739,295.5007731191819,1.0024337999218704,454
4620000,9240.000000964936,-36532.21546110083,304.9009261206161,1.0057056979692545,454
4625000,9250.000000966973,-36894.29564130999,302.057925466569,1.0116318445408177,454
4630000,9260.00000096901,-36618.65404760832,296.4041836676435,0.9963018133928024,454
4635000,9270.000000971047,-36415.86691021122,296.0052582485097,0.9919551465931977,454
4640000,9280.000000973085,-36342.234728279815,302.39317700466603,0.9951725498468826,454
4645000,9290.000000975122,-36469.78053354935,294.9043947682089,0.9955415572653958,454
4650000,9300.00000097716,-36479.82834125287,293.5613891446454,1.0015862670626345,454
4655000,9310.000000979197,-36633.58529931589,303.2342329108045,0.9977117670325532,454
4660000,9320.000000981234,-36466.113016662304,312.4559382631175,1.0038583629881572,454
4665000,9330.000000983271,-36630.16192134193,292.2319881703159,0.998363699465954,454
4670000,9340.000000985308,-36451.626943253475,303.7774294511349,0.9858520165293676,454
4675000,9350.000000987346,-36460.391939243855,307.1573602616228,1.0003732564124208,454
4680000,9360.000000989383,-36161.00945625844,297.53310158371346,0.9937028173167394,454
4685000,9370.00000099142,-36501.96252095277,305.31061158050784,0.9937145169084644,454
4690000,9380.000000993457,-36648.40249629668,306.83707383768325,1.0028703040706324,454
4695000,9390.000000995495,-36367.51014169978,297.74141762183496,0.9981126380379687,454
4700000,9400.000000997532,-36456.927746739966,302.5166082768085,0.9789722697735507,454
4705000,9410.00000099957,-36237.5979892973,310.29286087420394,0.98674422632439,454
4710000,9420.000001001607,-36596.47360137728,301.49953706792706,0.9918891732800085,454
4715000,9430.000001003644,-36838.60436451773,299.25145123440495,0.9942341653166963,454
4720000,9440.000001005681,-36476.01784246348,299.3076013321532,0.9942358839019633,454
4725000,9450.000001007718,-36274.73418704356,298.02150849121904,0.9894288360798643,454
4730000,9460.000001009756,-36508.744114442845,298.19474102480046,0.9942687847256028,454
4735000,9470.000001011793,-35991.19024429328,296.8051703972673,0.9892419858670621,454
4740000,9480.00000101383,-36657.799637665215,302.7316648002324,0.9921254481668456,454
4745000,9490.000001015867,-36763.00430823502,296.12679311500136,1.0035889916954173,454
4750000,9500.000001017905,-36583.24109807529,304.4673912983548,0.9955528648830869,454
4755000,9510.000001019942,-36324.43575859294,304.43360641942337,0.9771447352698954,454
4760000,9520.00000102198,-36479.5139268676,293.8748526308629,1.0016650399737406,454
4765000,9530.000001024016,-36644.2561564034,300.22680151896833,1.0082988523269916,454
4770000,9540.000001026054,-36527.316274835146,300.889327323566,0.9798717327984545,454
4775000,9550.000001028091,-36310.534203058574,301.7056475038243,1.0064431266957818,454
4780000,9560.000001030128,-36318.375959489436,300.48145581690557,0.9928142408934538,454
4785000,9570.000001032166,-36374.21913642823,300.0508274424352,1.0038257785887963,454
4790000,9580.000001034203,-36671.96987139151,308.72919196268356,0.9961658172660098,454
4795000,9590.00000103624,-36270.02538907036,305.10173898855396,1.0028217681523268,454
4800000,9600.000001038277,-36897.16051294873,298.8863931466222,0.9928483230475608,454
4805000,9610.000001040315,-36754.992375447706,303.87896960587335,1.0044331542055116,454
4810000,9620.000001042352,-36593.82599502796,306.7090252300431,0.9975878509408984,454
4815000,9630.00000104439,-36375.46309041159,304.5432475243876,0.9876836361339183,454
4820000,9640.000001046426,-36540.771495199995,296.3820245798758,0.9987076698041106,454
4825000,9650.000001048464,-36334.67165811069,298.22751586159177,0.9955679801195495,454
4830000,9660.000001050501,-36447.64136242663,302.02787155962443,1.0080566403657183,454
4835000,9670.000001052538,-36524.02001694191,305.78023994944937,0.994396696492918,454
4840000,9680.000001054575,-36794.04328628656,286.4723156253083,0.9983573396900411,454
4845000,9690.000001056613,-36491.58305574191,290.1977220739237,1.0085009627021502,454
4850000,9700.00000105865,-36591.760641260655,291.36592856793345,1.0086591340429287,454
4855000,9710.000001060687,-36262.73570540099,293.2197269309243,1.0063964896857787,454
4860000,9720.000001062725,-36255.751496644574,299.3718317670222,0.9885655921321425,454
4865000,9730.000001064762,-36245.11687835181,289.88601070162275,1.0031268825713604,454
4870000,9740.000001066799,-36166.76440830703,300.1178612595707,0.9917860373966612,454
4875000,9750.000001068836,-36493.13036570398,299.29001835367325,1.0062348884603909,454
4880000,9760.000001070874,-36555.00783872779,305.00520781830625,0.9999162263652216,454
4885000,9770.00000107291,-36574.86837376203,299.36451411478265,0.9924760217455921,454
4890000,9780.000001074948,-36576.71882230128,290.395978916854,0.9985694219996262,454
4895000,9790.000001076985,-36209.14427120829,307.95949862570967,0.9868817026002895,454
4900000,9800.000001079023,-36505.059665562,301.60155132407823,0.9995271811632316,454
4905000,9810.00000108106,-36565.56402450538,308.42259264039785,0.9955843994443923,454
4910000,9820.000001083097,-36604.827703602496,307.566118131794,0.9883650505352842,454
4915000,9830.000001085134,-36434.174249990436,302.5737890298016,0.9995454578830777,454
4920000,9840.000001087172,-36222.10269492623,301.270051371073,0.979719328141188,454
4925000,9850.000001089209,-36649.653953414585,297.0754494287189,1.0107086345200427,454
4930000,9860.000001091246,-36501.76004602859,303.930894017117,1.0091869108545855,454
4935000,9870.000001093284,-36221.14369446869,302.4605406314799,0.981169817240053,454
4940000,9880.00000109532,-36637.92561999458,296.1256593942318,1.0139517516403793,454
4945000,9890.000001097358,-36250.32130012123,293.8196301228352,0.9852588119258925,454
4950000,9900.000001099395,-36289.96277326855,302.5370152506597,0.9990544825777881,454
4955000,9910.000001101433,-37009.54767466488,305.8330094979939,1.0108719266480009,454
4960000,9920.00000110347,-36664.29124117427,299.906061606721,0.993394115527914,454
4965000,9930.000001105507,-36291.519885930786,307.2062545464461,0.9795314185117197,454
4970000,9940.000001107544,-36675.33803091745,303.9882602880543,0.998953490475671,454
4975000,9950.000001109582,-36546.80725594377,299.0405585581709,1.009983067697265,454
4980000,9960.000001111619,-36713.339169095445,301.2482014798788,0.9919581104424992,454
4985000,9970.000001113656,-36734.05246269659,308.1386265072925,0.9955514327896674,454
4990000,9980.000001115694,-36369.870530552405,301.3804139347087,0.9915343962685323,454
4995000,9990.00000111773,-36481.18624914353,298.5849058743517,1.0030057637814582,454
5000000,10000.000001119768,-36555.28824058146,301.3850931095211,1.001651024982263,454
5005000,10010.000001121805,-36441.278848256596,307.1241937758383,0.9889767223571426,454
5010000,10020.000001123843,-36698.888642980135,306.9041282679236,0.9933771244186786,454
5015000,10030.00000112588,-36223.58345911445,302.0645422732419,0.9876042542019573,454
5020000,10040.000001127917,-36541.20179729001,309.4771178608829,1.0162543139233846,454
5025000,10050.000001129954,-36789.94061329801,298.63128536037715,0.9931954026327418,454
5030000,10060.000001131992,-36327.62566592381,306.10910142502735,1.0057558122535357,454
5035000,10070.000001134029,-36626.00276151567,298.6345216178465,1.0066087344457628,454
5040000,10080.000001136066,-36256.730126522074,300.9638230846754,0.9874433108530902,454
5045000,10090.000001138103,-36623.916415271844,307.29109808621536,1.0011647099482952,454
5050000,10100.00000114014,-36353.0013388895,294.95506178005365,1.0050911898170498,454
5055000,10110.000001142178,-36522.061918391584,297.1858738316693,1.0164261577290354,454
5060000,10120.000001144215,-36332.72051545774,291.51337410728473,1.0022270301606324,454
5065000,10130.000001146253,-36512.275902031106,294.5549201877307,1.0004875385693615,454
5070000,10140.00000114829,-36430.0269925794,301.3655106598659,0.9913884562377631,454
5075000,10150.000001150327,-36621.65914183814,298.4870348522855,1.0075730427715563,454
5080000,10160.000001152364,-36430.36682045582,305.08157937196154,0.999077318011376,454
5085000,10170.000001154402,-36797.563848317455,300.5750805393623,0.9966443581913208,454
5090000,10180.000001156439,-36504.56547121683,301.62533884713304,1.0020275988809315,454
5095000,10190.000001158476,-36473.308127555036,302.56249304831636,0.9882818790120761,454
5100000,10200.000001160513,-36444.004528437625,299.6144892379075,0.998351925375352,454
5105000,10210.00000116255,-36342.18438232946,301.8408694719697,0.986475131640826,454
5110000,10220.000001164588,-36347.07276889391,293.2813188883662,0.9932084028008801,454
5115000,10230.000001166625,-36215.25734886131,304.80573480218686,0.9896376894611709,454
5120000,10240.000001168662,-36021.74733394018,296.6402655580656,0.9975978764420385,454
5125000,10250.0000011707,-36910.725024027895,299.4589633614354,1.0022138923343515,454
5130000,10260.000001172737,-36199.4238440771,297.16379719632124,0.993676574199868,454
5135000,10270.000001174774,-36388.66973879491,293.7495661792794,0.9813449728087648,454
5140000,10280.000001176812,-36554.96155572389,297.5340703996437,1.004801839078026,454
5145000,10290.000001178849,-36086.08073303566,296.11772334884523,0.9834627966363637,454
5150000,10300.000001180886,-36509.42576059484,300.24656948656764,0.989976422957603,454
5155000,10310.000001182923,-36905.4110756696,299.69246861374506,1.0124968784289938,454
5160000,10320.00000118496,-36540.408464699314,303.0806034399832,1.0031648842062368,454
5165000,10330.000001186998,-36562.2432206856,298.6241944522915,0.9985225506450613,454
5170000,10340.000001189035,-36905.28201981206,299.7351583539933,1.0104954077775758,454
5175000,10350.000001191072,-36352.16341401916,301.68934253784823,0.9921094278106858,454
5180000,10360.00000119311,-36503.69796903967,301.58320566071706,0.9952513583323346,454
5185000,10370.000001195147,-36841.97854280169,297.7476427795149,0.9979323745018591,454
5190000,10380.000001197184,-36278.66085214136,304.4705244902997,0.9986414158228937,454
5195000,10390.000001199222,-36455.85496697892,300.65475018980163,1.0167217055283455,454
5200000,10400.000001201259,-36474.974831928994,299.79508064993826,0.9992465210432205,454
5205000,10410.000001203296,-36212.21309669339,295.9137566758576,0.9921104754880149,454
5210000,10420.000001205333,-36292.66633865246,302.8950442696715,1.004475471774409,454
5215000,10430.00000120737,-36309.596996540495,310.8208037169082,0.9934618427995557,454
5220000,10440.000001209408,-36569.20393632134,295.60690999631305,0.9986595319240232,454
5225000,10450.000001211445,-36598.427518925426,307.1814157550413,1.0031426051102832,454
5230000,10460.000001213482,-36517.25313749185,298.5968820882987,0.9967305250936552,454
5235000,10470.00000121552,-36088.78359611446,301.35029818844953,0.9872034834718948,454
5240000,10480.000001217557,-36639.06453148497,315.13428143522174,1.0022875525896984,454
5245000,10490.000001219594,-36429.55430590676,298.9924475713338,1.0015053434513606,454
5250000,10500.000001221631,-36597.54708937081,299.00780433448443,0.9886696259319797,454
5255000,10510.000001223669,-36803.68550795436,308.55676334019336,1.016809275709473,454
5260000,10520.000001225706,-36216.19969263411,296.89764078584966,1.0014702628289314,454
5265000,10530.000001227743,-36792.48523884459,302.8394094995458,1.0075780258418245,454
5270000,10540.00000122978,-36283.11305656104,306.8642831361515,0.9788262048490036,454
5275000,10550.000001231818,-36494.77665919071,296.13689353640245,0.9917115771938241,454
5280000,10560.000001233855,-36479.410325709,296.99466667061495,0.9952282299149973,454
5285000,10570.000001235892,-36616.07642041211,303.6340859196588,0.9944422962185065,454
5290000,10580.00000123793,-36801.69940202654,296.3942275379767,1.0055822460566732,454
5295000,10590.000001239967,-36002.27962600041,305.1377294697097,0.996545837920763,454
5300000,10600.000001242004,-36510.442064723786,293.3832506920977,0.9916564181946264,454
5305000,10610.000001244041,-36305.55330934579,302.2320649767659,1.002695368877527,454
5310000,10620.000001246079,-36310.89718474189,305.67088742795374,1.007391360522168,454
5315000,10630.000001248116,-36039.235465230246,301.60402489666626,0.9766611710748875,454
5320000,10640.000001250153,-36032.972623007925,307.0751964254905,0.9795555579518231,454
5325000,10650.00000125219,-36144.83426847431,294.01421783309326,0.9942686393711765,454
5330000,10660.000001254228,-36448.40593941239,293.96546784000424,0.9788072975933397,454
5335000,10670.000001256265,-36475.671999940096,297.9993081772416,1.0093804797766701,454
5340000,10680.000001258302,-36696.07106142375,295.3714052728281,1.0047821633285723,454
5345000,10690.00000126034,-36103.87196236916,309.08835470246487,1.0030405796438153,454
5350000,10700.000001262377,-36284.82037960403,311.68622431303874,0.9832937784106559,454
5355000,10710.000001264414,-36516.50330363671,300.852780288578,1.0018301544995287,454
5360000,10720.000001266451,-36338.514194836986,308.2360646541558,0.9811439050908646,454
5365000,10730.000001268489,-36279.31274051359,307.1621837281694,0.9814994361849878,454
5370000,10740.000001270526,-36649.28515213303,295.94201724267583,0.9854526596094272,454
5375000,10750.000001272563,-36285.10287936387,305.73229386745146,0.9920102612024759,454
5380000,10760.0000012746,-36597.807831787795,296.0731372029461,1.0030382351679148,454
5385000,10770.000001276638,-35961.628795147786,289.41347588489026,0.9930925602482367,454
5390000,10780.000001278675,-36125.91316065533,301.00678079528745,0.9920238413923644,454
5395000,10790.000001280712,-36543.88007913972,298.5857303985477,0.9950719791882574,454
5400000,10800.00000128275,-36397.18254735603,295.1856811976772,0.9904954531940692,454
5405000,10810.000001284787,-36666.78835424784,300.90476653913635,0.997638051680295,454
5410000,10820.000001286824,-36497.42878002522,291.86412670026675,0.9880052980846429,454
5415000,10830.000001288861,-36516.13938184746,299.3178048190788,1.0053211517196254,454
5420000,10840.000001290899,-36687.62931202541,304.55899593653135,1.013240003424651,454
5425000,10850.000001292936,-36483.11997005268,299.9520906699632,0.9924745043525011,454
5430000,10860.000001294973,-36297.34180836612,295.9319992736943,0.9960704438782104,454
5435000,10870.00000129701,-36458.99157537415,301.46754552912194,1.0075826752772854,454
5440000,10880.000001299048,-36457.107021305244,305.3681427562843,0.9939791454129766,454
5445000,10890.000001301085,-36248.77479395352,306.8387022729704,1.0095825057891281,454
5450000,10900.000001303122,-36667.85476257544,290.47540121003453,0.9965966475853226,454
5455000,10910.00000130516,-36898.175950608245,301.23525645000143,1.0061381352500982,454
5460000,10920.000001307197,-36451.961861734104,305.2707252225259,0.9994428980672314,454
5465000,10930.000001309234,-36693.65682981195,305.3879725631983,1.0069104605374244,454
5470000,10940.000001311271,-36604.74911381758,303.37073289145366,1.0047146826526263,454
5475000,10950.000001313309,-36072.92663550441,301.36396467699836,0.9808277544841025,454
5480000,10960.000001315346,-36484.51968136791,302.6742779161902,0.9946688338687053,454
5485000,10970.000001317383,-36591.77269727088,302.5892900846866,0.9898836313276996,454
5490000,10980.00000131942,-36377.98719483832,299.46912562215124,0.9909530912265097,454
5495000,10990.000001321458,-36476.68166897606,307.0627254970259,0.9839642104826571,454
5500000,11000.000001323495,-36144.223426134384,305.94906127858206,0.9893588183160112,454
