#"Step","Time (ps)","Potential Energy (kJ/mole)","Temperature (K)","Density (g/mL)","Speed (ns/day)"
5000,10.000000000000009,-36641.94091523223,305.8221670048164,1.0125521755556735,0
10000,19.999999999999794,-36349.64070872747,297.81401697729353,0.9901222526868263,472
15000,29.99999999999425,-36477.278933911875,300.70154193792513,0.9853100874453421,465
20000,40.00000000000292,-36476.89484594125,301.7868425240262,0.9880568012084073,462
25000,50.00000000001514,-36180.51490977351,301.8352627074368,0.9910976541125939,460
30000,60.00000000002736,-36448.78107555673,297.65801699940874,1.0020362260871492,460
35000,70.00000000001826,-36475.16796444316,300.1731456069131,1.009934487388726,461
40000,79.99999999999496,-36413.71963041733,299.8122719794251,0.9969174842555957,463
45000,89.99999999997165,-36406.55978978172,303.86759117196846,0.9932095724216478,464
50000,99.99999999994834,-36610.644441916666,297.88156612205154,0.9949753854081067,465
55000,109.99999999992504,-36440.69792029026,301.7424212829663,1.0098885074939432,464
60000,119.99999999990173,-35877.89799095463,302.1568683700899,0.9948164140927301,464
65000,129.99999999989262,-35986.66749415416,292.93196798651735,0.9776297479445555,463
70000,139.99999999994037,-36624.06531956792,304.70413280813375,0.9987989703359738,463
75000,149.99999999998812,-36524.88650660706,295.3205527430393,0.9991591991776932,463
80000,160.00000000003587,-36404.04212014543,305.9292933109828,0.9907558039003546,463
85000,170.00000000008362,-36326.211589695275,299.2255611746503,0.994367275702827,463
90000,180.00000000013137,-36302.61760591192,293.5561740291056,0.9756553625603568,462
95000,190.0000000001791,-36259.52162813896,307.10863088163865,0.9993460923868345,462
100000,200.00000000022686,-36686.17048522498,305.2347965806848,0.9917330289474957,462
105000,210.0000000002746,-36221.9205690751,297.23447953302406,0.9959681230845481,462
110000,220.00000000032236,-36334.869436393434,298.1087843773666,1.0037451376718063,461
115000,230.0000000003701,-36489.603099143045,298.7161907394611,1.0042916211392614,461
120000,240.00000000041786,-36745.30687933645,299.2069681540303,0.997740522771374,460
125000,250.0000000004656,-36387.635829382634,294.0284202623695,0.9990045069600942,460
130000,260.00000000051335,-36213.495097030594,296.14600452876834,0.9917405139539758,460
135000,270.0000000005611,-36287.66185994522,305.10819089038773,0.997759550448334,460
140000,280.00000000060885,-36270.708187508484,293.9197685864404,1.0041876777629357,460
145000,290.0000000006566,-36428.55869249374,296.70705201794226,0.9991906523724324,460
150000,300.00000000070435,-36312.03380928718,295.99503414847914,0.985835640532373,460
155000,310.0000000007521,-36539.010907235934,291.94814571584,1.0009332999654732,460
160000,320.00000000079984,-36272.95144736316,299.8714109773838,0.9925031055017207,459
165000,330.0000000008476,-36495.01637879005,306.7866541830973,1.0075375970004998,459
170000,340.00000000089534,-36455.026201127504,297.80523579460606,1.0019990058003956,459
175000,350.0000000009431,-36466.755659719114,300.47077822856727,1.0048243919859539,458
180000,360.00000000099084,-36579.93945258277,315.9516941100397,1.0007167730570856,459
185000,370.0000000010386,-36526.01349604991,306.6755083214754,1.0178991340993604,458
190000,380.00000000108633,-36216.136507635005,308.7979160544209,0.9958644134721026,458
195000,390.0000000011341,-36728.346362073324,312.1881534173589,0.999664990081963,458
200000,400.00000000118183,-36376.42283844398,302.95216318334997,0.9984624527225424,458
205000,410.0000000012296,-36506.88606433215,299.7389305521901,0.9882235472036085,458
210000,420.00000000127733,-36460.77647513154,307.9146238963419,1.001384381599121,458
215000,430.0000000013251,-36303.20590747963,294.87145502657836,0.9949013906848483,458
220000,440.0000000013728,-36462.13200321948,302.0439085552368,1.00633101051062,458
225000,450.0000000014206,-36328.909014148405,300.1238390599918,0.9913305172663848,457
230000,460.0000000014683,-36672.1652134867,298.83786989768714,0.9967137511045374,457
235000,470.00000000151607,-36766.24873827482,310.4745860070042,1.0016070516753495,457
240000,480.0000000015638,-36676.7393738555,304.57680565916513,1.0123632844414912,457
245000,490.00000000161157,-36508.66503215954,298.06774368551027,0.9992483506177692,457
250000,500.0000000016593,-36350.46733440473,298.26845348792364,1.0031252668479793,457
255000,510.00000000170706,-36486.82111569174,301.81586577572574,1.0013949915920246,457
260000,520.0000000015274,-36492.876639198716,309.658471957795,0.9923213353093884,457
265000,530.0000000012909,-36486.21764860168,300.11134751842224,0.9992450576723144,457
270000,540.0000000010544,-36632.77606228989,302.2544095824777,0.9961838427624014,457
275000,550.000000000818,-36361.2242099173,300.26547170376114,0.9929152177495317,457
280000,560.0000000005815,-36234.97505393514,305.35247679656015,0.9884352886318265,458
285000,570.000000000345,-36414.083694949106,301.2789150061801,1.00264643584618,458
290000,580.0000000001086,-36419.68075229772,302.49721134509736,0.9895952863758216,458
295000,589.9999999998721,-36308.86075288046,295.94787136446746,1.0063431718072706,458
300000,599.9999999996356,-36108.213253283786,303.99943259091015,0.9836321923000078,458
305000,609.9999999993992,-36327.69717801537,303.2959073206659,0.9976374123100393,458
310000,619.9999999991627,-36741.506344005116,301.11021735567675,1.014658742236699,458
315000,629.9999999989262,-36523.45377872302,297.7382019774705,0.9827464017816576,458
320000,639.9999999986898,-36431.826833952364,304.15941089804073,0.9936301717050658,458
325000,649.9999999984533,-36661.49119747439,311.14620219086294,0.9940321561589548,458
330000,659.9999999982168,-36311.38059875541,309.4490428120088,0.9880189478871062,458
335000,669.9999999979804,-36498.58036658814,304.03538184585614,0.9962357640074977,458
340000,679.9999999977439,-36475.81282259361,320.2993689693828,1.0004782543252093,458
345000,689.9999999975074,-35965.8129830446,301.7161601873234,0.9917147646396665,458
350000,699.999999997271,-36477.4309217862,294.78345768175933,1.0014548871680753,458
355000,709.9999999970345,-36230.20092935837,301.4379657235901,0.9743029431644031,458
360000,719.999999996798,-36341.788796902954,291.96329634794165,1.000275587753184,459
365000,729.9999999965615,-36749.888818919484,301.92076586656293,1.0033862675084178,459
370000,739.9999999963251,-35897.952166940755,293.74214546151535,0.9862585510065999,459
375000,749.9999999960886,-36468.937579528516,312.25147687561235,0.9977071443757094,459
380000,759.9999999958521,-36366.93527015939,298.6470749987307,0.9896836201817125,459
385000,769.9999999956157,-36596.769328560535,300.84204086092495,0.9904803794584298,459
390000,779.9999999953792,-35991.142112823785,307.43951244149684,0.9859745699427713,459
395000,789.9999999951427,-36192.388970977976,296.3782111554692,0.9817549758314189,459
400000,799.9999999949063,-36137.51934432998,305.34336580419426,0.9811459541607961,459
405000,809.9999999946698,-36481.31059762501,303.7174040896655,0.9926597954522766,458
410000,819.9999999944333,-36435.15038015484,306.1949550069367,1.0034246421965392,458
415000,829.9999999941969,-36176.95443685207,304.9408743179127,0.9990691162185785,458
420000,839.9999999939604,-36663.79563239688,306.06950365051404,0.9911581768455647,458
425000,849.9999999937239,-36469.86101861263,303.06854477361657,1.0109287724038793,458
430000,859.9999999934874,-36573.67867316987,306.5658878296161,1.0161927417016567,458
435000,869.999999993251,-36303.83959580705,308.2857628500702,0.9971177073683222,458
440000,879.9999999930145,-36524.250783904106,303.3785658713158,0.9998652251799569,458
445000,889.999999992778,-36367.29198998105,289.03728672046134,0.9941669797040825,458
450000,899.9999999925416,-36391.87447199208,297.2005709754632,1.0030879260736243,458
455000,909.9999999923051,-36299.133850396465,292.94252189622625,0.9974141311502398,458
460000,919.9999999920686,-36457.169140591635,302.7465268488654,0.9915485099801137,458
465000,929.9999999918322,-36644.896470738255,295.27163784511106,1.0105778566332773,458
470000,939.9999999915957,-36397.22326166069,294.7070861281041,1.0015364745877433,458
475000,949.9999999913592,-36415.590886320715,300.6554510353683,0.99962179916756,459
480000,959.9999999911228,-36395.23743627028,299.2828243800631,0.9951454470976039,459
485000,969.9999999908863,-36407.61770818828,304.6311418036821,1.0018140616630307,459
490000,979.9999999906498,-36336.4284447876,302.956904197477,0.9927642889291407,458
495000,989.9999999904134,-36504.79659250018,305.8342668973928,1.0022298043360631,458
500000,999.9999999901769,-36306.01387473455,299.9507714312496,0.9841736315019409,458
