#"Step","Time (ps)","Potential Energy (kJ/mole)","Temperature (K)","Density (g/mL)","Speed (ns/day)"
505000,1009.9999999899404,-31189.83479333503,305.3728406821993,1.0331278724664008,0
510000,1019.999999989704,-31245.39613889187,295.83697084349535,1.0320516768297003,423
515000,1029.9999999894676,-31685.124196313118,297.697075327656,1.0294869199717447,435
520000,1039.9999999892311,-31367.07934261099,291.21078251976485,1.0191364205038627,426
525000,1049.9999999889947,-31440.40381826341,299.6923863192932,1.038776889419243,424
530000,1059.9999999887582,-31441.57371130216,302.09325938016957,1.0287781475954483,425
535000,1069.9999999885217,-31652.869882953528,295.655840086029,1.036846278017235,427
540000,1079.9999999882853,-31328.824320229964,292.34109743163003,1.0286982455752294,428
545000,1089.9999999880488,-31327.315486669337,300.0425443621685,1.024444542544351,427
550000,1099.9999999878123,-31188.192738313664,297.859935970656,1.0358941070737215,426
555000,1109.9999999875758,-31002.675003605254,302.0368403474464,1.0227054781396576,426
560000,1119.9999999873394,-31359.882465963048,297.5111568043442,1.0473738602368365,425
565000,1129.999999987103,-31337.394482298754,298.9471035367218,1.0295326383416508,425
570000,1139.9999999868664,-31556.794396452984,298.9991178248671,1.0287413428186354,426
575000,1149.99999998663,-31180.703776123293,295.5343074378073,1.0172193539514638,426
580000,1159.9999999863935,-31537.0997748948,300.1338757834369,1.0267102000025181,426
585000,1169.999999986157,-31373.669001972827,291.78006702985624,1.0427583217471001,426
590000,1179.9999999859206,-31399.083279630227,306.2365153385978,1.044105397185033,426
595000,1189.999999985684,-31608.657475143642,297.4270836360975,1.0285242645632109,426
600000,1199.9999999854476,-31523.156705042493,296.6018643149699,1.0356806361905302,425
605000,1209.9999999852112,-31246.765953522292,299.36243264828585,1.0381821136195297,424
610000,1219.9999999849747,-31520.091402941733,299.9321959349618,1.0345588284336504,424
615000,1229.9999999847382,-31471.54363645389,303.2742480057434,1.0340328084540895,424
620000,1239.9999999845018,-31429.297288213333,299.4522702866105,1.0369022500096634,424
625000,1249.9999999842653,-31335.26391880549,307.5805752688688,1.0301836626922356,424
630000,1259.9999999840288,-31290.97469015015,301.2005708627474,1.0189007863974135,423
635000,1269.9999999837923,-31698.669035765808,304.7871437107895,1.0370477575905022,423
640000,1279.9999999835559,-31733.600549040566,303.6833147195815,1.039329267947844,424
645000,1289.9999999833194,-31430.255715586303,290.5946736597046,1.0377736036871865,423
650000,1299.999999983083,-31471.16972956079,301.1272988942481,1.028364517331509,424
655000,1309.9999999828465,-31658.85554456446,302.7203226484842,1.0404635009472316,424
660000,1319.99999998261,-31581.59920871025,301.08072350810323,1.0426951390830896,424
665000,1329.9999999823735,-31321.592668729078,304.47256834367784,1.021347336561305,424
670000,1339.999999982137,-31094.17102485252,301.4531733887551,1.0198106888349356,424
675000,1349.9999999819006,-31853.95452996457,290.52297207840263,1.0403900321853106,423
680000,1359.9999999816641,-31490.8272681644,307.4724675160778,1.040329986662354,423
685000,1369.9999999814277,-31375.102685930993,295.493477370677,1.0363229403749086,423
690000,1379.9999999811912,-31672.163958248275,309.2274135112082,1.0421958596735426,424
695000,1389.9999999809547,-31601.447912417032,304.8591900112324,1.0474063920372312,423
700000,1399.9999999807183,-31109.150898213906,306.6578578840638,1.0218104373898165,423
705000,1409.9999999804818,-31344.09357490731,296.0732375124383,1.0367311954585003,423
710000,1419.9999999802453,-31525.164766688773,284.8974621163393,1.0149888813377488,423
715000,1429.9999999800089,-31537.53995442044,301.767959417564,1.0384396163244929,423
720000,1439.9999999797724,-31529.516889799852,305.92670858626826,1.0444680514090017,423
725000,1449.999999979536,-31893.87489474035,306.4621531673638,1.05148332825445,423
730000,1459.9999999792994,-31410.94298486822,307.76078677529284,1.024075777693123,423
735000,1469.999999979063,-31499.168160850822,298.69955689144683,1.0382987335083689,423
740000,1479.9999999788265,-31336.9709475805,294.15755664234325,1.030423767360222,423
745000,1489.99999997859,-31321.20532420394,304.51872240642837,1.0313758490330827,423
750000,1499.9999999783536,-31442.74681465281,308.7539226201533,1.0322419759310324,422
755000,1509.999999978117,-31604.87765786567,303.9462396687521,1.0255299393356228,422
760000,1519.9999999778806,-31366.977885126544,303.871569672626,1.0316905213466054,422
765000,1529.9999999776442,-31498.81985614411,311.24725701503763,1.0375233940099502,422
770000,1539.9999999774077,-31175.837759354996,291.898688716444,1.0320432525823726,423
775000,1549.9999999771712,-31656.73516517121,293.8697353107762,1.0244736283381968,423
780000,1559.9999999769348,-31485.894896398473,296.99790830570834,1.0363189459812214,423
785000,1569.9999999766983,-31262.352812939673,295.71928755901337,1.0388099029078592,423
790000,1579.9999999764618,-31400.120728457667,309.27904477808596,1.0422153596161041,423
795000,1589.9999999762254,-31244.272571621754,294.10563810951487,1.0262312157687081,423
800000,1599.9999999759889,-31894.809562151873,298.77129677487557,1.0384223687079315,424
805000,1609.9999999757524,-31714.858442853496,304.17714403994813,1.0353216873638063,424
810000,1619.999999975516,-31473.806379219808,299.8896422721271,1.0426512559295653,424
815000,1629.9999999752795,-31308.318759219284,298.0117464500847,1.03281547658245,424
820000,1639.999999975043,-31134.76543948651,301.39070262000325,1.0288209710819598,424
825000,1649.9999999748065,-31122.746761204296,301.8933797316523,1.0154993144143436,424
830000,1659.99999997457,-31465.190582685667,301.80298671248954,1.0294416075093262,423
835000,1669.9999999743336,-31275.531611477607,303.8184254717411,1.0273952516862,423
840000,1679.9999999740971,-31589.739368206443,304.13049204954973,1.0389114062621605,423
845000,1689.9999999738607,-31226.920953084977,304.70596235311353,1.0210700297416133,423
850000,1699.9999999736242,-31572.390073124698,293.3579805950841,1.0388004993198166,424
855000,1709.9999999733877,-31545.93012096235,301.6628009285338,1.0445303408957627,424
860000,1719.9999999731513,-31306.51522059829,301.67321910701355,1.0447389071295243,424
865000,1729.9999999729148,-31609.860115562362,292.0989322351655,1.036029099724352,424
870000,1739.9999999726783,-31547.87612499183,303.77562284508247,1.0344299878411687,424
875000,1749.9999999724419,-31323.070790966798,305.9055658122946,1.0318556677978474,424
880000,1759.9999999722054,-31687.498630309943,303.44434775070175,1.0410507938206173,424
885000,1769.999999971969,-31525.36548185433,292.29701168372486,1.0449829301022227,424
890000,1779.9999999717324,-31682.65492132542,302.9339336094464,1.0378859410600243,424
895000,1789.999999971496,-31616.60661723488,304.9776967914398,1.042805337624235,424
900000,1799.9999999712595,-31391.359490069677,294.24207028504776,1.0446406189556068,424
905000,1809.999999971023,-31649.10944763274,295.08107837181035,1.0335933125307997,423
910000,1819.9999999707866,-31530.097834381188,301.9800765955823,1.03006629338314,423
915000,1829.99999997055,-31446.02757376092,304.0095913864196,1.0385655641445792,423
920000,1839.9999999703136,-31562.2794473214,296.19164853732883,1.0398782993011468,423
925000,1849.9999999700772,-31452.21824432019,300.48022276469925,1.035251900796967,423
930000,1859.9999999698407,-31363.20075865998,299.8755662405414,1.0357308825973044,423
935000,1869.9999999696042,-31402.548661506153,297.8837407424398,1.0271894452414976,423
940000,1879.9999999693678,-31382.293996741006,308.2619892550615,1.0334180025551636,423
945000,1889.9999999691313,-31629.12983371626,296.41437540446077,1.0389888306911068,423
950000,1899.9999999688948,-31311.418239124992,302.16666540611254,1.024024804113031,423
955000,1909.9999999686584,-31399.520587060688,296.7390433819747,1.0245801250059765,423
960000,1919.999999968422,-31618.905318038305,301.02321286476723,1.0466147566209676,423
965000,1929.9999999681854,-31408.054314890614,297.7050613210863,1.0282567363944557,423
970000,1939.999999967949,-31526.98727635556,309.2227981049332,1.0228512194799442,423
975000,1949.9999999677125,-31432.208285203582,288.814199297086,1.039243677902843,423
980000,1959.999999967476,-31700.19172362896,299.6108793935396,1.0384665718069808,423
985000,1969.9999999672395,-31519.75245661926,300.9647063661355,1.0311700411035913,423
990000,1979.999999967003,-31451.72120602359,305.25044623612536,1.0387122935622466,423
995000,1989.9999999667666,-31414.68455343225,298.2327114193854,1.034216670633286,423
1000000,1999.9999999665301,-31165.86296291009,311.37001533131587,1.0400181718961927,423
1005000,2009.9999999662937,-31590.19997006384,302.4552336291515,1.0275063125260033,422
1010000,2019.9999999660572,-31210.97334190138,293.7010527445081,1.0355150443859709,423
1015000,2029.9999999658207,-31170.679972394923,301.4294835233516,1.0398208385823884,423
1020000,2039.9999999655843,-31565.996686884348,304.5886237877724,1.0399337392000263,423
1025000,2049.999999965348,-31394.856230646255,299.5419547164281,1.0274774593774023,423
1030000,2059.9999999651113,-31520.637896196713,295.21053956027225,1.0324489521704916,423
1035000,2069.999999964875,-31642.9308143167,294.43296808483893,1.0477636230483947,423
1040000,2079.9999999646384,-31561.648111595016,299.5352135421176,1.0320279938943149,423
1045000,2089.999999964402,-31631.817792174144,301.86427011531174,1.0363637632122642,423
1050000,2099.9999999641655,-31645.46229373745,309.4286145830989,1.038545755868204,423
1055000,2109.999999963929,-31407.66767537626,304.33782146172257,1.0162761445212647,423
1060000,2119.9999999636925,-31642.536518141773,294.89282341876594,1.034859122250721,423
1065000,2129.999999963456,-31450.782219897927,304.7641815857946,1.0299302159486863,423
1070000,2139.9999999632196,-31635.52927636655,304.1742330783141,1.0357852269418537,423
1075000,2149.999999962983,-31300.65452486329,292.7920092189578,1.0248694585383271,423
1080000,2159.9999999627466,-30941.33272869134,303.12467820073044,1.0100118511897482,423
1085000,2169.99999996251,-31796.078733570786,299.3087522176262,1.046909520203072,423
1090000,2179.9999999622737,-31609.380597357405,311.3205864367271,1.0443897294946913,423
1095000,2189.9999999620372,-31640.411802659015,301.8964822039202,1.0450479745282568,423
1100000,2199.9999999618008,-31624.274290902802,304.8147595441863,1.03424955644461,423
1105000,2209.9999999615643,-31228.85017210411,296.2517637252847,1.0259357769886286,423
1110000,2219.999999961328,-31576.8344924383,293.6065996999084,1.0398440487894782,423
1115000,2229.9999999610914,-31483.996359707933,293.1090933753724,1.0260532210273494,423
1120000,2239.999999960855,-31878.60677648001,307.18022228886946,1.0368371018273868,423
1125000,2249.9999999606184,-31746.482597679773,303.86258782389984,1.0405631946077702,423
1130000,2259.999999960382,-31665.040906832524,301.38474663929145,1.0254304419890663,423
1135000,2269.9999999601455,-31444.42486295654,300.7483185009829,1.0283984708538114,422
1140000,2279.999999959909,-31515.22493586372,303.44905891229365,1.0338511891690372,422
1145000,2289.9999999596726,-31182.47617171952,303.73724411406505,1.0286870386574924,422
1150000,2299.999999959436,-31487.406175880722,302.60949544469304,1.0450945736906454,422
1155000,2309.9999999591996,-31483.097576422326,290.5475428927216,1.0177844732882042,422
1160000,2319.999999958963,-31448.39742480786,294.70255760406644,1.0447869687653253,422
1165000,2329.9999999587267,-31877.166451607394,291.3224523703449,1.0398107191052803,422
1170000,2339.99999995849,-31388.586419385596,292.30750646645816,1.0425663913345105,422
1175000,2349.9999999582537,-31455.34739562907,300.8879872062274,1.0276219012603114,422
1180000,2359.9999999580173,-31228.239360960637,306.75539424986795,1.0263028279533335,422
1185000,2369.999999957781,-31428.9367675439,302.10277745867035,1.0332383906377707,422
1190000,2379.9999999575443,-31289.854175942863,304.7439006096732,1.0338782185923925,422
1195000,2389.999999957308,-31575.734749698284,298.77711869814374,1.0296655890661286,421
1200000,2399.9999999570714,-31339.274139825982,295.88957881460556,1.038473544925508,421
1205000,2409.999999956835,-31064.235538494773,303.57426856468476,1.0214043615265753,421
1210000,2419.9999999565985,-31744.207407698268,299.0845698696773,1.040410299719222,421
1215000,2429.999999956362,-31657.265298983984,285.6669135408987,1.0473485680482735,421
1220000,2439.9999999561255,-31408.439136944362,304.95188115800096,1.05235806570461,421
1225000,2449.999999955889,-31319.597698475583,299.0105701607695,1.02100244761162,421
1230000,2459.9999999556526,-31297.579997086897,311.817843797439,1.0289041186592778,421
1235000,2469.999999955416,-31329.657643496,305.67778306442983,1.0353149036700502,421
1240000,2479.9999999551796,-31614.168662505137,291.34190985074093,1.0504785487007329,421
1245000,2489.999999954943,-31329.42647676225,294.9168197011835,1.0326864088278616,421
1250000,2499.9999999547067,-31575.61928170547,295.4462891505039,1.0430213547074318,421
1255000,2509.9999999544702,-31261.74136802819,297.86583449817766,1.0242249781860453,421
1260000,2519.9999999542338,-31477.1818532905,295.5559098373021,1.0384318336551388,421
1265000,2529.9999999539973,-31274.26117581848,300.9242784713362,1.0265328073388649,421
1270000,2539.999999953761,-31488.0412305847,298.5260482572065,1.0414415459213995,421
1275000,2549.9999999535244,-31660.053872072895,300.3624054227736,1.0525937555880571,421
1280000,2559.999999953288,-31784.68065686,301.954088602573,1.0517197098626963,421
1285000,2569.9999999530514,-31076.332568206213,303.4124612301708,1.0331795228565293,420
1290000,2579.999999952815,-31444.953481162636,312.82170423779337,1.0449072212224173,420
1295000,2589.9999999525785,-30996.421150083886,295.37416624580754,1.023455192923257,420
1300000,2599.999999952342,-31471.978938308894,297.6306402887841,1.0244503852775793,420
1305000,2609.9999999521056,-31389.947192975495,295.2104629560187,1.038338010548438,420
1310000,2619.999999951869,-31469.23058265043,295.91671587141775,1.0263656329008206,420
1315000,2629.9999999516326,-31561.459484333027,295.7348956756697,1.0359231151830022,420
1320000,2639.999999951396,-31327.57795909833,297.4751911073129,1.0465044669661587,420
1325000,2649.9999999511597,-31502.123031796305,296.388061843374,1.0261446331870532,420
1330000,2659.999999950923,-30998.44855913552,298.58610599197226,1.0309387659670983,420
1335000,2669.9999999506867,-31263.47659318149,300.2779109311325,1.026738110527341,420
1340000,2679.9999999504503,-31524.04824035673,310.6825687601579,1.0427005530302622,420
1345000,2689.999999950214,-31411.41064145122,301.71761127193287,1.0332616851025833,420
1350000,2699.9999999499773,-31410.84732435507,309.55648623330006,1.0120604808256033,420
1355000,2709.999999949741,-31366.590134986443,296.1665606442985,1.0286979899589663,420
1360000,2719.9999999495044,-31584.8391891098,299.56411249676097,1.0178080925480812,420
1365000,2729.999999949268,-31818.626689487573,300.8797905511,1.0233139582335042,420
1370000,2739.9999999490315,-31421.552164824447,304.0627738894312,1.0262628024034763,420
1375000,2749.999999948795,-31327.53186147439,296.6003322298993,1.033382587779444,420
1380000,2759.9999999485585,-31545.524150427722,297.70408461685383,1.0349554032567894,420
1385000,2769.999999948322,-31452.683599600714,300.87875639367735,1.0329926720303673,420
1390000,2779.9999999480856,-31607.17988140526,296.44532352288593,1.020348470675725,420
1395000,2789.999999947849,-31596.43171863837,291.0500284937368,1.0404962511543459,420
1400000,2799.9999999476127,-31367.86120257576,295.3399241444806,1.0292472657175757,419
1405000,2809.999999947376,-31269.91659967703,301.7092231061716,1.0248015643627741,419
1410000,2819.9999999471397,-31232.40584294012,296.4273598254337,1.033039859006589,419
1415000,2829.9999999469032,-31815.325626946636,299.4949388558254,1.0314928347667012,419
1420000,2839.999999946667,-31134.81507522342,303.1000499332213,1.0284844588193303,419
1425000,2849.9999999464303,-31398.037410262827,292.8335287243698,1.0304002576469697,419
1430000,2859.999999946194,-31533.946056368586,299.67089882617864,1.0483812629285232,419
1435000,2869.9999999459574,-31230.721463712456,300.36041371218187,1.038136594498655,419
1440000,2879.999999945721,-31644.271707474138,305.9650298640955,1.0419676095692734,419
1445000,2889.9999999454844,-31348.993746452208,309.3690547759811,1.0271691549139335,419
1450000,2899.999999945248,-30982.91261564917,303.7585400965458,1.0190791800073271,419
1455000,2909.9999999450115,-31818.659964700433,309.0569115939189,1.0371395238053345,419
1460000,2919.999999944775,-31360.405067570653,290.501331376781,1.0410186113740243,419
1465000,2929.9999999445386,-31572.504118541576,308.310652107115,1.049242049929241,419
1470000,2939.999999944302,-31393.648341699707,302.08919935473256,1.0321719761875374,419
1475000,2949.9999999440656,-31250.226373697864,305.59700387908487,1.0449808974229895,419
1480000,2959.999999943829,-31695.611647372483,306.70221174685634,1.0348186488311155,419
1485000,2969.9999999435927,-31353.752451613662,297.1544107956655,1.0405195998303411,419
1490000,2979.999999943356,-31487.661758198956,296.16319005714325,1.0344182443655552,419
1495000,2989.9999999431197,-31541.06156636693,300.3094718835859,1.0295018005733356,419
1500000,2999.9999999428833,-31285.802405160473,297.9529718365655,1.0290766922462715,419
1505000,3009.999999942647,-31970.64526032895,305.16150869777965,1.0421977683514239,419
1510000,3019.9999999424103,-31480.199418462114,303.20346567548376,1.0519042838748858,419
1515000,3029.999999942174,-31326.18615438629,309.2662901698736,1.0400261095460304,419
1520000,3039.9999999419374,-31528.789233614865,303.1161368264621,1.0408161983437898,419
1525000,3049.999999941701,-31206.549862971733,299.4822417008032,1.0464292113220544,419
1530000,3059.9999999414645,-31485.222955564794,298.4797026838222,1.0417301823750966,418
1535000,3069.999999941228,-31127.631038832245,303.2472641574382,1.0201344640200898,418
1540000,3079.9999999409915,-31782.49794034366,298.8595065728128,1.019365400300268,418
1545000,3089.999999940755,-31423.364277836197,293.5407774950647,1.0209822977068748,418
1550000,3099.9999999405186,-31565.60327205746,299.0611864212879,1.0478689206802638,418
1555000,3109.999999940282,-31186.14412440671,299.640180520514,1.0343449724453657,418
1560000,3119.9999999400457,-31336.71037682792,308.45367224845126,1.0296118138849968,418
1565000,3129.999999939809,-31684.114926078357,310.2885164800112,1.0396873061348784,418
1570000,3139.9999999395727,-31348.76776151432,297.8771527766364,1.0208836625728759,418
1575000,3149.9999999393362,-31317.025912180572,303.3683563312022,1.0228398187913867,418
1580000,3159.9999999391,-31154.940119566658,299.007333631058,1.0193246750236316,418
1585000,3169.9999999388633,-31672.702365221776,306.7459910777475,1.038328935782452,418
1590000,3179.999999938627,-31525.11819220631,312.54397551662856,1.035774877016609,418
1595000,3189.9999999383904,-31102.103646148375,300.6070602574778,1.0384374361345596,418
1600000,3199.999999938154,-31352.464137848438,295.88528897640805,1.0249749430775708,418
1605000,3209.9999999379174,-31603.939603848004,305.368263578051,1.038944658425587,418
1610000,3219.999999937681,-31477.69711147531,299.82818650973445,1.0527233766122621,418
1615000,3229.9999999374445,-31507.521496990405,295.5534585011892,1.0391090354598695,418
1620000,3239.999999937208,-31191.086607982725,297.59741319381646,1.031680284209233,418
1625000,3249.9999999369716,-31373.75931393719,292.64548443302255,1.0424366738341322,418
1630000,3259.999999936735,-31490.946423091344,299.76291968572883,1.0408235545612516,418
1635000,3269.9999999364986,-31517.391571394284,291.37031087773636,1.0315410111705783,418
1640000,3279.999999936262,-31143.7678691748,306.25920934870544,1.039604382728405,418
1645000,3289.9999999360257,-31174.241238357645,302.47869368179437,1.0442060540501936,418
1650000,3299.999999935789,-31259.993145712564,296.35688391218815,1.0463998765189901,418
1655000,3309.9999999355528,-31287.344417854358,309.05683498966533,1.0290255810321367,418
1660000,3319.9999999353163,-31373.96659369464,295.742785913783,1.0220388576332642,418
1665000,3329.99999993508,-31472.5667393388,308.18136327822356,1.0359814275886559,418
1670000,3339.9999999348433,-31594.73767212237,298.30770698358907,1.0458075668936533,418
1675000,3349.999999934607,-31701.902204544866,300.59468867053306,1.050142985533075,418
1680000,3359.9999999343704,-31375.703212335822,298.0642778169413,1.0468688438953329,418
1685000,3369.999999934134,-31517.593648816517,304.5229739424991,1.0464562171711556,418
1690000,3379.9999999338975,-31115.24633172134,296.99522715683486,1.0278294337320075,418
1695000,3389.999999933661,-31569.37382713781,288.1824248671793,1.0515857817202499,418
1700000,3399.9999999334245,-31688.069174222182,294.8840713828004,1.0374939574987605,418
1705000,3409.999999933188,-31428.930550521938,287.0879415949017,1.023462172440586,418
1710000,3419.9999999329516,-31471.80230105875,313.4754449373991,1.0307978253496695,418
1715000,3429.999999932715,-31304.919842398638,305.92324224379615,1.0364061108568914,418
1720000,3439.9999999324787,-31125.54964585186,296.06214904674016,1.0266001282690962,418
1725000,3449.999999932242,-31335.762677370076,302.74991104140935,1.0331602041206096,418
1730000,3459.9999999320057,-31577.470815015637,304.61930379131024,1.029607121796736,418
1735000,3469.9999999317693,-31616.05586953269,299.36329444613796,1.0292573561740022,418
1740000,3479.999999931533,-31375.4178256453,295.44904690363086,1.0384778906757925,418
1745000,3489.9999999312963,-31583.81752080386,302.32730452576016,1.0402767133310127,418
1750000,3499.99999993106,-31437.068694792513,298.45944085876414,1.0218090543955012,418
1755000,3509.9999999308234,-31619.436521708936,311.8378375076098,1.0350344138759362,418
1760000,3519.999999930587,-31094.587824068294,298.12531225593955,1.0182011890842029,418
1765000,3529.9999999303504,-31553.081634548056,295.8662528194064,1.0230956108623293,418
1770000,3539.999999930114,-31431.371565645386,297.03063747302804,1.0311430336954204,418
1775000,3549.9999999298775,-31654.600651015266,300.31803240891765,1.039338138410122,417
1780000,3559.999999929641,-31645.45119155172,307.88417707666264,1.0267188380234993,417
1785000,3569.9999999294046,-31264.958120842144,305.0161521267107,1.0348470844899402,417
1790000,3579.999999929168,-31204.849166587752,310.12757094334944,1.0303925128570444,417
1795000,3589.9999999289316,-31404.01216983315,301.9574208876015,1.0424423155629141,417
1800000,3599.999999928695,-31609.151798631996,301.7489807137525,1.0441210292222893,417
1805000,3609.9999999284587,-31346.84824206418,302.5311484443975,1.0443349046248322,417
1810000,3619.999999928222,-31277.638356068026,296.5506160693598,1.0387593662052097,417
1815000,3629.9999999279858,-31498.95884916681,290.56935595391366,1.0342821321074165,417
1820000,3639.9999999277493,-31623.54060351019,308.39510829662936,1.0282992954290524,417
1825000,3649.999999927513,-31553.003876089788,294.7565444517401,1.0403300710758876,417
1830000,3659.9999999272763,-31061.127841387264,308.86241339421196,1.0270640535177267,417
1835000,3669.99999992704,-31361.719359830662,300.78920602130336,1.0386241869377268,417
1840000,3679.9999999268034,-31413.58903622252,290.6950635339527,1.0507709026285061,417
1845000,3689.999999926567,-31544.463158692728,309.5733008669494,1.021882321865924,417
1850000,3699.9999999263305,-31011.900398952625,294.14597024899723,1.0244438476843085,417
1855000,3709.999999926094,-31581.465160164254,297.6434906523134,1.037051903582518,417
1860000,3719.9999999258575,-31532.382329917396,295.79162112540695,1.0424181684752711,417
1865000,3729.999999925621,-31829.9721639051,302.07378274871013,1.0363271078781837,417
1870000,3739.9999999253846,-31507.820751112013,300.4536793908519,1.0333888755054381,417
1875000,3749.999999925148,-31157.76488772547,303.48464158805734,1.0291671487744947,417
1880000,3759.9999999249117,-31075.58242424077,304.80005152750897,1.0375106217148524,417
1885000,3769.999999924675,-31680.447494738328,293.5301103527609,1.0288390567580796,417
1890000,3779.9999999244387,-31088.675588294456,286.3208457511383,1.0292718713600704,417
1895000,3789.9999999242023,-31718.735788382444,307.6427779227334,1.0370419267722741,417
1900000,3799.999999923966,-31323.951234435925,288.8025937526765,1.0275525615854577,417
1905000,3809.9999999237293,-31560.97472466636,291.7826715744762,1.0239011124062034,417
1910000,3819.999999923493,-31493.994059746095,304.53270268269716,1.0258761653560973,417
1915000,3829.9999999232564,-31567.66105710907,292.8360758157996,1.0362479516185779,417
1920000,3839.99999992302,-31487.094382581738,298.55814543943467,1.0372437327213182,417
1925000,3849.9999999227834,-31446.32849337894,302.2094871838345,1.0264512785057436,417
1930000,3859.999999922547,-31482.338356319146,304.70985001898003,1.0350779749759953,417
1935000,3869.9999999223105,-31272.34002335969,296.874192436261,1.0375337164748817,417
1940000,3879.999999922074,-31591.900815328787,300.3644737376188,1.038151439504539,417
1945000,3889.9999999218376,-31457.98789293118,304.26657950594176,1.0156867033021104,417
1950000,3899.999999921601,-31317.5140993378,292.05655093190126,1.0218554591140188,417
1955000,3909.9999999213646,-31384.364207390317,299.70349393605466,1.0296086539126486,417
1960000,3919.999999921128,-31171.24223546323,292.39609928566296,1.0219478428651991,417
1965000,3929.9999999208917,-31488.032138875365,300.7422476138909,1.0357726830439267,417
1970000,3939.9999999206552,-31469.82062037621,301.137123389763,1.037735133463437,417
1975000,3949.9999999204188,-31187.434824399505,308.2940864372896,1.0356647023208678,417
1980000,3959.9999999201823,-31413.36628628202,293.0224539646326,1.0178661020269928,417
1985000,3969.999999919946,-31455.732296266273,299.7190445995208,1.0378436871980927,417
1990000,3979.9999999197094,-31353.951849692006,298.31335654728673,1.0286182620913316,417
1995000,3989.999999919473,-31376.60863640567,292.4172803617634,1.030871408896402,417
2000000,3999.9999999192364,-31350.75067262471,297.453933426959,1.036910497788367,417
2005000,4009.999999919,-31029.999509663176,308.4908827646024,1.0231489602538213,417
2010000,4019.9999999187635,-31494.04774978629,292.03805100467434,1.034216450903782,417
2015000,4029.999999918527,-31405.04477210858,303.1288914346745,1.0390267273603826,417
2020000,4039.9999999182905,-31195.193926421052,299.84398613702456,1.0450739557767648,417
2025000,4049.999999918054,-31252.90875416575,303.04008795377246,1.0430594998610088,417
2030000,4059.9999999178176,-31413.940593459876,300.000450324855,1.0271886314078995,417
2035000,4069.999999917581,-31622.565965119837,305.5199974532261,1.02010884797017,417
2040000,4079.9999999173447,-31878.718595200568,294.41531080440075,1.045513340144483,417
2045000,4089.999999917108,-31445.919552454754,298.3187188450337,1.0349012599889853,417
2050000,4099.999999917781,-31419.25875365245,298.3624407227347,1.0468627445774297,417
2055000,4109.999999919818,-31279.216326887894,308.30710916038936,1.0426327043186192,417
2060000,4119.999999921855,-31510.494176297536,304.95611354300837,1.0346609678438028,416
2065000,4129.999999923893,-31687.116478761105,294.3515186122755,1.025402484498961,416
2070000,4139.99999992593,-31348.00208508846,297.7726071216344,1.0447603620538155,416
2075000,4149.999999927967,-31528.888935539697,289.2341821170519,1.0283698161727546,416
2080000,4159.999999930004,-31370.74126631097,303.3193296089445,1.0249854421355507,416
2085000,4169.999999932042,-31679.121864282817,303.9949408229324,1.0435079166680288,416
2090000,4179.999999934079,-31486.018972859805,302.51921733191057,1.024157677506083,416
2095000,4189.999999936116,-31304.770654637454,301.76972131539515,1.0330613962766297,416
2100000,4199.999999938153,-31602.382430109283,297.2993268922766,1.0284529862135279,416
2105000,4209.999999940191,-31220.719187412935,299.7278157865498,1.029561030183849,416
2110000,4219.999999942228,-31282.51990460104,300.57264579658045,1.033391007222848,416
2115000,4229.999999944265,-31265.29527591428,300.7094992955078,1.0188971938788371,416
2120000,4239.9999999463025,-31363.808388979756,299.2650877931154,1.0362186572489913,416
2125000,4249.99999994834,-31596.303228471894,299.6201485082165,1.0353623859498582,416
2130000,4259.999999950377,-31479.5970110615,294.2821726117695,1.0382700907756037,416
2135000,4269.999999952414,-31643.35191996931,306.0021446249297,1.0424816080656276,416
2140000,4279.999999954452,-31771.025643862435,292.610859310428,1.032475555092924,416
2145000,4289.999999956489,-31376.74569751008,294.85666621110084,1.0283652083848156,416
2150000,4299.999999958526,-31562.21868389609,294.98536135702744,1.0350714412079765,416
2155000,4309.999999960563,-31535.572889177158,300.13829967907816,1.0372570300751447,416
2160000,4319.999999962601,-31208.473364305042,301.33968418715375,1.0258858979249599,416
2165000,4329.999999964638,-31264.100142975658,290.3119656620604,1.0384417691346384,416
2170000,4339.999999966675,-31286.420876495482,303.7769059663291,1.036934199653711,416
2175000,4349.9999999687125,-31434.721567355795,297.2854806734515,1.0347785373619265,416
2180000,4359.99999997075,-31416.508018606168,296.7057971359436,1.0379882187984402,416
2185000,4369.999999972787,-31636.8741537655,305.4636358736931,1.026576206333264,416
2190000,4379.999999974824,-31462.700119200832,302.885577174407,1.0465354772891124,416
2195000,4389.999999976862,-31595.26564367971,295.47467102643594,1.0315524289802478,416
2200000,4399.999999978899,-31968.229810842313,301.4425636996415,1.043690470014399,416
2205000,4409.999999980936,-31579.205891377,299.2901182329556,1.0389102632356844,416
2210000,4419.999999982973,-31658.90952548213,296.79381542324705,1.0399089092772709,416
2215000,4429.999999985011,-31341.926166904974,303.83384207776356,1.030400476770996,416
2220000,4439.999999987048,-31484.24760733469,303.65114093309984,1.0297522179827205,416
2225000,4449.999999989085,-31576.09848323345,293.802534229369,1.044817992033782,416
2230000,4459.999999991122,-31537.63783158196,310.2502143532473,1.0412941514450655,416
2235000,4469.99999999316,-31554.652704252163,303.38400274998526,1.034822141825295,416
2240000,4479.999999995197,-31370.37090692116,290.80039438255335,1.0396321511419553,416
2245000,4489.999999997234,-31182.14214366235,298.6245804783066,1.0372498338971823,416
2250000,4499.9999999992715,-31435.680563382542,299.16908351238175,1.019703978877696,416
2255000,4510.000000001309,-31473.6706025257,297.40452368343364,1.0314251546414743,416
2260000,4520.000000003346,-31329.782300738385,300.69841082980963,1.0437783963170513,416
2265000,4530.000000005383,-31175.193070553447,300.4966160749542,1.0236563355006667,416
2270000,4540.000000007421,-31679.923974121746,300.02147819244834,1.0318620659678979,416
2275000,4550.000000009458,-31518.55075134884,302.4544867376796,1.0342883646172163,416
2280000,4560.000000011495,-31472.696070885257,311.76062042005384,1.0446451846313876,416
2285000,4570.000000013532,-31357.316594386328,301.04964133223433,1.0275946055846406,416
2290000,4580.00000001557,-31473.64288997106,303.70212106382263,1.036235644470858,416
2295000,4590.000000017607,-31444.984921614552,303.933848930744,1.0329207332079289,416
2300000,4600.000000019644,-31101.32714872813,295.6434876501477,1.0391979812135885,416
2305000,4610.000000021681,-31419.89803996522,301.9996872844854,1.0251428530163254,416
2310000,4620.000000023719,-31702.20214621001,294.55427092030004,1.032221758893935,416
2315000,4630.000000025756,-31825.990247240756,300.64360048641055,1.0186464373599882,416
2320000,4640.000000027793,-31620.09261344839,295.56412564349296,1.0352087010332622,416
2325000,4650.0000000298305,-31044.585026917135,304.00388436953176,1.014307560250536,416
2330000,4660.000000031868,-31400.64910633987,296.41016217051674,1.024867693643908,416
2335000,4670.000000033905,-31686.909549683245,307.47149081184534,1.0504872649012524,416
2340000,4680.000000035942,-31155.340474619035,308.0072609610184,1.0270228601948752,416
2345000,4690.00000003798,-31500.851685533155,299.8966707123883,1.0303004131663351,416
2350000,4700.000000040017,-31301.36790244037,297.69286209371205,1.01846792875991,416
2355000,4710.000000042054,-31227.335516544932,308.8527804093308,1.0256566119014958,416
2360000,4720.000000044091,-31222.68425148161,300.6697799900536,1.0254549689170263,416
2365000,4730.000000046129,-31317.031997186743,305.558854960828,1.0353500564293228,416
2370000,4740.000000048166,-31429.977833428216,309.72943948670235,1.0524369578780732,416
2375000,4750.000000050203,-31523.865895622817,294.13426894927085,1.0408247775063266,416
2380000,4760.0000000522405,-31594.648495378642,304.18459380360366,1.0332496000367988,416
2385000,4770.000000054278,-31569.539526948647,307.10871221820133,1.0506878774853348,416
2390000,4780.000000056315,-31537.1798634945,302.4446239400379,1.0485376852012773,416
2395000,4790.000000058352,-31459.911537924636,296.86239538121777,1.025314197818846,416
2400000,4800.0000000603895,-31987.295995475026,300.65995549453874,1.0311423475792332,416
2405000,4810.000000062427,-31336.068287586386,303.27237120153194,1.0402120764224951,415
2410000,4820.000000064464,-31680.173786099214,296.68959533632255,1.0195938785223393,415
2415000,4830.000000066501,-31606.287662385555,295.8048162080771,1.0355405626419583,415
2420000,4840.000000068539,-31422.572059525584,299.00934449271307,1.0378258810798626,415
2425000,4850.000000070576,-31799.878048948973,296.8933818017697,1.0361376313188335,415
2430000,4860.000000072613,-31731.931743244728,301.38591485415776,1.0349488052836657,415
2435000,4870.00000007465,-31364.416754202888,298.3265133278301,1.0415833218197843,415
2440000,4880.000000076688,-31213.987608881143,299.1703283315016,1.0275464536552885,415
2445000,4890.000000078725,-31561.030046702333,301.44495758256426,1.0462190249996643,415
2450000,4900.000000080762,-31377.1153126687,305.3672677227551,1.0194339361977967,415
2455000,4910.0000000827995,-31543.697385931562,308.24559594480655,1.0428956048081999,415
2460000,4920.000000084837,-31566.491006247845,296.59320803432126,1.0390461920246319,415
2465000,4930.000000086874,-31033.944705239934,300.8103870974038,1.0249532454406018,415
2470000,4940.000000088911,-31026.13050566768,304.09184520364494,1.0294619250597463,415
2475000,4950.000000090949,-31370.954637443152,295.441731197419,1.0313933838661908,415
2480000,4960.000000092986,-31433.011030785507,304.29002040752124,1.0208091386602907,415
2485000,4970.000000095023,-31670.422729051206,298.24491064675965,1.0367483683621075,415
2490000,4980.00000009706,-31611.7461485971,292.9406214708016,1.0434964485197948,415
2495000,4990.000000099098,-31597.498927139677,299.11636063489135,1.046099436491807,415
2500000,5000.000000101135,-31507.398205568898,299.5622356925495,1.0350943470945166,415
2505000,5010.000000103172,-31069.175403735484,297.38420440518536,1.0332584190806466,415
2510000,5020.000000105209,-31479.93192120205,301.61109305740257,1.0415349101604692,415
2515000,5030.000000107247,-31375.815997508937,303.35665503147584,1.0256555935199123,415
2520000,5040.000000109284,-31507.84606751238,296.3566540994276,1.0474470204848183,415
2525000,5050.000000111321,-31030.770321498363,306.0058599312258,1.0269831237500897,415
2530000,5060.0000001133585,-31450.0657745942,307.3177460750152,1.0313859239326475,415
2535000,5070.000000115396,-31684.410585417965,302.79893776366714,1.03863140621147,415
2540000,5080.000000117433,-31548.541917198396,294.38022605628504,1.0417307898105574,415
2545000,5090.00000011947,-31298.242273651296,295.4493341695816,1.03640957881431,415
2550000,5100.000000121508,-31217.846343536774,295.59390554705186,1.0342078904873184,415
2555000,5110.000000123545,-31260.406557229813,292.2947518582458,1.0324755219905224,415
2560000,5120.000000125582,-31482.938821477263,303.0312593135534,1.0310590272861808,415
2565000,5130.000000127619,-31232.078313698585,308.7474495607302,1.0282283919044302,415
2570000,5140.000000129657,-31392.69373570266,292.09335927572135,1.0280364922519374,415
2575000,5150.000000131694,-31116.063202005433,301.0524373874881,1.025594940047854,415
2580000,5160.000000133731,-31136.296311924845,298.2466916956542,1.0271243970929416,415
2585000,5170.0000001357685,-31356.62516658951,306.25237241907803,1.0414452989944971,415
2590000,5180.000000137806,-31323.128024762816,300.6333163653744,1.0277067675201463,415
2595000,5190.000000139843,-31376.566645122395,306.1894994779952,1.016118317631673,415
2600000,5200.00000014188,-31419.21426044937,306.70686545525814,1.0293338489306634,415
2605000,5210.0000001439175,-31543.705466612708,292.8190122183263,1.0308792165812732,415
2610000,5220.000000145955,-31532.03190204574,303.8051920869442,1.0387598990220137,415
2615000,5230.000000147992,-31412.400746794243,299.98758081026233,1.0304798031944435,415
2620000,5240.000000150029,-31530.78089239585,301.4418168081696,1.0194338238135527,415
2625000,5250.000000152067,-31121.3960136502,301.61222297014206,1.031998302745677,415
2630000,5260.000000154104,-31424.733309901465,302.7229271931042,1.0367118794774364,415
2635000,5270.000000156141,-31350.77053250285,302.308191764505,1.021710270792139,415
2640000,5280.000000158178,-31592.028914430295,296.185692556617,1.0412514429849118,415
2645000,5290.000000160216,-31533.03383499224,292.33479673177743,1.0345739774815343,415
2650000,5300.000000162253,-31770.890378388838,295.5347287612017,1.0406763186863401,415
2655000,5310.00000016429,-31284.686090325995,290.6613768134639,1.0410669578943124,415
2660000,5320.0000001663275,-31272.750311332726,303.5496019950489,1.0373365695597228,415
2665000,5330.000000168365,-31703.557552160433,303.6301130655065,1.0434200060414427,415
2670000,5340.000000170402,-31369.385593481362,298.19299211393127,1.0410689401296267,415
2675000,5350.000000172439,-31750.46917475268,298.56021375427986,1.0500378421004908,415
2680000,5360.000000174477,-31442.340626527584,308.46357334821977,1.0517502459530457,415
2685000,5370.000000176514,-31677.19446946148,306.80445927425257,1.0399771924312915,415
2690000,5380.000000178551,-31239.904334674444,293.34407692306877,1.0247774093507203,415
2695000,5390.000000180588,-31616.746636367083,294.14849818936364,1.0378070596256692,415
2700000,5400.000000182626,-31363.332007509773,298.74693662225377,1.0302776337502102,415
2705000,5410.000000184663,-31353.518052091735,313.6917370472347,1.0305529368232265,415
2710000,5420.0000001867,-31364.332150130358,298.929063235016,1.0387999943183965,415
2715000,5430.000000188737,-30994.47108154217,310.3969881030065,1.0376312926999967,415
2720000,5440.000000190775,-31327.27185071874,296.58951187908855,1.0351512175459792,415
2725000,5450.000000192812,-31558.26594913841,302.7023781020954,1.0454253862656178,415
2730000,5460.000000194849,-31060.299641203193,299.4245395468334,1.0335287669908306,415
2735000,5470.0000001968865,-31612.572386691638,300.86280355788017,1.0518661540009229,415
2740000,5480.000000198924,-31162.634464796196,300.9852746082077,1.023203443244735,415
2745000,5490.000000200961,-31196.15362194908,305.7401389268014,1.0275069242883628,415
2750000,5500.000000202998,-31500.971113317763,304.5281447296123,1.0227185200206887,415
2755000,5510.000000205036,-31267.806603741716,304.438479450858,1.026096120156702,415
2760000,5520.000000207073,-31389.86161425183,300.2558106039897,1.035391100250035,415
2765000,5530.00000020911,-31979.31450560034,304.24133840440436,1.0418859082048473,415
2770000,5540.000000211147,-31319.713713808946,298.40746487274555,1.0324745404089968,415
2775000,5550.000000213185,-31446.27917045806,292.8725968936689,1.0436489324603961,415
2780000,5560.000000215222,-31672.705428733374,304.10080790130775,1.0364272455403476,415
2785000,5570.000000217259,-31305.827109120175,295.4035822791622,1.0466272716677885,415
2790000,5580.000000219296,-31252.14920749617,300.2249199387547,1.0412930779440943,415
2795000,5590.000000221334,-31513.093441159115,297.91239073325914,1.0250800851696251,415
2800000,5600.000000223371,-31431.980622259813,305.6467583417511,1.0302252152616145,415
2805000,5610.000000225408,-31601.965683927352,305.96765355977885,1.0275224367342723,415
2810000,5620.0000002274455,-31259.973341284873,302.3161586068719,1.032352075807114,415
2815000,5630.000000229483,-31327.630695811997,296.75459404544085,1.0335567012981295,415
2820000,5640.00000023152,-31331.873058074503,293.2402015552852,1.0427441945231852,415
2825000,5650.000000233557,-31534.873316796176,305.82195226956907,1.0430258331278603,415
2830000,5660.000000235595,-31192.65094492081,305.3436736126686,1.030987431461264,415
2835000,5670.000000237632,-31357.20077618034,300.1119095137378,1.035091013407553,415
2840000,5680.000000239669,-31264.089464928256,301.5742847135825,1.019146129592601,415
2845000,5690.000000241706,-31486.856447557482,299.9232715394258,1.034596693650916,415
2850000,5700.000000243744,-31736.022242722276,299.1989591712576,1.029015176748648,415
2855000,5710.000000245781,-31517.124446172995,298.73994648411934,1.043926162741304,415
2860000,5720.000000247818,-31061.424718684517,302.9519356090254,1.026175139138794,415
2865000,5730.0000002498555,-31660.721378338494,301.41625013855474,1.0306316981905903,415
2870000,5740.000000251893,-31521.822335141682,304.796891602051,1.0409951625639615,415
2875000,5750.00000025393,-31625.924961007317,302.89570808693605,1.044119520923905,415
2880000,5760.000000255967,-31098.407270558295,300.2084308731828,1.0275437962873253,415
2885000,5770.000000258005,-31760.622454628057,299.5145495447285,1.0500479796208892,415
2890000,5780.000000260042,-31595.096513827797,293.8625728130713,1.0376149285210303,415
2895000,5790.000000262079,-31297.89002716815,303.61195785742046,1.033791764237943,415
2900000,5800.000000264116,-31536.24468904105,296.91211154175727,1.0376171920385644,415
2905000,5810.000000266154,-31554.686141324055,288.09205099907996,1.0269961170036899,415
2910000,5820.000000268191,-31449.24671664543,294.1040294201908,1.0246414183828703,415
2915000,5830.000000270228,-31238.85798680468,296.38691277957105,1.0332403647462323,415
2920000,5840.000000272265,-31590.953781222954,295.32230516616926,1.0322652675809085,415
2925000,5850.000000274303,-31605.31809179965,309.27548268029693,1.041478364943533,415
2930000,5860.00000027634,-31600.718944743334,296.7300615332486,1.0525303343701617,415
2935000,5870.000000278377,-31287.950780865824,302.47564866271665,1.0305372527347127,415
2940000,5880.0000002804145,-31476.787987132237,290.970609033892,1.0249291349879917,415
2945000,5890.000000282452,-31420.693282912107,313.7905182321587,1.038961484578525,415
2950000,5900.000000284489,-31475.130952647858,300.0510282832467,1.033097542128901,415
2955000,5910.000000286526,-31573.416153915256,304.22561538136785,1.0458174987851367,415
2960000,5920.000000288564,-31487.547134913097,301.92206802459845,1.0291451740943742,415
2965000,5930.000000290601,-31344.81372939801,289.20897931764125,1.0322559844896733,415
2970000,5940.000000292638,-31611.797453229927,305.0977931099079,1.0339192148136336,415
2975000,5950.000000294675,-31268.171025934105,303.95363197921756,1.031621109659789,415
2980000,5960.000000296713,-31358.93896335669,301.2619308698231,1.0254653357622656,415
2985000,5970.00000029875,-31068.385047503747,300.5756142114047,1.034878071949914,415
2990000,5980.000000300787,-31534.79549211773,290.4787905751805,1.0340685686266682,415
2995000,5990.000000302824,-31396.570799058885,301.7600308773239,1.028784899483905,415
3000000,6000.000000304862,-31575.26876787565,299.0818121165503,1.0306254027189232,415
3005000,6010.000000306899,-31560.87140923433,310.64087689517544,1.0471976376949708,415
3010000,6020.000000308936,-31277.3496701298,299.54833202053425,1.0292915674346719,415
3015000,6030.0000003109735,-31372.24317086622,296.41935468094005,1.0382239916705034,415
3020000,6040.000000313011,-31677.300522237143,307.5282162615826,1.0273657273887766,415
3025000,6050.000000315048,-31715.517702796235,298.61707326146086,1.0271256035661553,415
3030000,6060.000000317085,-31261.294013645937,301.43300731901394,1.0241515148766467,415
3035000,6070.000000319123,-31352.647105814947,296.5665497540936,1.0329987927908892,415
3040000,6080.00000032116,-31342.834342618502,294.4800605496951,1.0204123202444064,415
3045000,6090.000000323197,-31362.905981518532,302.8479070327347,1.0519596021714326,415
3050000,6100.000000325234,-31367.882695911656,302.04227924944684,1.024498753382549,415
3055000,6110.000000327272,-31623.55402546667,297.1733320462869,1.0346861969200793,415
3060000,6120.000000329309,-31263.493386559887,303.0411987154486,1.0151386981220145,415
3065000,6130.000000331346,-31504.428566130402,302.21910101765224,1.0308797580614906,415
3070000,6140.0000003333835,-31585.469886941108,290.72034293761686,1.0423046286867086,415
3075000,6150.000000335421,-31372.52799163421,293.7047297486774,1.0349498620287776,415
3080000,6160.000000337458,-31711.847696347948,308.61900337862755,1.0372350669458896,415
3085000,6170.000000339495,-31097.914413588034,299.3395662786078,1.028843000871599,415
3090000,6180.0000003415325,-31469.678668398003,300.9854661188415,1.0364160024359952,415
3095000,6190.00000034357,-31269.89489988255,309.73367187170976,1.0229486871519657,415
3100000,6200.000000345607,-31419.647272730625,296.33441971484115,1.0470718771478071,415
3105000,6210.000000347644,-31353.266369342542,303.51363629801756,1.022542890067784,415
3110000,6220.000000349682,-31542.43449062342,309.7908186448414,1.02930471329078,415
3115000,6230.000000351719,-31504.924073224247,304.32468383224256,1.032981855278126,415
3120000,6240.000000353756,-31409.055482128635,304.1861067376109,1.0322759229608036,415
3125000,6250.000000355793,-31267.831840007915,290.3742832223052,1.0293092093224605,415
3130000,6260.000000357831,-31388.41362625512,297.903811056864,1.0327146181300926,415
3135000,6270.000000359868,-31425.259186437615,308.7231851634253,1.0340096993209098,415
3140000,6280.000000361905,-31163.237548262026,305.79008490010153,1.022959287569344,415
3145000,6290.0000003639425,-31260.743284959142,302.6627545519582,1.027770109470662,415
3150000,6300.00000036598,-31699.481556055456,294.54262707376387,1.032597740544894,415
3155000,6310.000000368017,-31536.420451329264,300.9432571751477,1.0365814220687004,415
3160000,6320.000000370054,-31150.775666571135,292.99397633338367,1.0284517056480078,415
3165000,6330.000000372092,-31349.858958847937,307.0855011293824,1.0388286057474663,415
3170000,6340.000000374129,-31332.568102431396,300.54591091209926,1.0326345256230731,415
3175000,6350.000000376166,-31196.107616825902,309.82065600159046,1.0506751715601665,415
3180000,6360.000000378203,-31411.778048175416,293.53669831856433,1.0147144484519834,415
3185000,6370.000000380241,-31258.784359991958,300.052847634268,1.0326725838767379,415
3190000,6380.000000382278,-31588.297503786045,308.96919972362963,1.0326610651569814,415
3195000,6390.000000384315,-31084.516294012283,301.0007486674203,1.0255744525447321,415
3200000,6400.000000386352,-31840.296809074935,295.8701021831461,1.0276664934383144,415
3205000,6410.00000038839,-31384.6420228653,294.4831438708996,1.0289055115497465,415
3210000,6420.000000390427,-31680.99162919278,302.57879629009176,1.0496961406961725,415
3215000,6430.000000392464,-31529.635987605056,303.4670226097459,1.0426853021787628,415
3220000,6440.0000003945015,-31422.503730290686,301.91343089501316,1.0206223496060478,415
3225000,6450.000000396539,-31262.769231030135,297.0602833191433,1.0314641138460399,415
3230000,6460.000000398576,-31322.75785256122,300.1436619768251,1.0424763150607046,415
3235000,6470.000000400613,-31569.773919558735,295.6790894769747,1.0337098085359882,415
3240000,6480.000000402651,-31286.26385177177,306.57690633914837,1.0420947800312965,415
3245000,6490.000000404688,-31681.81578867763,303.38509436059803,1.0429061936191006,415
3250000,6500.000000406725,-31719.39361929553,297.20179052647245,1.0464703003589946,415
3255000,6510.000000408762,-31687.798170006805,296.2104931836967,1.03472741807431,415
3260000,6520.0000004108,-31181.254571567,306.05724223427956,1.0309068387260165,415
3265000,6530.000000412837,-31936.234803794418,306.08918620800057,1.0517169180800183,415
3270000,6540.000000414874,-31187.190516909322,292.8982018654106,1.0377672306725345,415
3275000,6550.0000004169115,-31627.410253596696,293.06707594231244,1.0280544017655722,415
3280000,6560.000000418949,-31443.078113181662,303.7245852611696,1.0402191716305074,415
3285000,6570.000000420986,-31329.0727727584,305.75442562008436,1.0336788002046802,415
3290000,6580.000000423023,-31509.643813240924,299.7943274296752,1.0240965754535207,415
3295000,6590.0000004250605,-31431.611090278457,296.35299624632165,1.025358367101998,415
3300000,6600.000000427098,-31755.1798186636,307.65424940969916,1.0275679450899842,415
3305000,6610.000000429135,-31819.957346986368,295.84110747318584,1.0373498045434768,415
3310000,6620.000000431172,-31592.379564098286,309.72543691445554,1.04266432636033,415
3315000,6630.00000043321,-31195.91147989215,296.8461169773431,1.0371305803770419,415
3320000,6640.000000435247,-31342.35704387451,300.6355378887268,1.0335703958611837,415
3325000,6650.000000437284,-31298.532622487983,303.2210080495416,1.0204069391094994,415
3330000,6660.000000439321,-31563.15169353396,302.14701641508265,1.026162733397636,415
3335000,6670.000000441359,-31237.556227037625,298.1187434411995,1.0419236652820516,415
3340000,6680.000000443396,-31227.236315494636,292.09019935026333,1.0349037976038156,415
3345000,6690.000000445433,-31757.96747184702,305.25977280399235,1.0410876574801995,415
3350000,6700.0000004474705,-31296.683895491267,306.90157431666233,1.0391300455036991,415
3355000,6710.000000449508,-31421.209968384792,295.6386232800487,1.0337289859869752,415
3360000,6720.000000451545,-31385.28456894483,309.3762938779394,1.0384868117622097,415
3365000,6730.000000453582,-31476.41990907141,303.3786979054285,1.0313201255467486,415
3370000,6740.00000045562,-31478.948681834125,300.67548700694147,1.0378199871580318,415
3375000,6750.000000457657,-31476.361438635708,301.0022807524908,1.0329400378626852,415
3380000,6760.000000459694,-31242.03311761003,296.91373938214474,1.0372639531828762,415
3385000,6770.000000461731,-31156.938866459415,297.4237322000057,1.0338672116621803,415
3390000,6780.000000463769,-31870.2766807492,296.86216556845716,1.0502969434382448,415
3395000,6790.000000465806,-31315.7682154027,295.8722471022449,1.0387086220110477,415
3400000,6800.000000467843,-31408.412211518124,303.42626914686923,1.0198253130737187,415
3405000,6810.00000046988,-31230.560517713195,308.8425537414849,1.032463398142708,415
3410000,6820.000000471918,-31543.484018802294,303.0879847632907,1.045707416307774,415
3415000,6830.000000473955,-31539.220244045224,299.6114156233143,1.0183106525409449,415
3420000,6840.000000475992,-31625.980064281728,295.5581313606544,1.0459266505618083,415
3425000,6850.0000004780295,-31681.877607192844,306.2300614302381,1.0219978112733035,415
3430000,6860.000000480067,-31045.050188276946,306.64180929294974,1.0171089934661253,415
3435000,6870.000000482104,-31644.301001725107,303.31276079420445,1.0289266571721374,415
3440000,6880.000000484141,-31901.013804275222,294.9969477503736,1.0394052255307795,415
3445000,6890.000000486179,-31589.715585564816,296.2306401023744,1.0435135192336567,415
3450000,6900.000000488216,-31408.999659746914,307.05443810457695,1.0302114552459243,415
3455000,6910.000000490253,-30992.188439424644,303.43450410412345,1.0270585205853964,415
3460000,6920.00000049229,-31400.71827658711,300.0995379267931,1.042517399401574,415
3465000,6930.000000494328,-31548.41122778217,312.881206591721,1.0127143441205844,415
3470000,6940.000000496365,-31534.94351145564,298.7804126810454,1.0287160905027648,415
3475000,6950.000000498402,-31446.82856008777,305.6178402360444,1.0269974478347244,415
3480000,6960.0000005004395,-31425.311338436586,302.97051214050583,1.0448325997248653,415
3485000,6970.000000502477,-31553.337777580455,305.9465107858052,1.0455591678212643,415
3490000,6980.000000504514,-31352.086796517367,296.37366024371073,1.0249924826500287,415
3495000,6990.000000506551,-31548.98246042183,294.25869340806327,1.0338803882177954,415
3500000,7000.0000005085885,-31501.55333087931,297.4592574225792,1.031111578773481,415
3505000,7010.000000510626,-31456.094827079098,292.8517605367094,1.031225092173216,415
3510000,7020.000000512663,-31662.65986722667,301.8651127621005,1.0485958692674062,415
3515000,7030.0000005147,-31396.158795889234,299.16975379960013,1.0430830764697423,415
3520000,7040.000000516738,-31350.14845834492,299.48411850501464,1.030442475020236,415
3525000,7050.000000518775,-31446.983383873478,290.4155346128299,1.0320607627439418,415
3530000,7060.000000520812,-31493.882452297752,296.8406780753426,1.0357118034096164,415
3535000,7070.000000522849,-31215.14931381712,295.74948878596666,1.0186394509759602,414
3540000,7080.000000524887,-31796.597883779148,297.43474406145026,1.0515847615879732,414
3545000,7090.000000526924,-32021.471095294808,296.34636997839146,1.0518866131588904,414
3550000,7100.000000528961,-31328.029677459766,293.66309533688514,1.0347084176482801,414
3555000,7110.0000005309985,-31570.03296690836,295.08195932072596,1.045024997108451,414
3560000,7120.000000533036,-31395.678330456925,302.71802452087843,1.0356534002861677,414
3565000,7130.000000535073,-31552.988136812433,301.6253797506855,1.0321288952858816,414
3570000,7140.00000053711,-31431.911840107903,304.6042127533653,1.0378117423494748,414
3575000,7150.000000539148,-31185.126717543928,298.2178884963278,1.0198148504365747,414
3580000,7160.000000541185,-31457.041868801665,298.31986790883656,1.035751214613401,414
3585000,7170.000000543222,-31238.122279364878,298.1995609286713,1.0311184536408422,414
3590000,7180.000000545259,-31414.691696366703,299.15179010214786,1.0293597389098808,414
3595000,7190.000000547297,-31367.655167557765,308.3688904908595,1.0314824192194054,414
3600000,7200.000000549334,-31048.44107702255,302.29298582017975,1.029295651285547,414
3605000,7210.000000551371,-31334.01818285644,286.54223204383345,1.0251904520221253,414
3610000,7220.000000553408,-31332.313617917855,308.15030025341804,1.0275710769242163,414
3615000,7230.000000555446,-31262.970774082787,304.662010662652,1.036896696778066,414
3620000,7240.000000557483,-31398.774670827814,304.98340380832764,1.0342466804111963,414
3625000,7250.00000055952,-31480.134515652346,293.0342510196758,1.0353083982709483,414
3630000,7260.0000005615575,-31555.041808017006,301.5458453844603,1.0367969552719356,414
3635000,7270.000000563595,-31180.31066272926,300.8850762445934,1.0239843453288497,414
3640000,7280.000000565632,-31262.845907672978,310.37647731412443,1.0362354987451827,414
3645000,7290.000000567669,-31576.663877252402,293.41146951510984,1.039649765668265,414
3650000,7300.000000569707,-31449.827320130833,298.49797279828863,1.0224026946270153,414
3655000,7310.000000571744,-31481.26873095747,293.06393516791786,1.0289596554468832,414
3660000,7320.000000573781,-31838.84932714264,296.9631299746067,1.0304498002548048,414
3665000,7330.000000575818,-31488.859640517825,308.14964911726304,1.0349122051684891,414
3670000,7340.000000577856,-31373.492847921094,305.28185398007173,1.027716596689652,414
3675000,7350.000000579893,-31560.561263259064,315.6678586733631,1.0429438765425538,414
3680000,7360.00000058193,-31658.608276276587,299.6223125783787,1.0269348354401255,414
3685000,7370.000000583967,-31602.606058504025,298.3450515571838,1.0503566928467085,414
3690000,7380.000000586005,-31796.72223685772,303.5453121568513,1.0362968983372756,414
3695000,7390.000000588042,-31460.63454294525,306.3597907335873,1.0384566463338003,414
3700000,7400.000000590079,-31523.390701556287,300.0439998429855,1.04110980313318,414
3705000,7410.0000005921165,-31728.262620949885,297.57676834749077,1.0297339784878081,414
3710000,7420.000000594154,-31673.80297600961,295.795834359351,1.0470724272415866,414
3715000,7430.000000596191,-31584.245804957958,299.26344080166456,1.0145343546639223,414
3720000,7440.000000598228,-31536.18119019069,297.2076507518673,1.0428728408022474,414
3725000,7450.000000600266,-31505.002028041374,301.25934547626656,1.0328196869031179,414
3730000,7460.000000602303,-31575.162883866316,308.8868118489606,1.0356091273900574,414
3735000,7470.00000060434,-31463.534447905637,296.6065946276252,1.0289993539519589,414
3740000,7480.000000606377,-31627.53995360498,299.07798190387393,1.0226284059121606,414
3745000,7490.000000608415,-31439.081590265792,306.8429720627136,1.043255005784404,414
3750000,7500.000000610452,-31418.038641367428,294.29724449865114,1.0369825269067174,414
3755000,7510.000000612489,-31409.106507432414,298.83813398607856,1.0469276786609378,414
3760000,7520.0000006145265,-31646.69570948716,296.5751677326155,1.0287802470389196,414
3765000,7530.000000616564,-31539.476563927776,295.1596934869932,1.0314051798373063,414
3770000,7540.000000618601,-31638.51874656492,300.1484880447974,1.032622076147539,414
3775000,7550.000000620638,-31381.674147592566,292.29626479225294,1.041635500008863,414
3780000,7560.0000006226755,-31637.79162223125,296.4723265222545,1.0308414416266352,414
3785000,7570.000000624713,-31274.587119240052,307.47283138628205,1.0403387794584988,414
3790000,7580.00000062675,-31677.967443760775,304.50769139392037,1.0312139976848504,414
3795000,7590.000000628787,-31831.007560883183,313.2877645162562,1.029219706708706,414
3800000,7600.000000630825,-31623.533827385836,308.5303148041058,1.055373406677161,414
3805000,7610.000000632862,-31751.792378090846,302.79572038501897,1.0252336025912687,414
3810000,7620.000000634899,-31620.353547484992,302.0973385566699,1.0420998217750719,414
3815000,7630.000000636936,-31625.483427911648,300.6941018405487,1.03774458281752,414
3820000,7640.000000638974,-31374.589766629273,306.3434548765225,1.029705994987343,414
3825000,7650.000000641011,-31619.22581430743,301.9083175610902,1.0263152143495502,414
3830000,7660.000000643048,-31445.623110179702,299.2914588073923,1.0213142030153555,414
3835000,7670.0000006450855,-31556.52576798218,300.27388920782226,1.044049988027293,414
3840000,7680.000000647123,-31370.40896562842,288.06939529109917,1.0283563825617676,414
3845000,7690.00000064916,-31166.089754826127,300.8031096933187,1.0148220996655049,414
3850000,7700.000000651197,-31767.29989710098,293.68270602578815,1.0367140567833366,414
3855000,7710.000000653235,-31798.790940403676,293.84518364752057,1.044402226004657,414
3860000,7720.000000655272,-31795.420726875076,299.6797083153343,1.0414671259733015,414
3865000,7730.000000657309,-31544.50794991225,312.34488106170994,1.0372841500447918,414
3870000,7740.000000659346,-31365.378987565055,298.3525970761563,1.0391688854017018,414
3875000,7750.000000661384,-31406.903621712496,302.5279310657493,1.0300856632340483,414
3880000,7760.000000663421,-31470.109758685343,289.469203966875,1.0438045225206745,414
3885000,7770.000000665458,-31553.292815384397,305.21045881578385,1.0359772764542723,414
3890000,7780.000000667495,-31605.71408788697,298.6585736158095,1.038844867150773,414
3895000,7790.000000669533,-31676.408363103837,298.12561867295364,1.0303210985454019,414
3900000,7800.00000067157,-31199.290053510485,295.19667419038376,1.030174250536787,414
3905000,7810.000000673607,-31416.696926839795,296.72868265668507,1.0396242649844036,414
3910000,7820.0000006756445,-31536.036701583333,292.19853691581494,1.0316618045925445,414
3915000,7830.000000677682,-31506.68444414559,303.2583526231364,1.045226436053509,414
3920000,7840.000000679719,-31219.48113610086,304.57182830518644,1.0207758481234777,414
3925000,7850.000000681756,-31774.564389039937,300.7987432508676,1.0366769953709924,414
3930000,7860.000000683794,-31300.223856580473,295.68835859165154,1.033048633287598,414
3935000,7870.000000685831,-31668.695651694492,300.0406675579571,1.0369459377720878,414
3940000,7880.000000687868,-31222.259378461225,293.72897499491893,1.0258859139714454,414
3945000,7890.000000689905,-31308.247208015615,290.1660728612169,1.0299269678724026,414
3950000,7900.000000691943,-31461.576594281505,296.5330353931752,1.0333809460700933,414
3955000,7910.00000069398,-31415.314428085927,298.9576366215818,1.0324802177721433,414
3960000,7920.000000696017,-31504.053103004524,301.90217006974456,1.0329762680327637,414
3965000,7930.0000006980545,-31573.882832896983,298.272852048234,1.0364893802423178,414
3970000,7940.000000700092,-31437.267517656728,296.1556828402976,1.0289151166789194,414
3975000,7950.000000702129,-31410.993015744432,299.8539063878564,1.0276807727768758,414
3980000,7960.000000704166,-31706.159323333937,303.6283128655486,1.0352746755730808,414
3985000,7970.0000007062035,-31403.738258422032,302.5836415091274,1.0329067429919725,414
3990000,7980.000000708241,-31415.911504353688,300.06294024467024,1.0357850973712,414
3995000,7990.000000710278,-31450.587834361184,301.04535149403677,1.0299132542898757,414
4000000,8000.000000712315,-31205.911222598486,298.6277404037646,1.0350738951850842,414
4005000,8010.000000714353,-31713.462190607388,299.36980580768784,1.0443339530332947,414
4010000,8020.00000071639,-31425.576977692515,290.2758084543953,1.0430447577422228,414
4015000,8030.000000718427,-31679.09533436541,297.667640143238,1.0375200225354684,414
4020000,8040.000000720464,-31069.454617697484,304.3199726706506,1.0304636293044374,414
4025000,8050.000000722502,-31345.996364322695,301.18559473118273,1.034246171553997,414
4030000,8060.000000724539,-31610.57141285058,297.71480921234775,1.0418259991555698,414
4035000,8070.000000726576,-31574.120299298433,294.01725595200725,1.0292122783638926,414
4040000,8080.0000007286135,-31415.73657431503,296.23655778095946,1.0304140216846318,414
4045000,8090.000000730651,-31302.974582983763,290.7115334484611,1.0341375553735759,414
4050000,8100.000000732688,-31826.25104386304,301.14706279165824,1.0264613026099914,414
4055000,8110.000000734725,-31533.358854892664,292.875507855303,1.0309606505985558,414
4060000,8120.000000736763,-31845.179401335103,304.8134572718763,1.0500550840936138,414
4065000,8130.0000007388,-32017.62153547755,296.82332721191864,1.0411710465500832,414
4070000,8140.000000740837,-31386.621502619877,298.7552098816348,1.0247734159091453,414
4075000,8150.000000742874,-31404.360587816132,302.14741858741365,1.0337053182547595,413
4080000,8160.000000744912,-31454.150539597205,306.5840688368532,1.0260335221114243,413
4085000,8170.000000746949,-31334.298480892263,296.9864942719327,1.0290707265724617,413
4090000,8180.000000748986,-31452.822400229255,302.4042726494922,1.0285552494928245,413
4095000,8190.000000751023,-31282.724092659482,306.2069460967361,1.02388064233363,413
4100000,8200.00000075306,-31478.328460888442,294.4942131855343,1.0348701498030743,413
4105000,8210.000000755097,-31794.09337427205,292.00208530764303,1.045295010111174,413
4110000,8220.000000757134,-31554.32274115368,304.86558646640196,1.05798246627255,413
4115000,8230.000000759172,-31109.3655904998,304.9389350391548,1.0379539248850156,413
4120000,8240.000000761209,-31399.004505243327,301.1228558475435,1.0201267896733275,413
4125000,8250.000000763246,-31275.645550225163,298.61577098915086,1.037847776020833,413
4130000,8260.000000765283,-31448.864093421696,314.9471658561741,1.0448177072575728,413
4135000,8270.00000076732,-31248.605590598832,303.3448579764326,1.0288707545708007,413
4140000,8280.000000769358,-31309.152247674385,302.280212060904,1.0358180778090011,413
4145000,8290.000000771395,-31334.024316365918,294.96486971920876,1.0326423743287654,413
4150000,8300.000000773432,-31564.86708437107,297.9947211547381,1.0424361246903604,413
4155000,8310.00000077547,-31598.979347630637,293.26084640161093,1.0463658979756336,413
4160000,8320.000000777507,-31274.51324685628,299.5224780849686,1.0189559279650742,413
4165000,8330.000000779544,-31350.350417205947,296.4452852207592,1.027250791194179,413
4170000,8340.000000781582,-31352.303604522225,302.32289978118234,1.0353405578027688,413
4175000,8350.000000783619,-31310.815849376493,300.05591180440905,1.0269064353529282,413
4180000,8360.000000785656,-31524.893180690793,295.3455162549882,1.0454305677729239,413
4185000,8370.000000787693,-31170.397127911157,286.7484889964569,1.0294030331194537,413
4190000,8380.00000078973,-31114.446247703192,306.5940082387484,1.018248749850698,413
4195000,8390.000000791768,-31460.0310054032,310.8769137513578,1.047240869711423,413
4200000,8400.000000793805,-31550.133627583506,300.0264383178643,1.0375910665758281,413
4205000,8410.000000795842,-31509.7995513911,297.22764446203803,1.0493072777392332,413
4210000,8420.00000079788,-31817.386909676454,296.5664731498401,1.0348035225335226,413
4215000,8430.000000799917,-31743.255603458616,299.00702721404383,1.040990190436469,413
4220000,8440.000000801954,-31534.237925204274,303.9980241441369,1.0388296771717498,413
4225000,8450.000000803991,-31584.69519765777,297.9503672919455,1.0389959446221608,413
4230000,8460.000000806029,-31463.315604567033,296.46891763297253,1.0234106529994667,413
4235000,8470.000000808066,-31235.174276088655,314.13768870914646,1.009869463244013,413
4240000,8480.000000810103,-31387.021810372476,301.9013848761459,1.0325983936871745,413
4245000,8490.00000081214,-31248.6007897855,298.96548855756845,1.0250318610650497,413
4250000,8500.000000814178,-31753.858859831234,295.5691623731624,1.0273857164660047,413
4255000,8510.000000816215,-31646.00588098337,296.01645460951084,1.0283104423680702,413
4260000,8520.000000818252,-31415.575045347243,303.9775133552548,1.0337459607901747,413
4265000,8530.00000082029,-31292.10397491118,288.3603956991876,1.0253948856709216,413
4270000,8540.000000822327,-31324.693752314983,306.2026179564118,1.04269607212863,413
4275000,8550.000000824364,-31574.484095392487,295.52852381666594,1.0596569698952516,413
4280000,8560.000000826401,-31491.483308643714,297.3612997333805,1.0287512077639722,413
4285000,8570.000000828439,-31428.643155579834,292.88784114012094,1.0327696579661996,413
4290000,8580.000000830476,-31566.248599370912,301.4368566827537,1.0273033447032411,413
4295000,8590.000000832513,-31483.172423543758,307.35399903799714,1.0375996751936138,413
4300000,8600.00000083455,-31599.062613508635,298.4107014024571,1.0413239872829736,413
4305000,8610.000000836588,-31564.137501036224,294.52860849536825,1.037423627096076,413
4310000,8620.000000838625,-31070.09666459309,292.4869519303469,1.0171190787706703,413
4315000,8630.000000840662,-31629.256600871973,302.09117191426094,1.0367235264837453,413
4320000,8640.0000008427,-31643.7517152981,300.831606475631,1.027136827161589,413
4325000,8650.000000844737,-31530.646798706846,306.7827994215676,1.0320465303679962,413
4330000,8660.000000846774,-30911.430505649594,313.84735858827634,1.0308884797288806,413
4335000,8670.000000848811,-31386.276949682157,294.85235722183995,1.031446137366829,413
4340000,8680.000000850849,-31637.60305372908,296.26436512499004,1.0433084459714812,413
4345000,8690.000000852886,-31295.84476155872,298.27197109931836,1.0390416169093715,413
4350000,8700.000000854923,-31697.32681010125,310.0807274423172,1.0458370970808868,413
4355000,8710.00000085696,-31593.252311369375,303.7480070116857,1.038142520813106,413
4360000,8720.000000858998,-31228.60857933681,309.14320628551786,1.0312240714610277,413
4365000,8730.000000861035,-31326.301853624987,299.36632031415235,1.0270232140963467,413
4370000,8740.000000863072,-31327.065416157886,303.3182571493951,1.0269873425394394,413
4375000,8750.00000086511,-31506.98653976657,299.64152109495075,1.0487295405758648,413
4380000,8760.000000867147,-31359.658338471403,290.40065423658217,1.0185950882517547,413
4385000,8770.000000869184,-31524.023652283213,306.1033388438398,1.0363476800177915,413
4390000,8780.000000871221,-31605.887637342064,296.0339969835687,1.03071175130558,413
4395000,8790.000000873259,-31715.631115273747,301.83008546717497,1.038548401465222,413
4400000,8800.000000875296,-31079.955216822214,299.624285137907,1.0469623921460935,413
4405000,8810.000000877333,-31278.996536160557,298.98705265493646,1.0247728563637053,413
4410000,8820.00000087937,-31787.92045613061,303.9158660822284,1.054449955919286,413
4415000,8830.000000881408,-31528.459044721967,300.3174387259528,1.034480207680375,413
4420000,8840.000000883445,-31488.84992864926,291.404840245014,1.03200445435442,413
4425000,8850.000000885482,-31542.65407325409,302.6461697310694,1.0402522786558133,413
4430000,8860.00000088752,-31396.445964460057,306.57139083289434,1.0334948395158097,413
4435000,8870.000000889557,-31466.12246682751,304.16787492527124,1.0237807623776485,413
4440000,8880.000000891594,-31536.430139794888,297.3219634491941,1.0233569481841143,413
4445000,8890.000000893631,-31588.022043045232,302.0581554809905,1.0407731236330362,413
4450000,8900.000000895669,-31371.445301067928,300.8421012583643,1.0326971430375202,413
4455000,8910.000000897706,-31274.887382724788,301.72366300796153,1.0308088638191968,413
4460000,8920.000000899743,-31620.72379784583,302.2047185690524,1.0231255941220736,413
4465000,8930.00000090178,-31577.07954328021,299.50148851950206,1.0231752334185373,413
4470000,8940.000000903818,-31074.973738170607,296.2554981826442,1.0275874031748804,413
4475000,8950.000000905855,-31577.197352543735,298.4706442308426,1.0409309838416205,413
4480000,8960.000000907892,-31448.856223184208,302.7482832010219,1.0386137142479233,413
4485000,8970.00000090993,-31480.79485875374,286.4777312623631,1.0447470735333855,413
4490000,8980.000000911967,-31475.425433439174,307.676407190032,1.0320431312892426,413
4495000,8990.000000914004,-31581.061269208963,306.2079228009686,1.0384983821341396,413
4500000,9000.000000916041,-31301.59252534932,310.19609344813,1.0362477509904995,413
4505000,9010.000000918079,-31709.282556608872,298.75084343918365,1.046726259155125,413
4510000,9020.000000920116,-31017.28637812019,294.88209882327203,1.0237638431058542,413
4515000,9030.000000922153,-31461.60858904422,304.8257905566943,1.0443441635671238,413
4520000,9040.00000092419,-31544.481785685173,304.6056873852457,1.0339038964111564,413
4525000,9050.000000926228,-31527.33380145498,297.7344965055043,1.0322523226678357,413
4530000,9060.000000928265,-31812.58059907827,301.93181591585983,1.0403176362196251,413
4535000,9070.000000930302,-31516.519775173976,294.34881831233866,1.0351101207300422,413
4540000,9080.00000093234,-31900.50714737503,295.51672676162264,1.0478816417386025,413
4545000,9090.000000934377,-31655.64918661755,299.53741591440655,1.0273109746208156,413
4550000,9100.000000936414,-31430.67522667363,302.59674083648065,1.0255167049254306,413
4555000,9110.000000938451,-31549.499447420065,296.4738203051983,1.0323940955629125,413
4560000,9120.000000940488,-31298.099707395508,305.7259288377721,1.0286180471094661,413
4565000,9130.000000942526,-31336.08885442413,301.0756293252436,1.017978681699368,413
4570000,9140.000000944563,-31271.216084322223,292.1608284720159,1.0233497519059944,413
4575000,9150.0000009466,-31494.781271864835,300.8334449777157,1.0308270746956805,413
4580000,9160.000000948638,-31894.678198406502,302.81944855254915,1.030429461166844,413
4585000,9170.000000950675,-31412.90368184424,291.1479478808087,1.0228129966731472,413
4590000,9180.000000952712,-31164.947754777182,306.30105442219497,1.0355126146951381,413
4595000,9190.00000095475,-31449.832660988643,305.0674769765743,1.0394672156683875,413
4600000,9200.000000956787,-31759.801600534818,298.5175834871917,1.0237076593459513,413
4605000,9210.000000958824,-31567.29101265027,302.44879887185516,1.0426203403461902,413
4610000,9220.000000960861,-31119.571492796793,290.8291975818797,1.0216396081668206,413
4615000,9230.000000962898,-31446.31342219599,304.1614018658482,1.0240275092039093,413
4620000,9240.000000964936,-31192.929007005674,300.07795467836166,1.0260246927511292,413
4625000,9250.000000966973,-31626.961373723985,303.43902375508156,1.0342861088994655,413
4630000,9260.00000096901,-31757.37442652855,303.2096323178927,1.0342628595452994,413
4635000,9270.000000971047,-31412.58319648716,297.5048752555549,1.031327598992917,413
4640000,9280.000000973085,-31773.244089150394,302.95752771953295,1.048780945862677,413
4645000,9290.000000975122,-31543.192189225723,292.57447229000235,1.0396327648522559,413
4650000,9300.00000097716,-31541.133578836627,302.4800534072945,1.0461551289584918,413
4655000,9310.000000979197,-31375.26894674872,299.5732667050575,1.031127884277951,413
4660000,9320.000000981234,-31264.058378193295,303.6613676009458,1.0268718392799718,413
4665000,9330.000000983271,-31390.37544755201,297.48367502839113,1.0235237809017859,413
4670000,9340.000000985308,-31135.637486049498,299.39428086668994,1.0230749939946546,413
4675000,9350.000000987346,-31521.706775993545,305.3888126690598,1.0307863982613035,413
4680000,9360.000000989383,-31522.520804668835,296.36642114175237,1.0394064288229223,413
4685000,9370.00000099142,-31722.795529932017,303.1946753373914,1.03008796521467,413
4690000,9380.000000993457,-31263.49175390182,302.10459680969166,1.0308270137898607,413
4695000,9390.000000995495,-31790.29226715729,307.76999843677953,1.0428716603080834,413
4700000,9400.000000997532,-31534.7719800568,297.82906445648433,1.046855845582569,413
4705000,9410.00000099957,-31352.815690612653,297.26698074622453,1.028006616633514,413
4710000,9420.000001001607,-30987.988844566076,302.4079305025981,1.0346991640966512,413
4715000,9430.000001003644,-31211.65855532448,304.8989476188133,1.029578918091796,413
4720000,9440.000001005681,-31357.569610543345,292.06890336778264,1.0285732636047153,413
4725000,9450.000001007718,-31653.551961499994,294.01355979677453,1.039545915314543,412
4730000,9460.000001009756,-31569.97675502437,305.3763261757348,1.0365649925312646,412
4735000,9470.000001011793,-31413.235188639403,298.7481622903102,1.0351428489024124,412
4740000,9480.00000101383,-31543.5174062539,296.92547898399783,1.0495559886179724,412
4745000,9490.000001015867,-31649.148513011896,295.14768577025274,1.0374638028878926,412
4750000,9500.000001017905,-31114.859708408505,306.97988301483105,1.0151316530373664,412
4755000,9510.000001019942,-31387.382247363712,290.3329935296538,1.0343518306854889,412
4760000,9520.00000102198,-31465.6356486679,298.25950375705673,1.0315524753759513,412
4765000,9530.000001024016,-31245.163829173805,297.47660828600317,1.0481224249119403,412
4770000,9540.000001026054,-31707.188458626915,291.186671330967,1.024564320287439,412
4775000,9550.000001028091,-31369.95916609114,293.7873474361071,1.0302468457045142,412
4780000,9560.000001030128,-31575.206625471503,304.413506464208,1.0465503156555604,412
4785000,9570.000001032166,-31409.30968866535,297.17419384413904,1.0362786451713843,412
4790000,9580.000001034203,-31798.861988249788,305.21448053909404,1.0419847605941575,412
4795000,9590.00000103624,-31309.80864828991,291.12012138571475,1.0320336190445116,412
4800000,9600.000001038277,-31297.981492102466,312.8013658084817,1.0286533791010735,412
4805000,9610.000001040315,-31473.486089391343,294.96929361485,1.028771019444223,412
4810000,9620.000001042352,-31475.660661746137,308.13047890281774,1.0372565469076953,412
4815000,9630.00000104439,-31825.310594045848,305.10769420967637,1.0317589711122876,412
4820000,9640.000001046426,-31607.805891324795,290.3104718791166,1.0445463333350946,412
4825000,9650.000001048464,-30765.863312746835,302.18914875452293,1.0189109540818146,412
4830000,9660.000001050501,-31238.850426358782,307.607559117174,1.0372974565901385,412
4835000,9670.000001052538,-31649.409517938475,307.8516202689134,1.0366466127336644,412
4840000,9680.000001054575,-31439.42730759966,301.26482268039376,1.025918144924171,412
4845000,9690.000001056613,-31664.386530191812,299.1434593895768,1.0440128311176329,412
4850000,9700.00000105865,-31795.25077157904,301.70125626380474,1.0476038839684094,412
4855000,9710.000001060687,-31404.891022901546,296.33537726801023,1.0161982432352226,412
4860000,9720.000001062725,-31300.854021584528,304.0512832514021,1.0362358755088696,412
4865000,9730.000001064762,-31792.318647638807,301.52223212331035,1.0272877588950577,412
4870000,9740.000001066799,-31309.95510390523,291.41062386615533,1.0184028675127008,412
4875000,9750.000001068836,-31324.71639920649,303.90496912716407,1.0337390589897997,412
4880000,9760.000001070874,-31265.788743970887,295.46168660546294,1.0296039512295012,412
4885000,9770.00000107291,-31291.558237333113,306.0740951700556,1.030592065451135,412
4890000,9780.000001074948,-31487.263690508233,294.43415545076857,1.0265578232337342,412
4895000,9790.000001076985,-31187.408120959502,301.422531687344,1.04243263725632,412
4900000,9800.000001079023,-30952.60446313204,302.5729360646969,1.027120237193854,412
4905000,9810.00000108106,-31340.61443182471,300.2596025145394,1.0353627820507414,412
4910000,9820.000001083097,-31553.757163670874,289.16604263353895,1.0456438602273133,412
4915000,9830.000001085134,-31255.783612717933,300.8211116928977,1.028854105474255,412
4920000,9840.000001087172,-31356.053551554185,304.541971797374,1.0309606248090568,412
4925000,9850.000001089209,-31518.34237199911,300.1175016242454,1.0533752187628571,412
4930000,9860.000001091246,-31307.496939799486,293.61406861462734,1.0157412024991277,412
4935000,9870.000001093284,-31387.126534494426,310.19180360993244,1.0393496349957791,412
4940000,9880.00000109532,-31522.455302530783,287.78151650634186,1.0340493001705628,412
4945000,9890.000001097358,-31428.561986875866,296.4860003815092,1.031835300592043,412
4950000,9900.000001099395,-31240.001571518427,296.5457900013876,1.0447651918250194,412
4955000,9910.000001101433,-31333.55579585646,302.9144761290503,1.0434574362757254,412
4960000,9920.00000110347,-31030.07264956273,300.1444663214872,1.0219958244151388,412
4965000,9930.000001105507,-31551.123827399657,295.0582886063859,1.0421733028488442,412
4970000,9940.000001107544,-31740.399730646226,301.9752313765467,1.0507675798544804,412
4975000,9950.000001109582,-31754.177322812087,283.3368994145354,1.0415146594856948,412
4980000,9960.000001111619,-31364.730003694247,304.1088130458014,1.039557080094416,412
4985000,9970.000001113656,-31225.42221993499,304.387882341403,1.0254728091394751,412
4990000,9980.000001115694,-31514.198212208285,301.79593912116496,1.027606776754362,412
4995000,9990.00000111773,-31407.380613883346,292.1009239457572,1.020603519204381,412
5000000,10000.000001119768,-31715.970249327744,299.54116952282936,1.04158499693227,412
5005000,10010.000001121805,-31352.777870622172,302.11373186692487,1.0330576243259528,412
5010000,10020.000001123843,-31262.17701228638,303.04451184941365,1.037129983743163,412
5015000,10030.00000112588,-31891.40993238095,299.9762050786134,1.039692651594656,412
5020000,10040.000001127917,-31698.1253139021,306.64878028002073,1.0417935432428465,412
5025000,10050.000001129954,-31708.319030447863,291.3040481984349,1.0520597635615665,412
5030000,10060.000001131992,-31315.351880318573,296.50641541507434,1.0295062482568431,412
5035000,10070.000001134029,-31146.15474497981,303.1753902165658,1.032548297912339,412
5040000,10080.000001136066,-30983.803117752075,296.9951888547081,1.0325803390949024,412
5045000,10090.000001138103,-31325.940191507165,299.7627090240316,1.033726110224667,412
5050000,10100.00000114014,-31250.83379056549,309.69303331521326,1.0317127987207118,412
5055000,10110.000001142178,-31092.59660708421,294.57799908783034,1.0355275455680355,412
5060000,10120.000001144215,-31738.88171871772,299.1113047541585,1.0388414141610454,412
5065000,10130.000001146253,-31423.63166927328,302.4153994173171,1.0393190834860127,412
5070000,10140.00000114829,-31439.862493961875,303.77623567911064,1.0304468705680725,412
5075000,10150.000001150327,-31153.808519794256,300.6526589393902,1.0284172673784329,412
5080000,10160.000001152364,-31278.407364159677,301.8171393483288,1.023371677610049,412
5085000,10170.000001154402,-31746.552527742897,312.3865346245656,1.0383444810168385,412
5090000,10180.000001156439,-31271.908314190456,301.1133952222328,1.0331852667729744,412
5095000,10190.000001158476,-31182.814008266723,302.11139543719224,1.0346016206711461,412
5100000,10200.000001160513,-31302.914071050618,297.0517993980651,1.021472230211037,412
5105000,10210.00000116255,-31488.552898395516,301.52169589353565,1.0368033342786687,412
5110000,10220.000001164588,-31770.37207372868,297.5123441702739,1.041914580505118,412
5115000,10230.000001166625,-31556.807809524733,300.1155865179072,1.0393736638661024,412
5120000,10240.000001168662,-31228.203668617905,297.0152591691324,1.0260482506432183,412
5125000,10250.0000011707,-31524.73739788524,305.72952923768787,1.0391225926387282,412
5130000,10260.000001172737,-31679.044236404123,299.56920667962055,1.0286748239363384,412
5135000,10270.000001174774,-31326.607202500454,293.4773491731437,1.0243567501085868,412
5140000,10280.000001176812,-31569.96462199965,295.73964513938836,1.051632351377889,412
5145000,10290.000001178849,-31430.205125954002,306.20704185205307,1.025665341737924,412
5150000,10300.000001180886,-31456.378321276483,297.90708588870234,1.0336037766039112,412
5155000,10310.000001182923,-31708.703643384244,302.542505024983,1.0570040933692793,412
5160000,10320.00000118496,-31401.33790238158,297.2480594956032,1.0216772908306446,412
5165000,10330.000001186998,-31138.248519643443,307.7017823490131,1.0331785936173168,412
5170000,10340.000001189035,-31504.027273560205,299.47747308602106,1.0208013382142247,412
5175000,10350.000001191072,-31493.08267385373,299.35611279736975,1.0331748197696486,412
5180000,10360.00000119311,-31208.398014698818,304.3270202619752,1.0253794797518505,412
5185000,10370.000001195147,-31470.82584432789,294.68610684062133,1.040236442246471,412
5190000,10380.000001197184,-31599.193163582415,292.7953989571763,1.032072390096534,412
5195000,10390.000001199222,-31277.31907688157,303.0838864357269,1.019704381988443,412
5200000,10400.000001201259,-31232.964639265236,306.87734822148417,1.0385928909926896,412
5205000,10410.000001203296,-31562.20826692332,301.6898422300291,1.0373104692899433,412
5210000,10420.000001205333,-31137.886434500542,302.2146005177575,1.02111329729696,412
5215000,10430.00000120737,-31371.7451583698,300.15402270211473,1.0256539788438106,412
5220000,10440.000001209408,-31916.456583691295,315.8286893036446,1.0437514877713905,412
5225000,10450.000001211445,-31590.143933274725,303.8339569841438,1.031102862622429,412
5230000,10460.000001213482,-31226.381797806564,302.5613688224142,1.0396434286519687,412
5235000,10470.00000121552,-31413.818907284644,301.8345093628162,1.0423405706282771,412
5240000,10480.000001217557,-31478.080596097745,304.74960762656093,1.0318749666837557,412
5245000,10490.000001219594,-31381.857018673967,298.43015888285316,1.0309102793603906,412
5250000,10500.000001221631,-31025.492994926346,304.0196839968218,1.0166355043869053,412
5255000,10510.000001223669,-31591.039087925805,290.0586353956442,1.0315726855380027,412
5260000,10520.000001225706,-31484.229827971285,292.05766169357736,1.0271808335764518,412
5265000,10530.000001227743,-31609.267620495084,300.6923399427175,1.0352180433226053,412
5270000,10540.00000122978,-31703.119672244735,297.61089554243733,1.0559874265644764,412
5275000,10550.000001231818,-31369.428168209386,304.96928947461515,1.0377074680777492,412
5280000,10560.000001233855,-31528.488399614347,306.4638767630682,1.0188353578213492,412
5285000,10570.000001235892,-31269.465128932003,293.08333519512377,1.0223155153114953,412
5290000,10580.00000123793,-31858.658669254102,300.67977684513903,1.0405338274587324,412
5295000,10590.000001239967,-31628.970433548617,302.423519468191,1.0407150826196312,412
5300000,10600.000001242004,-31535.784878393926,298.73383729490047,1.0375158597631031,412
5305000,10610.000001244041,-31435.878491918324,304.7492246052933,1.0371022584261114,412
5310000,10620.000001246079,-31643.547887979978,288.34003811881263,1.0412402870832576,412
5315000,10630.000001248116,-31476.76536117363,298.2952013392007,1.02806618741383,412
5320000,10640.000001250153,-31772.97824590403,304.4463888400348,1.0409454623424297,412
5325000,10650.00000125219,-31697.909270718286,290.2412982381811,1.0394209886360573,412
5330000,10660.000001254228,-31676.440853662934,299.90285650586065,1.0377239889028844,412
5335000,10670.000001256265,-31473.18046716627,295.15268419779545,1.0389041168123965,412
5340000,10680.000001258302,-31345.275040701963,301.5938571003588,1.0294654212339485,412
5345000,10690.00000126034,-31648.26751235401,299.57387953908574,1.0420223363348575,412
5350000,10700.000001262377,-31693.743016029097,309.6414403504623,1.043297836481078,412
5355000,10710.000001264414,-31105.888610295166,304.45083188673937,1.0153870895933201,412
5360000,10720.000001266451,-31504.34354108025,300.8425417328221,1.0350349102826448,412
5365000,10730.000001268489,-31806.56851841291,305.50444678976,1.0316637695402946,412
5370000,10740.000001270526,-31103.28437299258,303.29960401366105,1.038047793249815,412
5375000,10750.000001272563,-31258.734446010203,300.9844319614188,1.0188700446290315,412
5380000,10760.0000012746,-31578.546942813817,296.40560421743186,1.0514280213620348,412
5385000,10770.000001276638,-31447.540155898372,307.5767259051291,1.0277157629953695,412
5390000,10780.000001278675,-31399.433969573234,296.48781973253045,1.0297628457585317,412
5395000,10790.000001280712,-31553.41149322153,293.3346737509483,1.0246273827452987,412
5400000,10800.00000128275,-31362.684616553015,307.3766355949146,1.0314363732146605,412
5405000,10810.000001284787,-31607.51827133083,299.8294504799177,1.0390466829060947,412
5410000,10820.000001286824,-31521.340474563855,301.96404715553166,1.04288898558823,412
5415000,10830.000001288861,-31377.312985617085,310.43684146590425,1.0379432018710686,412
5420000,10840.000001290899,-31514.51631241312,305.2485311297872,1.0489720365359316,411
5425000,10850.000001292936,-31558.250513384468,292.78980684666885,1.034944675676276,412
5430000,10860.000001294973,-31052.81498378067,289.3948212366995,1.0330169055325242,412
5435000,10870.00000129701,-30962.14439790038,299.45742192266016,1.0045896230065534,412
5440000,10880.000001299048,-31564.599235176778,296.3173178152411,1.025238421124567,411
5445000,10890.000001301085,-31460.02410019195,295.42518467865705,1.0307141882802735,411
5450000,10900.000001303122,-31235.7349046499,304.7321993099468,1.0267383759170747,411
5455000,10910.00000130516,-31617.317353542894,297.5419517142623,1.0294856112526412,411
5460000,10920.000001307197,-31560.56274947329,305.4299683042676,1.0390637104757416,411
5465000,10930.000001309234,-31448.693469282385,284.8681418383015,1.0456335487494224,411
5470000,10940.000001311271,-31775.69694736309,300.86458460677466,1.0319585337922557,411
5475000,10950.000001313309,-31221.839393182163,295.15214796802076,1.0202707817071424,411
5480000,10960.000001315346,-31664.0698548824,293.5475186693751,1.0328384845277971,411
5485000,10970.000001317383,-31105.50403560864,299.58192298570617,1.0378630843739702,411
5490000,10980.00000131942,-31520.87711528479,296.6681269942714,1.0223117276429177,411
5495000,10990.000001321458,-31275.422583327425,302.63676655894886,1.0368287621287022,411
5500000,11000.000001323495,-31492.842492210184,295.4897429133175,1.033512076727224,411
