#"Step","Time (ps)","Potential Energy (kJ/mole)","Temperature (K)","Density (g/mL)","Speed (ns/day)"
5000,10.000000000000009,-31683.219967738405,304.6146117807817,1.0317502725847816,0
10000,19.999999999999794,-31470.915143950668,300.7189216186917,1.022584762873642,410
15000,29.99999999999425,-31530.958450176433,305.01293474806255,1.0396281516977186,410
20000,40.00000000000292,-31164.189627538814,305.6708503794856,1.0384547116277185,416
25000,50.00000000001514,-31630.258473604947,296.04485563650627,1.0303385149953896,414
30000,60.00000000002736,-31542.24081596636,297.57826213043455,1.0321170674087428,414
35000,70.00000000001826,-31445.47203562208,294.38509042638407,1.0246802905766643,415
40000,79.99999999999496,-31251.259010791808,298.29815060296147,1.0266178028301187,417
45000,89.99999999997165,-31374.160425360373,305.4073125962868,1.0275985721450724,417
50000,99.99999999994834,-31200.727732219675,296.4839703687907,1.0268150401184335,417
55000,109.99999999992504,-31173.303881174594,306.99020543799395,1.0335701039131586,418
60000,119.99999999990173,-31273.506977632293,305.7374194758012,1.030744622801302,418
65000,129.99999999989262,-31499.778573782067,300.1750888718349,1.018435350762112,418
70000,139.99999999994037,-31404.617312825634,293.7188632334533,1.0393947212573091,417
75000,149.99999999998812,-31495.617806344933,299.126874568688,1.0230616736277238,417
80000,160.00000000003587,-31620.10039985529,293.77520566192294,1.0430151552220526,417
85000,170.00000000008362,-31784.041454962717,292.92995432849784,1.0451150961697517,418
90000,180.00000000013137,-31310.2753344003,298.8195191524713,1.0383280470425649,418
95000,190.0000000001791,-31157.816006698005,289.5814291982931,1.0307888756939458,419
100000,200.00000000022686,-31285.847433983,303.73214993120547,1.0514976600567318,420
105000,210.0000000002746,-31415.215508516587,306.6537404054367,1.0477336242232074,420
110000,220.00000000032236,-31450.554855375434,302.08864397389453,1.0449378568786856,420
115000,230.0000000003701,-31105.274228425755,297.7038548040932,1.0248938354111627,421
120000,240.00000000041786,-31302.639398066123,301.76993197709237,1.021299209582987,420
125000,250.0000000004656,-30905.602662288788,307.41746566204495,1.0284758744404523,420
130000,260.00000000051335,-31315.06962602894,290.86918500222123,1.0162259939205502,421
135000,270.0000000005611,-31021.05872271175,299.89795383363486,1.028922999671652,420
140000,280.00000000060885,-31534.93262668277,310.41179187500074,1.028245730462447,421
145000,290.0000000006566,-31316.570112714748,314.9984141017842,1.0355529101834016,420
150000,300.00000000070435,-31107.920761019894,297.55011006726306,1.0424278951027641,420
155000,310.0000000007521,-31487.3728554041,299.094030494988,1.0321710962007224,420
160000,320.00000000079984,-31272.383385604277,296.77204066418176,1.0235797742009065,420
165000,330.0000000008476,-31631.489156858705,289.1689152930462,1.0273132545583459,420
170000,340.00000000089534,-31359.106241542846,301.8516687156064,1.030786281662696,420
175000,350.0000000009431,-31334.02750531974,307.2060762244351,1.0225483807130853,420
180000,360.00000000099084,-31060.99501465386,303.8691183365131,1.0198348579334444,420
185000,370.0000000010386,-31092.305800481437,303.3930995050917,1.0212785435653615,420
190000,380.00000000108633,-31476.153412320884,304.8559726325842,1.0429429499945342,420
195000,390.0000000011341,-31350.748671086825,300.3855016052122,1.0159086285131624,420
200000,400.00000000118183,-31159.167674371565,298.35468454206494,1.0282555979896306,421
205000,410.0000000012296,-31467.00932847563,291.4126730299372,1.040096361287163,421
210000,420.00000000127733,-31385.134171768907,300.2196533963246,1.040197179299214,421
215000,430.0000000013251,-31301.224983490014,295.8686467023291,1.0289333320140313,421
220000,440.0000000013728,-31610.638001103012,294.2154120048201,1.0383935787852216,420
225000,450.0000000014206,-31471.965367525583,299.21816768782963,1.0266823355136143,421
230000,460.0000000014683,-31228.14047354093,305.4608398184393,1.0221647888509025,421
235000,470.00000000151607,-31184.08069700084,309.8602412496009,1.0465972668371624,421
240000,480.0000000015638,-31423.007159934583,304.63707597812873,1.0153324946317084,421
245000,490.00000000161157,-31450.377200928313,308.116402871232,1.0461311759517373,421
250000,500.0000000016593,-31018.98095339074,295.3130360514924,1.0264917367635888,421
255000,510.00000000170706,-31471.714188962913,294.6991295637211,1.042524902208238,421
260000,520.0000000015274,-31335.731908888643,306.62895892942043,1.034338377409378,421
265000,530.0000000012909,-31306.870229040796,300.45827564606356,1.0298407831827912,421
270000,540.0000000010544,-31253.032249088195,297.1106506158378,1.0263633387191708,422
275000,550.000000000818,-31365.743256411515,309.85484064972724,1.027439743658274,422
280000,560.0000000005815,-31282.51947219475,294.8513805176075,1.0356926354137477,422
285000,570.000000000345,-31445.886401551077,299.8791283383304,1.024220920088189,422
290000,580.0000000001086,-31065.189005907014,297.88431527434125,1.0230988338844231,422
295000,589.9999999998721,-31220.591306880495,297.9842072209414,1.0375545951767469,422
300000,599.9999999996356,-31571.386287843372,300.35139356132896,1.0323732233732499,422
305000,609.9999999993992,-31339.333761399204,285.05308365738085,1.0365690640215866,422
310000,619.9999999991627,-31994.837257559266,289.53899044183873,1.0436724417871688,422
315000,629.9999999989262,-31106.224735390802,296.9605254299868,1.0428435634126743,422
320000,639.9999999986898,-31362.208675232192,290.9034654056749,1.046933069725588,422
325000,649.9999999984533,-31375.898572042992,290.0678470571309,1.032808205190659,422
330000,659.9999999982168,-31334.917514575587,296.17992808653906,1.0230338234792433,422
335000,669.9999999979804,-31303.063033588638,311.23254899836036,1.0220594256521442,422
340000,679.9999999977439,-31070.72051546618,296.6190428188235,1.027774432604681,422
345000,689.9999999975074,-31361.82480597135,290.2357827319271,1.0403876230172078,422
350000,699.999999997271,-31303.446802437044,293.52101359765453,1.0434280318734812,421
355000,709.9999999970345,-31127.292962692532,305.18108108455596,1.0293012223900881,422
360000,719.999999996798,-31448.24059095292,293.5635481094258,1.041684945611364,421
365000,729.9999999965615,-31527.570704981714,291.49381608548646,1.0410336160158613,421
370000,739.9999999963251,-31557.899070471613,293.63678177579834,1.0423640281992907,421
375000,749.9999999960886,-31465.12372450452,303.44817796337816,1.029484236202515,421
380000,759.9999999958521,-31369.57768610661,293.4685588350514,1.0494868153593868,421
385000,769.9999999956157,-31149.20578326643,306.1613857169505,1.0425594081166822,421
390000,779.9999999953792,-31311.13850069049,304.7735081536616,1.0382045080659708,421
395000,789.9999999951427,-31621.751664983487,300.1458260469872,1.0304657300305233,421
400000,799.9999999949063,-31456.89782824641,295.55951023721786,1.0456257578122454,421
405000,809.9999999946698,-31556.014435576624,303.4383343167998,1.0316768853724692,421
410000,819.9999999944333,-31535.96343478022,296.6350339567474,1.0268022025750299,421
415000,829.9999999941969,-31657.22039471075,307.00795847374894,1.0375266891902624,421
420000,839.9999999939604,-31207.451067969,301.21774936660097,1.0301138803323322,421
425000,849.9999999937239,-31231.10120792658,307.29294544793555,1.03825126773401,421
430000,859.9999999934874,-31434.090205824818,302.12667798577104,1.016630112057659,421
435000,869.999999993251,-31523.892693355912,304.17764196759606,1.0207832937561818,421
440000,879.9999999930145,-31144.598384143028,308.2403294023766,1.0384162896354494,421
445000,889.999999992778,-31629.58623121737,297.570563402955,1.0451962614051327,421
450000,899.9999999925416,-31885.408630729537,305.07088586585627,1.0555447880325637,421
455000,909.9999999923051,-31318.475921182253,296.2039818221468,1.0409287802146754,421
460000,919.9999999920686,-31343.64930039138,292.9143462118415,1.027026891238083,421
465000,929.9999999918322,-31097.09188482794,288.50255404267176,1.0295393779610962,421
470000,939.9999999915957,-31548.22194108137,295.44023741447523,1.0426939477299706,421
475000,949.9999999913592,-31564.81516791135,296.6790431003991,1.0516250988951608,420
480000,959.9999999911228,-31695.637376573344,303.6762288261302,1.0487163615022828,420
485000,969.9999999908863,-31292.7559184414,301.98019150196257,1.0255247529590867,420
490000,979.9999999906498,-31701.417555517604,293.2686408844074,1.0422825145942591,420
495000,989.9999999904134,-31534.65871259314,311.82730442274976,1.0486937539495766,420
500000,999.9999999901769,-31471.289168096555,300.87356645550085,1.0431086137834635,420
505000,1009.9999999899404,-31233.505167325842,295.9377820411379,1.0269447077346274,420
510000,1019.999999989704,-31417.015072561713,295.79958796777385,1.0282174854645194,420
515000,1029.9999999894676,-31299.68507041756,303.7912692638655,1.0330770420314395,420
520000,1039.9999999892311,-31666.919011085032,302.2741794759387,1.0379615968069738,419
525000,1049.9999999889947,-31553.125840035005,298.03444046019223,1.0480291606566914,419
530000,1059.9999999887582,-31338.647980792914,304.7887524001136,1.035547184282499,419
535000,1069.9999999885217,-31553.99139576737,299.3326527447269,1.0151011553088254,419
540000,1079.9999999882853,-31394.822116820986,310.54548544847,1.0298539019068471,419
545000,1089.9999999880488,-31583.584070633282,299.4177217682695,1.0456446616683415,419
550000,1099.9999999878123,-31534.100072193018,294.6453533777446,1.0284712668670501,419
555000,1109.9999999875758,-31318.80191699005,297.5418176568187,1.0324397553655487,419
560000,1119.9999999873394,-31531.10499484383,302.1593496999006,1.0267742880028425,419
565000,1129.999999987103,-31033.545838589373,290.20753491343874,1.019192668567832,419
570000,1139.9999999868664,-31294.834740266728,297.33898874454064,1.048999611742406,419
575000,1149.99999998663,-31694.567814538605,305.77321281326203,1.039492695611839,418
580000,1159.9999999863935,-31616.227863513108,298.51697065316347,1.0426511407946446,418
585000,1169.999999986157,-31444.368210295943,297.21178738155777,1.0281760126566875,418
590000,1179.9999999859206,-31433.393730033946,293.98935285265975,1.0254586005258979,418
595000,1189.999999985684,-31315.920001463586,305.57578450085765,1.034961319634067,418
600000,1199.9999999854476,-31459.930614702025,304.313978387812,1.0343878195780618,418
605000,1209.9999999852112,-31499.337881054555,298.08373529733734,1.0396869172239318,418
610000,1219.9999999849747,-31625.128420198103,308.3557911635062,1.040240215560176,418
615000,1229.9999999847382,-31293.038874474267,300.11093280950536,1.0246969904944139,418
620000,1239.9999999845018,-31685.716828471865,300.7590622475402,1.0369422687034695,418
625000,1249.9999999842653,-31268.318987368984,300.0622508063885,1.0348081228733903,418
630000,1259.9999999840288,-31224.559943007684,284.96161817866874,1.025049006686423,418
635000,1269.9999999837923,-31565.37827070942,290.97934191879415,1.037149414087114,417
640000,1279.9999999835559,-31262.09036933334,302.4533376738767,1.0328359338339193,418
645000,1289.9999999833194,-31121.344006373693,298.24774500414026,1.0263487313187065,418
650000,1299.999999983083,-31301.520485979854,293.5399539993392,1.0271769114795661,418
655000,1309.9999999828465,-31495.942793517577,304.6497922842143,1.0265302611255194,418
660000,1319.99999998261,-31577.45857216639,298.9628265597583,1.0343503978961428,417
665000,1329.9999999823735,-31414.887949295313,297.4619768735794,1.0300662733743289,417
670000,1339.999999982137,-31186.135459142242,297.2485574232511,1.0253408703016014,417
675000,1349.9999999819006,-31147.59694449036,296.57637424960853,1.0178872173684825,417
680000,1359.9999999816641,-31247.289342219243,297.7239634206443,1.0356748635031539,417
685000,1369.9999999814277,-31227.909706431063,299.43036147010156,1.0180623320454882,417
690000,1379.9999999811912,-31444.929101649002,306.9447408135252,1.0296877180239214,417
695000,1389.9999999809547,-31219.340524729545,294.2802192033046,1.0303574705925205,417
700000,1399.9999999807183,-31593.106514568994,292.6165471762525,1.0486965976415374,417
705000,1409.9999999804818,-31335.615108911355,301.72163299524306,1.0314614568475653,417
710000,1419.9999999802453,-30871.320173995773,300.946283043162,1.0252345085801922,417
715000,1429.9999999800089,-31170.25940188166,303.71274990399957,1.025402564080768,417
720000,1439.9999999797724,-31657.324545007636,304.7388638800037,1.0425064196897014,417
725000,1449.999999979536,-31556.54674665918,300.0603548511137,1.0396866458570853,417
730000,1459.9999999792994,-31564.83973303929,297.5484630758122,1.0422156955681585,417
735000,1469.999999979063,-31050.8618696185,297.7203630207285,1.0267183501731347,417
740000,1479.9999999788265,-31818.201240240043,299.5989291299893,1.0284580453469454,417
745000,1489.99999997859,-31356.598216202052,302.63544513557554,1.0415466225802104,417
750000,1499.9999999783536,-31562.56431021972,295.9069105269662,1.0439219621522857,417
755000,1509.999999978117,-31337.76167750859,296.0777188612697,1.0461156169579928,417
760000,1519.9999999778806,-31716.408398037485,306.19486177574214,1.020513358138601,417
765000,1529.9999999776442,-31202.434759452124,297.8001463507776,1.029244387868387,417
770000,1539.9999999774077,-31282.36127323279,295.0586333255267,1.0197429225247554,417
775000,1549.9999999771712,-31560.99110600594,305.08323830173765,1.0315392074516596,417
780000,1559.9999999769348,-31222.035017268325,303.12038836253294,1.0173769729240634,417
785000,1569.9999999766983,-31369.59744053596,299.00587815024096,1.0223144519488927,417
790000,1579.9999999764618,-31263.084687892406,305.7811988066923,1.0352070938580058,417
795000,1589.9999999762254,-31249.57764765434,295.0845638653459,1.0316679324143054,417
800000,1599.9999999759889,-31182.356901617168,296.88097191269827,1.0242476493308597,417
805000,1609.9999999757524,-31240.587849738455,303.1526579043315,1.0182370259631213,417
810000,1619.999999975516,-31423.159227268596,307.4712418480214,1.0445211759467052,417
815000,1629.9999999752795,-31313.628743690933,300.3541321633926,1.0383930269941222,417
820000,1639.999999975043,-31041.743832038483,295.1627385060709,1.0310082623495587,417
825000,1649.9999999748065,-31641.055945873464,299.5079615789251,1.0389414734406726,417
830000,1659.99999997457,-31099.892085225933,295.338238850903,1.0286988585442367,417
835000,1669.9999999743336,-31417.245488788554,300.17778917177174,1.051360383511839,417
840000,1679.9999999740971,-31762.430271486694,298.50819946613456,1.0408768053309867,417
845000,1689.9999999738607,-31432.76667558821,298.6480022288227,1.0358241486891835,417
850000,1699.9999999736242,-31149.65419562845,298.0582260809126,1.0177823286144598,417
855000,1709.9999999733877,-31476.607240060024,297.8366099754568,1.043625721894646,417
860000,1719.9999999731513,-31134.786460191797,295.0630380701046,1.013225934648665,417
865000,1729.9999999729148,-31600.47963208161,304.05319835774026,1.0274667184378492,417
870000,1739.9999999726783,-31258.393786324566,294.0388200493753,1.0414235510385004,417
875000,1749.9999999724419,-31156.343776638765,304.8697039450291,1.0429869652872579,417
880000,1759.9999999722054,-31417.4622824534,300.8640866791268,1.0442867630958452,417
885000,1769.999999971969,-31248.81124176082,295.41296630021935,1.0388548416073962,417
890000,1779.9999999717324,-31281.71918783171,301.738026305498,1.0280927224067715,417
895000,1789.999999971496,-31426.343789543927,304.8447884115692,1.052818060028339,417
900000,1799.9999999712595,-31399.54424513658,297.805432044271,1.0454184586476154,416
905000,1809.999999971023,-31603.400628663367,300.3923959880297,1.0463769839014572,416
910000,1819.9999999707866,-31442.714539901004,302.0856755590703,1.0424692479458666,416
915000,1829.99999997055,-31288.807462444005,302.67581557718466,1.0361297452634088,416
920000,1839.9999999703136,-31043.740702790616,291.43484996133344,1.0318510305183837,416
925000,1849.9999999700772,-31082.83174935903,302.3734585885107,1.0272599055718714,416
930000,1859.9999999698407,-31478.777342022746,295.62232572511067,1.039358336140407,416
935000,1869.9999999696042,-31366.530335084273,293.1133449114433,1.0359143851360906,416
940000,1879.9999999693678,-31496.934845180658,293.7330541714193,1.0478223731313556,416
945000,1889.9999999691313,-31467.164724643866,303.94101142844886,1.0318244725779344,416
950000,1899.9999999688948,-31433.58528830923,305.2050965180369,1.0301468901714048,416
955000,1909.9999999686584,-31486.580935438426,292.71435165694396,1.0342841793997446,416
960000,1919.999999968422,-31247.23729431504,303.36778179930076,1.0284819163970205,416
965000,1929.9999999681854,-31685.284084617393,300.75289560513124,1.0465415201830015,416
970000,1939.999999967949,-31343.48466302204,296.9777230849038,1.0376433469877249,416
975000,1949.9999999677125,-31225.852095351234,305.50846851307017,1.02160665808602,416
980000,1959.999999967476,-31387.173760407313,303.14620399597175,1.0398549512468112,416
985000,1969.9999999672395,-31176.60952192385,298.031721009192,1.0247631480760022,416
990000,1979.999999967003,-31334.949256870634,302.193515196974,1.0280569025150748,416
995000,1989.9999999667666,-31379.837033275544,298.6888322959529,1.0353111734468692,416
1000000,1999.9999999665301,-31197.59074592305,303.35992986331416,1.0465619856746264,416
1005000,2009.9999999662937,-31533.652131971525,291.72809104383765,1.0279673338716142,416
1010000,2019.9999999660572,-31335.36692248931,315.0580696642189,1.037377600455333,416
1015000,2029.9999999658207,-31682.266022375785,295.2298629832246,1.0370179753855575,416
1020000,2039.9999999655843,-31288.493661240354,305.63986395893363,1.0537390789931318,416
1025000,2049.999999965348,-31847.861114178493,301.49201174529367,1.0497506881215555,416
1030000,2059.9999999651113,-31251.609384457173,303.0136786373688,1.0200820987911936,416
1035000,2069.999999964875,-31262.09654639798,307.75425626267963,1.0235922322619702,416
1040000,2079.9999999646384,-31548.75511539349,286.3290807083925,1.0317626037706848,416
1045000,2089.999999964402,-31454.97755533221,300.87502193631786,1.0442661741547852,416
1050000,2099.9999999641655,-31225.47885558277,294.6114176934318,1.034347155750437,416
1055000,2109.999999963929,-31354.146139912657,292.0575850893239,1.0325754478596403,416
1060000,2119.9999999636925,-31358.86474956831,300.7723530855273,1.0330807680529042,416
1065000,2129.999999963456,-31280.825764480192,297.24288870849,1.0372251820945808,416
1070000,2139.9999999632196,-31156.473027923174,300.8255164374756,1.0197749778637215,416
1075000,2149.999999962983,-31449.744641474274,298.10939772226914,1.0323209445432915,416
1080000,2159.9999999627466,-31122.94256461595,289.4552811437963,1.0344791290052742,416
1085000,2169.99999996251,-31674.345210648637,304.1614018658482,1.0284108715806342,416
1090000,2179.9999999622737,-31310.37216021557,314.0005479442684,1.0306440798935452,416
1095000,2189.9999999620372,-31512.40779819741,302.3089578070403,1.0492118955334284,416
1100000,2199.9999999618008,-31553.334692126053,289.18875579470995,1.028096142660793,416
1105000,2209.9999999615643,-31635.21715824955,295.072383789035,1.0404276566658353,416
1110000,2219.999999961328,-31415.202075726644,305.9291982245079,1.0465669421976178,416
1115000,2229.9999999610914,-31249.61067718771,298.29432039028507,1.0334632552803664,416
1120000,2239.999999960855,-31717.679759180115,301.7278379397788,1.0500399837139685,416
1125000,2249.9999999606184,-31311.7404114324,290.92790216255025,1.0453368387824944,416
1130000,2259.999999960382,-31369.558154894883,300.8684722726412,1.0483453666187628,416
1135000,2269.9999999601455,-31574.998731905012,305.7663758836347,1.031500839113268,416
1140000,2279.999999959909,-31398.437177171058,298.92232206070554,1.0413045803334204,416
1145000,2289.9999999596726,-31175.440779079596,298.2897624372002,1.0335614969559925,416
1150000,2299.999999959436,-31148.982121287,306.09600398656454,1.047241933349308,416
1155000,2309.9999999591996,-31248.772485851223,301.33527944257594,1.0140846428681318,416
1160000,2319.999999958963,-31242.854474036314,302.0460520089331,1.0236868691896286,416
1165000,2329.9999999587267,-31499.194840253156,298.1199691092559,1.0221490089391332,416
1170000,2339.99999995849,-31334.227458120935,298.79898921252584,1.0263712794233415,416
1175000,2349.9999999582537,-31549.209870482795,300.38400782226836,1.033491242440696,416
1180000,2359.9999999580173,-31732.2561616576,296.026738730547,1.041518050560435,416
1185000,2369.999999957781,-31446.51328731203,308.21740557950835,1.0432482424814624,416
1190000,2379.9999999575443,-31163.023293890932,304.69945099156365,1.0408577506740921,416
1195000,2389.999999957308,-31426.423491598165,298.1725770803661,1.0390173149498036,416
1200000,2399.9999999570714,-31469.58165259252,303.45832802697055,1.0265853608122948,416
1205000,2409.999999956835,-31455.332277367328,300.85102565390025,1.0282280163100785,416
1210000,2419.9999999565985,-31263.612490786007,312.19906486511985,1.0443806833738245,416
1215000,2429.999999956362,-31362.740079752257,301.9902841123649,1.0461530235663843,416
1220000,2439.9999999561255,-31416.016916325723,295.0218058306433,1.0287475151545438,416
1225000,2449.999999955889,-30914.553331661707,300.7188833165649,1.021476467633268,416
1230000,2459.9999999556526,-31364.995079057757,291.6486715839928,1.0396965009581705,416
1235000,2469.999999955416,-31131.275923369278,291.3213799107955,1.0318313949034112,416
1240000,2479.9999999551796,-31422.79632850911,305.801039308356,1.0480062020554841,416
1245000,2489.999999954943,-31229.77558986479,302.9457689666164,1.033792103964216,416
1250000,2499.9999999547067,-31584.107421876193,302.4323481084101,1.0379177898979828,416
1255000,2509.9999999544702,-31803.967763115274,284.06295452947137,1.0349090439633228,416
1260000,2519.9999999542338,-31355.73321232022,292.2210394152887,1.0375590715311598,416
1265000,2529.9999999539973,-30868.197608785093,302.5327188315948,1.02223395606984,416
1270000,2539.999999953761,-31831.398404568376,306.68834637696784,1.035898520944029,416
1275000,2549.9999999535244,-31345.937481714936,295.52149537640474,1.0334637904137625,416
1280000,2559.999999953288,-31357.35026087679,294.096368994838,1.0215291851413257,416
1285000,2569.9999999530514,-31113.30126349922,294.9166090394863,1.0343553909372867,416
1290000,2579.999999952815,-31459.217614634545,305.36144579948706,1.0297842871644791,416
1295000,2589.9999999525785,-30982.045917548647,304.4599669439725,1.039670592447887,416
1300000,2599.999999952342,-31364.888347563654,299.90661011428347,1.0258495608150828,416
1305000,2609.9999999521056,-31288.54486752313,288.1193987175893,1.024396576920293,416
1310000,2619.999999951869,-31260.34993440105,298.8765701702861,1.0343055242195633,416
1315000,2629.9999999516326,-31499.452673406224,300.0443828642532,1.0343547310955008,416
1320000,2639.999999951396,-31290.82977542907,298.35885947388226,1.035826645322921,416
1325000,2649.9999999511597,-30998.819156779122,302.0765021997103,1.025977132478813,416
1330000,2659.999999950923,-31271.220910464763,307.8549908560686,1.034063563822024,416
1335000,2669.9999999506867,-31329.670659677766,299.4398220954122,1.0440392747494378,416
1340000,2679.9999999504503,-31403.415874671657,302.1807988908884,1.0399500116571827,416
1345000,2689.999999950214,-31400.916553247633,304.61784831049323,1.0485021088056392,416
1350000,2699.9999999499773,-31421.40007520269,314.45810515058963,1.0310559235713597,416
1355000,2709.999999949741,-31274.03100209884,309.2681095208949,1.0302387840651546,416
1360000,2719.9999999495044,-31524.157240148255,299.41929215546674,1.0370599471796773,416
1365000,2729.999999949268,-31097.511019395868,304.44862951445043,1.0341391975097376,416
1370000,2739.9999999490315,-31513.409787068143,295.6339695716469,1.0309155313293823,416
1375000,2749.999999948795,-31261.77965784882,300.9775758807281,1.0268529795003631,416
1380000,2759.9999999485585,-31387.081645833096,299.5616994627748,1.028979104959654,416
1385000,2769.999999948322,-31119.615353525907,308.9188707290619,1.018813254036355,416
1390000,2779.9999999480856,-31149.150538861577,293.50270518106134,1.0080237920192066,416
1395000,2789.999999947849,-31668.68020886666,299.7523099966152,1.0427440105139532,416
1400000,2799.9999999476127,-31431.409343894833,299.95443031954824,1.0276372378315373,416
1405000,2809.999999947376,-31484.069182871463,292.2706598205113,1.03064738448872,416
1410000,2819.9999999471397,-31215.272851939255,292.5365148823794,1.0382666416329676,416
1415000,2829.9999999469032,-31293.59108959805,294.26543458237376,1.0299366229707763,416
1420000,2839.999999946667,-31339.58894742705,307.0085330056504,1.0352352905160318,416
1425000,2849.9999999464303,-31211.60988546771,306.7960519574279,1.034947423160899,416
1430000,2859.999999946194,-31573.13762957242,296.2661653249479,1.033773825166735,416
1435000,2869.9999999459574,-31492.265951378446,301.99652735902737,1.02029526797238,417
1440000,2879.999999945721,-31389.037673147774,308.41113773668,1.0277192801438604,416
1445000,2889.9999999454844,-31362.43673132264,301.7951730786297,1.024132304544156,416
1450000,2899.999999945248,-31177.157433457236,309.8553577284386,1.0239750194088433,417
1455000,2909.9999999450115,-31321.916616398958,300.64017244606515,1.0274830850906156,417
1460000,2919.999999944775,-31142.399663204007,307.3675005376814,1.0342101753008803,417
1465000,2929.9999999445386,-31512.27539048859,296.5757039623902,1.0297207006937807,416
1470000,2939.999999944302,-31587.340581116645,290.10965382849366,1.0356155331447328,416
1475000,2949.9999999440656,-31460.265462437237,301.47282237978493,1.0243510644312124,416
1480000,2959.999999943829,-31092.11010103856,305.32572906627973,1.0295658651686919,416
1485000,2969.9999999435927,-31549.622081304027,309.41134032392836,1.023559274047855,416
1490000,2979.999999943356,-31581.18681905183,299.2540567806074,1.0231819696537428,416
1495000,2989.9999999431197,-31051.822754323744,303.80532614438783,1.0241608060478338,416
1500000,2999.9999999428833,-31263.1461206252,297.6581220647372,1.020670092656122,416
1505000,3009.999999942647,-31455.16983377791,299.18833033108064,1.0407012690061133,416
1510000,3019.9999999424103,-31663.58078547966,304.81788116751756,1.0424529153212947,416
1515000,3029.999999942174,-30982.058752419165,298.90903122271845,1.0176691579460326,416
1520000,3039.9999999419374,-31296.213173659286,301.8424379030563,1.0335167011496849,416
1525000,3049.999999941701,-31482.07297883535,288.6797205300181,1.0334014798954605,416
1530000,3059.9999999414645,-31376.434351919335,295.74696084560026,1.0292226957798631,416
1535000,3069.999999941228,-31305.6922722054,296.8267744033273,1.0270003336296123,416
1540000,3079.9999999409915,-31406.14300249843,296.37521147984467,1.0270444812121031,416
1545000,3089.999999940755,-31385.7525166024,304.52898737640106,1.0379200438911746,416
1550000,3099.9999999405186,-31317.209163539577,305.2599834656896,1.0318265414989767,416
1555000,3109.999999940282,-31276.233307626913,305.549777356785,1.0416196580713966,416
1560000,3119.9999999400457,-31549.150048350915,299.1710943740369,1.0460950888447145,416
1565000,3129.999999939809,-31749.4255651602,292.20516318374507,1.025942874284567,416
1570000,3139.9999999395727,-31492.3870025597,302.82128705463384,1.0388954390282932,416
1575000,3149.9999999393362,-31325.126363306423,310.482708262704,1.0375721633940242,416
1580000,3159.9999999391,-31062.33443566569,307.6732281135107,1.0245940301049157,416
1585000,3169.9999999388633,-31222.22435499361,296.79797120400093,1.0367086973739439,416
1590000,3179.999999938627,-30910.62121782702,297.1595049785251,1.0168218466866077,416
1595000,3189.9999999383904,-31541.976993976015,301.18603520564045,1.049812101265665,416
1600000,3199.999999938154,-31290.210113594134,296.91387343958843,1.0375885985125595,416
1605000,3209.9999999379174,-31335.03329244707,298.71985701863167,1.0417847778448777,416
1610000,3219.999999937681,-31520.729192387284,302.55920475225207,1.0390948906538346,416
1615000,3229.9999999374445,-31325.499271157343,305.0142753224993,1.023171954852421,416
1620000,3239.999999937208,-31533.30860513932,302.1306231048277,1.0365423384858399,416
1625000,3249.9999999369716,-31582.53797793924,306.2037287180879,1.0372946868168689,416
1630000,3259.999999936735,-31354.774953474553,303.106752805405,1.0498336940680189,416
1635000,3269.9999999364986,-31063.61487272379,296.53676985053465,1.0343819768709774,416
1640000,3279.999999936262,-31376.515344799875,303.14459530664766,1.0344158526319724,416
1645000,3289.9999999360257,-31633.991781276243,288.94572880039317,1.033706386485526,416
1650000,3299.999999935789,-31773.814048327884,312.64742956101776,1.046298585436773,416
1655000,3309.9999999355528,-31324.182358457474,294.5913665300709,1.0199373996080023,416
1660000,3319.9999999353163,-31226.531582195777,302.78434465337006,1.0203168111124434,416
1665000,3329.99999993508,-31243.872430463118,303.13065333250563,1.019876872726223,416
1670000,3339.9999999348433,-31599.92089029003,304.3099375134385,1.0324530976120312,416
1675000,3349.999999934607,-31487.933239965845,302.92073852677623,1.0307571039927885,416
1680000,3359.9999999343704,-31112.62055282411,292.7299789246636,1.0296893994268574,416
1685000,3369.999999934134,-31260.275853243627,300.07929525279843,1.0319039321334251,416
1690000,3379.9999999338975,-31638.992149013706,291.21894087276553,1.040111072841892,416
1695000,3389.999999933661,-31402.7687954414,298.5404498568697,1.0475686849729637,416
1700000,3399.9999999334245,-31345.111183302943,306.2617755911986,1.0268709704482344,416
1705000,3409.999999933188,-31542.45905664962,301.70726969770664,1.0282447704495248,416
1710000,3419.9999999329516,-31589.26659695705,299.6641576518682,1.043569824828131,416
1715000,3429.999999932715,-31223.289425697352,303.335052631981,1.0357973938776015,416
1720000,3439.9999999324787,-31673.291822127212,292.017176345588,1.0555108168429816,416
1725000,3449.999999932242,-30927.350706550293,292.85009439419514,1.0441649665846726,416
1730000,3459.9999999320057,-31319.35343130122,304.50386118124396,1.0373154532572917,416
1735000,3469.9999999317693,-31424.304115389416,299.2870732138779,1.038275669766958,416
1740000,3479.999999931533,-31291.62164419191,301.00346811842047,1.0335099254539546,416
1745000,3489.9999999312963,-31237.916404627234,299.94050749646954,1.0219535338173582,416
1750000,3499.99999993106,-31457.348772655416,302.8040893997169,1.0316922056815048,416
1755000,3509.9999999308234,-31417.543023314298,305.2486843382942,1.030281677412349,416
1760000,3519.999999930587,-31605.590845408733,300.0317431624211,1.0224642221063533,416
1765000,3529.9999999303504,-31625.402316936088,296.524953644428,1.0351917557485069,416
1770000,3539.999999930114,-31305.59665964404,294.12775758772096,1.0382214270263885,416
1775000,3549.9999999298775,-31274.348479331762,300.94551700062675,1.0279489070684393,416
1780000,3559.999999929641,-31594.27673242893,297.86435986629726,1.0355031390936604,416
1785000,3569.9999999294046,-31266.059763317055,298.4735551924766,1.022909384247771,416
1790000,3579.999999929168,-31163.95296303308,300.18125551424384,1.0338451639261006,416
1795000,3589.9999999289316,-31285.162171782402,312.7997571191576,1.0204760867632452,416
1800000,3599.999999928695,-31429.665439542616,306.9432470305814,1.0488902188110087,416
1805000,3609.9999999284587,-31320.018486310786,301.84402744131705,1.0447909051990765,416
1810000,3619.999999928222,-31148.724226741528,288.74770680502394,1.0376818278423796,416
1815000,3629.9999999279858,-31342.928784861637,305.08007837627963,1.0374883951536766,416
1820000,3639.9999999277493,-31534.563065764378,299.76998642811674,1.0369691998266506,416
1825000,3649.999999927513,-31098.065102472174,300.1553441254881,1.0270243097129175,416
1830000,3659.9999999272763,-31771.78901608265,308.9335978968026,1.0401740768511123,416
1835000,3669.99999992704,-31464.467163904337,297.0373211941483,1.0410178615716956,416
1840000,3679.9999999268034,-31297.11051073944,301.6409304141516,1.0275289180066378,416
1845000,3689.999999926567,-31493.858149079053,299.68974347254647,1.0353724823748398,416
1850000,3699.9999999263305,-31364.83246915249,304.13166026441604,1.0296623001721372,416
1855000,3709.999999926094,-31353.20371856878,300.6044748639212,1.0374414946903565,416
1860000,3719.9999999258575,-31239.09951883208,309.35220184020494,1.0288589983886758,416
1865000,3729.999999925621,-31178.57183328955,301.28954670321986,1.0349193961416059,416
1870000,3739.9999999253846,-31527.36881810194,295.08410423982474,1.0355938229209842,416
1875000,3749.999999925148,-31347.0853680179,303.3445707104819,1.022244870968196,416
1880000,3759.9999999249117,-31353.433504539455,305.33857942980904,1.0238364285862083,416
1885000,3769.999999924675,-31527.874818749,299.2540759316708,1.0386123285541817,416
1890000,3779.9999999244387,-31416.42033820256,294.90385443127394,1.0443269360718344,416
1895000,3789.9999999242023,-31434.756310859026,300.319353832291,1.0344834087690118,416
1900000,3799.999999923966,-31113.092795508186,287.26196730785335,1.0444188918639379,416
1905000,3809.9999999237293,-31326.080417109246,294.7267453971178,1.038995316502189,416
1910000,3819.999999923493,-31489.767957583448,301.5569530012218,1.0274663383317726,416
1915000,3829.9999999232564,-31554.81822429804,296.8100746760583,1.0333874341419995,416
1920000,3839.99999992302,-31234.97269062631,304.7808621620003,1.0328954112625035,416
1925000,3849.9999999227834,-31521.49908825304,301.45516509934686,1.0437969814164052,416
1930000,3859.999999922547,-31515.52274975693,291.00113582892277,1.0349321092243837,416
1935000,3869.9999999223105,-31275.517414462258,305.1926866289654,1.041389311775757,416
1940000,3879.999999922074,-31553.20503211161,296.33941814238386,1.0396063485713347,416
1945000,3889.9999999218376,-31211.177203091385,305.92847048409936,1.020428973755056,416
1950000,3899.999999921601,-31886.346921777033,297.5299248464585,1.0395099492716975,416
1955000,3909.9999999213646,-31261.87735702927,296.70104767222495,1.0364514861558476,416
1960000,3919.999999921128,-30872.14258060616,304.0256016754069,1.0235561859761593,416
1965000,3929.9999999208917,-31210.7956127114,301.47316709892584,1.0199610835369874,416
1970000,3939.9999999206552,-31334.52361156288,301.0138671458369,1.0259211841405929,416
1975000,3949.9999999204188,-31142.29518922197,298.5805521835915,1.0285692132042796,416
1980000,3959.9999999201823,-31472.72347207059,296.71194462728926,1.0401249138005888,416
1985000,3969.999999919946,-31596.955691924115,292.1782367886301,1.053289014615681,416
1990000,3979.9999999197094,-31357.319447253918,296.29768797527464,1.0318294141091169,416
1995000,3989.999999919473,-31597.33990065049,304.8287398204551,1.0456964484724616,416
2000000,3999.9999999192364,-31551.71780240169,300.9529859153457,1.0435902791810168,416
2005000,4009.999999919,-31411.648406321678,297.60769731485254,1.027704165962055,416
2010000,4019.9999999187635,-31754.74614503383,298.96612054266,1.0393040786157963,416
2015000,4029.999999918527,-31396.062688509875,298.90060475483045,1.0230796965192925,416
2020000,4039.9999999182905,-31075.999377664382,296.878252461698,1.0229547514447377,416
2025000,4049.999999918054,-31481.856428691128,298.7138435847298,1.0314038040549647,416
2030000,4059.9999999178176,-31199.61616000274,304.31579773883334,1.037942795691358,416
2035000,4069.999999917581,-31098.796120204002,305.0175310032742,1.0262790009125429,416
2040000,4079.9999999173447,-31300.09906990055,305.04733005789654,1.028989569073466,416
2045000,4089.999999917108,-31291.520422066154,296.89951014205195,1.0113532659974125,416
2050000,4099.999999917781,-31300.51529901987,311.97610818522736,1.0170461492387022,415
2055000,4109.999999919818,-31533.10020210754,309.51437304492316,1.0182805972362088,415
2060000,4119.999999921855,-31404.87597860489,298.066116319026,1.0398837337753004,415
2065000,4129.999999923893,-31337.12129382274,304.56481901598863,1.0321620710555313,415
2070000,4139.99999992593,-31240.909066949593,300.50948558954684,1.0321086401325437,415
2075000,4149.999999927967,-31300.02446997873,299.59172833015776,1.0300094909978244,415
2080000,4159.999999930004,-31446.547922007565,303.2386653299797,1.033473746133047,415
2085000,4169.999999932042,-31366.97748688492,301.388787513665,1.0397285293285492,415
2090000,4179.999999934079,-31170.473753977305,302.54225606115904,1.0328706457025312,415
2095000,4189.999999936116,-31343.162308282714,290.18635383733834,1.0283725240137804,415
2100000,4199.999999938153,-31423.73657884245,302.19112131405126,1.037313191033392,415
2105000,4209.999999940191,-31343.289014783484,303.40213880700793,1.022138489293469,415
2110000,4219.999999942228,-31373.774124148476,301.00927089062526,1.02657910802678,415
2115000,4229.999999944265,-31326.039137306012,298.5576283607233,1.0350976355921633,415
2120000,4239.9999999463025,-31280.19877267693,301.3814718074531,1.0374209733552233,415
2125000,4249.99999994834,-30875.833877959667,302.2822995268126,1.0164077317328233,415
2130000,4259.999999950377,-31338.528797044302,295.37230859265946,1.0279370591512622,415
2135000,4269.999999952414,-31572.295633219095,299.8508422177153,1.0346097086659147,415
2140000,4279.999999954452,-31587.732376771455,302.4286136510506,1.0301081322921524,415
2145000,4289.999999956489,-31659.002078849473,307.5141593810603,1.034810065266946,415
2150000,4299.999999958526,-31134.233048516908,303.25350740410073,1.029543200853498,415
2155000,4309.999999960563,-31399.918032079062,300.9602633194308,1.0297218596259194,415
2160000,4319.999999962601,-31427.12043490057,300.38795294132507,1.0360506361877893,415
2165000,4329.999999964638,-31537.502138162527,302.5662523435766,1.0366360311928458,415
2170000,4339.999999966675,-31150.574438571144,296.1216705517312,1.0404428771674712,415
2175000,4349.9999999687125,-31531.010859215923,297.3745522692409,1.0508922941629724,415
2180000,4359.99999997075,-31468.485750211432,303.7819426959985,1.032598161408631,415
2185000,4369.999999972787,-31773.06323331775,299.2378549809863,1.039298498692562,415
2190000,4379.999999974824,-31210.33453800081,286.8916623463003,1.03737589892592,415
2195000,4389.999999976862,-31290.96745018108,294.15301784032175,1.0307479956861585,415
2200000,4399.999999978899,-31360.329033811548,298.6333708163989,1.0227798169127855,415
2205000,4409.999999980936,-31443.76799981523,293.6431399288411,1.0299742388956943,415
2210000,4419.999999982973,-31136.879563293245,294.98823401653476,1.0186027758406493,415
2215000,4429.999999985011,-31404.92020925673,311.8849874256561,1.0119747464622226,415
2220000,4439.999999987048,-31339.02345692803,294.69683143611525,1.026529426116718,415
2225000,4449.999999989085,-31143.85825620123,302.8177632589716,1.0364302900925593,415
2230000,4459.999999991122,-31452.47487502289,299.96283763637285,1.0424103177934763,415
2235000,4469.99999999316,-31132.96805377415,308.3347249937861,1.0366378417847864,415
2240000,4479.999999995197,-31674.334526145423,296.12714775585846,1.0263457695802136,415
2245000,4489.999999997234,-31089.368294786604,308.63202610172726,1.0394156886741162,415
2250000,4499.9999999992715,-31409.06663254561,299.80099199973216,1.0476778096886958,415
2255000,4510.000000001309,-31477.54754847038,300.6523142202493,1.0326792050135336,415
2260000,4520.000000003346,-31455.75435345192,309.9742283788502,1.0401775444684243,415
2265000,4530.000000005383,-31265.666625798738,299.4789860200283,1.0236118635343958,415
2270000,4540.000000007421,-31467.000325732428,299.6237872102591,1.0272657737335915,415
2275000,4550.000000009458,-31322.055517372326,292.91984256703216,1.0407859451479071,415
2280000,4560.000000011495,-31339.157480789465,289.83994940288585,1.0246264533527578,415
2285000,4570.000000013532,-31306.083035725926,301.83447106068945,1.0232700378262853,415
2290000,4580.00000001557,-31194.717762592307,309.0955201376969,1.03944593429974,415
2295000,4590.000000017607,-31502.786619386752,294.15793966361093,1.0399181772881696,415
2300000,4600.000000019644,-31410.24163949804,297.36242964612006,1.0368700484481423,415
2305000,4610.000000021681,-31302.694710576267,312.76287217108404,1.026143165847266,415
2310000,4620.000000023719,-30969.391931876045,300.34673985292716,1.0190383694337468,415
2315000,4630.000000025756,-31593.97630904155,304.1454298789876,1.0403525454687552,415
2320000,4640.000000027793,-31097.174957259907,297.41635904060365,1.024778092245086,415
2325000,4650.0000000298305,-31440.396401948616,301.1746403229282,1.0270984705425261,415
2330000,4660.000000031868,-31285.561799441202,309.1828872888452,1.0297371672443005,415
2335000,4670.000000033905,-31323.359060786897,290.336364116809,1.0244928938035354,415
2340000,4680.000000035942,-31522.352397901675,299.8309059607347,1.0332812250854837,415
2345000,4690.00000003798,-31386.762578643393,296.20595438167516,1.0250888775406939,415
2350000,4700.000000040017,-31472.208267141978,293.9913445632515,1.035250906455022,415
2355000,4710.000000042054,-31413.23049428448,306.77910326633486,1.0309651516447722,415
2360000,4720.000000044091,-31849.31054260797,299.1519241595916,1.0353880857970885,415
2365000,4730.000000046129,-31317.2836116454,306.6414645738089,1.0199352285868484,415
2370000,4740.000000048166,-31124.615493826568,295.287545986131,1.0216124732666836,415
2375000,4750.000000050203,-31410.74730131356,307.3459555913767,1.0423959545200703,415
2380000,4760.0000000522405,-31093.899692710314,307.06723101491605,1.0281241761880675,415
2385000,4770.000000054278,-31594.115726521297,297.2718834184503,1.0356851137451413,415
2390000,4780.000000056315,-31456.102176848653,296.2411540361711,1.0324254710343044,415
2395000,4790.000000058352,-31444.692410812277,300.4468807633513,1.0448755566754584,415
2400000,4800.0000000603895,-31532.662867098843,300.49891420256006,1.0358626839732359,415
2405000,4810.000000062427,-31450.902375287405,296.7816544979995,1.0374001245960698,415
2410000,4820.000000064464,-31385.157980888966,288.2157477174639,1.0318591159724806,415
2415000,4830.000000066501,-31500.339323563996,302.40743257495023,1.0449026718946013,415
2420000,4840.000000068539,-31446.538679171383,298.176081724965,1.037844017829203,415
2425000,4850.000000070576,-31199.2002826315,291.3626887545103,1.039309877955164,415
2430000,4860.000000072613,-31292.578488566127,287.76818736622806,1.0490071988257084,415
2435000,4870.00000007465,-31132.443140583026,293.9900805930682,1.019442365383949,415
2440000,4880.000000076688,-31117.324077011843,308.3306649683491,1.0367453016400603,415
2445000,4890.000000078725,-31400.801822035603,297.87493125328405,1.0245901309502794,415
2450000,4900.000000080762,-31389.232006683917,301.99836586111206,1.045914479596416,415
2455000,4910.0000000827995,-31058.36339591228,306.35214945929795,1.0289139675457375,415
2460000,4920.000000084837,-31112.202425514057,299.32832460440255,1.0202119494053437,415
2465000,4930.000000086874,-31534.44228089665,303.6307642016615,1.025328632868881,415
2470000,4940.000000088911,-31625.52628156534,295.89036400820424,1.033758240342711,415
2475000,4950.000000090949,-31310.204946871207,299.28508150328616,1.0283111582721867,415
2480000,4960.000000092986,-31274.079579323647,296.5846475089896,1.029416777107407,415
2485000,4970.000000095023,-31421.172689370753,306.1853819993681,1.02895584131075,415
2490000,4980.00000009706,-31243.65357662624,296.77451115135807,1.0219263381453068,415
2495000,4990.000000099098,-31643.750829222292,309.61968474246044,1.027214709338192,415
2500000,5000.000000101135,-31209.59134550026,305.452049480347,1.035330473544597,415
