#"Step","Time (ps)","Potential Energy (kJ/mole)","Temperature (K)","Density (g/mL)","Speed (ns/day)"
505000,1009.9999999899404,-37464.983248702396,309.6367097811873,1.0076120002628255,0
510000,1019.999999989704,-37414.73435579403,293.8765765535874,1.003994325963841,448
515000,1029.9999999894676,-37305.101510786364,298.37842829430343,1.0010678661106467,444
520000,1039.9999999892311,-37683.04917839277,300.3818766125805,1.0162139450228125,443
525000,1049.9999999889947,-37854.732207082125,297.41721055064005,1.0017141339262268,446
530000,1059.9999999887582,-37370.66194314789,292.58965292768266,0.9973969342024409,445
535000,1069.9999999885217,-37485.10838328165,298.3675929542735,1.0062548231693917,447
540000,1079.9999999882853,-37344.295727364806,295.7087377182065,0.9789550555666481,447
545000,1089.9999999880488,-37570.73849874764,308.3230105571079,1.001659602108017,444
550000,1099.9999999878123,-37735.8770040425,302.4740657603767,1.0042702947762856,444
555000,1109.9999999875758,-37436.55593431421,299.0633953110577,0.9904716142347828,444
560000,1119.9999999873394,-37321.3432523341,301.1922268750446,1.002071214203454,444
565000,1129.999999987103,-37211.905197867076,301.67073728251296,1.0022485258323923,444
570000,1139.9999999868664,-37569.904771606554,298.0943083260318,1.0128678972666245,444
575000,1149.99999998663,-37312.508451501344,299.01843974758145,1.0028258154970888,444
580000,1159.9999999863935,-37479.48059498772,295.73672396889845,1.0044901725591902,444
585000,1169.999999986157,-37764.76492353968,293.6581344843801,1.002863606856914,444
590000,1179.9999999859206,-37308.44153196592,300.3940840254634,0.9913753932966723,444
595000,1189.999999985684,-37522.66775555056,296.7275825216941,1.0026202384559568,444
600000,1199.9999999854476,-37501.93422275313,302.16801280399966,0.9942948837608433,445
605000,1209.9999999852112,-37902.416075854795,304.4963599028399,1.0116527706361405,444
610000,1219.9999999849747,-37259.73064064747,301.5891998354719,1.0048771072548033,445
615000,1229.9999999847382,-37414.263558983104,294.0452608043332,1.0002117334598741,446
620000,1239.9999999845018,-37509.15815391572,299.92749854529063,0.9924323955823448,446
625000,1249.9999999842653,-37229.589968318265,309.5653014602077,0.9951636175913026,446
630000,1259.9999999840288,-37258.677995095844,296.80445895654356,0.9998046215803431,446
635000,1269.9999999837923,-37866.23874818455,297.382545533561,1.0023260692097198,447
640000,1279.9999999835559,-37469.05178077589,299.04226942463066,1.0063422281550303,447
645000,1289.9999999833194,-37705.10488260002,297.0067993472706,1.0060160574028723,448
650000,1299.999999983083,-37634.11835786217,292.4360211232356,0.9898737335395941,448
655000,1309.9999999828465,-37523.67524915785,307.5259976498762,1.004416416257193,448
660000,1319.99999998261,-37729.127807246055,292.9439302093327,0.9933451700754301,448
665000,1329.9999999823735,-37483.236609289685,301.88893722121685,1.0033641222708638,447
670000,1339.999999982137,-37573.08429124628,297.2553463090752,1.0042084638992468,448
675000,1349.9999999819006,-37282.159315419995,297.88660070914466,0.9940777979840006,447
680000,1359.9999999816641,-37404.789326110826,302.94202331340244,0.9984524720416139,447
685000,1369.9999999814277,-37488.57754986716,293.4235100265247,1.0003120580799285,447
690000,1379.9999999811912,-37650.574995653034,298.8691864697386,1.0115718981478676,447
695000,1389.9999999809547,-37770.04457429319,296.0212878430931,1.0147336035009018,447
700000,1399.9999999807183,-37313.68462491405,307.8119134193819,1.0004730614888413,447
705000,1409.9999999804818,-37850.95157086983,293.0834780894951,1.0094044980688712,447
710000,1419.9999999802453,-37518.71864351933,294.89594597316585,0.9947984688550752,447
715000,1429.9999999800089,-37754.607385668234,296.27976215553963,1.0068610615368523,447
720000,1439.9999999797724,-37632.872684151225,302.79436406137404,1.0044641538599044,447
725000,1449.999999979536,-37323.56090828081,308.6500683346603,1.009131702672457,447
730000,1459.9999999792994,-37855.74849937539,292.45997186553643,1.0215304121325024,447
735000,1469.999999979063,-37587.063990917144,288.2827969524221,1.0011201572238249,447
740000,1479.9999999788265,-37570.119644320424,305.12323577630514,1.0070705204285657,447
745000,1489.99999997859,-37395.307680331025,294.9425157399985,1.006660616720726,447
750000,1499.9999999783536,-37576.840816691634,287.7307797596108,1.0050676443211313,448
755000,1509.999999978117,-37635.78419058336,306.8014826508897,1.0024212841475013,448
760000,1519.9999999778806,-37320.90925272566,308.8399188269171,0.9985144112636385,449
765000,1529.9999999776442,-37279.88525921383,306.3108657182482,0.9871736312739351,449
770000,1539.9999999774077,-37716.39456525628,301.9054828056202,0.9963560939489352,449
775000,1549.9999999771712,-36702.972152164526,304.5409926256449,0.9732023955433542,449
780000,1559.9999999769348,-37461.20185627302,298.45163241651704,1.014978036996088,449
785000,1569.9999999766983,-37639.89270803693,303.8037052426007,1.0143650340364458,450
790000,1579.9999999764618,-37397.04787207747,300.64359950928184,1.0009238549560522,450
795000,1589.9999999762254,-37752.97115611486,311.2057356211682,1.0158086459173847,450
800000,1599.9999999759889,-37831.41267065468,301.4114760459302,0.9957172779444994,450
805000,1609.9999999757524,-37332.582401295425,300.96644018056554,1.0052387010769184,450
810000,1619.999999975516,-37505.356970104476,297.2085949443649,1.0066119813976602,450
815000,1629.9999999752795,-37849.21326181543,296.999858272838,1.0208383954391202,450
820000,1639.999999975043,-37482.3281856587,295.46701076558287,1.0022943094209227,450
825000,1649.9999999748065,-37672.64166055934,295.0411435650757,1.0029416801223736,450
830000,1659.99999997457,-37799.75754870399,293.9754666867101,1.009660815923031,450
835000,1669.9999999743336,-37527.91957844555,300.0110739240692,1.006582306677577,450
840000,1679.9999999740971,-37396.61481242033,301.8657330479684,0.99661528354925,450
845000,1689.9999999738607,-37282.03065268809,297.933755624694,1.0057179412415673,451
850000,1699.9999999736242,-37375.874798094854,297.80326746086956,0.9944127348625185,450
855000,1709.9999999733877,-37407.79639776968,300.6352056518284,0.9951403062257073,450
860000,1719.9999999731513,-37539.313952414115,302.5420640767658,1.0058555911251281,451
865000,1729.9999999729148,-37292.16275515652,303.5207353942205,0.9940923382333218,451
870000,1739.9999999726783,-37514.53076314711,302.047956429366,1.00253861528272,451
875000,1749.9999999724419,-37439.62721337032,306.48459435448274,1.0015153015373732,450
880000,1759.9999999722054,-37665.93412610222,301.14077414305876,0.9969912176859975,450
885000,1769.999999971969,-37319.284191496234,298.346648665724,0.9946576215422932,450
890000,1779.9999999717324,-37437.28896642462,302.9991257571358,1.0038524001123614,450
895000,1789.999999971496,-37656.89312920312,299.2168253400854,1.0102151747813435,450
900000,1799.9999999712595,-37495.92492151022,303.1678503629654,0.9943914328133096,451
905000,1809.999999971023,-37485.24666414011,299.98768815294306,1.012815088968866,451
910000,1819.9999999707866,-37668.61712959726,316.84243285407234,1.008898075878152,451
915000,1829.99999997055,-37888.67456645396,303.10503767485875,1.0269206682494783,450
920000,1839.9999999703136,-37156.384102021984,306.1395785645902,0.9936700435029172,451
925000,1849.9999999700772,-37140.07684951823,299.27856861846834,0.9924755403279536,451
930000,1859.9999999698407,-37747.665385144064,299.91908451029525,1.015066650382843,451
935000,1869.9999999696042,-37804.44086140234,307.7479909664677,1.028286086262301,451
940000,1879.9999999693678,-37824.19000101456,309.6252085822728,1.0070078565776412,451
945000,1889.9999999691313,-37197.30516283179,308.1991608045867,1.000660737818046,451
950000,1899.9999999688948,-37174.12945797827,301.7549583426341,0.9934637916571853,451
955000,1909.9999999686584,-37556.79273952654,299.9152709548658,1.0050871420260483,451
960000,1919.999999968422,-37370.4398334866,306.6369146187028,0.9840482612702078,451
965000,1929.9999999681854,-37718.57125411599,297.4886390491616,1.0067685615674151,451
970000,1939.999999967949,-37766.708871447656,300.2012270794553,1.0202641502420158,451
975000,1949.9999999677125,-37426.5579386669,305.2935140528653,1.0009479492602433,451
980000,1959.999999967476,-37428.65661577464,293.9302891702723,1.0055597111106267,451
985000,1969.9999999672395,-37434.36772905645,304.01776878520377,0.9894758180050627,451
990000,1979.999999967003,-37347.96387922819,309.3349546412468,0.998195148707007,451
995000,1989.9999999667666,-37619.479002726264,293.4664881908893,1.0166499138883964,451
1000000,1999.9999999665301,-37487.3176863995,300.05328534183957,1.0118419122078548,451
1005000,2009.9999999662937,-37243.82800987424,296.39921320391466,0.9926203339263446,451
1010000,2019.9999999660572,-37648.94897688992,314.1420118815776,1.0011633699122378,451
1015000,2029.9999999658207,-37563.372007342114,299.1643435534598,1.0082946867828053,451
1020000,2039.9999999655843,-37474.227779562265,300.7537688883574,0.993326347040707,451
1025000,2049.999999965348,-37731.88545373164,295.013520510139,1.0096764066632837,451
1030000,2059.9999999651113,-37499.694274580776,298.3987672565943,1.0010931531409082,451
1035000,2069.999999964875,-37304.88170608258,288.8108432253905,0.9988381183417263,451
1040000,2079.9999999646384,-37482.7630209272,297.6316372889983,0.9932077895881354,451
1045000,2089.999999964402,-37646.43716121584,302.55144663377496,1.0088211350827994,451
1050000,2099.9999999641655,-37275.164581432764,301.32612504345957,1.0045182733883091,451
1055000,2109.999999963929,-37514.82625233126,307.78378592589627,0.9996347390617603,452
1060000,2119.9999999636925,-37241.51863106256,297.0086556811305,0.9838006831942852,452
1065000,2129.999999963456,-37417.41269423289,301.37652854326376,0.9956323221076421,452
1070000,2139.9999999632196,-37595.928393776994,294.0349702579361,0.9983399743816999,452
1075000,2149.999999962983,-37839.8717170773,297.2340993573963,1.0075066472116323,452
1080000,2159.9999999627466,-37624.66029657159,298.7718903624305,1.005162043002171,452
1085000,2169.99999996251,-37270.01751335291,294.9789765583116,1.0195141573054878,452
1090000,2179.9999999622737,-37069.683147748845,301.35622993605676,0.9962480322082203,452
1095000,2189.9999999620372,-37566.4503293313,305.3191597086904,1.0183746462602705,452
1100000,2199.9999999618008,-37828.81341071293,301.2088128145318,1.0057224384038965,452
1105000,2209.9999999615643,-37629.24158699924,303.24508999357005,0.9992605264020086,452
1110000,2219.999999961328,-37545.24043255017,287.40029179992604,0.9978052364911896,452
1115000,2229.9999999610914,-37681.32481703124,296.9424733435173,1.0042208682480251,452
1120000,2239.999999960855,-37841.49238897947,302.0572380986655,1.0117074363262728,452
1125000,2249.9999999606184,-37497.10144549658,310.11122503534847,0.9994629063166725,452
1130000,2259.999999960382,-37400.08131941955,300.51906372033415,1.0020649709982985,452
1135000,2269.9999999601455,-37289.51626548008,299.0338352120933,0.9875609567675067,452
1140000,2279.999999959909,-37333.98812459767,299.04420646865833,1.0020464514096767,452
1145000,2289.9999999596726,-37431.312800282845,295.90964550345484,0.9960781051892047,452
1150000,2299.999999959436,-37511.33063452522,304.5296326695241,1.002459969263371,452
1155000,2309.9999999591996,-37550.925548288826,311.48434712048606,0.9911249831592231,452
1160000,2319.999999958963,-37070.81743191418,299.6336126467126,0.9983242898064605,452
1165000,2329.9999999587267,-37441.81106365335,303.71143334323943,1.0145584261221274,452
1170000,2339.99999995849,-37686.024192743615,290.53432814903874,0.9975249757322135,452
1175000,2349.9999999582537,-37466.703613282996,296.4675141834331,1.003003924867535,452
1180000,2359.9999999580173,-37722.73638914345,298.59400515255317,0.9976023462097187,452
1185000,2369.999999957781,-37559.665693408664,301.35290064163416,1.01762464862416,452
1190000,2379.9999999575443,-37678.53699766027,307.1349568867838,1.0145802509345463,452
1195000,2389.999999957308,-37257.54843799677,299.4915829288898,0.9973718322237116,452
1200000,2399.9999999570714,-37383.36521047045,305.1184536988617,1.0237450785943643,452
1205000,2409.999999956835,-38046.99892348831,301.6235420118797,1.0070828692649703,452
1210000,2419.9999999565985,-37827.46256685414,298.2576657057014,0.9911955691290328,452
1215000,2429.999999956362,-37476.82809608939,310.7137264381318,1.0234136450473323,452
1220000,2439.9999999561255,-37891.392131145665,295.8497383813897,1.0011526651907088,452
1225000,2449.999999955889,-37228.94424690405,305.2071743508389,0.9895606658086938,452
1230000,2459.9999999556526,-37658.4082756025,300.106251389472,1.009609168721553,452
1235000,2469.999999955416,-37477.76748439489,305.3674849216732,1.0014044788934144,452
1240000,2479.9999999551796,-37829.282090107794,298.4637792967741,1.0118532256647794,452
1245000,2489.999999954943,-37356.117078792944,300.4095400226011,1.005861763063194,452
1250000,2499.9999999547067,-37672.43072481995,298.210066884229,0.9972356057908655,452
1255000,2509.9999999544702,-37610.35329193587,292.05853966833706,0.9911439236928292,452
1260000,2519.9999999542338,-37474.81600451609,303.431247995649,0.9933354468368442,452
1265000,2529.9999999539973,-37362.97145129033,298.14929212785984,1.0068848337622471,452
1270000,2539.999999953761,-37603.732834744646,296.7067189433124,1.0127940642372897,452
1275000,2549.9999999535244,-37190.32354742763,302.0050186200853,0.9989592555726039,452
1280000,2559.999999953288,-37224.05232205975,303.0500942281147,1.0066708911744806,452
1285000,2569.9999999530514,-37894.89806252951,290.5926816003733,1.0125015642350852,452
1290000,2579.999999952815,-37577.46016478515,301.0970897647257,1.0097147977664618,452
1295000,2589.9999999525785,-37544.201170669054,296.56660609197525,1.0000082788735993,452
1300000,2599.999999952342,-37399.290395833,307.1593918900916,0.9968153527343746,452
1305000,2609.9999999521056,-37426.34953919661,296.84140403586355,0.9969566024305496,452
1310000,2619.999999951869,-37763.6189543558,295.18266884434973,1.0085017875876137,452
1315000,2629.9999999516326,-37239.6189890118,294.39320233780927,1.0168981007346523,452
1320000,2639.999999951396,-37750.93108988073,292.57052461790914,1.0203646941678453,452
1325000,2649.9999999511597,-37609.774839876365,305.72490989986824,1.0056888948714073,452
1330000,2659.999999950923,-36887.358240250236,299.69327763827425,0.9856591388795495,453
1335000,2669.9999999506867,-37665.75621755517,308.6679859919165,1.0093946170440644,453
1340000,2679.9999999504503,-37495.009044162725,299.966542088974,1.0094147075391844,453
1345000,2689.999999950214,-37672.62305277688,309.11191209247363,1.013307054312357,453
1350000,2699.9999999499773,-37526.775056003564,306.10188691621784,0.9968207234439992,453
1355000,2709.999999949741,-37308.90572023575,305.5524524487768,0.9903583265625061,453
1360000,2719.9999999495044,-37640.34952614203,303.50507762166325,1.0091574950015603,453
1365000,2729.999999949268,-37243.777436146134,298.0210436711924,0.995347294162749,453
1370000,2739.9999999490315,-37654.19412232825,299.4514296203988,1.0014536537582566,453
1375000,2749.999999948795,-37222.67930778244,298.1265318605343,1.004271287973556,453
1380000,2759.9999999485585,-37324.679709538614,297.99325919592,0.9913152853268568,452
1385000,2769.999999948322,-37481.095740190765,301.23948267830383,0.9787735531298347,452
1390000,2779.9999999480856,-37320.154027245415,305.95658843659817,0.9837571133760529,452
1395000,2789.999999947849,-37710.50949442675,290.2906237973034,0.9961887043053703,452
1400000,2799.9999999476127,-37697.356316898164,292.5432849362696,1.0055964451193458,452
1405000,2809.999999947376,-37425.14690348986,293.9726014757524,1.0068218780583658,452
1410000,2819.9999999471397,-37314.95203713249,305.9187757229741,1.0059196814895681,452
1415000,2829.9999999469032,-37705.008963514,307.2580802477946,0.9956353666236293,452
1420000,2839.999999946667,-37662.023213414766,304.2450889728714,1.002186736507334,452
1425000,2849.9999999464303,-37984.59934239372,288.85947110150266,1.0113817055772025,452
1430000,2859.999999946194,-37691.818749203376,294.15563195882834,0.9969297144512681,452
1435000,2869.9999999459574,-37334.7262503143,293.54259787914447,0.9922133780855842,452
1440000,2879.999999945721,-37544.75599451331,293.42728322687026,1.0039425587719804,452
1445000,2889.9999999454844,-37439.25447191851,310.721272838823,0.9951543338370321,452
1450000,2899.999999945248,-37363.56795918022,298.99953339076944,1.0014712589098587,452
1455000,2909.9999999450115,-37579.069472246425,284.6236400739245,0.9814964364705955,452
1460000,2919.999999944775,-37686.297485429735,298.2225366051573,1.00973171766111,452
1465000,2929.9999999445386,-37885.75165301058,300.8559883159026,0.9958988805820294,452
1470000,2939.999999944302,-37214.54288486374,301.79357815793645,1.0044493353701156,452
1475000,2949.9999999440656,-37444.24131763753,298.74832299342677,0.9977370162183057,452
1480000,2959.999999943829,-37353.28879519712,303.1831449397675,0.9964705473228455,452
1485000,2969.9999999435927,-37739.80064000873,298.19081750920367,1.0198767632808383,452
1490000,2979.999999943356,-37628.2189184851,302.1440418841569,1.0142634642838666,452
1495000,2989.9999999431197,-37436.2427675685,308.06627151326956,0.9918514857954386,452
1500000,2999.9999999428833,-37567.6596794698,307.7665139499826,1.008626672882442,452
1505000,3009.999999942647,-37966.489380818704,300.73956389882096,1.0212286393565664,452
1510000,3019.9999999424103,-37425.201571066136,305.90896943758383,0.9880994438388916,452
1515000,3029.999999942174,-37371.51957340268,301.77392523207203,1.0138671872343332,452
1520000,3039.9999999419374,-37904.57856536319,304.01988742710904,1.0251777492759864,452
1525000,3049.999999941701,-37500.85055101832,309.9146150665367,0.9995193321291118,452
1530000,3059.9999999414645,-37393.17391716511,295.17023947850527,1.021983348704949,452
1535000,3069.999999941228,-37612.27560223683,298.89925100725196,1.0084117325113717,452
1540000,3079.9999999409915,-37442.16113867989,298.09965537464996,0.9970379768034114,452
1545000,3089.999999940755,-37292.61220488063,300.7964242120508,0.9959735208901609,451
1550000,3099.9999999405186,-37534.02201464129,294.33043000478654,1.0102467667912507,451
1555000,3109.999999940282,-37690.89613160002,306.35662838340266,0.9994160877288149,451
1560000,3119.9999999400457,-37761.11140054933,298.4504217639997,0.9950312730301762,451
1565000,3129.999999939809,-37536.141617657326,303.6979547452133,0.9929824011485302,451
1570000,3139.9999999395727,-37354.033943434275,296.9608954393225,1.0019094014400212,451
1575000,3149.9999999393362,-37445.30999350801,306.1278554127142,1.0230017597545173,451
1580000,3159.9999999391,-37736.02037473803,306.1606640959334,1.0076612550926893,451
1585000,3169.9999999388633,-37349.85799372161,292.25397933971544,0.9938311056165371,451
1590000,3179.999999938627,-37613.96739356601,294.04074103493525,1.0074433389371615,451
1595000,3189.9999999383904,-37577.618558632006,298.424150604374,0.9882107301967484,451
1600000,3199.999999938154,-37321.93880827408,302.79418246349644,0.9983153107411566,451
1605000,3209.9999999379174,-37581.39735780668,303.5286651682089,1.0050105951612283,451
1610000,3219.999999937681,-37705.9003202327,297.64788021027226,1.0237173310153775,451
1615000,3229.9999999374445,-37622.70875033538,300.6739465323825,1.003683826536932,451
1620000,3239.999999937208,-37458.44418518033,299.8775591289514,1.0048466528677238,451
1625000,3249.9999999369716,-37804.13150502555,297.3304874753165,1.017180322734748,451
1630000,3259.999999936735,-37582.761279859755,304.51609353887216,1.0120140106082138,451
1635000,3269.9999999364986,-37485.726863330114,291.07466254505795,1.0071239589960956,451
1640000,3279.999999936262,-37266.15319346462,296.9503425848798,0.9946514583206049,451
1645000,3289.9999999360257,-37549.17087504116,298.1307691443449,1.0013988803597498,451
1650000,3299.999999935789,-37347.04298091863,302.6395619594935,0.9864546111888407,451
1655000,3309.9999999355528,-37523.97280147392,301.5550594344836,1.001471827659657,451
1660000,3319.9999999353163,-37487.521484610304,300.3898669191948,1.0156106311797648,451
1665000,3329.99999993508,-37446.37749391084,298.91567552640345,0.996178603103902,451
1670000,3339.9999999348433,-37430.020121117646,299.22358481664037,0.9924481548635717,451
1675000,3349.999999934607,-37811.448331639316,285.2533811583473,1.0028475706254374,451
1680000,3359.9999999343704,-37751.16222593494,304.4930709635012,0.9897653678655888,451
1685000,3369.999999934134,-37461.41144325983,298.55512302920545,1.0007891001813871,451
1690000,3379.9999999338975,-37376.39612068626,292.5836198426381,0.9964649550178221,450
1695000,3389.999999933661,-36943.47468424405,310.88041311222395,0.9836106013710868,450
1700000,3399.9999999334245,-37464.33161974794,296.00585202349737,1.0022420313215141,450
1705000,3409.999999933188,-37098.87060209972,300.8680141309079,0.9896321427295787,450
1710000,3419.9999999329516,-37664.90226875528,295.0712282801309,0.9910003351241566,450
1715000,3429.999999932715,-37382.7332683494,304.5353832689813,1.0002418275617952,450
1720000,3439.9999999324787,-37485.93976498942,294.4007083834166,0.9799639587719683,450
1725000,3449.999999932242,-37787.508782148565,300.2819977799021,1.0097882625681907,450
1730000,3459.9999999320057,-37354.514411332115,300.0795968565492,1.0006525841976346,450
1735000,3469.9999999317693,-37444.59232301923,304.5227723052593,1.0171608151586147,450
1740000,3479.999999931533,-37337.5798466203,301.9630493328184,0.994335327569785,450
1745000,3489.9999999312963,-37586.9833296008,307.699625398401,1.0190462875576158,450
1750000,3499.99999993106,-37695.71386081475,303.3132699078368,1.0174056255236237,450
1755000,3509.9999999308234,-37677.22973502544,293.5979650542696,1.019547058364783,450
1760000,3519.999999930587,-37396.398228778155,301.6529205129665,0.9921876397898464,450
1765000,3529.9999999303504,-37391.16411380627,294.07143107624916,0.9988180377239498,450
1770000,3539.999999930114,-37146.22363569893,299.7098635777615,0.9869748586918676,450
1775000,3549.9999999298775,-37776.825049396604,290.5815839522979,1.0078937585321779,450
1780000,3559.999999929641,-37463.85557573641,303.5107071558688,0.998031235388625,450
1785000,3569.9999999294046,-37661.140836088336,292.1120303320604,1.0126125732267635,450
1790000,3579.999999929168,-37766.502987506916,307.02143803574364,1.0235317607967511,450
1795000,3589.9999999289316,-37740.71485625621,298.25250025496086,0.9959909226969038,450
1800000,3599.999999928695,-37195.38960249306,304.8569931102058,0.9942860940534681,450
1805000,3609.9999999284587,-37275.23153980018,293.13795745277423,0.9948248776590691,450
1810000,3619.999999928222,-37165.50017355831,298.28347278186214,0.9956006188824933,450
1815000,3629.9999999279858,-37529.75849970107,295.9789351825291,1.0074720044215757,450
1820000,3639.9999999277493,-37796.98275910676,307.2740205059393,1.0049443021455289,450
1825000,3649.999999927513,-37582.095480939286,292.77451956707654,1.006458762766976,450
1830000,3659.9999999272763,-37646.47367379078,294.4233072304065,1.0084010918830952,450
1835000,3669.99999992704,-37465.976890315185,300.9924490321458,1.0047692711729521,449
1840000,3679.9999999268034,-37419.42015133353,302.51014320539264,0.9966490305355652,449
1845000,3689.999999926567,-37672.78630387093,294.0430412747181,0.9880696804786588,449
1850000,3699.9999999263305,-37415.35803031482,305.6590504029263,0.9940255977079451,449
1855000,3709.999999926094,-37623.68202643379,291.1497230011314,0.9926616398534105,449
1860000,3719.9999999258575,-37559.565759387304,298.08381600421507,0.9920850377096891,449
1865000,3729.999999925621,-37201.73204125994,302.06835592428286,0.9906588496860448,449
1870000,3739.9999999253846,-37429.27161579358,297.6267341463032,0.998327443198221,449
1875000,3749.999999925148,-37519.44749813288,302.91611534953194,1.0190340389411592,449
1880000,3759.9999999249117,-37835.962706968625,284.1380473492298,1.0081621320807457,449
1885000,3769.999999924675,-37670.597900588444,300.88855486861837,1.0077005291463723,449
1890000,3779.9999999244387,-37629.1912745866,297.7579083465542,0.9882515034755154,449
1895000,3789.9999999242023,-37605.493784866296,299.6516917243045,1.0145642293014658,449
1900000,3799.999999923966,-36801.0092645445,299.51515029789346,0.9854718927138594,449
1905000,3809.9999999237293,-37419.90671600652,298.68452160576436,0.9980082586513956,449
1910000,3819.999999923493,-37749.85768262044,307.39012208234965,0.9967898612049106,449
1915000,3829.9999999232564,-37512.93325975016,298.4576655015617,0.9985859480782432,449
1920000,3839.99999992302,-37608.27470094638,308.5258150313,0.997975013583501,449
1925000,3849.9999999227834,-37669.20242032746,299.0953565375148,1.0130747692987498,449
1930000,3859.999999922547,-37441.0276741143,296.6132767465177,1.0045486009879467,449
1935000,3869.9999999223105,-37573.52877811866,297.4985865773455,1.01041282822807,449
1940000,3879.999999922074,-37370.97161773246,296.3285312744455,0.9981320003379365,449
1945000,3889.9999999218376,-37670.93764504584,298.13153589093923,1.0051708813026081,449
1950000,3899.999999921601,-37685.09292078455,289.9514594945779,1.0135818993922678,449
1955000,3909.9999999213646,-37320.20394795865,301.75774284342396,1.0036488114766278,449
1960000,3919.999999921128,-37525.556155166996,295.7073656453536,1.0093677766527436,449
1965000,3929.9999999208917,-37347.82250445415,298.20851321349846,1.0017068588986007,449
1970000,3939.9999999206552,-37292.2319551681,300.5084099781818,1.0063820229152878,449
1975000,3949.9999999204188,-37480.89321495744,295.75240191899763,0.9989443069945246,449
1980000,3959.9999999201823,-37827.375148732244,292.2850123992426,0.9905610462705736,449
1985000,3969.999999919946,-37724.42854000637,308.0535394842958,1.022118943676372,449
1990000,3979.9999999197094,-37369.59928333244,293.9589412798487,1.0079673083097207,449
1995000,3989.999999919473,-37171.800921163405,310.1452241935431,1.0032388747087608,449
2000000,3999.9999999192364,-37749.19797162246,300.3109121975239,1.0089284389784003,449
2005000,4009.999999919,-37387.066366397456,291.5250051039568,1.0009354114716085,449
2010000,4019.9999999187635,-37494.71635512935,301.32549953965895,1.011152550354719,449
2015000,4029.999999918527,-37437.495031156024,305.7274320926126,1.000270910940513,449
2020000,4039.9999999182905,-37960.791131067934,296.20125133979184,1.0017888176611363,449
2025000,4049.999999918054,-37743.49411965819,305.2551969006923,1.0091269753596304,449
2030000,4059.9999999178176,-37386.22980140499,303.8998915851013,0.9999605786815484,449
2035000,4069.999999917581,-37619.896525024844,290.6005911968197,1.0097689615184202,449
2040000,4079.9999999173447,-37560.55323457022,291.1508731210228,1.0086382279903345,449
2045000,4089.999999917108,-37414.02569392556,296.2209244431982,0.9978719299850969,448
2050000,4099.999999917781,-37398.83608669156,300.2804441091715,1.0037399138570937,448
2055000,4109.999999919818,-37395.43345926225,299.18916193006476,0.9999669809147236,448
2060000,4119.999999921855,-37442.86137940566,301.2094988509583,0.9864257344574152,448
2065000,4129.999999923893,-37706.36515198884,292.2432045323113,1.0045040720106957,448
2070000,4139.99999992593,-37689.21397615739,293.98601954115264,1.0122182851931665,448
2075000,4149.999999927967,-37511.92692072535,299.30310450948593,1.0055261240311923,448
2080000,4159.999999930004,-37192.38189723852,301.1205764235616,1.0012247068134796,448
2085000,4169.999999932042,-37529.29285443004,311.521312377348,1.0059695022004598,448
2090000,4179.999999934079,-37564.828776173614,303.65556172956536,1.0003301350665048,448
2095000,4189.999999936116,-37489.550747512054,297.8931584102801,1.0020852465847196,448
2100000,4199.999999938153,-37392.851316117885,305.823699145281,1.0107583041287667,448
2105000,4209.999999940191,-37405.37956779191,298.82176924614384,1.0023002443253453,448
2110000,4219.999999942228,-37495.93170029993,299.4898073051977,1.0035881361563466,448
2115000,4229.999999944265,-37154.72378954958,304.63457606523326,0.9901603676724174,448
2120000,4239.9999999463025,-37534.568682842626,291.98279317583706,1.0061701748575436,448
2125000,4249.99999994834,-37315.05088300884,308.2358233983193,1.0162368578788512,448
2130000,4259.999999950377,-37759.05536230627,294.8578507739544,0.9905930043206056,448
2135000,4269.999999952414,-37638.359141947556,288.8560409193703,1.0103016616998515,448
2140000,4279.999999954452,-37426.82739821717,304.6675461687881,0.9886597312852202,448
2145000,4289.999999956489,-37348.11544781132,286.9898805965566,0.9983023453262242,448
2150000,4299.999999958526,-37624.00096022707,302.4083273286865,1.016683392356522,448
2155000,4309.999999960563,-37759.34465888498,288.9824128646359,1.00835546067753,448
2160000,4319.999999962601,-37655.37716763024,293.0651367038578,1.0037696206752231,448
2165000,4329.999999964638,-37589.514476361306,294.5941303005995,0.9970516663362593,448
2170000,4339.999999966675,-37348.82963994055,306.6937547543906,1.005542281669012,448
2175000,4349.9999999687125,-37183.90094013786,306.3702885793063,0.9936776753470558,448
2180000,4359.99999997075,-37147.16070077947,297.8768953114642,1.005782479519477,448
2185000,4369.999999972787,-37315.34904203084,310.31465501334117,0.9909845012920426,448
2190000,4379.999999974824,-37013.388816309365,307.6001299390197,0.9960807856399159,448
2195000,4389.999999976862,-37792.83077459791,313.5321456759807,1.0024923660691167,448
2200000,4399.999999978899,-37630.100591552706,287.3398802393121,1.0090594496892353,448
2205000,4409.999999980936,-37180.17269297119,293.98305344248524,1.0048827859398268,448
2210000,4419.999999982973,-37653.53262876609,293.96257323740065,0.9898327216787994,448
2215000,4429.999999985011,-37525.936946537666,285.53618958639186,1.0106899042477833,448
2220000,4439.999999987048,-37685.047173217696,298.8578870462437,0.9972960736352725,448
2225000,4449.999999989085,-37752.79444868135,312.2025869039245,0.9924961649685746,448
2230000,4459.999999991122,-37636.79078467033,303.23175263833764,1.0014850119436252,448
2235000,4469.99999999316,-37542.06844860283,294.31777868598056,1.000609019635893,448
2240000,4479.999999995197,-37626.20986328181,308.9832399074251,0.998861064632628,448
2245000,4489.999999997234,-37719.60447604439,305.13623011332425,1.0003896925597489,448
2250000,4499.9999999992715,-37692.200904431054,302.13229855473895,1.0164517913676774,448
2255000,4510.000000001309,-37541.86733540884,298.8883551345961,1.0166361492180516,448
2260000,4520.000000003346,-37501.27125331218,301.13566922494414,0.9982280420450348,448
2265000,4530.000000005383,-37819.960139159375,291.84804755066006,1.0131347985720354,448
2270000,4540.000000007421,-37420.602662020596,306.0825568310247,1.001651152881932,448
2275000,4550.000000009458,-37611.827515339275,300.8884539809086,1.0240269516826883,448
2280000,4560.000000011495,-37606.81285971534,305.63491806274783,0.9972747835740814,448
2285000,4570.000000013532,-37537.82361640298,292.5437288421926,1.001409426140795,448
2290000,4580.00000001557,-37600.75125785751,297.106698357491,1.0114370184698227,448
2295000,4590.000000017607,-37477.14731785012,314.43942884999774,1.0125766320261764,448
2300000,4600.000000019644,-37193.99163842268,294.2789974503426,1.0106727257334733,448
2305000,4610.000000021681,-37497.08364291294,308.61344609601156,1.0102635369753368,448
2310000,4620.000000023719,-37457.992926818086,308.28667080404654,0.9955947857707681,448
2315000,4630.000000025756,-37606.66862180742,305.45118136570346,1.016091235765352,448
2320000,4640.000000027793,-37625.3647039372,298.76121644273616,0.9979542636967356,448
2325000,4650.0000000298305,-37477.24218677907,307.46372975540237,0.9997089200073265,448
2330000,4660.000000031868,-37687.77558826635,301.5799988763403,1.0045623717765857,448
2335000,4670.000000033905,-37768.947460902884,304.3741445312171,1.004920074681507,448
2340000,4680.000000035942,-37692.922777522675,288.7157061150716,1.0076252363241875,447
2345000,4690.00000003798,-37678.52950019768,293.15682345450233,1.0045067472248486,447
2350000,4700.000000040017,-37434.79480878453,300.7687809795721,0.986846883683042,448
2355000,4710.000000042054,-37521.38898721812,300.9391601438421,0.9986448131279108,448
2360000,4720.000000044091,-37591.8146347258,301.44305389909016,1.005233864920089,448
2365000,4730.000000046129,-37455.705333094695,301.8212012128731,1.0058537379745145,448
2370000,4740.000000048166,-37701.20025204282,304.533748888083,0.9947261748289071,447
2375000,4750.000000050203,-37594.346425627155,311.88571878505957,1.0129968114469206,447
2380000,4760.0000000522405,-37437.8005430678,306.2046713149378,1.011579106046478,447
2385000,4770.000000054278,-37516.31944797383,298.72905344085956,0.9949894970009663,447
2390000,4780.000000056315,-37316.35586025112,298.93325016544645,0.9874203987560506,447
2395000,4790.000000058352,-37654.333022521256,306.31284311735976,1.0065497960933352,447
2400000,4800.0000000603895,-37647.23777625465,298.8127297073479,0.9928204802687192,447
2405000,4810.000000062427,-37545.43456452759,296.00030319945967,1.0113563330219826,447
2410000,4820.000000064464,-37421.96421852187,295.9225187752222,0.9966895065148886,447
2415000,4830.000000066501,-37534.43356967077,305.07967246322374,1.0112474498359518,447
2420000,4840.000000068539,-37435.520322430006,292.353777462226,0.9981669042970105,447
2425000,4850.000000070576,-37561.04736425835,302.65776210233713,1.0030182658811573,447
2430000,4860.000000072613,-37653.76280038274,304.6365938194288,1.0044720517214685,447
2435000,4870.00000007465,-37371.1136886279,299.96416113902325,0.9944662767268765,447
2440000,4880.000000076688,-37720.042877462954,294.34376736001894,1.0012361753111463,447
2445000,4890.000000078725,-37518.77937098144,294.00175802387776,1.0040473774951009,447
2450000,4900.000000080762,-37660.00962876459,298.79755619579754,0.9996528489962626,447
2455000,4910.0000000827995,-37812.86019040903,302.9055826726313,1.0036882770452378,447
2460000,4920.000000084837,-37501.24265148939,296.5280064542149,1.0028460987526573,447
2465000,4930.000000086874,-37609.191733041516,300.2026395073922,0.9967522789680162,447
2470000,4940.000000088911,-37758.878371857194,291.76253512785377,1.0155408472720147,447
2475000,4950.000000090949,-37308.48803030353,305.0841518775378,1.0103175006493053,447
2480000,4960.000000092986,-37839.444204518746,297.3216497119401,1.0192253056464826,447
2485000,4970.000000095023,-37327.43013190545,295.78198219550404,1.0143185369183267,447
2490000,4980.00000009706,-37327.101524888596,303.8492661323356,0.9953576014612767,447
2495000,4990.000000099098,-38004.55457402952,296.4939467633945,0.9966500868014702,447
2500000,5000.000000101135,-37747.185988597834,299.58565062948503,1.0004012459508678,447
2505000,5010.000000103172,-37735.38064425846,297.4436834856853,1.0089601151297438,447
2510000,5020.000000105209,-37345.71202692299,311.89802708565225,0.9938984762906192,447
2515000,5030.000000107247,-37499.75949276597,307.9081602945083,1.0125420996415972,447
2520000,5040.000000109284,-37538.78116714381,308.03459277239983,1.013547064957513,447
2525000,5050.000000111321,-37619.22351733263,302.77479184567744,1.0002037924010418,447
2530000,5060.0000001133585,-37670.827207586466,300.319003391848,0.9927539437296868,447
2535000,5070.000000115396,-37518.78250115411,306.47983245458124,1.005449497508419,447
2540000,5080.000000117433,-37667.2305618916,297.54483350350694,1.0099921705556072,447
2545000,5090.00000011947,-37556.74910052467,297.9327467475963,1.0247765366960586,447
2550000,5100.000000121508,-37679.57959565424,296.64259471497866,1.0064305925890529,447
2555000,5110.000000123545,-37589.55498981051,301.0813311044587,1.0020277373992612,447
2560000,5120.000000125582,-37691.9120164866,308.4680870837661,0.9935407195131357,447
2565000,5130.000000127619,-37586.51037648483,302.3735210688138,1.0209163733855922,447
2570000,5140.000000129657,-37349.331128026504,301.1742688627045,1.0001930300948523,447
2575000,5150.000000131694,-37731.93906480042,307.4162923542656,1.0047137895331046,447
2580000,5160.000000133731,-37702.94275201182,301.44210555461825,1.0014419487168558,447
2585000,5170.0000001357685,-37808.43655070165,310.4459906339278,1.0099583707527564,447
2590000,5180.000000137806,-37308.49718090167,297.69582204995794,1.0011511929060932,447
2595000,5190.000000139843,-37664.25101318123,302.496462831947,1.0059586148779924,447
2600000,5200.00000014188,-37622.37049563823,303.4648032479206,1.0021456259701045,447
2605000,5210.0000001439175,-37260.64195028198,291.43041278727065,0.9883297154634784,447
2610000,5220.000000145955,-37468.758420358325,303.52890729871234,1.0061348112215438,447
2615000,5230.000000147992,-37647.56242183354,295.5255659923369,1.0087068784647075,447
2620000,5240.000000150029,-37226.08764666779,295.59255543162834,1.0009131173677372,447
2625000,5250.000000152067,-37447.04776385875,296.47215501808284,1.0086483870101928,447
2630000,5260.000000154104,-37503.83066412242,305.06782824609604,1.0096426174447461,447
2635000,5270.000000156141,-37710.70616741458,302.35053884852675,0.9969417597387424,447
2640000,5280.000000158178,-37531.24778691487,301.00953941018196,1.0078598190279544,447
2645000,5290.000000160216,-37398.0935734681,303.431268173191,0.9928243193638291,447
2650000,5300.000000162253,-37398.829108196485,305.7472262612707,1.0009977331944044,447
2655000,5310.00000016429,-37828.71646267595,308.3822921753724,1.0095532048129185,447
2660000,5320.0000001663275,-37394.96993468152,301.84107609169905,1.013940035540179,447
2665000,5330.000000168365,-37613.92627144337,296.81426524193375,1.0011638316757925,447
2670000,5340.000000170402,-37670.81199740924,311.8524056632914,1.006431071686806,447
2675000,5350.000000172439,-37652.43454661293,305.69740791018324,0.9996823564406234,447
2680000,5360.000000174477,-37532.78731831937,291.76596530998614,0.9992292450427266,447
2685000,5370.000000176514,-37702.39917905876,305.2460161191027,1.0118000608663444,447
2690000,5380.000000178551,-37689.800897264795,301.4433969173034,1.0122321537868608,447
2695000,5390.000000180588,-37290.5953330099,299.1385162997571,1.0038376041073633,447
2700000,5400.000000182626,-37359.31269580542,309.95741163302375,0.9975207034347267,447
2705000,5410.000000184663,-37600.08157338455,307.366554713346,1.0112673149104872,446
2710000,5420.0000001867,-37312.74645237083,290.54611183354064,1.003554286521344,446
2715000,5430.000000188737,-37680.167866931384,300.12471384036104,1.0185597060161924,446
2720000,5440.000000190775,-37515.4843176876,297.732282868271,1.0052413989297662,446
2725000,5450.000000192812,-37542.029522977944,304.02577926936,1.0044080416452075,446
2730000,5460.000000194849,-37524.17472791838,315.67009748893133,1.0047851234347127,446
2735000,5470.0000001968865,-37313.75805840883,299.5197305999173,0.9890950068802516,446
2740000,5480.000000198924,-37677.91051991616,302.84710815604507,0.9961965135496467,446
2745000,5490.000000200961,-37454.54310125261,291.2169747484682,0.9962822616985441,446
2750000,5500.000000202998,-37587.36795722629,293.3787764160099,1.0046665152028647,446
2755000,5510.000000205036,-38078.342697677144,301.30647211759515,1.0104088675638678,446
2760000,5520.000000207073,-37294.520691817626,299.6208806177389,0.993418035796052,446
2765000,5530.00000020911,-37055.300279487215,299.54969424972086,0.9930907667974123,446
2770000,5540.000000211147,-37287.60674876327,300.6691039223133,1.015537382176265,446
2775000,5550.000000213185,-37659.29585784461,298.69331901405684,0.9848608729036199,446
2780000,5560.000000215222,-37054.0192020587,289.2657055536874,0.9958563876369987,446
2785000,5570.000000217259,-37613.74691065107,304.0073369960129,0.9903938498203808,446
2790000,5580.000000219296,-37662.992023055966,298.42745972125465,0.9844095439075201,446
2795000,5590.000000221334,-37590.29374102462,303.3649445927841,1.0062003988223218,446
2800000,5600.000000223371,-37517.310494824516,307.78798285462295,1.0016395604760429,446
2805000,5610.000000225408,-37550.56692651048,298.83768932674656,1.0094505784346661,446
2810000,5620.0000002274455,-37431.62016574168,299.7419055143864,0.997287947702356,446
2815000,5630.000000229483,-37615.64814160456,301.97152390043965,1.0106462126327624,446
2820000,5640.00000023152,-37631.33963153782,299.47513823219623,1.0162026567577624,446
2825000,5650.000000233557,-37846.64276233839,306.6044489536968,0.9907998461577915,446
2830000,5660.000000235595,-37419.164621372736,302.7728951567337,1.0050430092760292,446
2835000,5670.000000237632,-37701.00031694377,303.217648536511,1.0157847884114903,446
2840000,5680.000000239669,-37417.24451722551,302.21302890010185,1.0018634569461644,446
2845000,5690.000000241706,-37523.739368585375,303.02684969978225,0.9945117764517666,446
2850000,5700.000000243744,-37371.85430327355,310.85918633808706,1.0045211919996453,446
2855000,5710.000000245781,-37836.07196723015,301.30126631177075,1.0073836639241671,446
2860000,5720.000000247818,-37304.464421528304,292.91729585395177,1.001642827350302,446
2865000,5730.0000002498555,-37755.28203009989,295.2946138471174,1.0124810473178842,446
2870000,5740.000000251893,-37377.947625370405,307.84817246227544,0.9882746264116676,446
2875000,5750.00000025393,-37596.39385609477,300.5526593276896,0.9963876765407002,446
2880000,5760.000000255967,-37777.33172930323,302.21762937966764,0.9958299751362688,446
2885000,5770.000000258005,-37086.41974243522,299.85713945649275,0.9923971860446305,446
2890000,5780.000000260042,-37649.02709830564,302.9445455061469,1.0023653921228683,446
2895000,5790.000000262079,-37568.69823879184,310.8701629209107,1.0036711028685712,446
2900000,5800.000000264116,-37607.419150592,302.8193438583146,0.9962960719217262,446
2905000,5810.000000266154,-37855.66649194696,293.33446653387625,1.0109512753759513,446
2910000,5820.000000268191,-37448.0941299391,299.8315543332935,1.0054530311595702,446
2915000,5830.000000270228,-37759.097093788965,291.42486396323295,1.0204451618878931,446
2920000,5840.000000272265,-37391.352084693994,300.0049803063987,1.0064918851125273,446
2925000,5850.000000274303,-37281.25704974329,301.741056016227,1.0075387051733238,446
2930000,5860.00000027634,-37428.05897940905,309.44407478814065,1.0025910820572594,446
2935000,5870.000000278377,-37540.916809772694,299.582099382101,1.0044012303166665,446
2940000,5880.0000002804145,-37647.90185345712,290.28029289582236,1.0018109368952774,446
2945000,5890.000000282452,-37489.36426939184,307.5695004303317,1.0067214689702197,446
2950000,5900.000000284489,-37723.85650826953,293.9305313007758,0.9967019111217073,446
2955000,5910.000000286526,-37638.797163851734,298.0341994285472,1.0019392459544494,446
2960000,5920.000000288564,-37441.57161277617,304.6760610914932,0.9913847515898324,446
2965000,5930.000000290601,-37573.60464491573,300.15106571015457,0.9876836979274597,446
2970000,5940.000000292638,-37177.18495907087,302.3621005800671,0.9953221791959419,446
2975000,5950.000000294675,-37484.89302092203,295.3334152602973,1.000517033127738,446
2980000,5960.000000296713,-37358.34682442635,300.764765648723,0.9895496459729579,446
2985000,5970.00000029875,-37856.696699467866,303.2482175125731,1.0017217210962979,446
2990000,5980.000000300787,-37759.87500401537,301.2930944072789,0.995314824640107,446
2995000,5990.000000302824,-37010.90834268651,297.35090714777516,0.9827533513059685,446
3000000,6000.000000304862,-37868.07622175728,294.1984688803993,1.0114497378895844,446
3005000,6010.000000306899,-37490.7887862348,300.8442853415686,1.0120508748994168,446
3010000,6020.000000308936,-37414.7260463752,307.5685722634018,1.000344597174831,446
3015000,6030.0000003109735,-37432.783087785414,297.2592203971306,1.012753218949772,446
3020000,6040.000000313011,-37262.5744819954,298.31825886419296,1.0011414956562414,446
3025000,6050.000000315048,-37690.477057001786,297.7087154992673,1.0008868406464004,446
3030000,6060.000000317085,-37388.975835961086,298.56422310062726,1.0061206905432687,446
3035000,6070.000000319123,-37477.99995000585,306.5338679119374,0.9931041416902336,446
3040000,6080.00000032116,-37328.31359258678,291.7981283118628,0.9961605708145639,446
3045000,6090.000000323197,-37249.902872047765,296.671731085562,1.010138901428159,446
3050000,6100.000000325234,-37556.27829790223,295.89749862319775,1.0005488676710177,446
3055000,6110.000000327272,-37552.179755519755,302.99622019109415,0.9833908911724707,446
3060000,6120.000000329309,-37478.20964987451,315.06481158535826,0.9936831229936678,446
3065000,6130.000000331346,-37320.693931116286,289.6805961713709,1.0068510554812187,446
3070000,6140.0000003333835,-37348.83498646185,297.3760685425934,1.0041638178474595,446
3075000,6150.000000335421,-37530.519467241626,299.29067514364147,0.9967176532548582,446
3080000,6160.000000337458,-37293.16164378327,296.29372501457266,0.9997452257517182,446
3085000,6170.000000339495,-37439.351432939555,301.3819966571336,1.006642264673345,446
3090000,6180.0000003415325,-37196.35843276681,303.6208967124863,0.9925693829864101,446
3095000,6190.00000034357,-37331.92569413918,303.6722485567623,1.0043821931014225,446
3100000,6200.000000345607,-37102.88359602308,298.48068807693255,1.008286800148998,446
3105000,6210.000000347644,-37407.754659379076,299.2051223657513,0.9937207955691589,446
3110000,6220.000000349682,-37458.75423629244,297.3511492782786,0.984587930220666,446
3115000,6230.000000351719,-37447.985735055176,310.90408136893745,1.014541667355886,446
3120000,6240.000000353756,-37641.3966666983,301.7114757397206,1.0105582037570424,446
3125000,6250.000000355793,-37336.32695723674,298.73752800848075,1.009310964108678,446
3130000,6260.000000357831,-37284.5787028163,298.04376358343393,1.0016008778159557,446
3135000,6270.000000359868,-37568.02356741007,290.96786281548884,0.9987828860485665,446
3140000,6280.000000361905,-37559.58792429807,300.5521750666827,1.0148536842410318,446
3145000,6290.0000003639425,-37767.1233971359,295.8602508807484,1.0080946695482171,446
3150000,6300.00000036598,-37410.38099770117,301.88560792679425,1.0034404079359733,446
3155000,6310.000000368017,-37548.709009042475,295.4405378305376,0.9968913513800475,446
3160000,6320.000000370054,-37415.46110815357,309.09702106651065,1.004094796980819,446
3165000,6330.000000372092,-37898.49803911292,303.4339921413549,1.0064650074039474,446
3170000,6340.000000374129,-37403.04422059425,299.7809692356117,0.993023467318767,446
3175000,6350.000000376166,-37548.66308219437,296.9945515793038,1.012944900028894,445
3180000,6360.000000378203,-37182.47877674835,305.11641576712424,1.0013390625495215,445
3185000,6370.000000380241,-37171.112397379824,294.3795219643636,0.996306074939164,445
3190000,6380.000000382278,-37349.39358477513,308.3931880480282,0.999110029867764,445
3195000,6390.000000384315,-37417.00133281786,296.4028855165505,1.0065361674352566,445
3200000,6400.000000386352,-37553.69379359143,295.36870578117697,1.0116989405847214,445
3205000,6410.00000038839,-37842.42529409152,295.7857352183077,1.0019301507093448,445
3210000,6420.000000390427,-37628.27989207799,304.8238817638573,1.0023576839985158,445
3215000,6430.000000392464,-37424.59672808761,288.2419979625886,1.0043650646326605,445
3220000,6440.0000003945015,-37661.18887194517,292.3967959816746,1.00844706928373,445
3225000,6450.000000396539,-37602.61482176941,290.64651528230985,1.002299705025143,445
3230000,6460.000000398576,-37656.84593211996,307.5267643964705,0.9991689354156459,445
3235000,6470.000000400613,-37261.92887514335,299.6615787198626,1.0150062789064858,445
3240000,6480.000000402651,-37323.87801795735,290.1909467400446,1.003951828728262,445
3245000,6490.000000404688,-37477.616498660325,293.6790182403038,1.0081596775107258,445
3250000,6500.000000406725,-37489.82686978072,311.70912493786733,1.0001716052194254,445
3255000,6510.000000408762,-37778.914291092224,297.24880878548163,1.0010454241244042,445
3260000,6520.0000004108,-37647.97279916587,308.38818401762336,1.003736759068435,445
3265000,6530.000000412837,-37216.15474432471,300.0038503640492,0.9896770929078226,445
3270000,6540.000000414874,-37262.173971642245,300.5958190899318,0.9973736851443683,445
3275000,6550.0000004169115,-37328.918415831286,295.49780169460655,0.9934625808749962,445
3280000,6560.000000418949,-37287.55430698668,294.27209673099395,0.9886598740612254,445
3285000,6570.000000420986,-37626.94642448108,297.50804984452253,1.0077855193084653,445
3290000,6580.000000423023,-37043.370826222905,298.61446518009575,1.002590170715686,445
3295000,6590.0000004250605,-37542.2897870852,297.6063144738445,1.000496159386727,445
3300000,6600.000000427098,-37619.89613044387,292.0661667791961,1.0128620106179285,445
3305000,6610.000000429135,-37780.587281657296,298.1786302738627,1.0166256418249613,445
3310000,6620.000000431172,-37711.90255977007,298.86692658503966,1.0043298989388207,445
3315000,6630.00000043321,-37047.510704448505,300.24226819979225,0.986924037859047,445
3320000,6640.000000435247,-37471.09108119327,286.4014025854322,0.9918850549101713,445
3325000,6650.000000437284,-37516.3793509407,309.02543114765353,1.0031231755932195,445
3330000,6660.000000439321,-37252.33655305399,297.6547405745371,1.0017511044541498,445
3335000,6670.000000441359,-37522.39111252097,307.8665945580806,1.0074840559385885,445
3340000,6680.000000443396,-37793.19024630851,298.1912614151267,1.0074311011493977,445
3345000,6690.000000445433,-37437.754918463674,301.72293658355113,1.0058246136159636,445
3350000,6700.0000004474705,-37067.951795631845,303.65425018933826,0.994332970660128,445
3355000,6710.000000449508,-37583.8830566002,302.4978550823419,1.0046303432685577,445
3360000,6720.000000451545,-37586.06540803687,291.39931919511764,1.0021013355520783,445
3365000,6730.000000453582,-37380.159490661026,310.5038194691715,1.0096002831712907,445
3370000,6740.00000045562,-37881.59635781159,291.29098597236,1.0238853545368087,445
3375000,6750.000000457657,-37738.53902046336,299.73631633526475,1.0112381589304202,445
3380000,6760.000000459694,-37644.23262914919,299.63803152840086,0.9960221038846822,445
3385000,6770.000000461731,-37447.13244886842,310.8625963426775,0.9960195390830849,445
3390000,6780.000000463769,-37662.558203132474,289.2446603774281,1.0087858528410654,445
3395000,6790.000000465806,-37414.36859730058,292.8905807884031,1.0145329192622703,445
3400000,6800.000000467843,-37341.62853968589,298.27871088196065,1.0100908648062015,445
3405000,6810.00000046988,-37586.72514770756,293.589248356145,1.0117437034298518,445
3410000,6820.000000471918,-37545.90040657797,301.0832883260283,1.018398111351522,445
3415000,6830.000000473955,-37691.98662184589,296.32730044438614,0.9990033793627425,445
3420000,6840.000000475992,-37473.892327243404,308.44629533845443,0.9958532786708564,445
3425000,6850.0000004780295,-37511.076684062195,305.16946252492454,0.9979225001272999,445
3430000,6860.000000480067,-37506.17266192872,312.57564947713485,1.011669098484496,445
3435000,6870.000000482104,-37490.05795233676,302.5295741782955,0.9929420007942323,445
3440000,6880.000000484141,-37229.80683820907,307.72765200417683,0.998102950390988,445
3445000,6890.000000486179,-37536.05725459423,296.10385434477394,1.0054043184920884,445
3450000,6900.000000488216,-37032.76261460665,299.3651908060821,0.9927271137229516,445
3455000,6910.000000490253,-37574.45482824079,292.4972397855277,1.0093406602783737,445
3460000,6920.00000049229,-37540.35090076836,310.5143319685302,0.9973176688824028,445
3465000,6930.000000494328,-37374.358205727796,295.30300770457075,0.9999153882177542,445
3470000,6940.000000496365,-37505.821331878135,305.8853011808704,1.0080903563190027,445
3475000,6950.000000498402,-37582.40015885077,299.87749859632555,1.0018148532423594,445
3480000,6960.0000005004395,-37507.03716372009,295.38547331854176,1.0107039728294323,445
3485000,6970.000000502477,-37617.36356807672,295.31822157120496,0.9937047262129757,445
3490000,6980.000000504514,-37604.42375609465,299.2570190036602,0.9949970389729005,445
3495000,6990.000000506551,-37334.81185420902,300.05308356641996,1.0048214860455331,445
3500000,7000.0000005085885,-37463.949188142025,303.20921432397364,1.0078488590916512,445
3505000,7010.000000510626,-37801.99889436108,303.62816062759015,1.01808656413306,445
3510000,7020.000000512663,-37544.8446863397,299.02221294792713,1.0053851869172463,445
3515000,7030.0000005147,-37561.79803101614,292.1276275719918,1.0006246971611354,445
3520000,7040.000000516738,-37887.33577068735,299.5660784137885,1.0055437813963504,445
3525000,7050.000000518775,-37452.60166585405,305.24093137853,1.0000209998371983,445
3530000,7060.000000520812,-37623.24279349542,293.8462900631127,0.994102659256334,445
3535000,7070.000000522849,-37522.696064822376,293.4090225514008,1.000937175257268,445
3540000,7080.000000524887,-37481.49092872444,289.6180861463936,1.007048890055893,445
3545000,7090.000000526924,-37342.91430580226,297.2917062396785,0.9970185444892465,445
3550000,7100.000000528961,-37458.58325390381,303.6271517504924,1.0103135856636813,445
3555000,7110.0000005309985,-37526.98208789181,304.69073016449465,1.0030691192317467,445
3560000,7120.000000533036,-37287.77497956602,298.45294395674415,0.9958744871812332,445
3565000,7130.000000535073,-37720.66864405776,291.0189523517195,1.01061586738773,445
3570000,7140.00000053711,-37809.82393518856,301.3188207732718,1.0103163928045007,445
3575000,7150.000000539148,-37431.95494677726,300.5000161207284,1.002229359911577,445
3580000,7160.000000541185,-37582.38413168519,301.8884933152939,0.989624019905107,445
3585000,7170.000000543222,-37347.477562920074,299.0531047646606,0.9941310647892192,445
3590000,7180.000000545259,-37491.61408352191,302.56641836990576,1.0000948539567427,445
3595000,7190.000000547297,-37539.13928329543,301.8471898869115,1.0025351558810116,445
3600000,7200.000000549334,-37486.570933359064,298.8830282635199,1.0005444115942295,445
3605000,7210.000000551371,-37219.17761964453,310.28438870040833,0.9971923037101299,445
3610000,7220.000000553408,-37289.358099402365,310.27135400830525,0.9774560227633861,445
3615000,7230.000000555446,-37729.04490010196,301.5547769488963,0.9964704285095456,445
3620000,7240.000000557483,-37693.61260664277,301.9902083042902,1.0211878020233218,445
3625000,7250.00000055952,-37678.88988112795,291.37787046801924,1.0104927912234418,445
3630000,7260.0000005615575,-37453.97844678885,301.34614116507913,1.0039426964218818,445
3635000,7270.000000563595,-37394.720330528886,292.89374866249,1.001064195402313,445
3640000,7280.000000565632,-37709.89728836459,289.91824726051965,1.0103932379644482,445
3645000,7290.000000567669,-37407.306407765456,304.6030385671573,0.9935445839629092,445
3650000,7300.000000569707,-37507.52851507181,308.52799420583113,1.0047034352484512,445
3655000,7310.000000571744,-37410.10115803461,305.7614514283492,0.9939166147779551,445
3660000,7320.000000573781,-37602.63981661195,304.5142573825542,1.0181027954851396,445
3665000,7330.000000575818,-37685.97489969799,304.3568725553034,1.0055895675930744,444
3670000,7340.000000577856,-37148.24833082518,293.2872712632429,0.9952691484608669,444
3675000,7350.000000579893,-37608.909091104695,301.6193854382369,0.9988975441225385,444
3680000,7360.00000058193,-37651.70964528815,305.1459355110047,0.989121417966118,444
3685000,7370.000000583967,-37519.16259416894,298.2526818528384,0.9958049350050475,444
3690000,7380.000000586005,-37626.50354071782,296.19949589364177,1.0048855213389265,444
3695000,7390.000000588042,-37176.68599928709,293.73727080392854,0.9929308430360586,444
3700000,7400.000000590079,-37233.87179939952,297.49227100671357,0.9983027886919081,444
3705000,7410.0000005921165,-37433.46987581707,295.5845247699301,0.9895794384292461,444
3710000,7420.000000594154,-37791.71376781716,298.6442875871056,1.0089929677863094,444
3715000,7430.000000596191,-37519.43882140244,294.3552483813915,1.0056110350054055,444
3720000,7440.000000598228,-37242.01623191647,302.88201530362755,0.9895419965917329,444
3725000,7450.000000600266,-37195.28210010353,301.51355423068173,0.9993675432474004,444
3730000,7460.000000602303,-37320.83464816975,296.8390029083709,0.9977320839003103,444
3735000,7470.00000060434,-37358.214873751625,304.6789464799928,0.9908402299104461,444
3740000,7480.000000606377,-37475.56573109477,296.59011292835305,1.0037160893672876,444
3745000,7490.000000608415,-37525.455097232305,299.3139196719739,0.9935614083264241,444
3750000,7500.000000610452,-37296.370159089216,299.63060619296135,1.0125965436543158,444
3755000,7510.000000612489,-37514.72757555891,302.2659949477343,0.9956233887022627,444
3760000,7520.0000006145265,-37889.994602116,295.4132779713561,0.9946426088034289,444
3765000,7530.000000616564,-37560.984983667935,298.1492517727759,0.9898490942970803,444
3770000,7540.000000618601,-37853.61199114815,307.39976694740426,1.009291736025375,444
3775000,7550.000000620638,-37965.64202989772,301.1718072025859,1.012534253288418,444
3780000,7560.0000006226755,-37541.37893905578,300.6720498434387,1.000784614352607,444
3785000,7570.000000624713,-37508.74278479896,291.2840045428435,1.0017014191770188,444
3790000,7580.00000062675,-37554.67449686953,301.3628078147342,1.0051240646240664,444
3795000,7590.000000628787,-37655.06962771967,301.65403027777404,1.0081703673347489,444
3800000,7600.000000630825,-37440.51645054194,311.6922968678767,1.0072694560876907,444
3805000,7610.000000632862,-37647.06270770362,308.66522166866866,1.004376738899321,444
3810000,7620.000000634899,-37340.147037054674,303.9863321748375,1.0077624428020842,444
3815000,7630.000000636936,-37862.40672137655,300.83643627774796,1.003402867727284,444
3820000,7640.000000638974,-37659.92647058956,299.02257614368233,0.9969767377215983,444
3825000,7650.000000641011,-37677.97102999859,298.0262898321007,1.0098920588142979,444
3830000,7660.000000643048,-37415.842288928805,311.22482357585784,1.0171650117732354,444
3835000,7670.0000006450855,-37300.202117449284,300.7646445834713,1.003579708352887,444
3840000,7680.000000647123,-37733.540972542396,288.06980281954264,1.0062677395485018,444
3845000,7690.00000064916,-37652.86711443408,297.8587758787884,1.0127861504441233,444
3850000,7700.000000651197,-37925.377703433536,300.97552007444546,1.0144423332617483,444
3855000,7710.000000653235,-37283.740850103495,302.953928063156,1.0091697905087271,444
3860000,7720.000000655272,-37617.6867779922,290.36019596196513,0.997118871711747,444
3865000,7730.000000657309,-37644.557188641105,298.1769757154224,0.9873944476825929,444
3870000,7740.000000659346,-37787.6062956556,305.72454670411304,0.9962963028845777,444
3875000,7750.000000661384,-37177.088776016375,295.37308430778126,0.9906520165687968,444
3880000,7760.000000663421,-37697.10334590197,307.63025500915893,1.0000965657431082,444
3885000,7770.000000665458,-37403.2848642077,300.9799591336756,0.9887489908765816,444
3890000,7780.000000667495,-37024.419886812684,294.8441502229668,0.9792453868153632,444
3895000,7790.000000669533,-37206.32626094617,301.4386350174019,0.9872764674068106,444
3900000,7800.00000067157,-37577.142341096886,303.47557805532466,1.0230495506400747,444
3905000,7810.000000673607,-37479.20726252909,297.54342107557005,0.9948518593903155,444
3910000,7820.0000006756445,-37692.82085975207,294.0112616461387,1.0143062875629698,444
3915000,7830.000000677682,-37407.88766321435,307.82547272757574,0.997023557855617,444
3920000,7840.000000679719,-37591.552879259776,293.94090255734073,0.985915692747856,444
3925000,7850.000000681756,-37446.906084513146,313.50440155579224,0.9989672793421218,444
3930000,7860.000000683794,-37618.27708728827,300.0496937393715,0.9969143791064401,444
3935000,7870.000000685831,-37077.11693381303,306.17381985328825,1.019575178089875,444
3940000,7880.000000687868,-37715.51954183349,301.67535793962077,1.0076011647780623,444
3945000,7890.000000689905,-37568.69690945541,303.41211968587544,1.0089004752217683,444
3950000,7900.000000691943,-37629.35503972371,300.58304670587415,1.007763510630434,444
3955000,7910.00000069398,-37565.73164183152,290.7733513110404,1.0009974649753872,444
3960000,7920.000000696017,-37551.73785854096,303.28903667994854,1.004161846663558,444
3965000,7930.0000006980545,-37195.6967671396,301.77658866761016,0.9994011576595359,444
3970000,7940.000000700092,-37298.46786739607,293.8595063530933,1.006314033588161,444
3975000,7950.000000702129,-37704.41340276922,306.6595739983185,1.0122198555707593,444
3980000,7960.000000704166,-37354.93051634339,294.29193125473597,0.99713966988336,444
3985000,7970.0000007062035,-37246.268720666034,302.4540496387571,1.0162857009246953,444
3990000,7980.000000708241,-37687.023718427896,298.9123260544389,1.0003674697163603,444
3995000,7990.000000710278,-37100.69977847804,300.4652703934815,0.998082647224305,444
4000000,8000.000000712315,-37677.58247082957,305.17004767364125,1.0041134859395346,444
4005000,8010.000000714353,-37482.69927859373,290.50244763274947,0.9965727046514444,444
4010000,8020.00000071639,-37564.49972640004,296.8166058368006,0.9899752523946712,444
4015000,8030.000000718427,-37155.85633665277,291.2245211491595,1.0035987586861508,444
4020000,8040.000000720464,-37469.99663465214,298.2140216824522,0.994900119124222,444
4025000,8050.000000722502,-37637.666545013926,307.49488388018125,0.9867991212254338,444
4030000,8060.000000724539,-37712.33985356151,309.01865149355655,0.9860916539095598,444
4035000,8070.000000726576,-37781.0491666068,302.22973590484077,1.0012662097349634,444
4040000,8080.0000007286135,-38027.4297637938,309.31606846197667,1.007454419129974,444
4045000,8090.000000730651,-37289.48656560629,306.38406984046173,1.0119230069483751,444
4050000,8100.000000732688,-37435.301608346286,305.09516881544533,1.007323687064799,444
4055000,8110.000000734725,-37151.14631823599,293.78694791222233,1.0026065002193358,444
4060000,8120.000000736763,-37552.34843569182,298.1587755725788,1.0055448788079437,444
4065000,8130.0000007388,-37426.446119407745,300.2756014991023,1.0017192743579335,444
4070000,8140.000000740837,-37790.98968235499,296.4735069133938,0.9991241842713536,444
4075000,8150.000000742874,-37816.5161864399,303.0447270019546,0.9988268441916757,444
4080000,8160.000000744912,-37301.827465218375,296.187692031598,0.9942430679201819,444
4085000,8170.000000746949,-37490.35592910112,291.8091856048543,1.016826937493911,444
4090000,8180.000000748986,-37964.6208445419,309.4748253620805,1.0034176904047465,444
4095000,8190.000000751023,-37358.652688220405,302.04137855068865,0.997706117259521,444
4100000,8200.00000075306,-37393.65371978778,299.8737455735219,0.9941934767370239,444
4105000,8210.000000755097,-37351.96355607605,300.0124258193802,0.9989269250974583,444
4110000,8220.000000757134,-37413.131099451595,298.1177142746999,0.9954000347850936,444
4115000,8230.000000759172,-37344.591995408846,290.0058379701473,1.0016135389833702,444
4120000,8240.000000761209,-37750.51033483411,295.19445252885157,1.0067608113871473,444
4125000,8250.000000763246,-37439.69181263892,294.22871501579016,0.9995144345378085,444
4130000,8260.000000765283,-37712.405640917656,292.69994337201,1.0077378920152333,444
4135000,8270.00000076732,-37833.45450277292,297.2577676141098,1.0122843262288137,444
4140000,8280.000000769358,-37382.928050619375,299.53815269572243,1.0091276162018206,444
4145000,8290.000000771395,-37729.51565857348,298.5754619914963,1.0044975450462101,444
4150000,8300.000000773432,-37361.73537567959,296.9990915262437,0.9929776388331516,444
4155000,8310.00000077547,-37431.35937429647,294.7722979960642,1.0042982591050735,444
4160000,8320.000000777507,-37406.01277211512,307.87276888591884,1.0068757265576742,444
4165000,8330.000000779544,-37831.72164216434,297.80001887661473,1.0013819368490247,444
4170000,8340.000000781582,-37474.4034250557,298.2768949031847,0.9970329576425188,444
4175000,8350.000000783619,-37744.52957922203,302.1830047176725,1.0015044611461914,444
4180000,8360.000000785656,-37776.31175828591,312.5384219122274,1.016419318501907,444
4185000,8370.000000787693,-37547.65964021164,294.98791520939784,1.0098166921350005,444
4190000,8380.00000078973,-37563.97618575161,300.4382728423454,1.0018447049833423,444
4195000,8390.000000791768,-37392.222040796565,305.62305366807817,0.9932268328748932,444
4200000,8400.000000793805,-37475.02561097601,302.775921788027,1.0083585703473212,444
4205000,8410.000000795842,-37554.8776184897,305.37123794447683,0.9996259127500208,444
4210000,8420.00000079788,-37371.34951466491,299.15165187956995,1.00040409994836,444
4215000,8430.000000799917,-37372.778606536216,301.9415804281781,1.0101079647680877,443
4220000,8440.000000801954,-37318.46740779767,309.25628240516335,0.9937081195354084,444
4225000,8450.000000803991,-37744.40227633386,296.4277442482393,1.0181972048692414,443
4230000,8460.000000806029,-37794.84756756644,303.0450700201678,1.0141535982753018,443
4235000,8470.000000808066,-37518.649036945426,298.90054236993706,0.9940206359414537,443
4240000,8480.000000810103,-37395.15881616963,303.01984809272375,0.997036441371202,443
4245000,8490.00000081214,-37773.8018384809,295.63194199352495,1.0035293074658402,443
4250000,8500.000000814178,-37641.04226873335,296.99497530768485,1.0161647121544473,443
4255000,8510.000000816215,-37518.5597385673,307.33338283437155,1.0059080714250563,443
4260000,8520.000000818252,-37733.2469038674,297.599312866786,1.0084753340780028,443
4265000,8530.00000082029,-37514.119691620406,301.5244702808795,1.0059390265295705,443
4270000,8540.000000822327,-37641.16266626562,302.2462007790762,1.0180476433824814,443
4275000,8550.000000824364,-37574.80916235622,303.7561871312961,1.0009585909902121,443
4280000,8560.000000826401,-37436.44968274984,295.11069555219535,0.9899686613254279,443
4285000,8570.000000828439,-37359.38502291977,297.85328758737654,1.0117720021112624,443
4290000,8580.000000830476,-37262.366046393145,298.14904999735637,0.993486122203497,443
4295000,8590.000000832513,-37544.17738742416,297.3457416970346,1.0075458940883169,443
4300000,8600.00000083455,-37505.36300716031,299.39539658638915,0.9915815562860544,443
4305000,8610.000000836588,-37720.61003455729,296.39556106882077,1.0082860307288535,443
4310000,8620.000000838625,-37796.45986103153,308.2058799260578,1.0031944581575478,443
4315000,8630.000000840662,-37203.49401397118,298.26006683319406,0.999634184765164,443
4320000,8640.0000008427,-37653.86887305076,292.7284744163347,1.0117357078701754,443
4325000,8650.000000844737,-37419.804909630446,296.5955406871391,0.9936543626438347,443
4330000,8660.000000846774,-37640.215444606816,300.0372038409012,1.022923558356614,443
4335000,8670.000000848811,-37341.60815222148,297.65615300247396,0.9984330842063152,443
4340000,8680.000000850849,-37621.70916339819,299.98028299504546,1.0233658844127496,443
4345000,8690.000000852886,-37787.603158604674,296.47834952346307,0.9953034690695242,443
4350000,8700.000000854923,-37408.27629562892,301.4978157479566,0.9967989872731782,443
4355000,8710.00000085696,-37278.5645160281,298.917229197134,0.9963567596093208,443
4360000,8720.000000858998,-37801.279908067954,291.76612673032184,1.0199994012945783,443
4365000,8730.000000861035,-37820.68550195638,295.36366139568815,1.0154171458679493,443
4370000,8740.000000863072,-37812.27880579923,298.74590168839217,1.006795766120597,443
4375000,8750.00000086511,-37278.010317058506,297.9901720320008,1.0046480639032362,443
4380000,8760.000000867147,-37406.69943261161,305.65562022079394,1.0164784002108187,443
4385000,8770.000000869184,-37369.66593310359,295.1436454782083,0.9939210924609996,443
4390000,8780.000000871221,-37219.105396889296,294.04998234915075,0.9996776631018748,443
4395000,8790.000000873259,-37550.644427911466,292.9174572742874,1.0106431447596718,443
4400000,8800.000000875296,-37461.92479344728,303.04519108541956,0.9935036451368308,443
4405000,8810.000000877333,-37428.64296307918,282.7272537932619,0.9788326495629044,443
4410000,8820.00000087937,-37282.06232265092,294.83470713333173,1.0001648286270555,443
4415000,8830.000000881408,-37380.92312099278,300.98090747814746,1.00497791130304,443
4420000,8840.000000883445,-37579.70217544248,305.57198430938945,1.0012321488888551,443
4425000,8850.000000885482,-37382.163240087975,299.7014293652242,1.003144169620767,443
4430000,8860.00000088752,-37730.37192268306,295.6784915828157,1.0086614638570284,443
4435000,8870.000000889557,-37369.942871895735,293.6600311733239,1.010942575872307,443
4440000,8880.000000891594,-37477.71005297385,304.44286923911665,1.0020071800708767,443
4445000,8890.000000893631,-37670.81645654494,294.59961859201127,1.001682922136792,443
4450000,8900.000000895669,-37251.23775848962,308.3711541722131,1.0032995541145955,443
4455000,8910.000000897706,-37342.56282081397,296.2710656349569,1.0144380201487253,443
4460000,8920.000000899743,-37200.80928798765,308.28556103923904,1.009387619898988,443
4465000,8930.00000090178,-37567.42923352923,300.7026188195009,0.9948652751275289,443
4470000,8940.000000903818,-37665.03594461197,311.5236126171309,1.0136593125640607,443
4475000,8950.000000905855,-37523.529120451945,310.0103373255724,1.007125790813495,443
4480000,8960.000000907892,-37517.85492878227,303.82031135962984,0.9970842916733391,443
4485000,8970.00000090993,-37661.79746463586,297.0854312282701,1.012564153266618,443
4490000,8980.000000911967,-37886.52460737861,301.98635439377676,0.9913288809657392,443
4495000,8990.000000914004,-37445.168470541365,307.3889114298324,0.9963264661588042,443
4500000,9000.000000916041,-37587.1998823373,299.549593362011,0.9902240951628726,443
4505000,9010.000000918079,-37349.373936681164,305.43205305592994,0.9997885553719241,443
4510000,9020.000000920116,-37269.9872579221,301.35622993605676,0.9959405047796432,443
4515000,9030.000000922153,-37574.41167963817,302.7821364709492,0.9992275705904219,443
4520000,9040.00000092419,-37272.632413291925,288.3451052019799,1.0047625969960403,443
4525000,9050.000000926228,-37385.99154082069,294.95631717869594,1.0097440812173124,443
4530000,9060.000000928265,-37868.26550011331,298.9462445024657,1.0178719745730511,443
4535000,9070.000000930302,-37950.42521337568,302.95663185377805,0.9982877395206942,443
4540000,9080.00000093234,-37388.15785029848,293.4148538610259,1.0021841698243865,443
4545000,9090.000000934377,-37623.44058677531,295.4312158061543,1.0104992882380608,443
4550000,9100.000000936414,-37564.99623487977,293.0813392700478,1.0153190052754828,443
4555000,9110.000000938451,-37778.749005406804,308.8141722833822,1.0072299669791283,443
4560000,9120.000000940488,-37499.006101803534,296.87495928813513,1.002017118545577,443
4565000,9130.000000942526,-37634.35246117288,297.0645272948045,1.0054548859984,443
4570000,9140.000000944563,-37467.13976577693,293.3009919917725,0.9910896464632787,443
4575000,9150.0000009466,-37269.10526656403,300.3419049019672,1.00103191225296,443
4580000,9160.000000948638,-37493.17764237808,301.68786801563294,1.0047021034811956,443
4585000,9170.000000950675,-37504.77746149051,291.0706875692928,0.9987980820163287,443
4590000,9180.000000952712,-37869.658866809215,295.93855992107666,1.0098741032960823,443
4595000,9190.00000095475,-37343.76097256373,304.57648492194414,0.993227501782911,443
4600000,9200.000000956787,-37533.847935765894,309.8249662476296,1.0200899065721305,443
4605000,9210.000000958824,-37349.43330890339,300.8676509351527,1.0092327812303152,443
4610000,9220.000000960861,-37585.13458647026,295.63791454594366,1.0075996102326699,443
4615000,9230.000000962898,-37319.03787812844,304.34107353995245,0.9933834044771969,443
4620000,9240.000000964936,-37644.123822010355,302.1190822647583,1.0135398321576705,443
4625000,9250.000000966973,-37731.45287721741,306.79448104383124,1.0080525739702786,443
4630000,9260.00000096901,-37611.943617664336,304.95852650132457,0.9980189165167256,443
4635000,9270.000000971047,-37417.091092854826,301.2612138909896,1.0010642189964625,443
4640000,9280.000000973085,-37661.46245047226,305.87434477558867,1.0039110455069955,443
4645000,9290.000000975122,-37292.76173788999,295.1240530849698,0.9831186658320877,443
4650000,9300.00000097716,-37482.045581150014,301.32487403585833,0.9931827753387276,443
4655000,9310.000000979197,-37529.565388150426,292.78430567492484,1.0094120562565732,443
4660000,9320.000000981234,-37589.54046862293,300.1845604298003,1.0066726766481147,443
4665000,9330.000000983271,-37547.732484074426,306.6505748146065,0.995787968781786,443
4670000,9340.000000985308,-37211.29376583529,305.61756537666633,1.0002598536161382,443
4675000,9350.000000987346,-36876.38890749088,300.1970301507286,0.9771707471378408,443
4680000,9360.000000989383,-37764.82160061409,299.6132131517959,1.0101347942993155,443
4685000,9370.00000099142,-37497.28167995816,305.0371180272401,0.994685230590328,443
4690000,9380.000000993457,-38034.387645153474,300.15617062826925,1.0181052992690545,443
4695000,9390.000000995495,-37439.0855536648,306.97099418085554,0.9961579770120191,443
4700000,9400.000000997532,-37810.01754013839,293.30450288407275,1.0088335913117372,443
4705000,9410.00000099957,-37575.71390348469,294.7450583144246,1.0131613362415381,443
4710000,9420.000001001607,-37353.483741607924,295.031095149182,0.9970450691837284,443
4715000,9430.000001003644,-37276.069831653585,300.1021351709132,1.0101345893340365,443
4720000,9440.000001005681,-37237.56386435495,306.2396389951462,0.997934714724788,443
4725000,9450.000001007718,-37608.94360978663,303.3921439193398,0.9988048024499474,443
4730000,9460.000001009756,-37525.490347922634,299.2787703938879,0.9945995763975838,443
4735000,9470.000001011793,-37546.016597259906,297.61965182907693,1.010765629204337,443
4740000,9480.00000101383,-37467.71645923282,309.28210965886603,0.9988627741342687,443
4745000,9490.000001015867,-37397.16666760665,310.6837022557024,1.0107917714989207,443
4750000,9500.000001017905,-37869.057042934466,296.6510491050579,1.0158036435109001,443
4755000,9510.000001019942,-37528.94975196774,301.30687566843426,1.0025267126127844,443
4760000,9520.00000102198,-37605.954972197884,298.0728595989334,0.99658384731344,443
4765000,9530.000001024016,-37510.7119189685,300.2867395022616,0.9925764725183306,443
4770000,9540.000001026054,-37401.14354215792,302.96442038497275,0.9829840732604378,443
4775000,9550.000001028091,-37426.93404954896,293.13658537992126,0.9985074192414499,443
4780000,9560.000001030128,-37586.89254802879,303.1223298283144,1.0016264424357528,443
4785000,9570.000001032166,-37115.737690452544,292.02066642208706,0.9997665432046153,443
4790000,9580.000001034203,-37677.79718544058,305.1196643513791,1.012117194052438,443
4795000,9590.00000103624,-37813.20398512288,302.44198346866784,1.0069255079101276,443
4800000,9600.000001038277,-37347.73915910139,298.2823024844287,1.011565709859902,443
4805000,9610.000001040315,-37825.55088631023,305.76149178343303,1.0045591616599063,443
4810000,9620.000001042352,-37743.77767438974,298.20110805560086,1.0065410011759843,443
4815000,9630.00000104439,-37594.784547590185,298.9485649197905,0.9997139086456222,443
4820000,9640.000001046426,-37641.905776148196,305.47216600933695,1.006746276916998,443
4825000,9650.000001048464,-37517.913151988265,308.8412101896022,1.008891171455613,443
4830000,9660.000001050501,-37567.59700262506,303.81930248253207,1.00412683963587,443
4835000,9670.000001052538,-37151.1958896915,299.53512606442916,0.9938266236499458,443
4840000,9680.000001054575,-37337.124433359306,301.247029078995,0.9912803249841646,443
4845000,9690.000001056613,-37759.72338742914,301.8452931979677,1.0121180013607176,443
4850000,9700.00000105865,-37053.501014381996,299.6745528793398,0.9894078913601684,443
4855000,9710.000001060687,-37759.778967882565,291.4542424643198,0.9952932517195233,443
4860000,9720.000001062725,-37646.2188331302,307.3045289493756,1.0137828335173575,443
4865000,9730.000001064762,-37496.67241255057,301.6328236811791,0.9956267058883543,443
4870000,9740.000001066799,-37452.49631529878,299.8648674550616,1.0250580602946817,443
4875000,9750.000001068836,-37416.19240417468,304.887541908726,0.9841354954454389,443
4880000,9760.000001070874,-37766.786611363175,292.2986322400624,0.9981685496491963,443
4885000,9770.00000107291,-37403.76606489261,308.8143740588017,0.997229099694787,443
4890000,9780.000001074948,-37271.27114132012,301.42249298383774,1.0123878989007296,443
4895000,9790.000001076985,-37170.5684489634,306.9219627539044,1.0148534029648406,443
4900000,9800.000001079023,-37323.629610633914,302.76922284409784,1.0094755449104724,443
4905000,9810.00000108106,-37868.2031290608,292.5482889666745,1.0204208864134414,443
4910000,9820.000001083097,-37464.03749137913,299.4643028921663,0.9966536682975714,443
4915000,9830.000001085134,-37831.95773776929,309.3498860222936,0.9978446438415544,443
4920000,9840.000001087172,-37350.581088841514,301.84549497338725,0.9946515048203198,443
4925000,9850.000001089209,-37632.62644305776,289.248756418445,1.025693554499149,443
4930000,9860.000001091246,-37408.499936629785,303.0081047633058,0.9933634582234703,443
4935000,9870.000001093284,-37384.58762177249,307.369682232349,0.999771695510579,443
4940000,9880.00000109532,-37749.83834595399,308.02862021998106,1.012949460928546,443
4945000,9890.000001097358,-37672.44508215407,290.634287691885,1.007374342366688,442
4950000,9900.000001099395,-37518.670860301325,298.6611560121802,1.019377357141162,443
4955000,9910.000001101433,-37519.25537174981,304.60511685397864,1.0002123609788296,442
4960000,9920.00000110347,-37473.26096177657,294.91023167287017,0.9961070894292325,442
4965000,9930.000001105507,-37863.81002560677,307.68566253936797,1.0189775060333686,442
4970000,9940.000001107544,-37600.90770525293,288.52062963944843,1.0236755034346743,442
4975000,9950.000001109582,-37208.478203750856,291.4760140320895,0.9915658312672743,442
4980000,9960.000001111619,-37706.72171925125,295.34513841217324,1.0121911699012032,442
4985000,9970.000001113656,-37656.15747340038,306.3741828449037,1.0108665232153897,442
4990000,9980.000001115694,-37357.97089811333,295.80569080730146,0.9918260411927732,442
4995000,9990.00000111773,-37585.637100965105,293.12161364379045,1.0081609586639784,442
5000000,10000.000001119768,-37400.22295394653,302.67204780204145,1.0095318204401644,442
5005000,10010.000001121805,-37488.81592891633,305.26560851234126,1.0138816877124934,442
5010000,10020.000001123843,-37496.20103997731,298.0633357991305,0.9980463590068118,442
5015000,10030.00000112588,-37507.57617447697,299.51432301867334,1.0028260088534364,442
5020000,10040.000001127917,-37506.40311917357,292.00121527164225,1.01476915561752,442
5025000,10050.000001129954,-37722.97173986022,295.48975085536637,1.0109633954913764,442
5030000,10060.000001131992,-37604.51490583579,306.8960951451177,0.9939233083248118,442
5035000,10070.000001134029,-37401.36385794933,293.1462706000598,1.0047875963893973,442
5040000,10080.000001136066,-37488.59051743173,303.2983990594158,1.01362402030975,442
5045000,10090.000001138103,-37742.42928925829,294.37510308267537,1.0206320952354861,442
5050000,10100.00000114014,-37329.19657286172,296.7482846797402,1.0012995540848535,442
5055000,10110.000001142178,-37497.9269466901,305.9234165576238,1.0051133172444366,442
5060000,10120.000001144215,-37537.44014127803,302.1517093500999,1.0153410020006985,442
5065000,10130.000001146253,-37473.796048568795,300.44731238114133,1.0118576344339854,442
5070000,10140.00000114829,-37370.586278486386,302.42521593130306,0.9934763301683918,442
5075000,10150.000001150327,-37535.93984454349,297.9458217947832,1.001543517127468,442
5080000,10160.000001152364,-37646.78382117854,295.6935238515723,0.9958972929585916,442
5085000,10170.000001154402,-37642.175660513894,303.95481485430344,1.018241097649076,442
5090000,10180.000001156439,-37383.12793708019,296.3669493143282,1.009866765925785,442
5095000,10190.000001158476,-37404.983765340585,297.25574985991426,0.9892495726840812,442
5100000,10200.000001160513,-37489.361189838935,295.5482455494946,1.0041144244166824,442
5105000,10210.00000116255,-37499.420542303735,300.845455639002,1.0158779606190862,442
5110000,10220.000001164588,-37459.97595524811,293.3789176588036,1.00625214126049,442
5115000,10230.000001166625,-37446.34889928231,295.2347269025942,0.9926594624409386,442
5120000,10240.000001168662,-37544.44342700904,306.88249548183995,0.9974263919119489,442
5125000,10250.0000011707,-37479.9165337552,305.4735784372738,1.0051905253615159,442
5130000,10260.000001172737,-36970.367871939176,303.0783831419359,0.9927383414290065,442
5135000,10270.000001174774,-37574.92399512458,295.3497187141971,1.0023168221814285,442
5140000,10280.000001176812,-37521.33834526257,298.22346477208725,1.000311171550907,442
5145000,10290.000001178849,-37433.261236489314,306.9044082924033,1.0128602894824876,442
5150000,10300.000001180886,-37261.923997247795,299.58425837909016,1.0174220272708445,442
5155000,10310.000001182923,-37736.003617265145,299.9356300946986,1.012498076053682,442
5160000,10320.00000118496,-37540.7280917842,305.5760803504064,1.001254323009313,442
5165000,10330.000001186998,-37655.954925698636,304.3669209711971,1.0198982049018306,442
5170000,10340.000001189035,-37425.47640197075,305.0312060074473,1.0132157357818388,442
5175000,10350.000001191072,-37780.870141619875,302.286858526116,0.9846914816175633,442
5180000,10360.00000119311,-37870.406655392755,300.5945882598726,1.0247185630838729,442
5185000,10370.000001195147,-37576.04094151335,299.2341376710829,0.9977450399784445,442
5190000,10380.000001197184,-37847.91215088911,299.90098525516146,1.0109372352716304,442
5195000,10390.000001199222,-37179.98082275342,292.9249229648109,1.0122231811051015,442
5200000,10400.000001201259,-37401.66351609028,305.1189783149525,0.9971500312851356,442
5205000,10410.000001203296,-37284.07035702639,305.71135059167426,0.9968573929423368,442
5210000,10420.000001205333,-37540.164616888884,298.7448322786685,1.0093473819014838,442
5215000,10430.00000120737,-37761.05311057379,309.3659877007739,1.0030921863027082,442
5220000,10440.000001209408,-37534.66046807298,303.3069543372048,0.9976966608429243,442
5225000,10450.000001211445,-37575.58873054685,300.0692054224422,0.9978354304772086,442
5230000,10460.000001213482,-37430.51201207709,300.7588132738462,1.00743887960883,442
5235000,10470.00000121552,-37654.4095091832,302.0261243289705,0.9997393318582777,442
5240000,10480.000001217557,-37602.1769101785,306.5136500148983,0.9881969112419922,442
5245000,10490.000001219594,-37703.48964255999,304.0519495412759,1.0049275306459722,442
5250000,10500.000001221631,-37435.25396337063,311.5021437124906,0.98804408995506,442
5255000,10510.000001223669,-37392.31551161074,297.1777233051734,1.0025080277268448,442
5260000,10520.000001225706,-37636.947537107306,294.2470362238855,0.9956884387044159,442
5265000,10530.000001227743,-37337.283298693656,289.94185498460723,1.0057288117441496,442
5270000,10540.00000122978,-37624.82062120651,296.31099699048633,0.9952678938770951,442
5275000,10550.000001231818,-37464.987189215055,299.3098639860409,0.9906071888543119,442
5280000,10560.000001233855,-37318.125154271635,295.10680128659806,1.009345339321168,442
5285000,10570.000001235892,-37994.0952899768,297.44120164802484,1.0027129896152294,442
5290000,10580.00000123793,-37450.502925088775,284.8477923875052,1.0109427990069837,442
5295000,10590.000001239967,-37674.610221242125,312.32090800995,1.0036806893412373,442
5300000,10600.000001242004,-37533.10448108328,299.83343084469533,1.0115469884976434,442
5305000,10610.000001244041,-37391.42107463037,312.87534650779594,1.0133825406614319,442
5310000,10620.000001246079,-37554.911998363736,297.1962261111463,1.01050497440908,442
5315000,10630.000001248116,-37788.460849448515,298.5415435434696,1.0025866932403502,442
5320000,10640.000001250153,-37479.52137087495,297.6422103209829,0.994437003699617,442
5325000,10650.00000125219,-37200.693958255055,299.6167442216381,1.0006969645166854,442
5330000,10660.000001254228,-37523.83068361599,302.35433222641433,0.9918616612282781,442
5335000,10670.000001256265,-37625.637499010074,297.0883973269376,1.0180120690052286,442
5340000,10680.000001258302,-37344.662508847076,294.03254895290144,1.0169914607165567,442
5345000,10690.00000126034,-37476.04187109467,295.7204003374567,1.0063421066506182,442
5350000,10700.000001262377,-37580.70753403491,295.86713142255513,1.0102278099515583,442
5355000,10710.000001264414,-37563.01678279703,299.88137268438095,1.0184578851575656,442
5360000,10720.000001266451,-37332.93364970258,300.61490704462153,0.9984095402993853,442
5365000,10730.000001268489,-37734.62620826971,294.9840411213424,0.9954749132456858,442
5370000,10740.000001270526,-37550.292702124454,301.74557578562496,0.9954429398526267,442
5375000,10750.000001272563,-37347.86070625714,298.14638656181825,0.9952439039600409,442
5380000,10760.0000012746,-37589.13075305725,305.2103220473839,0.9984618961421975,442
5385000,10770.000001276638,-37311.62658901443,291.5899767890526,0.9953284750627382,442
5390000,10780.000001278675,-37158.61099749457,297.488901357207,1.009910856174181,442
5395000,10790.000001280712,-37764.59911872912,301.26292898205577,1.0110603634652637,442
5400000,10800.00000128275,-37122.749490836286,298.57249589282884,0.9991518696176211,442
5405000,10810.000001284787,-37646.838037078094,304.0125428018373,1.003883676592555,442
5410000,10820.000001286824,-37446.00444606444,295.4201988682467,0.9932474687209664,442
5415000,10830.000001288861,-37613.297719063296,299.2799003362374,1.0074801656179058,442
5420000,10840.000001290899,-37910.9595357019,289.76334427092934,1.0097897454511753,442
5425000,10850.000001292936,-37445.851091756515,303.6071558064147,1.0004194775419182,442
5430000,10860.000001294973,-37533.798300280265,302.0350428025147,1.00451940323698,442
5435000,10870.00000129701,-37521.96036269507,292.08067443186195,0.9884772438614694,442
5440000,10880.000001299048,-37610.92327877646,297.05207775141815,0.9967636278305417,442
5445000,10890.000001301085,-37491.58288157731,297.0055483396694,1.0004026186545085,442
5450000,10900.000001303122,-37517.577911098255,300.8696485118063,1.02005167796616,442
5455000,10910.00000130516,-37713.434955063276,300.6789505627874,1.0067511906102669,442
5460000,10920.000001307197,-37277.78287606951,309.41828788952193,0.9978006051138111,442
5465000,10930.000001309234,-37524.685635281814,298.4296187182439,1.0023004500009716,442
5470000,10940.000001311271,-37693.15534270069,297.80633444724674,1.00521916144819,442
5475000,10950.000001313309,-37607.6078200835,298.44757673058405,1.0133023075519205,442
5480000,10960.000001315346,-37334.49232111126,295.4649526563034,0.9884392904472702,442
5485000,10970.000001317383,-37329.4776272531,298.1026416508593,0.9883899610033022,442
5490000,10980.00000131942,-37583.04816995928,298.5387993977636,0.9921372581055586,442
5495000,10990.000001321458,-37278.64487749999,295.2062160358115,0.9979853344410554,442
5500000,11000.000001323495,-37300.510176077485,293.74524093300084,1.0055181317319946,442
