#"Step","Time (ps)","Potential Energy (kJ/mole)","Temperature (K)","Density (g/mL)","Speed (ns/day)"
5000,10.000000000000009,-45349.93642716561,303.5420924567656,1.036981736412099,0
10000,19.999999999999794,-45318.55544138054,289.9976213623683,1.05453235822664,468
15000,29.99999999999425,-45610.820968668326,299.9826507393419,1.050185770082088,477
20000,40.00000000000292,-45481.24853982436,290.05332094689595,1.0422696859381593,474
25000,50.00000000001514,-45231.411149331805,291.7079813955366,1.0263452470667083,475
30000,60.00000000002736,-45375.16950174904,298.7106222191957,1.040649221277033,474
35000,70.00000000001826,-44921.19138698798,303.1987158455574,1.0322865573778524,473
40000,79.99999999999496,-45520.18961662837,295.3612648042841,1.0371124370511502,472
45000,89.99999999997165,-45055.28550666469,299.06524811535763,1.0380180502096776,471
50000,99.99999999994834,-45338.031828210806,293.77320168497,1.0354105601727623,470
55000,109.99999999992504,-45087.37431258516,288.9797563741447,1.037747525574931,470
60000,119.99999999990173,-45275.31852753289,303.635856028055,1.0525738982322117,471
65000,129.99999999989262,-45290.21723764282,296.81658245514285,1.0409673843369953,470
70000,139.99999999994037,-45525.173992658354,308.12143028330723,1.029701017954766,470
75000,149.99999999998812,-45386.15178110797,306.797041810104,1.0375148839712336,470
80000,160.00000000003587,-45619.43992081657,297.53815768289326,1.0533273743081875,470
85000,170.00000000008362,-45163.654791119334,303.32786779243037,1.0366750655365802,469
90000,180.00000000013137,-45212.725906978274,296.1328954440767,1.0335218608840493,469
95000,190.0000000001791,-44953.153008808295,304.4563507493653,1.0446361627386866,469
100000,200.00000000022686,-45108.33569385912,295.4649300899338,1.0326151705830853,470
105000,210.0000000002746,-45108.512925058574,302.774856068908,1.0437323077819387,470
110000,220.00000000032236,-45399.679215387325,304.569976339401,1.0328353509425459,469
115000,230.0000000003701,-45595.4079428323,297.77269355617267,1.0430269903785212,469
120000,240.00000000041786,-45259.23428534425,305.5189785173004,1.0329937389842059,469
125000,250.0000000004656,-45326.64305036698,296.3934843488288,1.0400901607491553,469
130000,260.00000000051335,-45284.13646666103,293.59469740636445,1.0514160270750708,469
135000,270.0000000005611,-45570.51379266041,294.0517972576514,1.0375869180373378,469
140000,280.00000000060885,-45382.88744905646,297.5892872454085,1.0503423667562481,469
145000,290.0000000006566,-45191.43956610767,296.7452002737092,1.0279600027073539,469
150000,300.00000000070435,-45405.365863629675,309.68594021224953,1.0479403891117585,469
155000,310.0000000007521,-44847.81982043659,299.2254723059134,1.0458324250443087,469
160000,320.00000000079984,-45091.91897769814,304.08199954451726,1.0476234088447678,469
165000,330.0000000008476,-45083.50463937281,294.0957593070104,1.0553320444072007,469
170000,340.00000000089534,-45265.88545624548,301.45829912915343,1.0464791872096222,470
175000,350.0000000009431,-44960.410946202755,307.11594732053624,1.0457577802330824,470
180000,360.00000000099084,-45246.861408406316,310.30439699459106,1.0535447235729887,470
185000,370.0000000010386,-45682.51751732486,299.3739784913091,1.0484951608267343,471
190000,380.00000000108633,-45203.75057644618,297.5750693991476,1.0568576219506796,471
195000,390.0000000011341,-45110.4308466822,302.08968477718827,1.039059745723791,471
200000,400.00000000118183,-45130.67579183055,300.0352841125194,1.0548046445559587,472
205000,410.0000000012296,-45218.213803282444,301.76800600553486,1.0296716263478245,472
210000,420.00000000127733,-45274.71923826623,294.6181870370649,1.0411693875604549,472
215000,430.0000000013251,-45383.20663367133,303.2066840890663,1.0441267894694606,472
220000,440.0000000013728,-45402.2520593167,294.5351649705056,1.0516945471149266,472
225000,450.0000000014206,-45450.16534523229,306.17620236671326,1.0463479963996813,472
230000,460.0000000014683,-45562.320099871635,298.9626960401981,1.046485257648674,472
235000,470.00000000151607,-45474.57286411279,304.8330455552453,1.0618674143859892,472
240000,480.0000000015638,-45548.73926970482,302.8853177975505,1.0521038576892532,472
245000,490.00000000161157,-45384.94460172142,297.7031081355303,1.0681622367215515,472
250000,500.0000000016593,-45443.75829286809,292.34702280694273,1.0440687909274557,472
255000,510.00000000170706,-45507.2781414006,293.64617850903454,1.0534569538594318,472
260000,520.0000000015274,-45308.23309956724,297.7970084168799,1.0391156923326874,472
265000,530.0000000012909,-45390.66944579469,305.5048973810997,1.0439257410710532,471
270000,540.0000000010544,-45525.4880779667,291.0201930826645,1.062861495815454,471
275000,550.000000000818,-45068.29677517855,303.684407629435,1.0320860466185011,471
280000,560.0000000005815,-44981.03782931907,299.9815961188775,1.0282057999903105,472
285000,570.000000000345,-45427.454842774256,297.8957912003795,1.0417350144299773,472
290000,580.0000000001086,-45438.71770827635,304.2847991538214,1.0428067290168401,471
295000,589.9999999998721,-45277.58154934234,287.530981276167,1.0627981792859245,471
300000,599.9999999996356,-45391.41797099021,297.8306000316722,1.0484696725762996,471
305000,609.9999999993992,-45458.93893737803,296.8276559700191,1.0477126886436776,471
310000,619.9999999991627,-45272.936949429364,287.7823715468684,1.0551858879672162,471
315000,629.9999999989262,-45363.46340976108,298.6144173968313,1.044416355863463,471
320000,639.9999999986898,-45603.31124327058,298.69761523346807,1.0418184486871063,472
325000,649.9999999984533,-45269.949703727005,310.16290208228287,1.0308882457444186,472
330000,659.9999999982168,-45042.50682133593,297.43734377849916,1.0389759449241172,473
335000,669.9999999979804,-45764.379756415816,298.9040474243718,1.047155271028734,473
340000,679.9999999977439,-45213.44618042113,293.81036729133615,1.034039929145821,473
345000,689.9999999975074,-45228.696570870554,311.2834363257175,1.0464934880861971,473
350000,699.999999997271,-44922.763090722845,298.74741675539843,1.0373867680237114,473
355000,709.9999999970345,-45276.40004284805,308.3699301127358,1.042383767407279,473
360000,719.999999996798,-45660.6869146963,295.82807106984535,1.0622251562277245,473
365000,729.9999999965615,-45289.39708491511,305.7579086425149,1.0475466597503802,473
370000,739.9999999963251,-45307.8975542484,294.40046650119024,1.0390555176303249,473
375000,749.9999999960886,-45312.964574453246,307.94554302585414,1.0395299327003313,473
380000,759.9999999958521,-45407.992690627056,300.8188475875667,1.0471269203246008,472
385000,769.9999999956157,-45158.51992498682,305.85124255361507,1.0305502208192727,472
390000,779.9999999953792,-45439.22739087115,296.11977127829743,1.0399248962458776,472
395000,789.9999999951427,-45584.71832582107,299.9128895486221,1.0526374144119748,472
400000,799.9999999949063,-45389.039190850075,304.1930081134006,1.0428143632816367,472
405000,809.9999999946698,-45305.731263919995,299.363822886837,1.0487345543419246,472
410000,819.9999999944333,-45419.412969494995,297.2673936436605,1.052591968349078,472
415000,829.9999999941969,-45385.82106151027,301.3168042168452,1.0603328544803905,472
420000,839.9999999939604,-45624.62724449937,298.6371503268419,1.0663988724669382,472
425000,849.9999999937239,-45069.22103807813,307.18129472931236,1.0407775608743288,472
430000,859.9999999934874,-45621.31529199908,303.5467015387953,1.05968919557357,472
435000,869.999999993251,-45358.45200372473,288.6985242503023,1.044016773474771,472
440000,879.9999999930145,-45246.123299193976,306.0831614057421,1.0413937725769387,472
445000,889.999999992778,-45290.93475249689,302.242194614347,1.0379530066209235,472
450000,899.9999999925416,-45333.478249573935,300.1169195484681,1.0574085663143993,472
455000,909.9999999923051,-45444.31964401028,299.9266386746766,1.0468008029792402,472
460000,919.9999999920686,-45390.03631007107,302.2423703844244,1.0447466301218078,472
465000,929.9999999918322,-45255.27199875182,303.36052196680987,1.0369145426213449,472
470000,939.9999999915957,-45345.56832411076,306.90043367563334,1.0458160149968405,472
475000,949.9999999913592,-45599.5628191767,301.5252479986348,1.0378034053925778,472
480000,959.9999999911228,-45553.36513229989,293.16431460684254,1.053427767769424,472
485000,969.9999999908863,-45296.370234951086,294.42669530274026,1.0551789702157857,471
490000,979.9999999906498,-44985.122434333054,299.6618898780928,1.0450146750609506,471
495000,989.9999999904134,-45013.739308079326,299.3110528035993,1.0302409380343949,472
500000,999.9999999901769,-45277.18548569715,296.68086842538025,1.031287397564751,472
505000,1009.9999999899404,-45045.539002366335,298.8832870252299,1.0421972104384147,471
510000,1019.999999989704,-45253.88092698177,296.64194511824013,1.053157423287735,471
515000,1029.9999999894676,-45299.24376787001,292.36221715363365,1.0451731758905414,471
520000,1039.9999999892311,-45172.41050857701,302.25205726869007,1.038860082694916,471
525000,1049.9999999889947,-45083.26292306397,296.19775460263793,1.0429905549319138,471
530000,1059.9999999887582,-45335.54413625918,303.34075759810645,1.0478556449923921,471
535000,1069.9999999885217,-45610.60904060776,295.57386847790553,1.0528171859209363,471
540000,1079.9999999882853,-45216.06715134892,301.5617691147171,1.053038850907203,471
545000,1089.9999999880488,-44963.7045047406,297.5396419635469,1.0242805412619223,471
550000,1099.9999999878123,-44985.46429053284,307.4771548295963,1.0221245089886075,471
555000,1109.9999999875758,-45544.96965655693,305.2018892976681,1.0486921933786246,471
560000,1119.9999999873394,-45488.80687488458,307.10942429766374,1.0581556959798992,471
565000,1129.999999987103,-44999.91205320583,301.28432581254316,1.0483059005020978,471
570000,1139.9999999868664,-45214.47782325017,310.50780203416184,1.0490571669581834,471
575000,1149.99999998663,-45647.061020836496,294.4305817744517,1.0538605885114385,471
580000,1159.9999999863935,-45058.062518086896,298.8974658114736,1.028922046882242,471
585000,1169.999999986157,-45232.82273441888,292.63249294265137,1.0352034945596984,471
590000,1179.9999999859206,-45237.156673264195,303.0871604364333,1.0323354328673326,471
595000,1189.999999985684,-45428.57731139724,303.0794851430534,1.0464142081750885,471
600000,1199.9999999854476,-45695.76219629549,304.8477321217126,1.0527359236507685,471
605000,1209.9999999852112,-45458.300249731226,294.62842076157136,1.050722453606448,471
610000,1219.9999999849747,-45327.657817196334,301.178434105913,1.0340195469239355,471
615000,1229.9999999847382,-45386.5527584973,299.7166910822248,1.0415421791150286,471
620000,1239.9999999845018,-45203.212456912006,307.4149517522048,1.0468002141728248,471
625000,1249.9999999842653,-45112.092166246905,301.67176212315326,1.0438805848251678,471
630000,1259.9999999840288,-45300.77138191537,298.16339137821905,1.0615632975156,471
635000,1269.9999999837923,-45371.89386003703,295.99015061121816,1.0214311118638413,471
640000,1279.9999999835559,-45249.40895482231,294.2718028045323,1.0482555174450003,471
645000,1289.9999999833194,-44643.23134827634,301.3863896374876,1.0327089298498071,471
650000,1299.999999983083,-45431.659762359515,309.3133467081755,1.0506541661098348,471
655000,1309.9999999828465,-45309.85168685365,304.3961202028423,1.0575878389050895,471
660000,1319.99999998261,-45405.16583797074,294.9793750161164,1.0368112991315195,471
665000,1329.9999999823735,-45345.63635967995,298.92779591482963,1.0437736920028593,471
670000,1339.999999982137,-45245.65326368163,306.5721928210903,1.056619876358058,471
675000,1349.9999999819006,-45173.173202941776,289.2475713820788,1.0412667985430197,471
680000,1359.9999999816641,-45185.099597809225,296.75637143862855,1.0466623832268813,471
685000,1369.9999999814277,-45343.48485371302,297.3905303478846,1.0486083847804297,471
690000,1379.9999999811912,-44935.274141758244,307.1864506515828,1.0531308818017107,471
695000,1389.9999999809547,-45448.84065776318,300.3451667589783,1.0434289584137495,471
700000,1399.9999999807183,-45494.40890334206,296.8376162744052,1.0457139030545703,470
705000,1409.9999999804818,-45390.861661855975,303.29990082011494,1.0383209345538378,470
710000,1419.9999999802453,-45260.32693372632,302.18387800866685,1.0404934668166608,470
715000,1429.9999999800089,-45483.82025666928,293.0414513227389,1.0581049058081928,471
720000,1439.9999999797724,-45196.03895697108,310.5356713564343,1.0526544273586738,471
725000,1449.999999979536,-45418.17827889649,296.3034900691992,1.040426733589223,471
730000,1459.9999999792994,-45346.429080085334,303.87925852523887,1.0428250120282465,471
735000,1469.999999979063,-45412.94016676565,296.11508407623336,1.0413734180723753,471
740000,1479.9999999788265,-45147.33380830308,298.7207387636506,1.0351682043430834,471
745000,1489.99999997859,-45503.50446470396,294.04384854415116,1.060918368827342,471
750000,1499.9999999783536,-45022.11317687121,296.2942133151141,1.0466202011923031,471
755000,1509.999999978117,-45223.40815023956,302.9580084895603,1.0532396640619799,471
760000,1519.9999999778806,-45238.99529510646,300.0400494346178,1.0468851195439144,472
765000,1529.9999999776442,-44866.55230817027,304.2384739734218,1.0448013467356363,472
770000,1539.9999999774077,-45007.4741602444,298.2650060129657,1.0467729389408116,472
775000,1549.9999999771712,-45020.28134774478,300.3063411018811,1.0519148245109635,472
780000,1559.9999999769348,-45478.270927114034,300.29958371890547,1.049915518321915,472
785000,1569.9999999766983,-45238.66567562855,299.3517142815049,1.0429061195837508,472
790000,1579.9999999764618,-45348.9550876914,305.027955041075,1.03362908510503,472
795000,1589.9999999762254,-45496.13811641993,290.4680211495119,1.0642007445007156,472
800000,1599.9999999759889,-45017.41068611099,302.8273917920424,1.0437393259009649,472
805000,1609.9999999757524,-44989.49975018803,298.96595755163435,1.0414378692798199,472
810000,1619.999999975516,-45257.28690820493,302.2095404399675,1.029699653084477,472
815000,1629.9999999752795,-45211.88734694131,300.9769625371937,1.0394240349503379,472
820000,1639.999999975043,-45298.63371649233,314.64488281595266,1.0512105976386052,472
825000,1649.9999999748065,-45250.95635999291,300.6312227949449,1.0437810431703438,472
830000,1659.99999997457,-45002.56839545132,304.13273850686045,1.0482830723026781,472
835000,1669.9999999743336,-45466.1659144586,300.5436502363817,1.0448386220306403,472
840000,1679.9999999740971,-45490.745957125124,316.607824450347,1.0511393559151518,473
845000,1689.9999999738607,-45496.627423660015,304.5483761498893,1.0479219051998852,473
850000,1699.9999999736242,-45131.832550480525,300.78470913253364,1.0568281087535447,473
855000,1709.9999999733877,-45240.99366768511,296.003196656963,1.0455964049662423,473
860000,1719.9999999731513,-45332.28809820741,297.5686440263181,1.0410897381066653,473
865000,1729.9999999729148,-45196.93797334778,303.9029093656537,1.0393370744943466,473
870000,1739.9999999726783,-45599.7207362288,294.1822186550833,1.0469680032840054,474
875000,1749.9999999724419,-45108.309351010714,303.29556515820565,1.048017112474887,474
880000,1759.9999999722054,-45199.177085430216,303.1589722780561,1.0457055348576756,474
885000,1769.999999971969,-45444.296857241774,299.19252518140496,1.0517944769125167,474
890000,1779.9999999717324,-45169.61946692309,301.63219432572936,1.0372248620035482,474
895000,1789.999999971496,-45281.66872823489,299.5128759124735,1.0426719316375836,474
900000,1799.9999999712595,-45232.22190835292,298.42853077497494,1.0317067686209862,474
905000,1809.999999971023,-45528.77608474344,291.68581483577543,1.0430639407427846,474
910000,1819.9999999707866,-45110.16594132435,303.42331094445933,1.0505030929262302,474
915000,1829.99999997055,-45236.8830958124,300.66791968110465,1.054721787006748,474
920000,1839.9999999703136,-45455.458421730116,299.31585718571495,1.0559670882489156,474
925000,1849.9999999700772,-45085.278026448796,302.17301932388517,1.0554705836190497,474
930000,1859.9999999698407,-45404.481221568305,292.8635720044085,1.0639697477005152,474
935000,1869.9999999696042,-45266.86870464927,303.3428082490095,1.0348982595234,474
940000,1879.9999999693678,-45339.10029515589,294.3013712375529,1.0509916973475446,474
945000,1889.9999999691313,-45501.97465743296,299.53326524145206,1.0658763537667757,474
950000,1899.9999999688948,-45268.648679812584,294.1518690217187,1.0304073594963568,474
955000,1909.9999999686584,-45179.995658900705,301.6912921317534,1.039860313297331,474
960000,1919.999999968422,-45227.00244503998,291.09700460648895,1.0412962748587902,474
965000,1929.9999999681854,-45055.99678172768,300.30680982208753,1.040620827112088,474
970000,1939.999999967949,-45337.55385553528,287.7266329023235,1.0460084943256516,474
975000,1949.9999999677125,-44961.36770003653,307.15703845863095,1.031612271893957,474
980000,1959.999999967476,-45227.34052538729,302.8112990649559,1.0508996700013524,474
985000,1969.9999999672395,-45248.74923142596,306.93035364880876,1.0369747940559098,474
990000,1979.999999967003,-45526.984910654544,297.24923073566237,1.059547226444983,474
995000,1989.9999999667666,-44730.77373518495,303.2537709398013,1.0373992155590845,474
1000000,1999.9999999665301,-45230.52712993132,306.61316677913345,1.0684758984076703,474
1005000,2009.9999999662937,-45226.38594406101,294.3501962590534,1.0315058835176334,474
1010000,2019.9999999660572,-45263.042667581874,303.71342922221487,1.0308813060670063,474
1015000,2029.9999999658207,-45454.46922532091,304.3318664745478,1.0487206120971009,474
1020000,2039.9999999655843,-44844.042963365966,295.20326703470874,1.040306148859462,474
1025000,2049.999999965348,-45279.58052615894,298.83608299444325,1.0322617180624283,474
1030000,2059.9999999651113,-45297.137930814875,297.61416847636514,1.057615816427538,474
1035000,2069.999999964875,-45510.736534065625,295.8917779578991,1.0484258111628195,474
1040000,2079.9999999646384,-45407.74072872527,303.0231215382333,1.0318966247071486,474
1045000,2089.999999964402,-45042.48863880674,307.2627348651751,1.038779034490931,474
1050000,2099.9999999641655,-45112.52011842889,304.7616243137945,1.0294868342554235,474
1055000,2109.999999963929,-45448.509109517996,309.64445847398275,1.0405409800350798,474
1060000,2119.9999999636925,-45449.81093897109,294.82696282900065,1.0467179203290564,474
1065000,2129.999999963456,-45264.14316881166,303.6258566636517,1.0444656201509201,474
1070000,2139.9999999632196,-45228.52299488633,298.4084734561426,1.0469668291383987,474
1075000,2149.999999962983,-45200.79147393032,300.270835546246,1.047134990750043,474
1080000,2159.9999999627466,-45013.69093091795,293.56602735373946,1.0259997538136596,474
1085000,2169.99999996251,-45605.703298185224,308.7158846850792,1.0387592052330354,474
1090000,2179.9999999622737,-45203.02281444546,293.34104165466545,1.0398776531783869,474
1095000,2189.9999999620372,-45641.60682037959,306.793038158341,1.0543339291915645,474
1100000,2199.9999999618008,-45155.194950826175,301.3031332108251,1.0479395044677442,474
1105000,2209.9999999615643,-45399.887674962345,297.2213809433985,1.0486793254251812,474
1110000,2219.999999961328,-45218.85896112671,304.82910049350807,1.039038480363774,474
1115000,2229.9999999610914,-45339.87744756375,293.80159831747466,1.0460663878911596,474
1120000,2239.999999960855,-45379.435295829695,301.05273897056236,1.0512173857441258,474
1125000,2249.9999999606184,-45307.959347608296,297.15497891415794,1.038217163784712,474
1130000,2259.999999960382,-45165.23099010554,295.1842643363408,1.031785870317831,474
1135000,2269.9999999601455,-45251.80581325805,292.888414175348,1.036330503366777,474
1140000,2279.999999959909,-45394.142175191024,299.93763406951854,1.047758719921062,474
1145000,2289.9999999596726,-45303.39168908191,291.9750933231611,1.0463930896260192,474
1150000,2299.999999959436,-45240.07264404153,290.0922637840447,1.0332514917872906,474
1155000,2309.9999999591996,-45422.9256723859,306.7691138978058,1.0506250923930462,474
1160000,2319.999999958963,-45543.83042114953,308.61823464207833,1.0365864123845325,474
1165000,2329.9999999587267,-45332.84257397725,296.1957430117521,1.0395455575694281,474
1170000,2339.99999995849,-45151.9883904013,306.03070380264205,1.0422691970072875,474
1175000,2349.9999999582537,-45359.06274693215,299.41803819071106,1.0548243648914084,474
1180000,2359.9999999580173,-45179.90831682793,301.5335482522899,1.051890560840141,474
1185000,2369.999999957781,-45669.81178814688,300.05489224115394,1.0568662055646276,474
1190000,2379.9999999575443,-44925.14181301216,303.9950910062465,1.0344495922717125,474
1195000,2389.999999957308,-45442.34217064775,305.6129764486931,1.0384409440966467,474
1200000,2399.9999999570714,-45795.306166645576,302.8000888400194,1.0461781883892243,474
1205000,2409.999999956835,-45581.32975105004,291.496315162328,1.0480735028521602,474
1210000,2419.9999999565985,-45333.351761086815,301.1182230893987,1.0530464511185382,474
1215000,2429.999999956362,-45155.682402395614,296.88214469401356,1.058986958490873,474
1220000,2439.9999999561255,-44957.524450411816,311.12330978520475,1.0549596573984388,474
1225000,2449.999999955889,-45048.083399929455,306.3968914638952,1.0291693982394896,474
1230000,2459.9999999556526,-45079.952369152656,307.69063735360476,1.050237548068813,474
1235000,2469.999999955416,-45590.202659558476,289.9024125704425,1.0474643672467605,474
1240000,2479.9999999551796,-45063.611500449624,304.64473721232247,1.0269178213391301,474
1245000,2489.999999954943,-45209.17437587876,298.08456826350874,1.0517785538828603,474
1250000,2499.9999999547067,-44943.993822174,298.740307832268,1.0404850726426138,474
1255000,2509.9999999544702,-45488.21058262748,302.8723108118228,1.0405890174861656,474
1260000,2519.9999999542338,-45079.05083572041,299.2210194639526,1.0342853444400133,474
1265000,2529.9999999539973,-45045.98546856971,301.7867157537739,1.0290972451981337,474
1270000,2539.999999953761,-45349.51717755277,305.73498041241834,1.0373800577045877,474
1275000,2549.9999999535244,-45247.49600916673,302.59789466098186,1.031726966184978,474
1280000,2559.999999953288,-45474.22789638702,292.67088893955935,1.0545572410180912,474
1285000,2569.9999999530514,-44901.54197244864,296.41822886972517,1.0416848491591517,474
1290000,2579.999999952815,-45042.47275372819,305.8792290559391,1.0300794847704426,475
1295000,2589.9999999525785,-45061.41585365453,302.6509576943485,1.0475267013710166,475
1300000,2599.999999952342,-44892.056051081716,302.311994865084,1.0289972519872588,475
1305000,2609.9999999521056,-45299.62017461282,303.52910500104645,1.046344011057817,475
1310000,2619.999999951869,-45523.32966379059,310.4165578339818,1.056036041495561,475
1315000,2629.9999999516326,-45570.05034821757,299.7940299162815,1.0658412503828885,475
1320000,2639.999999951396,-45337.41133104349,293.38865581563266,1.0400180468086462,475
1325000,2649.9999999511597,-45308.917298188986,301.40357604505573,1.0514653519186117,475
1330000,2659.999999950923,-45427.38352729773,306.3602531677613,1.052266278867678,475
1335000,2669.9999999506867,-45333.88983913895,299.74073252281164,1.039226163339548,475
1340000,2679.9999999504503,-45511.43476639403,310.4426108654544,1.0490627876884162,475
1345000,2689.999999950214,-45054.278499554144,300.80332123072964,1.0324749504296242,475
1350000,2699.9999999499773,-45276.34589974102,304.0705158994603,1.0458469942383568,475
1355000,2709.999999949741,-45410.03505555054,292.54320174333145,1.0470226364774338,475
1360000,2719.9999999495044,-45416.753885506856,295.9383960884276,1.048943284970107,475
1365000,2729.999999949268,-45392.159974723414,313.51319693760735,1.0549067298780113,475
1370000,2739.9999999490315,-44976.9798341415,310.7059535014191,1.0395153082889395,475
1375000,2749.999999948795,-45235.23089169845,298.55227290946556,1.0361660660805643,475
1380000,2759.9999999485585,-45493.29539672987,295.64929337111937,1.0520764013875747,475
1385000,2769.999999948322,-45286.8778327592,295.4749099243285,1.0504681293885767,475
1390000,2779.9999999480856,-45340.60206010126,303.0310702517336,1.035873250687148,475
1395000,2789.999999947849,-45048.32379304711,291.7145044184091,1.0495419204021068,475
1400000,2799.9999999476127,-45228.621025961154,294.124351239601,1.0394782003874232,475
1405000,2809.999999947376,-45322.33582116323,297.5579220515966,1.0559163842486436,475
1410000,2819.9999999471397,-45640.155495128856,294.07027264578716,1.0618714000389795,475
1415000,2829.9999999469032,-45555.18114063208,298.7864963026074,1.043971638337745,475
1420000,2839.999999946667,-45168.163690060406,297.0976778689251,1.051956671827972,475
1425000,2849.9999999464303,-45619.10634554125,304.4582842202167,1.0511650182476007,475
1430000,2859.999999946194,-45395.04813329002,296.2887058526889,1.0529874211752313,475
1435000,2869.9999999459574,-45342.79553995578,292.11281894380954,1.0650493244787085,475
1440000,2879.999999945721,-45486.23308607243,291.2759776053009,1.053649191653159,475
1445000,2889.9999999454844,-45776.96363198082,303.6947975940103,1.0426128581634044,475
1450000,2899.999999945248,-45228.96989116608,293.3879722653317,1.0554050322219113,475
1455000,2909.9999999450115,-45300.72780090556,303.8904687501754,1.0475869770387516,475
1460000,2919.999999944775,-45196.548298332404,304.33108527420376,1.0327516967678692,475
1465000,2929.9999999445386,-45379.29075566761,300.0853590545702,1.0382980411852862,475
1470000,2939.999999944302,-45437.160463987006,294.8637183051862,1.0397970600706297,475
1475000,2949.9999999440656,-45075.55489176762,291.6610312548618,1.0491559268594048,475
1480000,2959.999999943829,-45123.57157083909,303.7936194375271,1.0332082672506477,475
1485000,2969.9999999435927,-45289.0348049319,296.581968461829,1.0368987019228328,475
1490000,2979.999999943356,-45120.95678313161,304.94985453668295,1.0454822986193704,475
1495000,2989.9999999431197,-45388.52257239047,295.8119002227244,1.0486863756390394,475
1500000,2999.9999999428833,-45226.142474112974,303.6930398932363,1.0519081103078707,475
1505000,3009.999999942647,-45567.944172505086,295.068588095402,1.0458185852527355,475
1510000,3019.9999999424103,-45484.968651657546,303.9483361656577,1.0582415664644576,475
1515000,3029.999999942174,-45139.08444334846,296.0332142801815,1.0425286074970581,475
1520000,3039.9999999419374,-45281.48698192445,290.17940668241863,1.044753139817364,475
1525000,3049.999999941701,-45440.50889133627,305.0559610734077,1.0600425835489058,475
1530000,3059.9999999414645,-45395.954920683784,305.4172857625194,1.052228056050185,475
1535000,3069.999999941228,-45179.5829678743,298.32465065923066,1.0459338418610247,475
1540000,3079.9999999409915,-45387.95478698367,285.7112141348205,1.044837634255649,475
1545000,3089.999999940755,-45327.873893173295,298.27475148725716,1.042620710867774,475
1550000,3099.9999999405186,-45367.07112342137,307.351635464323,1.0326836037763134,475
1555000,3109.999999940282,-45346.35637209576,300.7209631844627,1.0397587139961886,475
1560000,3119.9999999400457,-45459.777932659024,300.457815848584,1.0502266881581659,475
1565000,3129.999999939809,-45482.90309537508,296.7288145964937,1.0358996808392282,475
1570000,3139.9999999395727,-45030.559412634204,305.10111445329125,1.0290756100238985,475
1575000,3149.9999999393362,-45398.86171261969,298.8256930298679,1.0455218404488362,475
1580000,3159.9999999391,-45197.59324596269,295.469558701972,1.0362842385158393,475
1585000,3169.9999999388633,-45204.01881525354,310.2646924871069,1.035741216419065,475
1590000,3179.999999938627,-44965.702836264885,289.2353651267037,1.0358886629553272,474
1595000,3189.9999999383904,-45150.87678415398,294.9296125542032,1.0486139595405637,474
1600000,3199.999999938154,-45421.05899502139,299.4096793470302,1.0467821488383937,474
1605000,3209.9999999379174,-45365.78095330493,296.9138223679631,1.038073665008702,474
1610000,3219.999999937681,-45270.76646423602,296.9034909934136,1.045174914148614,474
1615000,3229.9999999374445,-45381.04736256908,303.37309929234834,1.0368535846237328,474
1620000,3239.999999937208,-45329.09950060226,303.5910541883262,1.0500185594181093,474
1625000,3249.9999999369716,-45427.576673823496,306.98468613273445,1.0465906528561335,474
1630000,3259.999999936735,-45157.61221335843,305.5905364688115,1.0442479232280573,474
1635000,3269.9999999364986,-45510.07860357367,295.3164434345467,1.0343191329930512,474
1640000,3279.999999936262,-45309.1118214709,299.78953801430345,1.0535929202210095,474
1645000,3289.9999999360257,-45433.246836280945,307.9201540146739,1.0454771665795362,474
1650000,3299.999999935789,-45217.650004131254,302.9013714646199,1.0305727012315904,474
1655000,3309.9999999355528,-45303.52741549333,296.7069995768873,1.054340636493388,474
1660000,3319.9999999353163,-45195.024539854145,309.52583320174534,1.0432687562686631,474
1665000,3329.99999993508,-44993.356140693184,296.7115891289083,1.0269517772969512,474
1670000,3339.9999999348433,-45450.12057991041,292.96833097053985,1.0440130007663517,474
1675000,3349.999999934607,-45026.26430192107,307.1643231518388,1.0460679523932839,474
1680000,3359.9999999343704,-45157.92687331699,305.1129496385029,1.0363175012831347,474
1685000,3369.999999934134,-45561.7158131242,288.08180563872617,1.0537729181790905,474
1690000,3379.9999999338975,-45357.39706302571,302.6988257454275,1.0397826882850267,474
1695000,3389.999999933661,-45029.93252116893,296.5319130497868,1.0501230663477332,474
1700000,3399.9999999334245,-45294.3901895773,296.1258451109721,1.0379919718964403,474
1705000,3409.999999933188,-45477.33838323504,306.3892747605411,1.0606728082431043,474
1710000,3419.9999999329516,-44807.10408226491,303.21158612122497,1.0167016227820078,474
1715000,3429.999999932715,-45507.06758212598,298.50180736724275,1.039296199687153,474
1720000,3439.9999999324787,-45299.67876455016,311.2871860873687,1.0424127033813413,474
1725000,3449.999999932242,-45419.83547408649,294.63447506423745,1.0387767238055239,474
1730000,3459.9999999320057,-45349.31483325601,300.40543636551837,1.0494889306660629,474
1735000,3469.9999999317693,-45204.71828661632,307.1861772314624,1.0423354336483361,474
1740000,3479.999999931533,-44903.91208485994,301.04344268646867,1.0247666956244397,474
1745000,3489.9999999312963,-45380.17350299787,286.72771202244206,1.0486981596187037,473
1750000,3499.99999993106,-45413.07269178683,302.44323652287716,1.0536731440207106,473
1755000,3509.9999999308234,-45299.24447476611,294.32273706696157,1.028768018500359,473
1760000,3519.999999930587,-45537.00093525494,304.16353733042297,1.0535279098599364,473
1765000,3529.9999999303504,-45155.2120736666,299.0306018801009,1.0394332146836516,473
1770000,3539.999999930114,-45125.55667477855,297.87301921035174,1.0392049548690971,473
1775000,3549.9999999298775,-45386.0045393965,288.30210413573604,1.0496274620996955,473
1780000,3559.999999929641,-45243.32027580895,292.46762061004875,1.0470643476855668,473
1785000,3569.9999999294046,-45298.39216143952,307.7137804137959,1.0389660091396165,473
1790000,3579.999999929168,-45306.1620179945,295.43688499758395,1.0354015450661787,473
1795000,3589.9999999289316,-45326.300846745726,307.4029407969157,1.0523075288349166,473
1800000,3599.999999928695,-45727.16848315735,294.1833709255908,1.048720445412902,473
1805000,3609.9999999284587,-45511.818097422685,286.7750527632889,1.050577581901726,473
1810000,3619.999999928222,-45334.21494224761,310.66142508181076,1.0530961085566228,473
1815000,3629.9999999279858,-45149.60154293003,312.37553487663035,1.03334424686438,473
1820000,3639.9999999277493,-45102.08264880988,306.4772965093021,1.0394114437778457,473
1825000,3649.999999927513,-45115.26116480463,303.04970187993814,1.0479218272489979,473
1830000,3659.9999999272763,-45193.78975700907,301.75999870200883,1.046846419477205,473
1835000,3669.99999992704,-45124.08694128119,312.0373141876926,1.0415914101660917,473
1840000,3679.9999999268034,-44814.335221221176,297.55116466862097,1.034339209100841,473
1845000,3689.999999926567,-45382.84622557694,302.1355607673901,1.0402751551783875,473
1850000,3699.9999999263305,-45154.472399092396,309.23327367291483,1.051306086000115,473
1855000,3709.999999926094,-45296.82232590049,293.864348235107,1.0539789755618032,473
1860000,3719.9999999258575,-45290.08758843233,302.8857279277312,1.0448233664508537,473
1865000,3729.999999925621,-45151.82515610728,309.0089129341161,1.0385203707184174,473
1870000,3739.9999999253846,-45579.9743181153,309.8546208965292,1.0378792814980469,473
1875000,3749.999999925148,-45261.172425720055,293.4206654997284,1.058162172110082,473
1880000,3759.9999999249117,-45222.84946452471,293.98361799762824,1.043590087252474,473
1885000,3769.999999924675,-45349.24152486544,293.637507185216,1.0257462665354953,473
1890000,3779.9999999244387,-45438.995592123654,307.3936640428306,1.0552012825277015,473
1895000,3789.9999999242023,-45280.97400618854,298.9089689865391,1.0404145512307814,473
1900000,3799.999999923966,-45903.22238917748,297.90844664595244,1.0565126039939403,473
1905000,3809.9999999237293,-45025.438583678566,296.58290590224186,1.0529862287977996,473
1910000,3819.999999923493,-45406.58788539871,297.48175501805594,1.0418158865574338,473
1915000,3829.9999999232564,-45248.05813859246,301.96121638061635,1.062847516302309,473
1920000,3839.99999992302,-45236.254947454174,308.9016150668667,1.0364196725019177,473
1925000,3849.9999999227834,-45429.672711114574,304.21023358098597,1.050771713798022,473
1930000,3859.999999922547,-45746.16077463256,309.21417332450386,1.063283591146907,473
1935000,3869.9999999223105,-45360.181269672205,306.34480493095856,1.046303948670622,473
1940000,3879.999999922074,-45115.180252633116,297.65117784266243,1.0416044836681928,473
1945000,3889.9999999218376,-45334.71405812734,300.64667103174764,1.0331058713812498,473
1950000,3899.999999921601,-45356.49823394322,304.05047811063656,1.0346284421807843,473
1955000,3909.9999999213646,-45460.417753287096,295.8020961584071,1.0267304259669303,473
1960000,3919.999999921128,-45021.90865819412,302.3219746994787,1.0471766057835998,473
1965000,3929.9999999208917,-45306.48424879677,298.21272417994305,1.042210620073646,473
1970000,3939.9999999206552,-45173.92186789267,296.18853643857864,1.0464402423190273,473
1975000,3949.9999999204188,-45267.662559780525,298.10249681140374,1.0471540270173323,473
1980000,3959.9999999201823,-45291.02773991143,303.8711145116526,1.0493168790649978,473
1985000,3969.999999919946,-45455.01381221888,289.0759611965091,1.049583419811532,473
1990000,3979.9999999197094,-45437.18194032874,308.6015169547166,1.0481752919483072,473
1995000,3989.999999919473,-45169.625512457074,302.8266496517156,1.042920260390064,474
2000000,3999.9999999192364,-45262.18486175031,300.8906789591981,1.0446726322867483,474
2005000,4009.999999919,-45324.99954588385,299.3752674718767,1.0482599590089818,474
2010000,4019.9999999187635,-45526.144972044276,306.6170727808535,1.0457422711854634,474
2015000,4029.999999918527,-45298.96420404661,301.2328447098731,1.0586252226777932,474
2020000,4039.9999999182905,-45001.416942018084,295.4599499377407,1.0478333057393985,474
2025000,4049.999999918054,-45295.62263548159,302.16032481829507,1.056387273934806,474
2030000,4059.9999999178176,-45649.564449134195,303.423916374726,1.049939597766554,474
2035000,4069.999999917581,-45364.59014811015,299.4215145322419,1.0453478541842527,474
2040000,4079.9999999173447,-45488.01181533586,299.40647642561976,1.0376227655110233,474
2045000,4089.999999917108,-45796.267586957925,307.1378599901856,1.0707151154650743,474
2050000,4099.999999917781,-45514.74626187372,296.1229937297164,1.0495604395296358,474
2055000,4109.999999919818,-45342.103276879905,297.1858363277462,1.0411825363802576,474
2060000,4119.999999921855,-45374.04678221143,304.64102651068845,1.0563650496497443,474
2065000,4129.999999923893,-45318.89033869331,297.5978413891754,1.0601530852768206,474
2070000,4139.99999992593,-45115.8167582108,303.42256880413254,1.0544421718315358,474
2075000,4149.999999927967,-45300.51592739957,303.08612534597745,1.05870849825941,474
2080000,4159.999999930004,-45339.195447868726,295.8845909147342,1.0413824482199534,474
2085000,4169.999999932042,-45341.26322004871,297.34078741597995,1.0530957622573296,474
2090000,4179.999999934079,-45743.62428376591,306.2401826748875,1.0360747984621468,474
2095000,4189.999999936116,-45088.17220442963,294.83883707422956,1.0485185782309143,474
2100000,4199.999999938153,-45018.88609294442,303.19471219379443,1.059860226008506,474
2105000,4209.999999940191,-45077.41286536379,312.9064191004087,1.043782925453164,474
2110000,4219.999999942228,-45147.20745782007,291.73667097817025,1.0327569381366457,474
2115000,4229.999999944265,-45324.27720011468,290.54875820506504,1.0478106025801368,474
2120000,4239.9999999463025,-45560.87313509552,303.13627840806265,1.0527064948668596,474
2125000,4249.99999994834,-45780.77998892279,293.70047193294295,1.0563587905257077,474
2130000,4259.999999950377,-45735.22752379559,301.4062711862426,1.0466411588269138,474
2135000,4269.999999952414,-45036.99440006912,303.7049531984824,1.0267712436544107,474
2140000,4279.999999954452,-45173.75698893372,310.3209389118754,1.056225198195897,474
2145000,4289.999999956489,-45160.89353931666,304.3568453555474,1.049725452053237,474
2150000,4299.999999958526,-45072.06726457196,300.94922992498147,1.036477708759973,474
2155000,4309.999999960563,-45431.279325263924,293.5502471067905,1.060302283322003,474
2160000,4319.999999962601,-44995.69562062327,307.18115801925217,1.0206593715670988,474
2165000,4329.999999964638,-45544.46739426229,305.58627892693664,1.0514806705100634,474
2170000,4339.999999966675,-45293.9406997574,283.92882742993476,1.0424186631540928,474
2175000,4349.9999999687125,-45279.103706571244,298.41841423052,1.0445260344177034,474
2180000,4359.99999997075,-45343.33081824434,300.26282824271993,1.0414428508881544,474
2185000,4369.999999972787,-45162.656157642574,300.6880355899628,1.04384912275022,474
2190000,4379.999999974824,-45288.31896625529,304.76886994698515,1.0446600321991824,474
2195000,4389.999999976862,-45180.72481359888,304.6953004045883,1.0377808794038386,474
2200000,4399.999999978899,-45604.55152684287,297.74494141395184,1.032689326547003,473
2205000,4409.999999980936,-45640.93047120908,302.9665040433014,1.0534770567756808,473
2210000,4419.999999982973,-44893.8591257784,294.0183423529194,1.036072105607849,473
2215000,4429.999999985011,-45410.769575586426,300.5454274671644,1.0494187957313543,473
2220000,4439.999999987048,-45553.22629724434,297.5887404051677,1.0280337062389588,473
2225000,4449.999999989085,-44808.57834557883,293.5247213855501,1.0440949699863427,473
2230000,4459.999999991122,-45630.3232403961,307.4398329831614,1.0580028855341825,473
2235000,4469.99999999316,-45382.69013713341,299.90410104475205,1.059415141377781,473
2240000,4479.999999995197,-44991.70347006913,305.1105474474451,1.0432495390495053,473
2245000,4489.999999997234,-45691.85073423607,295.6872597078381,1.0612624187923423,473
2250000,4499.9999999992715,-45233.28750491436,295.1885414082242,1.0385232753125524,473
2255000,4510.000000001309,-45212.77694111303,297.281142769715,1.0539610429111008,473
2260000,4520.000000003346,-44842.97042705922,297.4498625140119,1.0525338332163658,473
2265000,4530.000000005383,-45182.93071793791,297.5073197993136,1.043688454874104,473
2270000,4540.000000007421,-45200.85912719049,305.64541579297793,1.0361846278754896,473
2275000,4550.000000009458,-45340.6592380364,300.0275697591223,1.0379864595596684,473
2280000,4560.000000011495,-45266.80633211788,306.83953910881803,1.0458670841615036,473
2285000,4570.000000013532,-45409.5063211004,289.01834767113866,1.0323547451823905,473
2290000,4580.00000001557,-45427.02498275705,301.78279022204526,1.0492474491502417,473
2295000,4590.000000017607,-45101.637203035905,296.10004596961124,1.0580931071570916,473
2300000,4600.000000019644,-45272.565102675086,303.7943225178368,1.044490219011851,473
2305000,4610.000000021681,-45524.02721863528,295.7488182949458,1.0606189097432093,473
2310000,4620.000000023719,-44991.44654764113,310.0899379701526,1.0426306556913025,473
2315000,4630.000000025756,-45240.2020132287,298.1401311379762,1.0495605161442365,473
2320000,4640.000000027793,-45341.8859231683,298.0669326657428,1.042763672949942,473
2325000,4650.0000000298305,-45277.10712746449,291.90494153226933,1.0356870521646375,473
2330000,4660.000000031868,-45267.68121225611,304.0524311114966,1.0460670388484548,473
2335000,4670.000000033905,-45279.94220877072,295.9261898330526,1.0425182523878789,473
2340000,4680.000000035942,-45282.91989055055,305.48441040207814,1.0293904824500162,473
2345000,4690.00000003798,-45294.29296689143,293.63973360619644,1.0475541463123201,473
2350000,4700.000000040017,-45377.947708323714,307.22537395872297,1.0453013758144871,473
2355000,4710.000000042054,-45500.37718782041,288.61212349225514,1.0446464707123306,473
2360000,4720.000000044091,-45403.46510043589,307.6814387195541,1.0358214503825744,473
2365000,4730.000000046129,-45313.98171231794,306.4232960355226,1.0452151422408955,473
2370000,4740.000000048166,-45098.759426491015,297.46343586998904,1.0470296344736973,473
2375000,4750.000000050203,-45190.117142954405,296.3467490382486,1.0283981501900747,473
2380000,4760.0000000522405,-45228.92157146783,300.27575710841325,1.0472209206799035,473
2385000,4770.000000054278,-45523.73860977043,291.7120826973427,1.048550428610383,473
2390000,4780.000000056315,-45121.38732505316,304.9735053770977,1.0338428454161064,473
2395000,4790.000000058352,-45257.66138633102,299.686888289101,1.0443161163603238,473
2400000,4800.0000000603895,-45322.75726860121,301.3696328901087,1.044998371774238,473
2405000,4810.000000062427,-45235.351305904944,301.7487884770723,1.0435778975714998,473
2410000,4820.000000064464,-45038.80154483064,300.5356038728385,1.0387108556531732,473
2415000,4830.000000066501,-45052.64191723455,300.3453815890729,1.0450707164373516,473
2420000,4840.000000068539,-45145.386277521175,297.3692426385104,1.0463324122228896,473
2425000,4850.000000070576,-45449.83044685333,299.3960669310359,1.0324472259956863,473
2430000,4860.000000072613,-45303.08561412964,297.2057959965356,1.0360041681669279,473
2435000,4870.00000007465,-45405.91139364007,296.2503879758154,1.033268737876075,473
2440000,4880.000000076688,-45153.39253396215,306.77854689195965,1.0459657457449796,473
2445000,4890.000000078725,-45148.78962494727,298.024865027218,1.0343690677005226,473
2450000,4900.000000080762,-45162.73220528741,297.8261862497285,1.0455964596727931,473
2455000,4910.0000000827995,-45203.62894606803,304.94069496264945,1.0411115991060766,473
2460000,4920.000000084837,-45330.41591352419,301.20405747719644,1.0447504028855665,473
2465000,4930.000000086874,-45521.86763468743,301.635826907329,1.0460444386242815,473
2470000,4940.000000088911,-45097.131294864404,312.4327187418116,1.042641018233407,473
2475000,4950.000000090949,-45228.10459349808,303.1678584319692,1.0462580775928172,473
2480000,4960.000000092986,-45524.007374482666,296.3049938798614,1.0389326236223855,473
2485000,4970.000000095023,-45644.3254806647,309.5086467941772,1.0540665924383126,473
2490000,4980.00000009706,-45250.62932125208,297.345865218216,1.0503127910737784,473
2495000,4990.000000099098,-45557.59197940296,288.99241181971763,1.0442177057590585,473
2500000,5000.000000101135,-45078.4018212955,301.36592218847466,1.0264913043669752,473
