#"Step","Time (ps)","Potential Energy (kJ/mole)","Temperature (K)","Density (g/mL)","Speed (ns/day)"
505000,1009.9999999899404,-45576.1642046714,301.04238806600426,1.054625283750358,0
510000,1019.999999989704,-45323.54881505889,307.21740571521406,1.0345472259043806,466
515000,1029.9999999894676,-45582.74382094771,296.7059840164401,1.057859278486797,465
520000,1039.9999999892311,-45378.36825504564,293.13902324570535,1.042435223598497,464
525000,1049.9999999889947,-45314.206765767565,308.306516174811,1.0571784785460658,465
530000,1059.9999999887582,-45567.463371675025,313.75056466213374,1.0497827034891285,466
535000,1069.9999999885217,-45192.06974607095,293.0823081007304,1.0397192839833012,465
540000,1079.9999999882853,-45361.778997305344,296.0834064022839,1.03725794573255,467
545000,1089.9999999880488,-45400.547783804155,304.44474992425677,1.0427068475209402,468
550000,1099.9999999878123,-45442.88428199725,301.3123513748844,1.0572572057746354,467
555000,1109.9999999875758,-45194.56914924146,304.0321589625696,1.049007480859384,467
560000,1119.9999999873394,-45541.86336829155,299.0382771734808,1.044389743194642,467
565000,1129.999999987103,-45646.7645369019,303.8295155933343,1.0465384139265284,467
570000,1139.9999999868664,-45382.665694323136,293.1052168008185,1.0391054066203942,467
575000,1149.99999998663,-45348.20486704647,300.4084049268256,1.0475348209516093,466
580000,1159.9999999863935,-45280.47036072679,298.23291820883566,1.0402316848685955,466
585000,1169.999999986157,-45738.10432870273,309.6219989640926,1.047068906457503,467
590000,1179.9999999859206,-45112.41593240091,305.07299124090696,1.0390858634806692,467
595000,1189.999999985684,-45394.39511094708,301.962895961356,1.0465340254372861,467
600000,1199.9999999854476,-45492.285926249315,310.6341611898049,1.0274386463684504,467
605000,1209.9999999852112,-45189.46487358524,296.8322455220402,1.0481992384233503,466
610000,1219.9999999849747,-45593.400814021676,301.9731296858625,1.0351347289209236,466
615000,1229.9999999847382,-45333.70538743021,310.2581108742087,1.0527153463721208,466
620000,1239.9999999845018,-45581.732718574436,306.8773687354766,1.0390527374933234,466
625000,1249.9999999842653,-45092.510345758434,300.1525618141634,1.0290820597459827,467
630000,1259.9999999840288,-45574.60764955662,300.23216612921766,1.0405556030041005,467
635000,1269.9999999837923,-45686.76348393323,299.90478459505306,1.0553079578689588,466
640000,1279.9999999835559,-45383.99747009459,309.4923197069875,1.0427511867813566,466
645000,1289.9999999833194,-45713.39081925622,305.1061336655015,1.0555619081078074,466
650000,1299.999999983083,-45512.595985463646,295.78354265023694,1.0549117472873673,466
655000,1309.9999999828465,-44909.03938033566,305.2939928182265,1.0374558714096072,466
660000,1319.99999998261,-45213.35572336905,296.5524781488428,1.0360646560204214,466
665000,1329.9999999823735,-45424.09299585354,301.17935201631724,1.0502559095951327,466
670000,1339.999999982137,-45488.782773845334,302.3698818105749,1.046041605892021,466
675000,1349.9999999819006,-45434.25481958923,292.75510233664323,1.046239430919722,466
680000,1359.9999999816641,-45284.02799427821,295.4405175791836,1.0361514659864555,466
685000,1369.9999999814277,-45594.646471652086,296.01794181345616,1.0449603864431778,466
690000,1379.9999999811912,-45354.06343094513,300.54566182726757,1.0300847224413356,466
695000,1389.9999999809547,-45791.46121267346,302.5497141297652,1.045509764160936,466
700000,1399.9999999807183,-45581.14705040798,294.9563491359768,1.0420606352565214,466
705000,1409.9999999804818,-45328.50051166737,300.6692867817066,1.0420986717350111,466
710000,1419.9999999802453,-45834.38767209853,294.15595079351607,1.0609432426301877,466
715000,1429.9999999800089,-45248.923901988834,291.3930014168331,1.0506040025073689,466
720000,1439.9999999797724,-45269.87564374361,301.6959012137831,1.0429272741112319,466
725000,1449.999999979536,-45065.89908903875,299.5460573970852,1.0377020167497668,466
730000,1459.9999999792994,-45154.52958143409,300.48822407197446,1.0524780360491088,466
735000,1469.999999979063,-45575.66448007777,290.86592554473174,1.0507149479859963,466
740000,1479.9999999788265,-45411.30228122696,303.8995892641917,1.0619376910498635,466
745000,1489.99999997859,-44952.0062132006,296.1952938215543,1.022624435497362,466
750000,1499.9999999783536,-45419.18410505305,299.32597373016984,1.0421334639148894,466
755000,1509.999999978117,-45280.885888859426,302.15544231614507,1.0469389133879194,466
760000,1519.9999999778806,-45661.46910639276,287.9628874163597,1.0498258252896484,466
765000,1529.9999999776442,-45194.639044982556,290.80436695762404,1.03859618030474,466
770000,1539.9999999774077,-45597.25679000528,301.572276259344,1.0650596794481926,466
775000,1549.9999999771712,-45328.001176941354,301.3878739181412,1.0403616196888836,466
780000,1559.9999999769348,-45228.17773957705,294.91441820751226,1.0416812012450851,466
785000,1569.9999999766983,-45577.15523096005,290.16878235774016,1.0430297776254018,466
790000,1579.9999999764618,-45543.840556815645,304.2311697502053,1.0427754215496003,466
795000,1589.9999999762254,-45660.78088712544,297.533822020984,1.0600038602947068,466
800000,1599.9999999759889,-45143.77761227242,297.9381713190419,1.045829885284362,466
805000,1609.9999999757524,-45680.44161110598,308.9823911824371,1.0432901986600527,466
810000,1619.999999975516,-45605.98483186864,300.9756735566261,1.055051909475682,466
815000,1629.9999999752795,-45326.485574477876,291.0699750745863,1.0400545917756965,466
820000,1639.999999975043,-45285.26721429682,299.3570850338699,1.0404908164351787,466
825000,1649.9999999748065,-45214.11891030401,300.79150557552646,1.0332432619761125,466
830000,1659.99999997457,-45255.63598155475,294.7265004647614,1.0370859808903639,466
835000,1669.9999999743336,-45433.01385525483,301.3235420698123,1.0392750059336824,466
840000,1679.9999999740971,-45327.79920415694,304.49976595848347,1.0441592385847696,466
845000,1689.9999999738607,-45627.99541838278,304.3284096630255,1.0566080813579548,466
850000,1699.9999999736242,-45152.19214703131,301.4862270414517,1.0460610146263942,466
855000,1709.9999999733877,-45389.087189589685,311.70450331113716,1.0526330980610938,466
860000,1719.9999999731513,-45640.660789795016,298.40404014419033,1.0491903879852031,466
865000,1729.9999999729148,-45174.68759871402,298.0971846490645,1.0410603899844564,466
870000,1739.9999999726783,-45130.25298925419,294.73778880973236,1.0352303713018491,466
875000,1749.9999999724419,-44954.90324532293,285.19292676658927,1.0533207050281583,466
880000,1759.9999999722054,-45203.47483725549,307.34149938985956,1.0315951719850116,466
885000,1769.999999971969,-45229.7472910693,296.18519680710796,1.0387756873590224,466
890000,1779.9999999717324,-45186.25082506705,292.4598086066087,1.0451787470336578,466
895000,1789.999999971496,-45314.578787303995,299.07255233857404,1.0254345461892937,466
900000,1799.9999999712595,-45557.437584728614,304.7388718537753,1.0551075256702556,466
905000,1809.999999971023,-45708.143083421426,294.3515438296468,1.0515968069722903,466
910000,1819.9999999707866,-45603.8679212993,294.25797555844343,1.0514957733416415,466
915000,1829.99999997055,-45446.44797492999,287.0847596396704,1.0318274531922562,466
920000,1839.9999999703136,-45586.58386563251,299.5322496810048,1.0634212414664233,466
925000,1849.9999999700772,-45512.52980379196,300.5058596697404,1.0365105181843977,466
930000,1859.9999999698407,-45163.59435084247,299.83933953623387,1.0517761941394257,466
935000,1869.9999999696042,-45282.42314683643,298.85053520080737,1.0433871924349436,466
940000,1879.9999999693678,-45333.134366640326,306.1792099880377,1.0260365985807514,466
945000,1889.9999999691313,-45416.675435422076,303.8556662748499,1.0323969951361365,466
950000,1899.9999999688948,-45285.95225517728,292.85661932134695,1.0387951368798576,466
955000,1909.9999999686584,-45350.590556373994,299.95288700623524,1.0527447694890402,466
960000,1919.999999968422,-45144.810922096774,307.2657034264823,1.0383476430179595,466
965000,1929.9999999681854,-45610.95920712195,292.17537356135585,1.0535145327041682,466
970000,1939.999999967949,-45353.77810017404,309.86003070891144,1.0394381441390617,466
975000,1949.9999999677125,-45447.71756368189,300.70998731962936,1.0443394014774268,466
980000,1959.999999967476,-45461.4929992971,310.49065468661087,1.0423387879527948,466
985000,1969.9999999672395,-45951.499977187195,297.41937617058704,1.0445544704013057,466
990000,1979.999999967003,-45402.66440875133,285.16564334457485,1.0573802751753427,466
995000,1989.9999999667666,-45324.499396470346,304.8290614334909,1.0405378318929472,466
1000000,1999.9999999665301,-45495.75818549949,298.5386019034455,1.0431577237474676,466
1005000,2009.9999999662937,-45039.875597574515,304.1207080215628,1.0383085818106494,466
1010000,2019.9999999660572,-45649.634398218855,304.4472888253748,1.0582264845871354,466
1015000,2029.9999999658207,-45015.62807213847,318.52000759238945,1.047401330897331,466
1020000,2039.9999999655843,-45501.163439330616,288.7239327914911,1.0476394753520404,466
1025000,2049.999999965348,-45281.105386728595,301.4089272674122,1.0313582589561814,466
1030000,2059.9999999651113,-45423.39858627861,294.9432445002061,1.0493554863551429,466
1035000,2069.999999964875,-45553.1870518206,313.1739997482396,1.0548861218683252,466
1040000,2079.9999999646384,-44999.27648002468,299.0169113440722,1.0383635568710423,466
1045000,2089.999999964402,-45889.466398738645,297.72486456511086,1.054491173114223,466
1050000,2099.9999999641655,-45295.2300151143,300.153069594387,1.0505023505601732,466
1055000,2109.999999963929,-45616.689733131556,309.03652836627674,1.0485462123792233,466
1060000,2119.9999999636925,-45663.1453192819,300.4916808834967,1.0472383884545517,466
1065000,2129.999999963456,-45571.440720623184,304.65145553528095,1.0566321313075162,466
1070000,2139.9999999632196,-45521.44207478117,302.69064267182404,1.0395071329436203,466
1075000,2149.999999962983,-45749.949041514454,295.4215734708414,1.046584397420511,466
1080000,2159.9999999627466,-45812.9024930204,296.8305073512748,1.0746185986083223,466
1085000,2169.99999996251,-45475.779274086846,301.43761685004586,1.0442454959937255,466
1090000,2179.9999999622737,-45405.1034736874,302.0215445771823,1.0642053007730696,466
1095000,2189.9999999620372,-45378.46911032399,306.35259740439005,1.0412918573470002,466
1100000,2199.9999999618008,-45352.33268929162,300.2156437419419,1.0495758272301814,466
1105000,2209.9999999615643,-45453.417067238945,308.049247371521,1.0465302950172684,466
1110000,2219.999999961328,-45304.354966703686,302.26051376241395,1.0469410656552658,466
1115000,2229.9999999610914,-45611.00824717694,301.1332416660122,1.0492921012331464,466
1120000,2239.999999960855,-45520.70372900425,299.72653420655934,1.0331548883148176,466
1125000,2249.9999999606184,-45219.638153597916,297.21243619945966,1.065499766099941,466
1130000,2259.999999960382,-45608.86755584419,307.62950842668624,1.0593012113055458,466
1135000,2269.9999999601455,-45570.989098600985,297.0897096254162,1.0505850145996436,466
1140000,2279.999999959909,-45462.755054244655,309.5177477781849,1.0348640677390237,466
1145000,2289.9999999596726,-45284.54387466787,304.9597367210346,1.0446090102340517,466
1150000,2299.999999959436,-45387.10243535286,305.07551061201644,1.0689339063813716,466
1155000,2309.9999999591996,-45626.0920747823,303.23970933360914,1.0537199197544398,466
1160000,2319.999999958963,-45564.2933791354,313.665316174594,1.053675465846454,466
1165000,2329.9999999587267,-45637.33281941785,298.6089880544405,1.0471030418190548,466
1170000,2339.99999995849,-45365.56803641518,301.7165249028649,1.0403803292221523,466
1175000,2349.9999999582537,-45667.927598621696,297.4512100846053,1.046232988026784,466
1180000,2359.9999999580173,-45466.671505567734,299.92829872540767,1.0498225053399497,466
1185000,2369.999999957781,-45648.9193522819,300.58976058668674,1.0507369456571314,466
1190000,2379.9999999575443,-45507.63747252,295.19141231948845,1.0419920937393408,466
1195000,2389.999999957308,-45565.85464725547,302.50479510998485,1.0362098108695081,466
1200000,2399.9999999570714,-45198.05537326241,299.5486353582204,1.0453423853064152,466
1205000,2409.999999956835,-45316.2028115594,305.100489493016,1.0427166840505688,466
1210000,2419.9999999565985,-45457.255932542495,305.27889612157855,1.0380730661527693,466
1215000,2429.999999956362,-45308.02952936213,289.3283670276577,1.0466155581560244,466
1220000,2439.9999999561255,-45373.85556123822,298.36708936791877,1.0385461161334477,466
1225000,2449.999999955889,-45470.483187206206,292.42213522001896,1.0472718501409741,466
1230000,2459.9999999556526,-45493.60680104367,290.32715119747894,1.0404423619195033,466
1235000,2469.999999955416,-45458.14574807978,300.2782960095313,1.02827180322939,466
1240000,2479.9999999551796,-45368.11048561672,302.8250286610018,1.0599868780930453,466
1245000,2489.999999954943,-45149.54511865316,296.1174276772654,1.0430885429282917,466
1250000,2499.9999999547067,-45642.82545549364,294.04927788654203,1.040509128990839,466
1255000,2509.9999999544702,-45293.414929386956,298.03910240348756,1.051175090742447,466
1260000,2519.9999999542338,-45327.94469072911,296.28757311219005,1.054068697893316,466
1265000,2529.9999999539973,-45655.46444473739,300.3799106442779,1.052943288882997,466
1270000,2539.999999953761,-45624.223387239734,297.10970835422273,1.0507611943461945,466
1275000,2549.9999999535244,-45720.23192502072,301.40509938572654,1.0590256154931939,467
1280000,2559.999999953288,-45386.290547217824,301.65695837663435,1.0411503366463797,467
1285000,2569.9999999530514,-45289.60840356446,304.53849396553755,1.0395198147850795,467
1290000,2579.999999952815,-45632.30431420414,295.1507703715915,1.0620571270085104,467
1295000,2589.9999999525785,-45386.82253407923,299.3347231740227,1.0398269612548812,467
1300000,2599.999999952342,-45130.49708749249,298.8947511402781,1.025233010119611,467
1305000,2609.9999999521056,-45182.89367851807,300.94223818190255,1.0304150315771456,467
1310000,2619.999999951869,-45217.59149813696,298.81143612358983,1.036546282709047,467
1315000,2629.9999999516326,-45333.72534703271,296.6194856083499,1.043736360440509,467
1320000,2639.999999951396,-45549.33554924201,294.7344687082703,1.053273297238736,467
1325000,2649.9999999511597,-45292.681397367385,303.1965675446114,1.0478450184556012,467
1330000,2659.999999950923,-46008.598467680014,291.453915513657,1.0458785952531198,467
1335000,2669.9999999506867,-45566.77364695736,302.9928890849203,1.037946293080467,467
1340000,2679.9999999504503,-45703.09500924568,296.98686460012766,1.0536202763606002,467
1345000,2689.999999950214,-45351.87374463392,303.1222168018706,1.0377292249012646,467
1350000,2699.9999999499773,-45143.87085605634,290.9853710773304,1.0565242196156062,467
1355000,2709.999999949741,-45179.02967824109,303.36028760670666,1.0456927877758626,467
1360000,2719.9999999495044,-45426.60669014705,303.80627488310006,1.0460313303530822,467
1365000,2729.999999949268,-45515.48547404804,298.2623889918133,1.0469385316075037,467
1370000,2739.9999999490315,-45459.963544498954,291.96855077028005,1.0515891330006784,467
1375000,2749.999999948795,-45469.602962801844,300.0463185673785,1.0496918051060369,467
1380000,2759.9999999485585,-45788.5313264163,297.9055171446624,1.034107987478225,467
1385000,2769.999999948322,-45525.96104580746,296.5456035858155,1.045718975747051,467
1390000,2779.9999999480856,-45274.73696446055,295.93376747638945,1.0540832033763372,467
1395000,2789.999999947849,-45751.3269860587,302.81752913769935,1.0536926209950648,467
1400000,2799.9999999476127,-45345.44445397833,302.3713660912285,1.0436285879949918,467
1405000,2809.999999947376,-45297.78005582714,306.63214994749285,1.052347958448582,467
1410000,2819.9999999471397,-45446.1458541679,294.7538034167845,1.0451080743866776,467
1415000,2829.9999999469032,-45310.23097127461,302.87785733426523,1.0463424504648489,467
1420000,2839.999999946667,-45827.393902790966,304.64419037208165,1.058483773658812,467
1425000,2849.9999999464303,-45547.17159850965,297.41121262699215,1.0335536360558444,467
1430000,2859.999999946194,-45502.76515251855,298.3369155046315,1.0473380116140607,467
1435000,2869.9999999459574,-45597.98230541515,299.5668959162615,1.0391102890006894,467
1440000,2879.999999945721,-45696.356540337845,307.6912623138799,1.054366750705944,467
1445000,2889.9999999454844,-45469.81762402109,302.5808254334653,1.041590454808917,467
1450000,2899.999999945248,-45288.97910266128,293.677367932769,1.0513145845144334,467
1455000,2909.9999999450115,-45552.94745129187,297.9334255269521,1.0544662405200103,467
1460000,2919.999999944775,-45092.260822226526,292.2904639020366,1.0549425587520376,467
1465000,2929.9999999445386,-45307.93790850602,310.96589791588735,1.0443781270854111,467
1470000,2939.999999944302,-45401.392207032564,294.86621814628705,1.0530860754258464,467
1475000,2949.9999999440656,-45527.731476707006,305.81157710614815,1.036786464977943,467
1480000,2959.999999943829,-45707.45355445889,302.5811183835943,1.0427800297507044,467
1485000,2969.9999999435927,-45515.51909126513,300.58614753509573,1.0338973555254585,467
1490000,2979.999999943356,-45493.58180679762,306.46346926321314,1.0577571692895356,467
1495000,2989.9999999431197,-45371.018291388114,294.4445652606094,1.0382388288834472,467
1500000,2999.9999999428833,-45215.01169983475,298.4514394750629,1.050306950826041,467
1505000,3009.999999942647,-45319.09335715728,302.68740069039643,1.0502792315933038,467
1510000,3019.9999999424103,-45342.18900406675,304.1840828994703,1.0380419482772418,467
1515000,3029.999999942174,-45385.4165262545,305.28532149440804,1.032342933399625,467
1520000,3039.9999999419374,-45483.55667869517,295.10176958001364,1.0357566253959747,467
1525000,3049.999999941701,-45916.84614748359,299.33236004298215,1.0501494805353138,467
1530000,3059.9999999414645,-45591.48177796541,304.6531741760378,1.0332495094859309,467
1535000,3069.999999941228,-45398.77441479557,292.45271921348683,1.0380085542515298,467
1540000,3079.9999999409915,-45532.237448992324,302.7289214886804,1.0259205010653372,467
1545000,3089.999999940755,-45490.364047311974,291.0946219454397,1.0359068546626964,467
1550000,3099.9999999405186,-45144.65650781986,305.0265488804558,1.0443008919755836,467
1555000,3109.999999940282,-45505.49303495168,288.8020723559004,1.0436287112204639,467
1560000,3119.9999999400457,-45252.869495231396,308.09350237100904,1.039264630781557,467
1565000,3129.999999939809,-45356.06703060167,294.7977068761176,1.0467806189901159,467
1570000,3139.9999999395727,-45112.65186557159,308.24384437721307,1.0431557562362885,467
1575000,3149.9999999393362,-45608.668350486376,298.07322132851203,1.065596422029831,467
1580000,3159.9999999391,-45434.15205813188,305.65961410923023,1.0460411557601532,467
1585000,3169.9999999388633,-45463.62441185964,300.0463966874128,1.052284913766751,467
1590000,3179.999999938627,-45516.24810918834,299.04540562661987,1.0540113860010645,467
1595000,3189.9999999383904,-45139.40883419433,290.1957337696084,1.039478323455657,467
1600000,3199.999999938154,-45353.871417988645,310.32472773354385,1.0497483692570653,467
1605000,3209.9999999379174,-45113.42440093591,305.27778291108837,1.0253528002119914,467
1610000,3219.999999937681,-45475.284778456466,294.726324694684,1.043394020624757,467
1615000,3229.9999999374445,-45458.90415099976,303.4619803614877,1.0622259285534528,467
1620000,3239.999999937208,-45559.10250381738,301.03074818087856,1.0431767438141517,467
1625000,3249.9999999369716,-44939.54139142556,304.56482041713065,1.0518540018286922,467
1630000,3259.999999936735,-45366.97088688452,310.9232639071132,1.0491222032465035,467
1635000,3269.9999999364986,-45596.78386645412,299.67477968376886,1.0429773309604544,467
1640000,3279.999999936262,-45337.8596161257,307.3571429267483,1.0436042232003648,467
1645000,3289.9999999360257,-45197.3431446281,304.04680646901977,1.040671085990187,467
1650000,3299.999999935789,-45246.54256123802,304.6492291143005,1.0351781730327905,467
1655000,3309.9999999355528,-44902.068313490454,295.56369334342486,1.051441149288186,467
1660000,3319.9999999353163,-45290.28316425448,310.36931474317805,1.0386460127406087,467
1665000,3329.99999993508,-45605.51092764427,304.9870592030662,1.0349806112262,467
1670000,3339.9999999348433,-45296.329401611874,297.7140058803291,1.0466922158110925,467
1675000,3349.999999934607,-45319.956317390664,305.88706058938783,1.0362467274443374,467
1680000,3359.9999999343704,-45671.25592316309,309.47515282942794,1.0491593989628138,467
1685000,3369.999999934134,-45481.31566387843,298.5785603010414,1.0338371453319668,467
1690000,3379.9999999338975,-45110.0673851771,302.9440250034026,1.0455971671184379,467
1695000,3389.999999933661,-45803.05970312268,296.7583634995057,1.051050536520927,467
1700000,3399.9999999334245,-45786.54764963285,299.0137084226618,1.0349824303645474,467
1705000,3409.999999933188,-45244.9800617281,300.4310597368018,1.0373323154894365,467
1710000,3419.9999999329516,-45589.69519893997,293.6220003583875,1.0422366182686529,467
1715000,3429.999999932715,-45176.303120550205,306.2716259887337,1.0462430847334998,467
1720000,3439.9999999324787,-45363.988021263795,305.6926979437989,1.051055680925857,467
1725000,3449.999999932242,-45385.97654464879,302.427905466126,1.0382259835885803,467
1730000,3459.9999999320057,-45279.73766906993,293.92022358971207,1.0442964476425294,467
1735000,3469.9999999317693,-45655.33532377251,308.68756617260897,1.0472892895658372,467
1740000,3479.999999931533,-45583.92520302048,296.1811736253364,1.0544972020420007,467
1745000,3489.9999999312963,-45159.90374685626,298.714567280933,1.0325804397432388,467
1750000,3499.99999993106,-45353.61087216754,298.6790421952893,1.0306949032255441,467
1755000,3509.9999999308234,-45367.89169365485,291.64255586672607,1.041021875219971,467
1760000,3519.999999930587,-45694.83073850794,300.0707115481201,1.0435174079534357,467
1765000,3529.9999999303504,-45332.053197619185,296.14537511957224,1.0459637123527878,467
1770000,3539.999999930114,-45056.22476700254,302.942736022835,1.0342110579772679,467
1775000,3549.9999999298775,-45246.048242282326,297.8931741792271,1.041905294262543,467
1780000,3559.999999929641,-45160.13176288968,293.85917278282795,1.0561428404899136,467
1785000,3569.9999999294046,-45459.425591134524,292.34075367418205,1.0481058341491667,467
1790000,3579.999999929168,-45035.511267220514,313.4783944622818,1.0322333529858048,467
1795000,3589.9999999289316,-45506.51922876088,293.10410359032824,1.0468934943922985,467
1800000,3599.999999928695,-44813.218825541466,305.78900041620636,1.0326566577900989,467
1805000,3609.9999999284587,-45418.416185874754,305.2926843076503,1.027310387410408,467
1810000,3619.999999928222,-45380.89653998686,298.82868112118376,1.036581296813951,467
1815000,3629.9999999279858,-45356.47724974499,302.3349816852064,1.043559021108437,467
1820000,3639.9999999277493,-45401.152461793215,300.875933802705,1.0333065833229882,467
1825000,3649.999999927513,-45347.124858673225,305.82147882050845,1.0431699113644588,467
1830000,3659.9999999272763,-45660.636629460554,312.67657042919336,1.0508660708371396,467
1835000,3669.99999992704,-45440.70737677772,298.37142502982806,1.0277473598869074,467
1840000,3679.9999999268034,-45526.045934176596,299.82408659951716,1.040447217262525,467
1845000,3689.999999926567,-45234.69641302791,305.4681809649314,1.0601897854062001,467
1850000,3699.9999999263305,-45118.48423826872,298.7325348888452,1.0533870766985063,467
1855000,3709.999999926094,-45254.354830447206,293.4129511463313,1.0312152245037702,467
1860000,3719.9999999258575,-45450.06339012322,300.68409052822557,1.032102990795691,467
1865000,3729.999999925621,-45475.372228021355,303.3109548049826,1.0332027213697907,467
1870000,3739.9999999253846,-45494.460512341495,301.56754999726274,1.049531122404208,467
1875000,3749.999999925148,-45615.995781187,301.69037422134926,1.0686039675723205,467
1880000,3759.9999999249117,-45408.73656927963,302.69255661266686,1.0416074071513095,467
1885000,3769.999999924675,-44979.03294177886,300.5550557614042,1.0266468929968906,467
1890000,3779.9999999244387,-45477.96296601859,296.9738576144,1.044547869560792,467
1895000,3789.9999999242023,-45562.17973684668,306.3863843192683,1.0488424303149628,467
1900000,3799.999999923966,-45325.856261490146,305.19472178451184,1.0399679383706562,467
1905000,3809.9999999237293,-45693.255185012036,291.34927372757727,1.0528110487901752,467
1910000,3819.999999923493,-45161.345422608196,303.3461088204629,1.047084992968911,467
1915000,3829.9999999232564,-45347.97379948449,303.7976035592816,1.0506730830760804,467
1920000,3839.99999992302,-45456.5861360101,294.8791665419889,1.0515614249093295,467
1925000,3849.9999999227834,-45300.42135789429,298.04923847795106,1.0398646614467884,467
1930000,3859.999999922547,-45433.41975907062,301.54661382804335,1.047952084454701,467
1935000,3869.9999999223105,-45512.4435583897,301.7100604700182,1.0387097619795504,467
1940000,3879.999999922074,-45211.062819100276,293.5328653991363,1.0479229357236761,467
1945000,3889.9999999218376,-45298.529605110845,294.98242169745805,1.036750313802335,467
1950000,3899.999999921601,-45450.53517971106,296.43139209552174,1.053470438185046,467
1955000,3909.9999999213646,-45528.62330850927,299.24740450557135,1.0386232972268952,467
1960000,3919.999999921128,-45362.7791858908,302.89475079170444,1.050509354165528,467
1965000,3929.9999999208917,-45514.48114985015,302.7661847450895,1.0520717200470473,467
1970000,3939.9999999206552,-45449.47923800253,300.3104814637044,1.0513097222482433,467
1975000,3949.9999999204188,-45537.06177959489,290.9218790193712,1.0501922834894242,467
1980000,3959.9999999201823,-45401.47785104904,301.7831612922086,1.0501813571946859,467
1985000,3969.999999919946,-45154.48529985573,290.11847305558615,1.0402736083874646,467
1990000,3979.9999999197094,-45042.51508434696,295.9378101881697,1.0322102591363822,467
1995000,3989.999999919473,-45242.485119406454,307.92402095637675,1.045916780097569,467
2000000,3999.9999999192364,-45423.66295598066,301.5235098278694,1.0487065532451534,467
2005000,4009.999999919,-45279.196489148715,301.7105877802504,1.0399937199586478,467
2010000,4019.9999999187635,-45506.57309280065,295.58580131316023,1.0573048442322535,467
2015000,4029.999999918527,-45311.048666540446,307.1980710066999,1.034881920957735,467
2020000,4039.9999999182905,-45495.31020703839,298.1838978872492,1.0364857221015462,467
2025000,4049.999999918054,-45486.45066995494,296.4330912062699,1.0547711093887508,467
2030000,4059.9999999178176,-45266.591169156774,303.445165024083,1.048616757779459,467
2035000,4069.999999917581,-45138.19290660531,301.2804979308575,1.0385965135671846,467
2040000,4079.9999999173447,-45174.27574149039,295.9897404810375,1.0462772589512581,467
2045000,4089.999999917108,-45470.53570583541,304.8139842668516,1.031164766602745,467
2050000,4099.999999917781,-45400.496077588294,303.31618884728744,1.0507581890005635,467
2055000,4109.999999919818,-44941.85635636235,297.1776337241341,1.0418015666189602,467
2060000,4119.999999921855,-45075.74228354817,310.9561329115873,1.023260506455797,467
2065000,4129.999999923893,-45588.94842702261,304.8566573356429,1.0436256060785485,467
2070000,4139.99999992593,-45425.77835678632,307.78699841603793,1.0404498181273953,467
2075000,4149.999999927967,-45643.23693411908,293.90110371129254,1.061038206890046,467
2080000,4159.999999930004,-45426.0733600879,303.32571949148434,1.0422155074473594,467
2085000,4169.999999932042,-45502.292181419325,303.79682235893756,1.0361540477337265,467
2090000,4179.999999934079,-45096.848190394754,296.83357356262496,1.039141298422958,467
2095000,4189.999999936116,-45306.71660676203,297.3288741107338,1.0465610982856282,467
2100000,4199.999999938153,-45445.15051069029,298.1582745159658,1.042250926172276,467
2105000,4209.999999940191,-45284.82079768492,299.24498278450494,1.038761696662059,467
2110000,4219.999999942228,-45492.19734020106,302.4698363945906,1.0561142449446317,467
2115000,4229.999999944265,-45330.60921312624,302.2491472974086,1.038048156540651,467
2120000,4239.9999999463025,-45210.35553878415,304.26167562363884,1.0413803098860976,467
2125000,4249.99999994834,-45244.292240993935,307.4635033535848,1.0474147952216977,467
2130000,4259.999999950377,-45311.981431620865,304.57868672323673,1.0497778211867799,467
2135000,4269.999999952414,-45817.876016282244,295.27498122628856,1.0533008142870608,467
2140000,4279.999999954452,-45610.41102260974,298.90029766272056,1.0528709620116872,467
2145000,4289.999999956489,-45555.52759287285,306.2789302119502,1.0654702557744604,467
2150000,4299.999999958526,-45193.29451525351,304.06467642688887,1.0398533306056505,467
2155000,4309.999999960563,-45338.089245932904,310.51823105875434,1.0388165891557362,467
2160000,4319.999999962601,-45377.44096884056,291.26675944124156,1.0362618424106569,467
2165000,4329.999999964638,-45412.71218152417,294.8561016018321,1.032059665544778,467
2170000,4339.999999966675,-45291.27382510129,302.1244481924966,1.0439813566372436,467
2175000,4349.9999999687125,-45623.705454224575,293.82593270819046,1.0351416603634005,467
2180000,4359.99999997075,-45318.17151536257,292.20673875516775,1.0343443613774959,467
2185000,4369.999999972787,-45380.12198681448,297.81569863511027,1.0619308023797585,467
2190000,4379.999999974824,-45080.39276553996,290.22830982395345,1.0424474130364725,467
2195000,4389.999999976862,-45537.26067389536,310.1667494939771,1.052926792521345,467
2200000,4399.999999978899,-45341.47539571763,293.4343950957743,1.0511098247594726,467
2205000,4409.999999980936,-44858.9874777853,305.2471598576033,1.0363682069023445,467
2210000,4419.999999982973,-45415.506836487504,297.5989936596828,1.0538064478708187,467
2215000,4429.999999985011,-45603.42628810709,297.2652453427145,1.0587240084609784,467
2220000,4439.999999987048,-45395.763950436434,302.7337649308132,1.05026337280252,467
2225000,4449.999999989085,-45378.94435735888,300.7373683916868,1.0497641019776138,467
2230000,4459.999999991122,-45653.79105895854,298.67363238290704,1.0525872155473732,467
2235000,4469.99999999316,-45244.20655825458,304.50767561196653,1.0248918308777142,467
2240000,4479.999999995197,-45427.688214344875,294.64845855039516,1.0478499919498114,467
2245000,4489.999999997234,-45316.83797640036,293.4669711501194,1.0262633919765576,467
2250000,4499.9999999992715,-45137.55967111158,305.7520105799176,1.0330593948146145,467
2255000,4510.000000001309,-45560.91938520089,302.243366414863,1.0406698215309562,467
2260000,4520.000000003346,-45135.529522633035,310.4781359510982,1.0465836052007949,467
2265000,4530.000000005383,-45165.12172817637,295.9676520413107,1.0522441812276553,467
2270000,4540.000000007421,-45275.225382675475,303.52512087929205,1.0312033652710315,467
2275000,4550.000000009458,-45337.60301116522,303.0798171531996,1.04996811647444,467
2280000,4560.000000011495,-45397.39852591613,304.26835488658,1.046964012929334,467
2285000,4570.000000013532,-45356.40476742046,290.1653450762266,1.0296867350478318,467
2290000,4580.00000001557,-45383.67338307982,305.9498886270545,1.067091859792781,467
2295000,4590.000000017607,-45552.58952857033,300.756214849986,1.046764037371829,467
2300000,4600.000000019644,-45835.633699530736,301.94895153521543,1.0573380605419997,467
2305000,4610.000000021681,-44953.04109926851,303.2849408335272,1.0300505076998123,467
2310000,4620.000000023719,-45450.58468284426,300.77424104792397,1.0525133169754537,467
2315000,4630.000000025756,-45433.777882524766,303.24285366499385,1.0561015593345018,467
2320000,4640.000000027793,-45204.363574275194,294.8313375509271,1.0242185946752267,467
2325000,4650.0000000298305,-45650.45916283666,290.19128092764754,1.0443888539570412,467
2330000,4660.000000031868,-45379.528030368005,302.9766205877563,1.051193286463415,467
2335000,4670.000000033905,-45518.977577165875,299.25090037711084,1.0476472569416875,467
2340000,4680.000000035942,-45234.40586800364,302.19364301296696,1.0420031379661816,467
2345000,4690.00000003798,-45318.485451477725,301.5356184332015,1.0505932845986414,467
2350000,4700.000000040017,-45432.960010717215,296.67780221403007,1.0414855575854467,467
2355000,4710.000000042054,-45904.801627425215,298.3480671395422,1.0472281219204103,467
2360000,4720.000000044091,-45259.77387369878,289.4174629268917,1.0559862597225422,467
2365000,4730.000000046129,-45121.1571320997,296.6834463865155,1.0244233658680544,467
2370000,4740.000000048166,-45435.33764359445,286.2493439917896,1.0334869488742913,467
2375000,4750.000000050203,-45254.29726192428,308.47845837052694,1.0373062052325779,467
2380000,4760.0000000522405,-45482.242033251445,302.55983067422017,1.0499406335631847,467
2385000,4770.000000054278,-45476.023249600024,299.25361504830624,1.0320679133473076,467
2390000,4780.000000056315,-45315.194243199105,296.79781411687804,1.056233257203977,467
2395000,4790.000000058352,-45534.147899213945,294.1588802948061,1.048003105747165,467
2400000,4800.0000000603895,-45425.61689472763,293.8601883432751,1.0437653076433113,467
2405000,4810.000000062427,-45563.18960659602,301.44107366156805,1.047797305134508,467
2410000,4820.000000064464,-45255.29010440994,302.15893818768444,1.052654782717181,467
2415000,4830.000000066501,-45239.607523019746,294.07755733899506,1.0428994828267835,467
2420000,4840.000000068539,-45240.515169989696,296.80523552014614,1.0446995021857863,467
2425000,4850.000000070576,-45156.58830009622,306.33994195881706,1.0470230763249775,467
2430000,4860.000000072613,-45533.63132746823,306.62593940475796,1.0445439893306216,467
2435000,4870.00000007465,-45487.5919964769,303.5882028070706,1.0357722509033218,467
2440000,4880.000000076688,-45233.53754261043,306.2207698463389,1.0295633198830467,467
2445000,4890.000000078725,-45178.16937239005,296.7084838575409,1.0280929290492065,467
2450000,4900.000000080762,-45285.456918669166,306.2347923925138,1.0583150550195506,467
2455000,4910.0000000827995,-45266.91498787742,302.157102366876,1.0456093682329048,467
2460000,4920.000000084837,-45372.52647981685,296.5243354064499,1.0335804663467607,467
2465000,4930.000000086874,-45578.30120546601,311.4144240933988,1.0409998482116538,467
2470000,4940.000000088911,-45501.21047472296,308.64229561267376,1.0460993543720123,467
2475000,4950.000000090949,-45733.797034192365,299.4965488252837,1.0536860296176442,467
2480000,4960.000000092986,-45309.157664019236,298.5856692241719,1.0513475461588841,467
2485000,4970.000000095023,-45420.28164377168,302.4506383961366,1.0399489250361829,467
2490000,4980.00000009706,-45621.85726988458,300.5093360112713,1.0454030247705206,467
2495000,4990.000000099098,-45248.42807100192,312.5148228979667,1.0460778484972886,467
2500000,5000.000000101135,-45130.83790712114,301.64307254051965,1.0500151558874768,467
2505000,5010.000000103172,-45284.27097591286,311.4978758201474,1.0556029871347534,467
2510000,5020.000000105209,-45247.663034774654,305.1662079719556,1.0206081346936364,467
2515000,5030.000000107247,-45520.56165060261,300.88112878499265,1.0448486680728277,467
2520000,5040.000000109284,-45259.92599021678,305.3460402911459,1.046226637067397,467
2525000,5050.000000111321,-45748.59525573565,300.6761808747425,1.0487071819086242,467
2530000,5060.0000001133585,-44988.45874891369,299.437626789337,1.0316014700362248,467
2535000,5070.000000115396,-45348.17960415536,304.1553542568195,1.0406283088493773,467
2540000,5080.000000117433,-45291.49915576159,302.941466572276,1.0449707771331331,467
2545000,5090.00000011947,-45416.480389649776,304.9083923284248,1.0432418968273034,467
2550000,5100.000000121508,-45489.57853631978,293.15287002180287,1.0362190933469904,467
2555000,5110.000000123545,-45042.74027155922,289.56096943008566,1.0284800322820438,467
2560000,5120.000000125582,-45320.500578344305,302.2922304963806,1.059479128851853,467
2565000,5130.000000127619,-45330.91300616175,288.9298572021713,1.0515417559646385,467
2570000,5140.000000129657,-45446.05322863639,294.536903141271,1.0462453462310006,467
2575000,5150.000000131694,-45409.50841793697,302.77823476039583,1.0408665432406126,467
2580000,5160.000000133731,-45212.923526175844,308.65475575816066,1.0408613845653905,467
2585000,5170.0000001357685,-45130.26677418212,298.0905053861232,1.0548409162089178,467
2590000,5180.000000137806,-45510.79005473739,300.0506151692705,1.04818618712022,467
2595000,5190.000000139843,-45126.71969940598,305.94570920521414,1.0400461230909228,467
2600000,5200.00000014188,-45240.70121911203,289.47394371176335,1.0314135237708817,467
2605000,5210.0000001439175,-45221.45264272232,303.56836031833285,1.0373288339234652,467
2610000,5220.000000145955,-45222.39890569294,296.3503620898396,1.0386195401123492,467
2615000,5230.000000147992,-45410.56782997225,307.66708416323297,1.031159864532675,467
2620000,5240.000000150029,-45456.677913058375,300.20751925836424,1.0483604079338278,467
2625000,5250.000000152067,-45093.68522288621,300.77056940630706,1.0352535350469156,467
2630000,5260.000000154104,-45526.140266358794,292.1930091591218,1.0387974269000224,467
2635000,5270.000000156141,-45144.69776766945,305.61733164061087,1.0400796988946859,467
2640000,5280.000000158178,-45731.13775261748,301.2521598883787,1.0471089275218575,467
2645000,5290.000000160216,-45369.738849254296,312.37475367628633,1.0637109397091589,467
2650000,5300.000000162253,-45685.98547486373,300.7036791268515,1.0415679155842528,467
2655000,5310.00000016429,-45285.75566624614,291.57964970902486,1.0455755107487104,467
2660000,5320.0000001663275,-45217.20410078167,300.4716821546901,1.0402661121654617,467
2665000,5330.000000168365,-45411.81161332285,301.8508327720082,1.0285881702067208,467
2670000,5340.000000170402,-45286.4762429822,302.29113681589905,1.0276555162254881,467
2675000,5350.000000172439,-45449.62029410599,302.4603057503937,1.0487812069148834,467
2680000,5360.000000174477,-45321.88321900781,302.4747188967406,1.0396281134224763,467
2685000,5370.000000176514,-45572.31128596858,300.13182094503,1.0501720258147762,467
2690000,5380.000000178551,-45412.382755460916,290.29117692163743,1.0493460880292964,467
2695000,5390.000000180588,-45358.81420256992,297.3293818909575,1.054792127411435,467
2700000,5400.000000182626,-45580.7615274353,289.3380539119234,1.0454939003860018,467
2705000,5410.000000184663,-45529.133067274786,299.44131796096246,1.042925155621905,467
2710000,5420.0000001867,-45420.682590638986,299.4399118003432,1.053940785074269,467
2715000,5430.000000188737,-45753.65020195651,295.1769015230985,1.0417974286066272,467
2720000,5440.000000190775,-45399.100299319456,295.5286565079961,1.033621366843356,467
2725000,5450.000000192812,-44858.97188454974,305.443729394164,1.0304036371500724,467
2730000,5460.000000194849,-45247.567905144475,305.3708043420509,1.0369413059222297,467
2735000,5470.0000001968865,-45545.90488008797,305.73033227037143,1.0365370407850574,467
2740000,5480.000000198924,-45775.87836091386,294.6812103748176,1.0525261329903228,467
2745000,5490.000000200961,-45012.24246916809,296.9393285591949,1.0310388144919787,467
2750000,5500.000000202998,-45426.65821605365,302.46153614093544,1.0341493667725334,467
2755000,5510.000000205036,-45328.450087683304,309.9520365794268,1.0294731604280642,467
2760000,5520.000000207073,-45167.752028723335,303.9268922162147,1.0423791359560284,467
2765000,5530.00000020911,-45545.5689928935,301.9489320052068,1.0433738742111862,467
2770000,5540.000000211147,-45415.807831338345,298.2288559670468,1.0528527281976896,467
2775000,5550.000000213185,-45539.39966770122,299.66888162117164,1.0302762327802126,467
2780000,5560.000000215222,-45255.13772947434,299.4946739444581,1.036974869802507,467
2785000,5570.000000217259,-45509.78362618119,303.29050688597823,1.040584778132728,467
2790000,5580.000000219296,-45521.147663521144,304.6707902437951,1.0568171202136805,467
2795000,5590.000000221334,-45526.48003963128,291.5110407888125,1.039273458278575,467
2800000,5600.000000223371,-45545.51147174556,302.2581311013647,1.0547710893018702,467
2805000,5610.000000225408,-45485.36934104419,294.92476911207035,1.0463732933142016,467
2810000,5620.0000002274455,-45354.1129420604,301.22909494822187,1.044357927467554,467
2815000,5630.000000229483,-45520.81622871733,300.65792031670134,1.0529910715810757,467
2820000,5640.00000023152,-45292.30667571889,301.1970657341176,1.0541191317143739,467
2825000,5650.000000233557,-45288.523978888785,302.55057345014365,1.0502162216951068,467
2830000,5660.000000235595,-45344.02502521587,303.3124586156448,1.0448087965966233,467
2835000,5670.000000237632,-45360.80038367858,288.5147468693747,1.0478528034438497,467
2840000,5680.000000239669,-45769.987772029155,309.94244734520413,1.0506830430398406,467
2845000,5690.000000241706,-45173.26119994122,302.2639119839104,1.0468059851032183,467
2850000,5700.000000243744,-45594.726715520665,305.52325558918386,1.050732492679079,467
2855000,5710.000000245781,-45104.66313105711,305.35096185331315,1.026245710402953,467
2860000,5720.000000247818,-45591.40206030989,299.15235195371434,1.0490782756560266,467
2865000,5730.0000002498555,-45428.33688795197,303.8358823761379,1.0509543295785277,467
2870000,5740.000000251893,-44842.29924269984,298.8932277996073,1.0417298598546985,467
2875000,5750.00000025393,-45395.20250925535,293.25548068698816,1.039659216333018,467
2880000,5760.000000255967,-45524.98417661022,308.10463447591115,1.0429095566064344,467
2885000,5770.000000258005,-45107.224079118576,296.26251611115606,1.0445199496199644,467
2890000,5780.000000260042,-45348.70431095819,296.6719822714672,1.0411245263703246,467
2895000,5790.000000262079,-45499.91041628944,297.0544970199101,1.0504866127800776,467
2900000,5800.000000264116,-45443.3913737495,299.5759969002692,1.0444100019218212,466
2905000,5810.000000266154,-45338.461832835776,304.89845155404726,1.044199708306103,466
2910000,5820.000000268191,-45572.5186094337,299.2153167014413,1.0432249969982517,466
2915000,5830.000000270228,-45406.02118389998,303.84164372867497,1.046271863091053,466
2920000,5840.000000272265,-45556.36387657205,294.9121136664974,1.0602368760503311,466
2925000,5850.000000274303,-45177.58647191708,304.5548796427531,1.0404254578933967,466
2930000,5860.00000027634,-45511.10226781503,303.73342795102144,1.0417337599027006,466
2935000,5870.000000278377,-45400.3000336964,300.44371518237466,1.0490153585911874,466
2940000,5880.0000002804145,-45902.45728478223,298.9526771457862,1.0543482182439714,466
2945000,5890.000000282452,-45475.5730417319,305.5237438393989,1.0537206477591547,466
2950000,5900.000000284489,-45562.59547154646,294.6207259381829,1.0459372898429236,466
2955000,5910.000000286526,-45571.063754508854,298.1419669587846,1.0381186891378185,466
2960000,5920.000000288564,-45088.89687519922,296.0586423513789,1.0452882922715452,466
2965000,5930.000000290601,-45155.744388098974,295.3225953872558,1.0346462122316176,466
2970000,5940.000000292638,-45464.79502916365,296.6834073264983,1.0294328696626083,466
2975000,5950.000000294675,-45660.93570809893,301.1984523647282,1.051945937983116,466
2980000,5960.000000296713,-45549.13286299113,307.84963115361876,1.049081548907418,466
2985000,5970.00000029875,-45685.09921391946,299.46797642270167,1.032286239228543,466
2990000,5980.000000300787,-45420.64170476969,300.62536379236485,1.040366994735137,466
2995000,5990.000000302824,-45817.11426079468,302.1964162741882,1.063196823249468,466
3000000,6000.000000304862,-45407.57371547347,289.5983303365378,1.041027137487113,466
3005000,6010.000000306899,-45588.73226814048,302.13446708690844,1.051987181903289,466
3010000,6020.000000308936,-45282.66941277473,297.4741773747191,1.0530019246790803,466
3015000,6030.0000003109735,-45791.65526659493,304.7584018623755,1.0547874772043968,466
3020000,6040.000000313011,-45510.97317822534,297.4384374589808,1.0389241414569694,466
3025000,6050.000000315048,-45340.127648615045,300.30001337909465,1.0464180976929678,466
3030000,6060.000000317085,-45720.60721838262,302.8296572730401,1.0520418156435871,466
3035000,6070.000000319123,-45802.0013471804,302.0855639453736,1.0562533792733844,466
3040000,6080.00000032116,-45493.807422867336,288.47719066283656,1.0433429594488837,466
3045000,6090.000000323197,-45710.140167853795,296.45465233576454,1.0438524102666267,466
3050000,6100.000000325234,-45565.35492267,302.12187023136136,1.0289245779275862,466
3055000,6110.000000327272,-45182.52979595875,306.0253721102942,1.0327617745624138,466
3060000,6120.000000329309,-45462.97879683174,297.60178645091264,1.0473075512182708,466
3065000,6130.000000331346,-45497.98829269223,301.7546865396696,1.0502758475853309,466
3070000,6140.0000003333835,-45060.41037808888,295.98571729926584,1.029410619885509,466
3075000,6150.000000335421,-45865.90014379946,302.1596998580199,1.050466022369347,466
3080000,6160.000000337458,-45609.161522220966,296.0550488297965,1.0581509566277985,466
3085000,6170.000000339495,-45185.207409606635,296.7630507015698,1.0485017081183319,466
3090000,6180.0000003415325,-45534.537028055405,294.7948359648534,1.0552717960648264,466
3095000,6190.00000034357,-45479.19490314013,296.17904485439897,1.0584538577400526,466
3100000,6200.000000345607,-45404.88097525691,297.6691454505746,1.0652019037443112,466
3105000,6210.000000347644,-45321.2719478739,301.69148743183945,1.0409851906823095,466
3110000,6220.000000349682,-45520.95739065268,299.0791730114895,1.0397992055268295,466
3115000,6230.000000351719,-45709.27456026641,297.54913354772657,1.044799741255684,465
3120000,6240.000000353756,-45381.272247818124,303.491177724345,1.052943096300297,465
3125000,6250.000000355793,-45176.69918855399,299.70446529684114,1.0416384561349707,465
3130000,6260.000000357831,-45469.28873352689,296.7584220895315,1.0372908305340351,465
3135000,6270.000000359868,-45879.29585078347,300.62983616433434,1.0532999785431516,465
3140000,6280.000000361905,-45235.235020688444,300.94143745155,1.060487835873028,465
3145000,6290.0000003639425,-45256.731246829615,309.087755578835,1.0312608067240459,465
3150000,6300.00000036598,-45244.30756837208,289.32719522714166,1.0406746729986727,465
3155000,6310.000000368017,-45492.681376972876,305.15452902681267,1.0467228437480904,465
3160000,6320.000000370054,-45240.029923982045,308.4016663767111,1.04123296652337,465
3165000,6330.000000372092,-44879.69781627116,306.16221888055554,1.0444887163997918,465
3170000,6340.000000374129,-45601.41626656271,291.66685119742465,1.0483748815621003,465
3175000,6350.000000376166,-45470.279846240504,297.7282237265901,1.0517885412536963,465
3180000,6360.000000378203,-45280.07631925304,306.2184067152983,1.034449031811256,465
3185000,6370.000000380241,-45686.18211537856,298.2596352606007,1.0524046521802073,465
3190000,6380.000000382278,-45536.76106227527,297.77126786554487,1.0328214004456444,465
3195000,6390.000000384315,-45404.29226401495,296.1288722623051,1.0464741666457174,465
3200000,6400.000000386352,-45460.350337858225,293.56995288546807,1.0361346575579726,465
3205000,6410.00000038839,-45236.074422614125,292.9369267167108,1.0554213404014283,465
3210000,6420.000000390427,-45586.12747017678,300.7568788702784,1.048804810037083,465
3215000,6430.000000392464,-45111.42879870522,299.9542931668545,1.044585077130156,465
3220000,6440.0000003945015,-45593.110794002714,299.204536136694,1.0396605219008386,465
3225000,6450.000000396539,-45431.906681837136,303.57798861257265,1.0608870066859353,465
3230000,6460.000000398576,-45590.73299088274,307.6732751759592,1.0462229523169486,465
3235000,6470.000000400613,-45357.14250059475,289.70310883267774,1.0429468742102959,465
3240000,6480.000000402651,-45157.54176470332,288.9522776520443,1.034497321590951,465
3245000,6490.000000404688,-45286.65211547975,304.5039844403411,1.046799699025812,465
3250000,6500.000000406725,-45855.77145858796,305.285516794494,1.045530734524699,465
3255000,6510.000000408762,-45746.12856867339,297.36307115579274,1.058123501391752,465
3260000,6520.0000004108,-45394.49317730576,305.1128715184686,1.0360926948560034,465
3265000,6530.000000412837,-45334.366476986324,305.1329678973181,1.0373683814535533,465
3270000,6540.000000414874,-45209.60905980595,299.1316892046154,1.036239558615391,465
3275000,6550.0000004169115,-45476.099784525984,309.41197325160636,1.0467605603359658,465
3280000,6560.000000418949,-45808.21438196342,300.05625934175595,1.0494226121629076,465
3285000,6570.000000420986,-45760.414779027284,290.0765616571301,1.0499933073725114,465
3290000,6580.000000423023,-45465.59741711247,306.8038968431227,1.04807082072541,465
3295000,6590.0000004250605,-45657.31949474744,294.31933884546515,1.0556276456487967,465
3300000,6600.000000427098,-45175.67058649426,304.70194060751237,1.025194622809624,465
3305000,6610.000000429135,-45560.01953134328,301.3501810015429,1.0410626311974966,465
3310000,6620.000000431172,-45746.42441227063,308.05756715518476,1.0431841668852884,465
3315000,6630.00000043321,-45539.58718560333,303.5436743874622,1.0360781298375605,465
3320000,6640.000000435247,-45198.296973246644,305.6302605063042,1.031755811686477,465
3325000,6650.000000437284,-45342.18988506519,298.3135771443544,1.0460658344776927,465
3330000,6660.000000439321,-45301.68636301742,302.94257978276624,1.045135402769964,465
3335000,6670.000000441359,-45206.35833986857,299.6901693305458,1.038886746889716,465
3340000,6680.000000443396,-45541.00214465169,299.6926691716466,1.0426373277419558,465
3345000,6690.000000445433,-45611.24409550414,301.9043645255813,1.042647358549564,465
3350000,6700.0000004474705,-45415.80846199766,301.872042361348,1.0348519774364082,465
3355000,6710.000000449508,-45204.282896698074,301.3492435611301,1.0468480875745212,465
3360000,6720.000000451545,-45403.96928347164,300.1398477785647,1.0427171285938859,465
3365000,6730.000000453582,-45294.71153821965,292.8734932487775,1.060427206659568,465
3370000,6740.00000045562,-45503.711773639574,300.77986569040075,1.05429347655569,465
3375000,6750.000000457657,-45117.80693617472,304.2469499971543,1.0433119323995619,465
3380000,6760.000000459694,-45716.17906473589,297.36443825639475,1.0389153218994431,465
3385000,6770.000000461731,-45610.4458747101,298.16788328019703,1.0600822404547217,465
3390000,6780.000000463769,-45163.367620950274,301.1413270895727,1.047454791071859,465
3395000,6790.000000465806,-45279.14964701192,290.5383682404897,1.0359313649506068,465
3400000,6800.000000467843,-45166.03602403321,295.6375167759335,1.0460143316664348,465
3405000,6810.00000046988,-45172.10265691776,305.5166349162684,1.0326364769061522,465
3410000,6820.000000471918,-44978.668475216255,300.8870463775985,1.0394186020999714,465
3415000,6830.000000473955,-45314.7392677239,295.99350977269734,1.04543649316358,465
3420000,6840.000000475992,-45491.051077565964,301.5963762899566,1.040225369263594,465
3425000,6850.0000004780295,-45054.050571323605,303.85681854535727,1.0355436071046895,465
3430000,6860.000000480067,-45087.81595127078,302.8073540032187,1.0409881851798488,465
3435000,6870.000000482104,-45371.50050843466,301.86799964956776,1.0568291541047705,465
3440000,6880.000000484141,-45671.47925525688,299.0099000709847,1.0484502130399507,465
3445000,6890.000000486179,-45686.48480252939,300.80025501937934,1.0708085214485195,465
3450000,6900.000000488216,-45288.94824852556,292.3294457992026,1.0326808196444512,465
3455000,6910.000000490253,-45942.04273971624,313.4650359363993,1.0404039572649115,465
3460000,6920.00000049229,-45669.42984357741,302.0797244728022,1.0520911739650043,464
3465000,6930.000000494328,-45372.709216334915,317.62313100744393,1.0465443959548737,464
3470000,6940.000000496365,-45159.92176032771,304.455335188918,1.0343877718894101,464
3475000,6950.000000498402,-45569.691954943555,308.1746886167599,1.051558994785292,464
3480000,6960.0000005004395,-45666.18842983575,301.84350901878315,1.054397115664436,464
3485000,6970.000000502477,-45299.23633775269,303.25091955854566,1.041987598015876,464
3490000,6980.000000504514,-45136.986267610395,300.3657123280256,1.042491554810085,464
3495000,6990.000000506551,-45804.19632770814,306.36443258960173,1.0703509735339252,464
3500000,7000.0000005085885,-45419.37158534955,291.5442418034328,1.044976624781996,464
3505000,7010.000000510626,-45304.54752221779,303.46860103440315,1.038796020107233,464
3510000,7020.000000512663,-45211.591714670154,297.9773289862853,1.0318528907917008,464
3515000,7030.0000005147,-45657.92571965931,302.19174860213275,1.0549701557923299,464
3520000,7040.000000516738,-45299.7146768721,299.8272309309018,1.0439507778427823,464
3525000,7050.000000518775,-45166.25872767676,299.1916463310179,1.042593129698122,464
3530000,7060.000000520812,-45172.211854751775,303.9607963111446,1.0391097247341898,464
3535000,7070.000000522849,-45440.2900054456,298.7947965562625,1.0560037051728532,464
3540000,7080.000000524887,-45780.319775572425,298.81553742539586,1.05736722715347,464
3545000,7090.000000526924,-45420.89842280207,295.72889768617364,1.040701895288995,464
3550000,7100.000000528961,-45502.19529199961,302.8552806443235,1.0453802356666075,464
3555000,7110.0000005309985,-45478.82299343072,300.5361311830707,1.0403174995937314,464
3560000,7120.000000533036,-45137.60888242576,303.4128233298411,1.0345389939861092,464
3565000,7130.000000535073,-45534.81873509052,305.2855949145284,1.0470065877347907,464
3570000,7140.00000053711,-45615.78788437805,293.56669137403185,1.0611349375267858,464
3575000,7150.000000539148,-45737.409065125685,300.61440745754015,1.0518570685794213,464
3580000,7160.000000541185,-45302.832699728664,297.77917751902794,1.0400719682041581,464
3585000,7170.000000543222,-45492.831961560296,304.04920866007757,1.0463016753549121,464
3590000,7180.000000545259,-45406.4827152208,301.3079180629322,1.04096809105129,464
3595000,7190.000000547297,-45393.798922459624,297.5382748629449,1.05913175672695,464
3600000,7200.000000549334,-45494.682535662345,304.25819928210797,1.0458190205426547,464
3605000,7210.000000551371,-45287.27213679551,301.27393584796783,1.0485612445720736,464
3610000,7220.000000553408,-45264.27779457538,292.4383451271571,1.0444289009937346,464
3615000,7230.000000555446,-45134.42642792748,299.86023664543603,1.0369446656173642,464
3620000,7240.000000557483,-45333.78662934186,308.8733746744309,1.0393246006206665,464
3625000,7250.00000055952,-45542.267932190065,303.8022907613456,1.0551385359957954,464
3630000,7260.0000005615575,-45158.426445725025,298.4139613885592,1.0352362939929134,464
3635000,7270.000000563595,-45543.340148351446,290.8299512688902,1.0420252854835492,464
3640000,7280.000000565632,-45226.39488620404,289.26454295955233,1.0450760875618506,464
3645000,7290.000000567669,-45183.486774954625,299.35991688511695,1.047114773968246,464
3650000,7300.000000569707,-45507.246565657464,304.8310925543853,1.0420593249440986,464
3655000,7310.000000571744,-44897.20696688976,302.51952073646936,1.0347090710214895,464
3660000,7320.000000573781,-45772.08106157166,302.6265647136069,1.0282369208952975,464
3665000,7330.000000575818,-45421.7764888136,299.0786457012573,1.0506663873435456,464
3670000,7340.000000577856,-45410.2042069532,300.37223535089805,1.040280122523176,464
3675000,7350.000000579893,-45700.285165746114,309.67926094930823,1.0465074434646267,464
3680000,7360.00000058193,-45226.888751127786,304.3299134736878,1.029660920380103,464
3685000,7370.000000583967,-46127.906702983455,293.5025548257889,1.0590122344743318,464
3690000,7380.000000586005,-45575.89543092693,301.0377789839746,1.0590891550821027,464
3695000,7390.000000588042,-45118.551877605176,294.3987283304248,1.0369142104418998,464
3700000,7400.000000590079,-45583.61409445049,303.7059687589296,1.0503284514561528,464
3705000,7410.0000005921165,-45438.27661263972,298.75503345875256,1.0357922798924868,464
3710000,7420.000000594154,-45089.13783233552,290.97193443141344,1.028209204020269,464
3715000,7430.000000596191,-45254.86323666529,307.7011640282402,1.0432946864913584,464
3720000,7440.000000598228,-45313.51868057417,297.7402737418964,1.042112768183179,464
3725000,7450.000000600266,-45531.06294471599,301.3638910675802,1.0504281744172144,464
3730000,7460.000000602303,-45518.518519583944,301.93639373968557,1.0394369223530637,463
3735000,7470.00000060434,-45834.9668029334,296.9929579628109,1.0512925683732504,463
3740000,7480.000000606377,-45499.598519626365,301.72677815737995,1.0571945753590102,463
3745000,7490.000000608415,-45356.00464258765,300.3752820322397,1.0432783613256076,463
3750000,7500.000000610452,-45467.890017287486,297.772185775949,1.0282020055300638,463
3755000,7510.000000612489,-45404.4289881532,294.0815609907581,1.0327795788536938,463
3760000,7520.0000006145265,-45421.734428461525,300.98207939944695,1.027991112013324,463
3765000,7530.000000616564,-45056.94143970858,294.9685553913519,1.0433430228643714,463
3770000,7540.000000618601,-45267.71397403878,293.27504975560555,1.0331955894583706,463
3775000,7550.000000620638,-45552.85385168929,302.7968077985746,1.0572338767860592,463
3780000,7560.0000006226755,-45264.08782856059,301.13144490522103,1.038311539619989,463
3785000,7570.000000624713,-45373.50204019871,298.0512110088197,1.0378693556546952,463
3790000,7580.00000062675,-45456.335748452664,308.9577638415922,1.0603962573814925,463
3795000,7590.000000628787,-45508.91357855074,296.16582303857666,1.0359966130769207,463
3800000,7600.000000630825,-45527.101486374304,299.76446148326085,1.0354063300520944,463
3805000,7610.000000632862,-45317.61196839338,298.2020217352302,1.0502076415119703,463
3810000,7620.000000634899,-45699.850977108785,310.6165841820648,1.054575438945993,463
3815000,7630.000000636936,-45428.685794904246,299.0092360506923,1.0511699942037125,463
3820000,7640.000000638974,-45589.6341113651,298.23424624942044,1.0495968810415404,463
3825000,7650.000000641011,-45461.510638114734,293.54220074324724,1.0543868786120931,463
3830000,7660.000000643048,-45332.83572339249,294.32890854967917,1.060400793404704,463
3835000,7670.0000006450855,-45426.46570215255,293.50532808701007,1.0490230999026873,463
3840000,7680.000000647123,-45228.58170295181,304.6120049179086,1.0439443126987125,463
3845000,7690.00000064916,-45796.69625638056,288.24413907021074,1.057629106725303,463
3850000,7700.000000651197,-45648.96371204493,305.11544947960374,1.0488590136741107,463
3855000,7710.000000653235,-45481.97664623102,305.2176500146084,1.0441413866773694,463
3860000,7720.000000655272,-45347.384510143456,290.7187864599381,1.0324866060134998,463
3865000,7730.000000657309,-45471.6066965278,296.3205202366986,1.0510626876819085,463
3870000,7740.000000659346,-45666.04527397742,297.0239325564508,1.048778847282874,463
3875000,7750.000000661384,-45590.295190799196,294.94795123227874,1.0486604901391678,463
3880000,7760.000000663421,-45356.42846216782,303.1879548108187,1.0420996741247792,463
3885000,7770.000000665458,-45510.12513999181,310.595765192897,1.043774492227561,463
3890000,7780.000000667495,-45444.95386457871,307.12399368407944,1.0432064640767533,463
3895000,7790.000000669533,-45431.4990831122,292.5933157453994,1.0473015003540231,463
3900000,7800.00000067157,-45506.567626643926,299.97292479505904,1.043394002770822,463
3905000,7810.000000673607,-45534.16483624771,300.14701529172095,1.0477939317380234,463
3910000,7820.0000006756445,-45718.00963975536,308.8060547347862,1.0459925175162337,463
3915000,7830.000000677682,-45416.97473134039,298.05714813143413,1.0518242230190633,463
3920000,7840.000000679719,-45432.34636552687,295.9409935795715,1.0340414693078899,463
3925000,7850.000000681756,-45350.60554521161,302.4529234071428,1.0468089252583208,463
3930000,7860.000000683794,-45469.32359309093,305.1465803133124,1.0452946757228432,463
3935000,7870.000000685831,-45437.25694194829,316.86653847427345,1.0509702334746402,463
3940000,7880.000000687868,-45816.348750538105,309.8522772954972,1.0545604741524732,463
3945000,7890.000000689905,-45473.55794617595,294.5711197163385,1.0441202009503963,463
3950000,7900.000000691943,-45734.119155937224,304.34143617876185,1.0590333785013402,463
3955000,7910.00000069398,-45544.641481790924,303.8783796748519,1.052183416664114,463
3960000,7920.000000696017,-45438.7441770836,305.1286712954261,1.0446096267556078,463
3965000,7930.0000006980545,-45353.897259831254,309.1986469676667,1.0467184756555057,463
3970000,7940.000000700092,-45547.055290338496,307.20957418176545,1.0490796484840639,463
3975000,7950.000000702129,-45252.198121399095,300.90476009539884,1.0552815994006435,463
3980000,7960.000000704166,-45086.92073107275,297.9835199990115,1.0351776766425624,463
3985000,7970.0000007062035,-45375.63743698754,299.90626887570664,1.0461818204208717,463
3990000,7980.000000708241,-45596.95537056454,294.89898950071813,1.0425992263595436,463
3995000,7990.000000710278,-45456.309530757746,303.4721554959684,1.0415433293520115,463
4000000,8000.000000712315,-45212.36046760308,306.63207182745845,1.0279593328343337,463
4005000,8010.000000714353,-45291.23905484477,296.9197399605689,1.0562683091333567,463
4010000,8020.00000071639,-45337.26531207067,301.06601937641045,1.0644209841459886,463
4015000,8030.000000718427,-45271.74461543275,299.0729038787289,1.0469002577164632,463
4020000,8040.000000720464,-45463.105791748094,306.99382617675934,1.0384208246899183,463
4025000,8050.000000722502,-45545.02771206215,294.2286610155345,1.052611365993607,463
4030000,8060.000000724539,-45488.16988404325,297.4027170732511,1.0482655151920781,463
4035000,8070.000000726576,-45657.72827320051,301.49648029596676,1.0563821521726255,463
4040000,8080.0000007286135,-45365.08041693835,302.6120343872083,1.0479365587598952,463
4045000,8090.000000730651,-45251.29780934524,297.0813312517267,1.0374554888532996,463
4050000,8100.000000732688,-45468.0282235613,296.0100126299645,1.0412593224069813,463
4055000,8110.000000734725,-45709.85776615696,293.0626804420873,1.0473887003470244,463
4060000,8120.000000736763,-45380.68902570073,297.7425196928854,1.0518053561052838,463
4065000,8130.0000007388,-45354.96172413358,300.731255498995,1.0365984481971462,463
4070000,8140.000000740837,-45831.396107132954,300.84779106031215,1.0533674060877607,463
4075000,8150.000000742874,-45091.99247387552,309.82899752524577,1.0296457843196771,462
4080000,8160.000000744912,-45397.21858507657,299.88287192540366,1.034646278751524,462
4085000,8170.000000746949,-45403.725094087364,303.69096971232466,1.0496374608582273,462
4090000,8180.000000748986,-45308.99580363283,293.5187256729098,1.0539109626599616,462
4095000,8190.000000751023,-45528.57009610941,304.0635241563815,1.0345801176722766,462
4100000,8200.00000075306,-45427.690344124334,298.31408492457797,1.051566338627828,462
4105000,8210.000000755097,-45089.97533410712,293.7601556392251,1.0388148579813359,462
4110000,8220.000000757134,-45298.20996073636,296.88603116572506,1.0430392294170319,462
4115000,8230.000000759172,-45427.734410271136,293.4673812803,1.042918122665248,462
4120000,8240.000000761209,-45867.37237506421,300.35598638374273,1.0439363482351132,462
4125000,8250.000000763246,-45562.44780306221,299.05933052275174,1.056493205886673,462
4130000,8260.000000765283,-45457.86571622008,299.60372951248144,1.0419492460232365,462
4135000,8270.00000076732,-45294.886827455106,299.92859167553667,1.0312478278715869,462
4140000,8280.000000769358,-45872.20974477497,292.24712681295284,1.0576697775753996,462
4145000,8290.000000771395,-45470.038171629974,305.7895472564471,1.047324243141139,462
4150000,8300.000000773432,-45134.448560013145,303.47969407928804,1.0480474084643085,462
4155000,8310.00000077547,-45392.60321111075,296.1734202119221,1.035776007968177,462
4160000,8320.000000777507,-45036.46419087995,311.4267670588342,1.046297900718131,462
4165000,8330.000000779544,-45801.456150974,300.3310075027431,1.0582193336427346,462
4170000,8340.000000781582,-45455.47646576882,300.87911719410687,1.060748505423243,462
4175000,8350.000000783619,-45391.84116097141,306.91365549145564,1.0406310286110938,462
4180000,8360.000000785656,-45359.46416617764,305.62684275479916,1.0421215756321747,462
4185000,8370.000000787693,-45592.746638998506,290.7886648307095,1.0562406952260996,462
4190000,8380.00000078973,-45351.444803013146,305.3192060593293,1.0516919256774415,462
4195000,8390.000000791768,-45185.49996933283,296.63559786544505,1.0406910233125048,462
4200000,8400.000000793805,-45423.897003553575,300.37102449036485,1.039815711811985,462
4205000,8410.000000795842,-45410.629080285056,299.63911788806496,1.0470557900585458,462
4210000,8420.00000079788,-45403.1882675768,292.8560334210889,1.0522848350383864,462
4215000,8430.000000799917,-45939.91985465132,297.8534892017516,1.0494718879983005,462
4220000,8440.000000801954,-45590.57123554248,302.1839561287013,1.0563410271204072,462
4225000,8450.000000803991,-45146.56291955986,294.31703430445026,1.0363797013106493,462
4230000,8460.000000806029,-45616.409744377714,296.55357182932437,1.0499650792148005,462
4235000,8470.000000808066,-45116.617946744635,313.30906928771833,1.063244233230289,462
4240000,8480.000000810103,-45609.26575054295,298.66416032873593,1.045922005469182,462
4245000,8490.00000081214,-45156.63084464782,297.24762927495715,1.0350447904797357,462
4250000,8500.000000814178,-45681.7883403415,287.35243793754427,1.048489532105264,462
4255000,8510.000000816215,-45235.08655689968,298.4116568475444,1.035535154786465,462
4260000,8520.000000818252,-45622.13058886264,299.30054565897245,1.0434072156672873,462
4265000,8530.00000082029,-45020.72555607298,303.8653140990984,1.036210486256657,462
4270000,8540.000000822327,-45345.74245731227,305.3430521998301,1.0354169029544242,462
4275000,8550.000000824364,-45595.64596987827,298.5375863429983,1.0433618955475032,462
4280000,8560.000000826401,-45633.885155359894,297.95840440795166,1.0638045423730056,462
4285000,8570.000000828439,-45603.07959645233,303.9059755770039,1.054440693060264,462
4290000,8580.000000830476,-45370.65321204357,302.4630008915805,1.0369253563391487,462
4295000,8590.000000832513,-45736.82135938949,309.4468343169577,1.0564872511181675,462
4300000,8600.00000083455,-45306.859592694265,293.9573696660696,1.0260401815006015,462
4305000,8610.000000836588,-45287.59121190198,302.0830250442556,1.052412003979967,462
4310000,8620.000000838625,-45064.92101718736,290.73605098754064,1.047444631538123,462
4315000,8630.000000840662,-45300.957574568805,297.74646475462265,1.0500537452906769,462
4320000,8640.0000008427,-45620.98895750969,307.9838999627449,1.0453064552087328,462
4325000,8650.000000844737,-45329.17370691753,298.91736689023713,1.0523548158960057,462
4330000,8660.000000846774,-45419.40010843077,292.59419459578646,1.0485686099973373,462
4335000,8670.000000848811,-45439.53452102389,305.98767919369584,1.0489455906066403,462
4340000,8680.000000850849,-45389.69659890642,294.6449626788557,1.0391292880790823,462
4345000,8690.000000852886,-45091.38599479137,299.99552101500944,1.0301142899512143,462
4350000,8700.000000854923,-45376.26692272225,291.94331799916864,1.0527296177752499,462
4355000,8710.00000085696,-45185.21598101509,304.6800474678716,1.0459938013188121,462
4360000,8720.000000858998,-45422.78559971115,303.661694229433,1.0347015709099139,462
4365000,8730.000000861035,-45203.25591857039,303.68741525075944,1.045315721714941,462
4370000,8740.000000863072,-45476.61243963035,304.58374499546414,1.0448667492152053,462
4375000,8750.00000086511,-45614.47039850778,297.20782711743,1.0373478811876455,462
4380000,8760.000000867147,-45226.25521089387,293.3983426998984,1.0496393567472737,462
4385000,8770.000000869184,-45553.35763691401,300.68414911825136,1.0450824331962951,462
4390000,8780.000000871221,-45229.69310159402,296.03190576960526,1.0265374691004425,462
4395000,8790.000000873259,-45403.80288722782,290.7330433662162,1.0412188794231703,462
4400000,8800.000000875296,-45177.35243831508,302.8806696555037,1.030351341952875,462
4405000,8810.000000877333,-45443.40291189743,294.47546173421483,1.05556235265752,462
4410000,8820.00000087937,-45134.326362974185,297.71064671884994,1.0541001779023917,462
4415000,8830.000000881408,-45022.8461107247,301.94633451406304,1.0398424864749902,462
4420000,8840.000000883445,-45551.06797444518,297.20403829576156,1.0435940018055079,462
4425000,8850.000000885482,-45180.46530811855,292.913568826425,1.038096761337022,462
4430000,8860.00000088752,-45418.322214158456,297.36559052690217,1.0453517970641912,462
4435000,8870.000000889557,-45236.89824927444,302.0288097403815,1.046220141056068,462
4440000,8880.000000891594,-45143.55614234271,298.7493697562585,1.041585159636815,462
4445000,8890.000000893631,-45512.15560267077,305.4777116091283,1.0374850426339328,462
4450000,8900.000000895669,-45602.41489179092,307.3069508046458,1.041247201931048,462
4455000,8910.000000897706,-45319.90258589262,306.5694586198863,1.038691977244317,462
4460000,8920.000000899743,-45318.40412532844,297.8241941888513,1.042295214041338,462
4465000,8930.00000090178,-45896.64293527178,291.7928392829043,1.0627592148835008,461
4470000,8940.000000903818,-45323.52930981552,296.30761090101385,1.0451378541521301,462
4475000,8950.000000905855,-45340.66532548561,307.3678649014698,1.0466780731853393,462
4480000,8960.000000907892,-45444.00270326884,305.6339907379468,1.0341251897991157,462
4485000,8970.00000090993,-45433.05942049116,305.0247716496732,1.0533142176451056,461
4490000,8980.000000911967,-45003.20179577038,308.71440040442553,1.0391854490972896,461
4495000,8990.000000914004,-45783.325152230944,295.5671696849557,1.0495988671039354,461
4500000,9000.000000916041,-45376.41793345264,295.852659350673,1.0523450838962913,461
4505000,9010.000000918079,-45401.676914296695,301.1561308360916,1.0521676674877998,461
4510000,9020.000000920116,-45493.62485358506,305.06369495681326,1.0458531818716548,461
4515000,9030.000000922153,-45158.58046118132,300.1655687998911,1.0291558229247053,461
4520000,9040.00000092419,-45608.304157790175,310.6444535043372,1.0469746418233643,461
4525000,9050.000000926228,-45228.925729045295,297.75705001928395,1.0426182579180379,461
4530000,9060.000000928265,-45222.674961598765,291.272305963684,1.053612056914628,461
4535000,9070.000000930302,-45231.48766374207,298.72751567663494,1.0312082085136023,461
4540000,9080.00000093234,-45291.72283025482,307.3750714746432,1.0333268626808674,461
4545000,9090.000000934377,-45384.115493695455,298.70288833579013,1.0415494532738991,461
4550000,9100.000000936414,-45317.877185130346,298.6143783368141,1.028200196234789,461
4555000,9110.000000938451,-45087.23491128831,299.9317164769127,1.039246373033414,461
4560000,9120.000000940488,-45395.38590261189,300.38940222845764,1.0454551453822925,461
4565000,9130.000000942526,-45609.812558238336,294.8087022709595,1.0347671770031177,461
4570000,9140.000000944563,-45006.49081413922,294.606898692094,1.0408312926325944,461
4575000,9150.0000009466,-45320.0760015141,303.1486994935324,1.0510231342668896,461
4580000,9160.000000948638,-45638.56894655179,282.52407297134187,1.0533230562241807,461
4585000,9170.000000950675,-45478.21288445039,293.0184840326251,1.037734957814852,461
4590000,9180.000000952712,-45511.30673247567,293.93518357629983,1.064992964859387,461
4595000,9190.00000095475,-45475.31012079306,309.6578755898911,1.0386888469794686,461
4600000,9200.000000956787,-45648.75042340279,294.89465383880884,1.053667252941898,461
4605000,9210.000000958824,-45490.71436734439,298.5628972341441,1.0505599420262097,461
4610000,9220.000000960861,-45578.67676670177,306.3624209987159,1.0604797195996825,461
4615000,9230.000000962898,-44956.48750651852,304.25062163877107,1.0518524021837736,461
4620000,9240.000000964936,-45471.91235057925,306.8503001435567,1.0406576525172448,461
4625000,9250.000000966973,-45447.61090642473,295.3703853183004,1.0486239012151144,461
4630000,9260.00000096901,-45453.51824754538,307.96997506661296,1.0570558641817496,461
4635000,9270.000000971047,-45311.93148706216,299.33964473618994,1.0442535915055442,461
4640000,9280.000000973085,-45395.007424262556,302.29699581847905,1.037361929948922,461
4645000,9290.000000975122,-45094.8347449078,299.7993420786207,1.033365582840824,461
4650000,9300.00000097716,-45471.951527205994,302.8112209449215,1.053344712176507,461
4655000,9310.000000979197,-44874.03733674408,295.93919681878026,1.0251872637730168,461
4660000,9320.000000981234,-45223.92289643211,298.9122109679667,1.044841053538175,461
4665000,9330.000000983271,-45326.984575413284,308.02420990049563,1.0629416416630013,461
4670000,9340.000000985308,-45357.76410822495,298.43782705906864,1.0440962100389164,461
4675000,9350.000000987346,-45248.319846767845,308.09793568296124,1.0406639188360218,461
4680000,9360.000000989383,-45154.78978553059,297.436718818224,1.0308114533463104,461
4685000,9370.00000099142,-45587.24514796215,312.1299645484918,1.0518757317866518,461
4690000,9380.000000993457,-45420.19036957738,290.9647083282314,1.0447465237447324,461
4695000,9390.000000995495,-45429.91113247737,302.82643482162104,1.0446690010410875,461
4700000,9400.000000997532,-45513.77882796063,300.9213020126832,1.0469647973137082,461
4705000,9410.00000099957,-45344.67064531721,298.9901357022814,1.044534503713821,461
4710000,9420.000001001607,-45403.68021443483,303.9572418495794,1.0372756615792846,461
4715000,9430.000001003644,-45359.196758276375,301.53251316183406,1.0392789523599155,461
4720000,9440.000001005681,-45322.510365569644,290.38849495449205,1.0415033342571036,461
4725000,9450.000001007718,-45322.529569598264,299.6131234466181,1.0376774884076057,461
4730000,9460.000001009756,-45518.699331337266,306.8298326945437,1.0561586765125384,461
4735000,9470.000001011793,-45568.464312429365,291.8613700830823,1.035447424233326,461
4740000,9480.00000101383,-45262.96672263468,300.7212366045831,1.0364206225458994,461
4745000,9490.000001015867,-45068.07947500475,296.8633958857574,1.0420826721376102,461
4750000,9500.000001017905,-44957.97142372947,306.2917028375747,1.0296596237552575,461
4755000,9510.000001019942,-45602.661436194205,303.28226522234894,1.051665900190077,461
4760000,9520.00000102198,-45602.934219802526,313.6733039481115,1.0431187317158754,461
4765000,9530.000001024016,-45181.20698605949,298.74819795574246,1.0363774825810064,461
4770000,9540.000001026054,-45296.25018733565,299.9963608053792,1.0313654468917466,461
4775000,9550.000001028091,-45434.59858596671,299.9773385770026,1.0392234585892741,461
4780000,9560.000001030128,-45195.92867937096,296.18806771837217,1.033480429009471,461
4785000,9570.000001032166,-45308.50275236959,310.2756683519402,1.0452659918469487,461
4790000,9580.000001034203,-45254.983045041736,308.43594154180437,1.0382797130097834,461
4795000,9590.00000103624,-45236.46139810333,288.9336655538483,1.029284886920986,461
4800000,9600.000001038277,-45244.745842012635,298.91773796040053,1.0194191881130905,461
4805000,9610.000001040315,-45386.63282112204,291.16295744553173,1.032450602846237,461
4810000,9620.000001042352,-45630.524938927905,300.38563293679783,1.0471620165926565,461
4815000,9630.00000104439,-45727.28196055567,292.1944348497496,1.0611524216823185,461
4820000,9640.000001046426,-45333.832543224475,301.567393757194,1.0381064078974,461
4825000,9650.000001048464,-45487.4805090813,296.98461864913867,1.034806812311911,461
4830000,9660.000001050501,-45526.284593149874,300.4486758045591,1.050652758681431,461
4835000,9670.000001052538,-45759.726710694085,292.81662186373376,1.0488708995869003,461
4840000,9680.000001054575,-45142.77539911249,296.3128058833015,1.0395022620409433,461
4845000,9690.000001056613,-45268.30022762524,307.7843618648769,1.038834901787434,461
4850000,9700.00000105865,-45578.427480366954,294.3091246509672,1.0495128858338751,461
4855000,9710.000001060687,-45395.16551540414,309.7133017542984,1.0389078047267835,461
4860000,9720.000001062725,-45378.63262232076,296.65924870585985,1.0390513082756323,461
4865000,9730.000001064762,-45281.874764632084,299.78053468033875,1.044282071766525,461
4870000,9740.000001066799,-45548.19939004636,302.057167312869,1.037999748343477,461
4875000,9750.000001068836,-45264.63346737053,310.1362631505522,1.048088018692271,461
4880000,9760.000001070874,-45587.013911020535,306.03228573333865,1.060791195312526,461
4885000,9770.00000107291,-45265.79613680221,297.10052925018067,1.0352602924561498,461
4890000,9780.000001074948,-45221.82641430944,313.6044801978045,1.052770245234958,461
4895000,9790.000001076985,-45478.9333861465,307.1382505903576,1.05528585877054,461
4900000,9800.000001079023,-45328.24114214085,290.30752353883577,1.0526696988538502,461
4905000,9810.00000108106,-45355.043616045936,292.3002484363453,1.0450151921650201,461
4910000,9820.000001083097,-45645.72814660266,296.4974035245903,1.0568849674105465,461
4915000,9830.000001085134,-45561.7791588869,297.84095093623023,1.0412011707707745,461
4920000,9840.000001087172,-45341.55937459832,306.6536720169702,1.0308730287646615,461
4925000,9850.000001089209,-45377.02986117746,304.09074898837014,1.0470500874665485,461
4930000,9860.000001091246,-45215.416417359025,298.7186099927132,1.0474478816253734,461
4935000,9870.000001093284,-45668.28185583683,301.4186922717123,1.0647401583952347,461
4940000,9880.00000109532,-45531.79403641625,296.9600303683111,1.058864944124085,461
4945000,9890.000001097358,-45340.61621683402,298.8471369793109,1.0412441968137094,461
4950000,9900.000001099395,-45463.83830785248,305.26897487720964,1.045490645313406,461
4955000,9910.000001101433,-45349.27845177188,303.7309671699378,1.0368536982330172,461
4960000,9920.00000110347,-45613.265728758706,298.7732940167937,1.0476488156762171,461
4965000,9930.000001105507,-45218.12751880009,297.90821228584923,1.0433415107582824,461
4970000,9940.000001107544,-45260.88185857423,295.08608698310775,1.030521899038263,461
4975000,9950.000001109582,-45221.93830598032,292.10342500967283,1.029184069262201,461
4980000,9960.000001111619,-45047.33612656465,289.9786772540261,1.040427704588223,461
4985000,9970.000001113656,-45414.664148532116,308.2525157010316,1.037966965061791,461
4990000,9980.000001115694,-45385.2004573071,307.07921137435926,1.0483279526136253,461
4995000,9990.00000111773,-45672.84989843366,305.58534148652376,1.0595917159790558,461
5000000,10000.000001119768,-45491.21133057182,296.0541504494009,1.0544148764110306,461
5005000,10010.000001121805,-45580.6348477336,300.8384166561841,1.0416820242758038,461
5010000,10020.000001123843,-45378.04873170238,305.72810584939106,1.0347682614312106,461
5015000,10030.00000112588,-44936.93756068859,290.88608051360717,1.0339445775047789,461
5020000,10040.000001127917,-45624.435567302426,304.8059183732997,1.0448590287909123,461
5025000,10050.000001129954,-45338.50913327173,306.651484656007,1.045773556236396,461
5030000,10060.000001131992,-45300.25613573266,305.5164005561652,1.0483336393373213,461
5035000,10070.000001134029,-45201.33056752931,288.51482498940914,1.0237567645778531,461
5040000,10080.000001136066,-45619.02174400154,309.2831923748969,1.0469107093868115,461
5045000,10090.000001138103,-45288.42126639333,302.30576479234054,1.0620081544565385,461
5050000,10100.00000114014,-45438.40370581907,293.0992601481954,1.0318594292897019,461
5055000,10110.000001142178,-45304.18497908744,302.26807187574224,1.0473361491552242,461
5060000,10120.000001144215,-45523.01852699218,292.539998821921,1.0457845704167499,461
5065000,10130.000001146253,-45468.60641196629,296.0430964645332,1.0334088510544772,461
5070000,10140.00000114829,-45427.20588383943,297.37617579156347,1.0414034292149141,461
5075000,10150.000001150327,-45360.31769227958,299.787409243366,1.0571690575502097,461
5080000,10160.000001152364,-45209.89302342583,301.403224504901,1.0410081455319784,461
5085000,10170.000001154402,-45179.584128228715,311.7936187403797,1.0544750763527098,461
5090000,10180.000001156439,-45609.706334623595,302.77235622780717,1.039409965450111,461
5095000,10190.000001158476,-45443.11397427792,290.72570008298254,1.0469883223770764,461
5100000,10200.000001160513,-45741.25935631152,298.9705275736468,1.0516441142607191,461
5105000,10210.00000116255,-45338.60099187624,299.8427768177475,1.0296903761575324,461
5110000,10220.000001164588,-45540.55590715984,308.6150512506765,1.0393166295621703,461
5115000,10230.000001166625,-45548.57037519777,296.39172664805477,1.0406327569229046,461
5120000,10240.000001168662,-45522.76182059036,297.73296951867997,1.0447707641345096,461
5125000,10250.0000011707,-45607.93392944432,294.07574104819525,1.0521616346040492,461
5130000,10260.000001172737,-45224.92964803238,291.9264831317553,1.0425139335429012,461
5135000,10270.000001174774,-45238.78357623826,303.1855526197609,1.0503481491587512,461
5140000,10280.000001176812,-45248.49641271692,295.0845245824197,1.0293211652948668,461
5145000,10290.000001178849,-45260.3666712055,296.1982233228443,1.0455911523112686,461
5150000,10300.000001180886,-45360.1394742986,302.2660602848564,1.039677258604221,461
5155000,10310.000001182923,-45507.12949628188,293.0667426838761,1.039192338184732,461
5160000,10320.00000118496,-45270.02201399967,301.3400449270794,1.046671780116669,461
5165000,10330.000001186998,-45281.64471520725,290.3852334430558,1.0443505985477117,461
5170000,10340.000001189035,-45390.3372817889,298.7922185951273,1.0307851846872926,461
5175000,10350.000001191072,-45310.95507494101,297.79218450475565,1.0308354061720386,461
5180000,10360.00000119311,-45023.514391578734,298.0925560370262,1.0386546061916395,461
5185000,10370.000001195147,-45712.98826609479,299.4928576536583,1.063193802637199,461
5190000,10380.000001197184,-45448.15363424027,305.29174686723746,1.059157178169811,461
5195000,10390.000001199222,-45411.0446082844,293.6204379576995,1.0523910036463724,461
5200000,10400.000001201259,-45443.23542610821,303.63308276683375,1.0342254509363862,461
5205000,10410.000001203296,-45273.8728544614,310.28972995813234,1.0413547306392863,461
5210000,10420.000001205333,-45251.37865046019,299.5521312297598,1.045668059106278,461
5215000,10430.00000120737,-45448.618882397335,301.1660130204433,1.0507335897048378,461
5220000,10440.000001209408,-45410.8691295271,292.08817207295607,1.0461959158297367,461
5225000,10450.000001211445,-45408.47596020339,294.30269927813777,1.0384984347062476,461
5230000,10460.000001213482,-45708.84935275963,293.34740843746914,1.0407657508680888,461
5235000,10470.00000121552,-45401.730052114144,307.6177318315003,1.044841139311269,461
5240000,10480.000001217557,-45246.68353139702,298.23664844047823,1.0432138086884466,461
5245000,10490.000001219594,-45367.39947747765,299.810708543626,1.045274794659612,461
5250000,10500.000001221631,-45537.1351770981,301.9640482318634,1.031469499465792,461
5255000,10510.000001223669,-45243.67314846304,307.74766497871724,1.0512301623995626,461
5260000,10520.000001225706,-45553.426989246596,298.89576670072535,1.0456869893124328,461
5265000,10530.000001227743,-45957.1814300016,297.8780579525706,1.056153776536776,461
5270000,10540.00000122978,-45062.18404405081,303.3346056453974,1.0441424820001306,461
5275000,10550.000001231818,-45703.6483863155,304.07496874142123,1.0608873378556472,461
5280000,10560.000001233855,-45375.110022622655,288.7250069419641,1.065555026630381,461
5285000,10570.000001235892,-45312.40919479332,299.60089766123446,1.0425720082102943,461
5290000,10580.00000123793,-45242.40200069398,300.5526340403378,1.0500691195441108,461
5295000,10590.000001239967,-45423.92150573971,304.28886139561024,1.0564428320124764,461
5300000,10600.000001242004,-45368.647033515765,303.1777992063466,1.0564159121516703,461
5305000,10610.000001244041,-45193.68801894286,307.6924731744132,1.048957049980526,461
5310000,10620.000001246079,-45869.74723746444,294.33744316343746,1.056311528390627,461
5315000,10630.000001248116,-45582.228072915284,310.2047744207216,1.046460985471061,461
5320000,10640.000001250153,-45432.598756067106,300.15924107710464,1.0488023623102394,461
5325000,10650.00000125219,-45542.79739660706,300.66791968110465,1.0377098426092046,461
5330000,10660.000001254228,-45661.59088221859,294.42733979302403,1.0526201272922415,461
5335000,10670.000001256265,-45690.04439134398,305.85167221380425,1.0651456892953115,461
5340000,10680.000001258302,-45293.7049832952,310.7774333328958,1.050019305452403,461
5345000,10690.00000126034,-45221.31681066149,300.55503623139566,1.0324166934710495,461
5350000,10700.000001262377,-45368.51898165577,301.549855809471,1.0598170922489951,461
5355000,10710.000001264414,-45457.02431726162,300.91628280047297,1.036887606185792,461
5360000,10720.000001266451,-45295.70524291307,297.35078678038326,1.0342702873855094,461
5365000,10730.000001268489,-45020.06360595513,295.68655662752855,1.0486767492846754,461
5370000,10740.000001270526,-45620.6671841472,307.8903512215501,1.056168841347132,461
5375000,10750.000001272563,-45340.415503797994,294.5222165748037,1.0534771658564692,461
5380000,10760.0000012746,-45266.473345900624,302.28078591134096,1.0377504818432204,461
5385000,10770.000001276638,-45061.57380314177,300.2941153164974,1.0346925956124273,461
5390000,10780.000001278675,-45302.079116159905,302.02630989928076,1.0539645526341188,461
5395000,10790.000001280712,-45261.42394207677,296.6305200632091,1.0383389874529763,461
5400000,10800.00000128275,-45388.42138759029,305.20466255888937,1.0427510402917277,461
5405000,10810.000001284787,-45294.28434718499,292.6455389883963,1.038527448864326,461
5410000,10820.000001286824,-45239.288182714925,293.747070533463,1.0484327047042472,461
5415000,10830.000001288861,-45347.19994964349,302.30926066387997,1.0233394320291012,461
5420000,10840.000001290899,-45551.18952927392,307.33323819622166,1.0564525517449257,461
5425000,10850.000001292936,-45394.099828637874,297.0079570094159,1.0371074916990075,461
5430000,10860.000001294973,-45219.57634855388,295.5044197673233,1.0574903225269003,461
5435000,10870.00000129701,-45121.070035218145,303.08569568578827,1.032242883311018,461
5440000,10880.000001299048,-45227.05002745829,296.5439240050759,1.0345601082145979,461
5445000,10890.000001301085,-45282.05882320876,300.77187791688334,1.0468219491371147,461
5450000,10900.000001303122,-45419.25694661745,299.6416958492002,1.0406057315341468,461
5455000,10910.00000130516,-45722.29092214658,300.18162246696045,1.0483662294787794,461
5460000,10920.000001307197,-45394.92378314596,299.4191904612185,1.0408911774191383,461
5465000,10930.000001309234,-45333.99252462629,295.9987633450108,1.0432578430445594,461
5470000,10940.000001311271,-45519.962436781876,298.43790517910304,1.0633272529798365,461
5475000,10950.000001313309,-45376.1841790388,299.91769393073776,1.0406402248455422,461
5480000,10960.000001315346,-45793.20456482118,293.72949352572283,1.0515166407319483,461
5485000,10970.000001317383,-45535.51953388512,298.0865993844032,1.059675469192228,461
5490000,10980.00000131942,-45225.147379007976,301.68387072848543,1.0353190119147755,461
5495000,10990.000001321458,-45319.56019680266,297.89426785970875,1.0352222131370556,461
5500000,11000.000001323495,-45515.52280971134,296.16883065990106,1.0522610845587854,461
