#"Step","Time (ps)","Potential Energy (kJ/mole)","Temperature (K)","Density (g/mL)","Speed (ns/day)"
505000,1009.9999999899404,-37176.21189121393,291.65863011029705,0.9975161848672313,0
510000,1019.999999989704,-37652.700703356095,306.1874692653699,1.0185149562941362,465
515000,1029.9999999894676,-37657.34644833428,294.15588544885264,1.014471779274082,468
520000,1039.9999999892311,-37425.008336421306,294.92611703602506,1.0027519088905557,470
525000,1049.9999999889947,-37457.931737708976,301.1686015008733,0.9969524554101103,473
530000,1059.9999999887582,-37322.02899909063,291.72671552570694,0.9986176195044705,475
535000,1069.9999999885217,-37766.18783379969,289.628859205639,0.9988493871745447,475
540000,1079.9999999882853,-37787.363486551476,302.7707747456076,1.0155093577791419,477
545000,1089.9999999880488,-37446.882695922744,298.4740169736585,1.0079110548492507,478
550000,1099.9999999878123,-37304.74304013714,296.8009997507652,1.0011564197610878,479
555000,1109.9999999875758,-37439.21204137543,297.5528817872059,1.0009681845536145,478
560000,1119.9999999873394,-37499.78463785039,296.4197050774316,1.016040698204723,477
565000,1129.999999987103,-37446.88182441617,303.43556793436613,1.0028572367864164,477
570000,1139.9999999868664,-37788.99710046456,298.533581495243,1.0077561157548969,477
575000,1149.99999998663,-37369.66846506027,300.5881181632495,1.0066169744716529,477
580000,1159.9999999863935,-37571.00478917212,289.94842337478497,1.0068752086776616,477
585000,1169.999999986157,-37809.689442435134,296.86896256338616,1.0155423949710367,476
590000,1179.9999999859206,-37403.62584972361,307.6689809320744,1.0050067320648328,476
595000,1189.999999985684,-37633.81862644135,301.4589249048778,0.9936613935878915,476
600000,1199.9999999854476,-37605.34538918859,298.2178384463496,1.0032366136039765,476
605000,1209.9999999852112,-37583.06217916231,289.0662145737933,1.0138632746590752,475
610000,1219.9999999849747,-37636.37515082586,302.65916534015486,1.0234846218165332,475
615000,1229.9999999847382,-37279.525635348575,311.35538115351574,0.996282671679462,474
620000,1239.9999999845018,-37749.219694068044,293.434041095681,1.0065437759829305,475
625000,1249.9999999842653,-37809.27081105695,296.23921333844146,1.0104976372108747,475
630000,1259.9999999840288,-37393.5986998867,302.2268474728602,1.0018346767378248,474
635000,1269.9999999837923,-37608.0095676856,298.29483299774944,1.0048123001207885,474
640000,1279.9999999835559,-37536.627073554846,302.7623151531767,1.0270711814485032,474
645000,1289.9999999833194,-37921.376450757816,306.8523237555229,1.0203348461393422,473
650000,1299.999999983083,-37548.01277921596,309.2014749251437,1.0135527145738774,473
655000,1309.9999999828465,-37467.46171949856,294.73330371675513,1.0084836143531024,473
660000,1319.99999998261,-37303.357190290466,301.79548999407814,0.9957740707867169,473
665000,1329.9999999823735,-37437.00348256956,302.4582398030225,1.00564685141416,473
670000,1339.999999982137,-37322.87585930058,297.42574269516507,1.0191229248771514,472
675000,1349.9999999819006,-37776.71549032134,294.7864315919249,1.0120524053931994,472
680000,1359.9999999816641,-37425.771952940646,302.9364111133483,1.011712148597964,472
685000,1369.9999999814277,-37380.76572943773,305.0817760140969,1.0117803725150782,472
690000,1379.9999999811912,-37328.064139881404,311.1581950014434,1.0002521514710507,472
695000,1389.9999999809547,-37406.4312019131,303.06158856076746,1.0052079697815177,472
700000,1399.9999999807183,-37455.48099699916,306.6248955822001,0.9998388895961304,472
705000,1409.9999999804818,-37647.69288505861,313.49426854025324,1.0020977025065447,472
710000,1419.9999999802453,-37382.536530540005,296.83234519711533,0.9937115599132398,472
715000,1429.9999999800089,-37159.19975064657,299.6685155116575,0.9986497583474663,471
720000,1439.9999999797724,-37437.35857378892,298.4785737106442,1.0101810541001732,471
725000,1449.999999979536,-37432.36883302475,299.89966263624217,1.009567867264686,471
730000,1459.9999999792994,-37381.3604976458,304.9850628474898,1.0100360193025362,471
735000,1469.999999979063,-37555.02213360745,286.3455156525527,0.9957598740731872,471
740000,1479.9999999788265,-37675.20792715822,301.9042591015891,1.016820935969293,471
745000,1489.99999997859,-37360.581145946664,312.3190799414986,0.9918026010599514,471
750000,1499.9999999783536,-37401.2073692214,299.06618844381967,0.9976007384655504,471
755000,1509.999999978117,-37374.63870176507,295.17363163292157,1.010005192967282,471
760000,1519.9999999778806,-37524.43028775044,292.84509816562627,1.0092789984985984,471
765000,1529.9999999776442,-37880.685535661905,306.55368379567454,1.025860484609025,471
770000,1539.9999999774077,-37970.52996458,299.3144795250456,1.0055820468943497,471
775000,1549.9999999771712,-37750.80867244053,310.64657356355883,1.0218919309029695,470
780000,1559.9999999769348,-37500.785514250805,306.8464796892543,0.9987733882463083,470
785000,1569.9999999766983,-37498.016730124975,299.26169902444434,1.016960942341403,470
790000,1579.9999999764618,-37487.04678079096,292.7880470012133,1.009975579110731,470
795000,1589.9999999762254,-37381.360661018814,295.5435038130937,1.0185754934085436,470
800000,1599.9999999759889,-37665.35984880419,294.4152720824698,1.0209056110558845,470
805000,1609.9999999757524,-37554.10580587163,303.0799789790955,1.0151831434124525,470
810000,1619.999999975516,-37147.06841261141,300.85494269939045,1.0161059716628444,470
815000,1629.9999999752795,-37609.3712185717,301.5789530351651,1.0131995628473442,470
820000,1639.999999975043,-37470.20659232279,304.8107216817405,1.013292058270589,469
825000,1649.9999999748065,-37793.074706344836,301.4260673574651,0.9984435599184752,469
830000,1659.99999997457,-37628.101645391755,302.32519534331857,1.0083749261192163,470
835000,1669.9999999743336,-37659.432368595066,301.9037278228374,1.0053907952979944,470
840000,1679.9999999740971,-37494.492869905196,297.27208053313564,0.9950592728681382,470
845000,1689.9999999738607,-37729.851854468405,306.70996148386615,1.0071373535347568,470
850000,1699.9999999736242,-37752.22473117517,298.2410921086355,1.0019558775060111,470
855000,1709.9999999733877,-37763.123521147616,302.8401679240985,1.0032090194406513,470
860000,1719.9999999731513,-37510.87669390673,302.49765659963884,1.0106448037955662,470
865000,1729.9999999729148,-37470.65806511155,304.10804423122624,1.0168660648457277,470
870000,1739.9999999726783,-37304.72550195904,302.792536740629,0.9948648749073142,470
875000,1749.9999999724419,-37545.82603329676,305.06246607485247,1.0086392806217586,470
880000,1759.9999999722054,-37756.672256591846,294.41449559814043,1.0047546579993536,470
885000,1769.999999971969,-37572.549975281,300.96383440969026,0.9948976645292976,471
890000,1779.9999999717324,-37227.12868673506,307.64227395790255,1.0127136460929524,471
895000,1789.999999971496,-37376.73062002877,306.4783648157224,1.0035131072882677,471
900000,1799.9999999712595,-37552.500614556135,298.99967643086677,1.0100797745889396,471
905000,1809.999999971023,-37699.55718446695,289.9164036130962,1.0121475802708848,471
910000,1819.9999999707866,-37623.385728934576,296.694927904609,1.0084272176312514,471
915000,1829.99999997055,-37741.313691865886,298.4463700447721,1.0118851801156532,471
920000,1839.9999999703136,-37367.07569491636,288.90834304934657,0.9984713454148307,471
925000,1849.9999999700772,-37507.985402873834,308.0725280115849,1.0164876739102173,471
930000,1859.9999999698407,-37431.048360434565,306.34227572009524,1.0006257091949857,471
935000,1869.9999999696042,-37559.4204679782,283.15953914761405,0.9852577972342739,471
940000,1879.9999999693678,-37698.40389902945,307.12987603568854,0.9994243871479233,471
945000,1889.9999999691313,-37902.1114686357,301.30599835958157,0.992578103814193,471
950000,1899.9999999688948,-37362.99514320385,299.51189044889753,0.9873724789442019,471
955000,1909.9999999686584,-37803.60832015998,308.05054124478386,1.000393621373654,471
960000,1919.999999968422,-37800.71306719666,295.15812238013166,1.0051806628149484,472
965000,1929.9999999681854,-37321.194892971456,292.64096452218564,0.9904409620857064,472
970000,1939.999999967949,-37729.38121297024,313.0298083084809,1.0062011672454452,472
975000,1949.9999999677125,-37401.07671969663,307.84638716754506,1.0154631863846058,472
980000,1959.999999967476,-37424.676675370894,297.2795593032557,0.9991843228234721,473
985000,1969.9999999672395,-37183.284521810594,305.43476987700353,1.0063741866990392,473
990000,1979.999999967003,-37453.244327784225,296.16160577309734,1.014912183567669,473
995000,1989.9999999667666,-37478.20421862925,304.4738092179718,1.0181808898078542,473
1000000,1999.9999999665301,-37337.258207020786,300.7838330818555,1.0038856126752942,473
1005000,2009.9999999662937,-37516.12506077392,302.90200059727687,0.9993711366681651,473
1010000,2019.9999999660572,-37476.91934449281,292.90259887359844,1.0102201078441466,473
1015000,2029.9999999658207,-37271.06731238967,306.4340234737538,0.9994890337051525,473
1020000,2039.9999999655843,-37241.68820353944,297.43305799489997,0.9936899479654759,473
1025000,2049.999999965348,-37471.410842116515,296.25280181420607,1.0078345079372928,473
1030000,2059.9999999651113,-37715.0823075177,294.4395883022591,0.9958240585197421,473
1035000,2069.999999964875,-37529.94866857017,300.26236255326637,1.01279919296117,473
1040000,2079.9999999646384,-37679.76832702075,299.9938828794759,1.0007779343462213,473
1045000,2089.999999964402,-37892.872137577215,301.2530748223932,1.009374784454026,473
1050000,2099.9999999641655,-37433.047137240734,299.1568123385804,1.0044205759488454,473
1055000,2109.999999963929,-37319.38042825973,306.0167653156899,1.0072334168651438,473
1060000,2119.9999999636925,-37520.13698798942,293.45494487118043,0.9979133363874317,473
1065000,2129.999999963456,-37657.9887272208,304.46886423882137,1.0138067503732762,473
1070000,2139.9999999632196,-37452.047965446516,296.1007947898261,0.9863456591056459,473
1075000,2149.999999962983,-37334.939307476685,306.5236665462037,1.0004426929807022,473
1080000,2159.9999999627466,-37750.38394660872,305.0462007715313,1.0240245667333703,473
1085000,2169.99999996251,-37549.81589661018,301.5068421615213,1.0074281772799472,473
1090000,2179.9999999622737,-37335.75996349848,300.1598461879869,1.009715816091469,473
1095000,2189.9999999620372,-37378.88921652842,299.8212377189724,0.99744970961476,473
1100000,2199.9999999618008,-37385.01447874945,299.078162649531,0.998304073215081,473
1105000,2209.9999999615643,-37356.860061215906,306.36839011412104,1.0138039110037955,473
1110000,2219.999999961328,-37351.32574242973,301.0767720120223,0.9937845339997917,474
1115000,2229.9999999610914,-37188.300844992715,300.3656758366734,0.9951082560209167,474
1120000,2239.999999960855,-37613.692190206115,296.37990003865053,1.0160866971933273,474
1125000,2249.9999999606184,-37198.49424132038,298.18320315849854,1.002736266326459,474
1130000,2259.999999960382,-37404.00119807696,293.84915370493997,0.9931505395471927,474
1135000,2269.9999999601455,-37605.32315061422,303.67554245974827,1.0107164618897884,474
1140000,2279.999999959909,-37135.77801151961,300.3979612377381,1.0006685021090314,474
1145000,2289.9999999596726,-37331.2688285631,298.151081227819,1.0025083158584738,474
1150000,2299.999999959436,-37367.813707218156,298.2440550093661,1.002834436755475,474
1155000,2309.9999999591996,-37762.3525403635,300.8437041104122,1.0153225452187231,474
1160000,2319.999999958963,-37451.135805488535,300.1899860402467,1.00812993147351,474
1165000,2329.9999999587267,-37427.430631370924,295.7017840135033,1.0016338323898546,474
1170000,2339.99999995849,-37373.34836017943,304.1206110170837,1.0202425159632533,473
1175000,2349.9999999582537,-37530.125710956374,301.89373569554584,0.9947329983674918,473
1180000,2359.9999999580173,-37457.700323190424,313.4508262854029,1.011577184516311,473
1185000,2369.999999957781,-37724.5523223519,290.9100174815591,1.0217045082583525,473
1190000,2379.9999999575443,-37611.18269296913,308.94566420620146,1.0298945569391802,473
1195000,2389.999999957308,-37555.44148289185,303.6882727159909,1.0094006768585295,473
1200000,2399.9999999570714,-37390.53453311199,305.4859769751479,0.9968737321418797,473
1205000,2409.999999956835,-37330.45986145103,301.36284518601315,1.0061468399797489,473
1210000,2419.9999999565985,-37666.38567996965,307.10480376536805,1.0158887570677981,473
1215000,2429.999999956362,-37726.443572329124,308.59759488864705,1.0038595805070816,473
1220000,2439.9999999561255,-37534.87175415878,297.23940688990626,1.0027853454980602,473
1225000,2449.999999955889,-37726.553137639916,304.06059695194006,1.0120785672150054,474
1230000,2459.9999999556526,-37225.76856547047,301.8970255370468,0.990002486599482,474
1235000,2469.999999955416,-37445.39006236475,309.8434026937812,0.9922458810184116,474
1240000,2479.9999999551796,-37273.95876580416,296.79470614093736,1.0090504988938185,474
1245000,2489.999999954943,-37455.54339214254,306.67984206540456,1.0018095648475347,474
1250000,2499.9999999547067,-37244.90731741791,297.43281278932227,0.9985380089444253,474
1255000,2509.9999999544702,-37425.60916270685,301.1061149461545,1.0082699556570143,474
1260000,2519.9999999542338,-37190.17765347115,312.64745107764384,1.0181093893308915,474
1265000,2529.9999999539973,-37731.68963547071,305.0258895761779,1.0073640638931094,474
1270000,2539.999999953761,-36862.812633806956,306.6958825969462,1.0078845377744425,474
1275000,2549.9999999535244,-37609.99946151118,303.49742104134265,0.9966381222158954,474
1280000,2559.999999953288,-37251.69075781049,296.7767652661685,1.0022877431965052,474
1285000,2569.9999999530514,-37110.2132003576,306.99726068574563,1.0065478819486573,474
1290000,2579.999999952815,-37479.99082770254,287.5841716283371,1.0016411178747826,474
1295000,2589.9999999525785,-37463.42592450575,309.4502564175251,0.9949130307836308,474
1300000,2599.999999952342,-37715.70240344826,293.39012886347336,1.0141251428687028,474
1305000,2609.9999999521056,-37350.77245139124,294.84376882951193,1.0067141527238976,474
1310000,2619.999999951869,-37756.6297892975,301.979966323706,1.014312252218644,474
1315000,2629.9999999516326,-37316.32456714308,304.4852521449314,1.0131889629329165,474
1320000,2639.999999951396,-37619.25098600992,300.9553339496631,1.0190109568236092,474
1325000,2649.9999999511597,-37435.17843816086,303.88196468858087,1.013225715922967,474
1330000,2659.999999950923,-37223.88207558115,303.44954465229546,0.9943964050242498,474
1335000,2669.9999999506867,-37513.431541670056,305.6540449648676,1.011258488117427,474
1340000,2679.9999999504503,-37443.57709397114,300.2383324066512,1.0072425550928894,474
1345000,2689.999999950214,-37845.286914450786,315.5073450318291,1.0042374762408846,474
1350000,2699.9999999499773,-37739.019701984595,304.08090814729337,1.027231047623102,474
1355000,2709.999999949741,-37718.637194999465,288.5852029655257,1.0161293664172015,474
1360000,2719.9999999495044,-37612.61823627219,297.3124168506684,1.001949201070981,473
1365000,2729.999999949268,-37565.47478825139,297.6734820638412,1.0025825417264878,474
1370000,2739.9999999490315,-37603.47234082746,305.4181980667102,1.015462671568902,474
1375000,2749.999999948795,-37616.16745733665,293.8754928707453,1.000402597483249,473
1380000,2759.9999999485585,-37030.12513215878,298.9882335039071,1.002167697104556,473
1385000,2769.999999948322,-37239.627637374186,302.9628115805481,1.013759730692248,473
1390000,2779.9999999480856,-37584.32616361874,291.96384975314726,1.0158700815573571,473
1395000,2789.999999947849,-37398.63815382388,289.91407416010793,1.0029334228982507,473
1400000,2799.9999999476127,-37403.514465541695,300.050361897541,1.0170270087906896,473
1405000,2809.999999947376,-37509.7648279547,308.88260550513456,1.0075618755626092,473
1410000,2819.9999999471397,-37512.49853015164,302.8056552390363,1.0218916579683204,473
1415000,2829.9999999469032,-37633.119453424646,299.8186221928102,1.0051638975420576,473
1420000,2839.999999946667,-37522.4358306099,313.5631713075888,1.0005830462008214,473
1425000,2849.9999999464303,-37398.76742680292,298.68182870076475,1.017894285467577,473
1430000,2859.999999946194,-37625.94445384346,301.57470280515156,0.9993150423875358,473
1435000,2869.9999999459574,-37441.40031125178,291.2732078097388,0.9949268073324986,473
1440000,2879.999999945721,-37690.691676114424,302.074227434536,1.010897503956516,473
1445000,2889.9999999454844,-37615.42375731736,290.46308944859277,1.007773610254898,473
1450000,2899.999999945248,-37298.994917905686,290.1875601144433,1.0072454143607992,473
1455000,2909.9999999450115,-37367.796006965626,302.9283806306785,0.986044036744742,473
1460000,2919.999999944775,-37344.65034257094,295.32128625829716,1.0000928081525264,473
1465000,2929.9999999445386,-37321.061980049766,302.9056582471443,1.0006357786811095,473
1470000,2939.999999944302,-37328.83096185126,301.650920872222,1.009810809316746,473
1475000,2949.9999999440656,-37590.27861942645,304.4284053184998,1.0062445879408994,473
1480000,2959.999999943829,-37523.99442995724,295.2049975130699,0.9965841039259384,473
1485000,2969.9999999435927,-37794.60954448642,310.807959701286,1.0076792980620903,473
1490000,2979.999999943356,-37554.87452441355,299.4022222542683,1.0207558537139216,473
1495000,2989.9999999431197,-37548.28854489964,311.000650417767,1.0067499199622703,473
1500000,2999.9999999428833,-37625.26154303082,305.05498730473244,1.000655871394112,473
1505000,3009.999999942647,-37837.198330641055,297.6731142554747,1.0017917126741323,473
1510000,3019.9999999424103,-37686.74247974079,298.552544059919,1.0113775391808235,473
1515000,3029.999999942174,-37623.22794427609,292.4227724256231,1.006215998951341,473
1520000,3039.9999999419374,-37546.246051212394,295.09416459194654,1.0121711981041321,473
1525000,3049.999999941701,-37644.43204529537,303.4893496910764,1.0096850811886722,473
1530000,3059.9999999414645,-37165.720395528944,298.83980239420214,0.9953826489257586,473
1535000,3069.999999941228,-37279.06221204743,302.2736204368077,0.9865748637865475,473
1540000,3079.9999999409915,-37631.75123479526,296.6002989854124,1.009472719794292,473
1545000,3089.999999940755,-37414.124284702004,302.93739193565915,1.0096992251935835,473
1550000,3099.9999999405186,-37908.68862190453,295.345255103518,0.9999605069487573,473
1555000,3109.999999940282,-37352.93036810565,295.60035063952535,0.9960512139419365,473
1560000,3119.9999999400457,-37801.63920675908,310.86521520368046,1.0224691116793283,473
1565000,3129.999999939809,-37815.146244410396,303.2323333780438,1.0108825133243173,473
1570000,3139.9999999395727,-37581.947296756174,299.34026697830114,0.9968611137277031,473
1575000,3149.9999999393362,-37782.009158030094,311.21138417800756,1.0168158428001601,473
1580000,3159.9999999391,-37090.702026430605,301.27804492372303,0.9988276253743666,473
1585000,3169.9999999388633,-37807.17633603222,296.6115784419869,1.0101263007594858,473
1590000,3179.999999938627,-37282.33234179969,289.52977571844747,0.9996496180876551,473
1595000,3189.9999999383904,-37485.579615534516,293.0983137922045,0.993649817013293,473
1600000,3199.999999938154,-37388.63521208585,306.10683749790076,1.0214269768830824,473
1605000,3209.9999999379174,-37259.424749293015,297.2958654741732,0.9971005515058836,473
1610000,3219.999999937681,-37418.31231534539,304.15136388328773,1.0156165288110073,473
1615000,3229.9999999374445,-37582.87235925929,307.150922847775,0.9924056306984541,473
1620000,3239.999999937208,-37727.59319450962,296.5738576506164,1.009406986979944,473
1625000,3249.9999999369716,-37379.51190195244,307.66871529269855,1.0032767568518413,473
1630000,3259.999999936735,-37615.38649533663,305.4270050337095,1.0078760474762427,473
1635000,3269.9999999364986,-37181.51990787024,303.59724014526734,0.9889845334635008,473
1640000,3279.999999936262,-37216.89423381086,299.11014154362357,1.0068588127433333,473
1645000,3289.9999999360257,-37700.293033908296,299.0327178824627,1.0096537351937525,473
1650000,3299.999999935789,-37202.56122667232,299.80476807766973,1.0128048793115156,473
1655000,3309.9999999355528,-37162.401494622114,299.32465555652044,0.9890543654316225,473
1660000,3319.9999999353163,-37289.88475344528,292.6444995692642,0.9892976031627372,473
1665000,3329.99999993508,-37539.1100291296,300.90811144215644,1.0047313089516237,473
1670000,3339.9999999348433,-37490.21877077091,302.6346652161823,1.004594372835176,473
1675000,3349.999999934607,-37582.28285368509,293.1680339114657,1.011431886311561,473
1680000,3359.9999999343704,-37483.84486485174,293.63057336621273,1.008831283606545,473
1685000,3369.999999934134,-37328.716595245496,293.87177391948336,1.0214934300942895,473
1690000,3379.9999999338975,-37637.40056527706,315.36069166256254,1.0112395694110508,473
1695000,3389.999999933661,-37738.5186594236,300.78156493026177,1.0091061179880454,473
1700000,3399.9999999334245,-37505.66520531225,303.84258875956084,1.0277155656251895,473
1705000,3409.999999933188,-36973.01007121804,309.4374648598881,1.0052113983591402,473
1710000,3419.9999999329516,-37457.7669630092,301.74581543079444,1.0214577886258596,473
1715000,3429.999999932715,-37520.423983840476,291.85655187910254,0.9988953452734216,473
1720000,3439.9999999324787,-37491.6304148185,306.8569622277012,1.0098707171057306,473
1725000,3449.999999932242,-37850.8182918285,297.27643293214,1.015127576626484,473
1730000,3459.9999999320057,-37720.764621233015,303.4743512832401,1.015484982905959,473
1735000,3469.9999999317693,-37506.358978963806,298.66644205076364,0.9928582273288308,473
1740000,3479.999999931533,-37626.14353369441,294.80954221762374,1.0042560292006641,473
1745000,3489.9999999312963,-37624.92531756041,295.59552826316377,1.0150879517409703,473
1750000,3499.99999993106,-37224.47074825599,301.64286995575395,0.9953172641851427,473
1755000,3509.9999999308234,-37535.52110129132,300.9644269898364,1.0133484191362179,473
1760000,3519.999999930587,-37588.37350852648,302.1619701637586,1.00604947556437,473
1765000,3529.9999999303504,-37467.19276540578,284.2196241614337,1.034505419156788,473
1770000,3539.999999930114,-37552.07300749814,304.404150400105,1.0218224225134407,473
1775000,3549.9999999298775,-37286.036893973185,286.01385467490655,0.9877044743923648,473
1780000,3559.999999929641,-37551.278715366876,285.3847184639061,0.9970850857128079,473
1785000,3569.9999999294046,-37752.61413682974,306.14758249139635,1.0190536744460204,473
1790000,3579.999999929168,-37462.278837014775,306.0017260402572,0.9947450018091645,472
1795000,3589.9999999289316,-37331.72688068781,305.9473925709971,1.0098691497843746,472
1800000,3599.999999928695,-37514.659655246505,300.2847579960303,1.0201295869327145,473
1805000,3609.9999999284587,-37262.12741731602,301.48009431975316,1.0069950758433273,472
1810000,3619.999999928222,-37623.085481811955,306.98536821522686,1.0074866429677758,472
1815000,3629.9999999279858,-37822.55426811523,299.70919920375866,1.015020905702105,473
1820000,3639.9999999277493,-37561.87723054085,299.48976064550953,0.9994164188039463,473
1825000,3649.999999927513,-37114.84671032158,295.09275465987474,0.990393776848148,473
1830000,3659.9999999272763,-37395.51905250602,294.0561685139187,1.006019117956702,473
1835000,3669.99999992704,-37476.64948265586,303.46638210196465,1.0118929635666065,473
1840000,3679.9999999268034,-37652.74939371206,299.70787100687943,1.019985963247588,473
1845000,3689.999999926567,-37886.993411005824,304.42887529585704,1.0047232670461235,473
1850000,3699.9999999263305,-37724.87026648669,295.3676505462819,1.0079713130878662,473
1855000,3709.999999926094,-37490.16541478169,309.62096036720516,1.0195007453277312,473
1860000,3719.9999999258575,-37502.16068407844,292.7695748476927,1.0128885239640852,473
1865000,3729.999999925621,-37500.79278171243,297.0618167502523,0.9956793021307075,473
1870000,3739.9999999253846,-37687.988421661634,301.40710479278914,1.0165946409632696,473
1875000,3749.999999925148,-37563.414752294484,295.88057974724757,1.0134607487095237,473
1880000,3759.9999999249117,-37469.51605758452,299.7822091645208,1.0091385788591203,473
1885000,3769.999999924675,-37416.33534886633,297.76249168854866,1.013786795158819,473
1890000,3779.9999999244387,-37544.64056591893,293.83049764723614,1.010354965421753,473
1895000,3789.9999999242023,-37676.57357695585,307.4111268333179,1.0154859009456874,473
1900000,3799.999999923966,-37711.44745152432,302.217917903072,1.0168484616003166,472
1905000,3809.9999999237293,-37520.75028925456,296.531273615288,1.0243272291801335,472
1910000,3819.999999923493,-37552.99749803281,308.365957352907,1.0002504723615424,472
1915000,3829.9999999232564,-37473.16616717348,306.12906947027943,1.0074826328642212,472
1920000,3839.99999992302,-37535.49221782788,307.15486657081647,1.0198687806986726,472
1925000,3849.9999999227834,-37278.50292070283,294.7363687864765,1.0081559529539825,472
1930000,3859.999999922547,-37520.57381653966,297.7546859776583,1.0086842905908393,472
1935000,3869.9999999223105,-37654.721918228024,307.97969726662484,0.9997094343364937,472
1940000,3879.999999922074,-37761.68252332471,290.205051445653,1.0140332888827708,472
1945000,3889.9999999218376,-37641.27525905927,296.17110748923346,1.005282693347508,472
1950000,3899.999999921601,-37711.58069126209,302.47926618131083,1.0176839365225379,472
1955000,3909.9999999213646,-37379.64396264346,302.8467884746966,0.9951023477342132,472
1960000,3919.999999921128,-37145.36265764234,315.04496904746725,1.0071650771447762,472
1965000,3929.9999999208917,-37408.019590401236,294.53934610478933,1.0023174541421622,472
1970000,3939.9999999206552,-37409.55626782484,300.8545340234276,1.0050643632876683,472
1975000,3949.9999999204188,-37406.17337015347,293.4410498884438,0.9999705675178125,472
1980000,3959.9999999201823,-37452.88098251331,306.04130630725865,1.0173172522492433,472
1985000,3969.999999919946,-37574.2842114057,300.07755928286826,0.9970979442897105,472
1990000,3979.9999999197094,-37037.38275897797,311.92011003277196,1.0028906970922122,472
1995000,3989.999999919473,-37385.78656101684,295.0931429020394,1.0148766122211914,472
2000000,3999.9999999192364,-37233.12497309543,310.3326491227001,1.0044374178470659,472
2005000,4009.999999919,-37460.480029264785,287.6940441609477,0.9837717050272062,472
2010000,4019.9999999187635,-37152.969403587485,301.427620326124,1.0147216069228544,472
2015000,4029.999999918527,-37610.84091003807,309.00334881835687,0.9956772767185547,472
2020000,4039.9999999182905,-37735.11307561438,287.9349790748425,1.0062434069930641,472
2025000,4049.999999918054,-37508.28018272336,304.40756284439476,1.015052196053231,472
2030000,4059.9999999178176,-37515.68431595326,299.16333072018773,1.0022064376085047,472
2035000,4069.999999917581,-37625.155583667976,298.3320633779646,1.0071302421942672,472
2040000,4079.9999999173447,-37322.02759051201,291.93910442359703,0.9949893719081206,472
2045000,4089.999999917108,-37590.83101774455,307.49196293876844,1.006565681627731,472
2050000,4099.999999917781,-37737.120172883646,283.8493228715006,1.008828079478515,472
2055000,4109.999999919818,-37103.2672910667,301.14571564695405,1.0109692023623187,472
2060000,4119.999999921855,-37322.779141736944,296.6058161109108,0.9973385117554345,472
2065000,4129.999999923893,-37389.22098590594,300.6026261599304,1.0126587401994358,472
2070000,4139.99999992593,-37417.85916631538,299.86181924208284,1.0083218976782387,472
2075000,4149.999999927967,-37615.87091131706,293.72444623487803,1.017180353871812,472
2080000,4159.999999930004,-37580.739398416685,293.3092927580228,0.9944561608556647,472
2085000,4169.999999932042,-37283.06073004106,306.1367934459772,1.0019486741324812,472
2090000,4179.999999934079,-37328.9349037963,319.748032461676,1.001955084392004,472
2095000,4189.999999936116,-37563.108640819875,298.36951852995924,0.9987610474344933,472
2100000,4199.999999938153,-37438.84241571187,295.5619964004124,1.0142275679414832,472
2105000,4209.999999940191,-37358.39204270154,297.1099587786754,1.0094683330767353,472
2110000,4219.999999942228,-37565.05995472931,305.3722424546884,0.9996904474198925,472
2115000,4229.999999944265,-37733.92067369333,294.72112517306243,1.0199191600894197,472
2120000,4239.9999999463025,-37774.15863959375,304.66678600762674,1.001842211412743,472
2125000,4249.99999994834,-37700.286226547265,303.50998782720006,1.0170122955079892,472
2130000,4259.999999950377,-37768.37952402659,289.2704503862247,1.0096329984038375,472
2135000,4269.999999952414,-37381.09688933843,301.2709748295658,1.0040425097024221,472
2140000,4279.999999954452,-37779.03416637608,295.07616241578324,1.016201018978929,472
2145000,4289.999999956489,-37346.728843330435,304.0896946804945,0.9946018882607196,472
2150000,4299.999999958526,-37853.10185790999,304.48445522680385,1.0172197715549751,472
2155000,4309.999999960563,-37276.43092579345,289.99241734218515,0.992558050558244,472
2160000,4319.999999962601,-37725.0082265604,296.7037757392046,1.0112516057846823,472
2165000,4329.999999964638,-37784.12989737064,302.53394702513935,0.9968315818546559,473
2170000,4339.999999966675,-37321.27630528202,297.3275787288899,1.0031107219917397,473
2175000,4349.9999999687125,-37292.800263917685,299.39159667923434,1.0158666072402527,473
2180000,4359.99999997075,-37682.21468132769,301.2941467566591,1.0117218321799144,473
2185000,4369.999999972787,-37794.670882390725,309.17509489174216,1.0276719477714853,473
2190000,4379.999999974824,-37743.507861182065,312.4613604779627,1.0077073416836078,473
2195000,4389.999999976862,-37423.09663486236,296.9016157728174,1.002290214729614,473
2200000,4399.999999978899,-37136.437537352176,297.8011524346337,1.0193560036584133,474
2205000,4409.999999980936,-37708.04848806682,308.36336226054294,1.0056105504081765,474
2210000,4419.999999982973,-37382.53028987031,304.9035524267005,0.9939888777268523,474
2215000,4429.999999985011,-37631.25890221176,293.1632524027005,0.994242178136338,474
2220000,4439.999999987048,-37743.42703644154,307.482420355036,1.0014661110810024,474
2225000,4449.999999989085,-37637.50776718615,296.1715774665908,1.0004782935118588,474
2230000,4459.999999991122,-37648.11955523249,289.77700424217,1.0120278766703037,474
2235000,4469.99999999316,-37587.47937601933,294.02102238111405,1.0117443113208606,474
2240000,4479.999999995197,-37134.287003964884,299.1105093519901,1.0090135663345443,474
2245000,4489.999999997234,-37256.99533064157,299.2293114543889,0.9838308955487649,474
2250000,4499.9999999992715,-37366.76467637095,304.4330029230818,0.9878069858877344,474
2255000,4510.000000001309,-37514.01025718005,308.3687363494543,1.0026628541234046,474
2260000,4520.000000003346,-37463.939076960116,299.80294946963517,1.0153992371211955,474
2265000,4530.000000005383,-37405.400881334295,304.642101979471,1.0120902935270302,474
2270000,4540.000000007421,-37512.38165430163,303.59135521140234,0.9959734847076814,474
2275000,4550.000000009458,-37506.41227917603,301.0188626280872,1.0133991862111429,474
2280000,4560.000000011495,-37700.654137940524,298.0112323133338,1.008251668632036,474
2285000,4570.000000013532,-37049.13044667026,298.92879158511147,0.9923510457517469,474
2290000,4580.00000001557,-37209.178983454796,296.4274494869275,0.9882073394957691,474
2295000,4590.000000017607,-37509.87529117684,307.2039894215503,1.0018723221990262,474
2300000,4600.000000019644,-37624.20719962093,297.7150035416662,1.0179125292868192,474
2305000,4610.000000021681,-37358.64891007813,299.0801447279508,1.0000470810249478,474
2310000,4620.000000023719,-37756.810621608456,297.44078197059775,1.018108935085961,474
2315000,4630.000000025756,-37271.999720366264,300.89732239673737,0.990780396748247,474
2320000,4640.000000027793,-37759.523955624085,303.193713499555,1.0188022710780686,474
2325000,4650.0000000298305,-37451.81171465054,298.26011597470585,1.006265649350578,474
2330000,4660.000000031868,-37357.649807475274,301.021845962616,1.01436236750452,474
2335000,4670.000000033905,-37545.836545864324,303.4178313975787,1.003355218775011,474
2340000,4680.000000035942,-37470.14845953169,300.4105484573937,1.0157308345513003,474
2345000,4690.00000003798,-37385.43650763272,302.7075525741556,0.9974043857880809,474
2350000,4700.000000040017,-37547.725140045455,293.49926577935094,1.0096819687187075,474
2355000,4710.000000042054,-37277.02115876015,298.75410304479374,1.005902351595918,474
2360000,4720.000000044091,-37391.93663389256,301.9293722395059,1.0031248420369137,474
2365000,4730.000000046129,-37417.7224937017,281.91371090868176,1.0165877605291451,474
2370000,4740.000000048166,-37521.36646340991,304.9233732108985,1.0162026963829363,474
2375000,4750.000000050203,-37598.50103121929,302.72095714573686,1.0084708749206366,474
2380000,4760.0000000522405,-37319.630308247055,300.663478010798,0.9992524016726162,474
2385000,4770.000000054278,-37453.45897876602,298.17876902430174,0.9969176259338227,474
2390000,4780.000000056315,-37363.80042085014,291.53443348518874,0.9928263006775441,474
2395000,4790.000000058352,-37443.517110832356,298.95958531891176,1.0025508748653456,474
2400000,4800.0000000603895,-37474.40057912533,290.3602257087449,1.0199209678097119,474
2405000,4810.000000062427,-37487.31414710163,295.6746887971667,1.0022080520252097,474
2410000,4820.000000064464,-37494.71751956886,304.1589652561966,1.0047217930441998,474
2415000,4830.000000066501,-37399.97495435795,293.5019630407057,1.0055346539808612,474
2420000,4840.000000068539,-37616.37760379465,299.6157145772581,1.0049784172949594,474
2425000,4850.000000070576,-37698.66363081694,309.2381127252127,1.0055092091486773,474
2430000,4860.000000072613,-37403.73055235174,293.8556925203454,1.0014028488893436,474
2435000,4870.00000007465,-37740.02734293585,300.365185425518,1.0158055873796918,474
2440000,4880.000000076688,-37370.58725478643,304.0147230751108,0.9954982815663146,474
2445000,4890.000000078725,-37398.763746914046,297.06647565622876,1.0086146893716639,474
2450000,4900.000000080762,-37530.2445043457,295.20620310716026,0.9898901133471149,474
2455000,4910.0000000827995,-37820.28266938144,293.42599017921293,1.0155034500867475,474
2460000,4920.000000084837,-37379.267916200246,298.48703330307507,0.9934653415431207,474
2465000,4930.000000086874,-37343.706332059606,302.1701028154192,1.00273247416339,474
2470000,4940.000000088911,-37507.7802001698,298.30406907450975,1.014136458428172,474
2475000,4950.000000090949,-37657.148769697815,302.89501223831223,0.9971348853330188,474
2480000,4960.000000092986,-37724.52843261356,306.2772145068105,1.0114146772075183,474
2485000,4970.000000095023,-37460.89926545933,294.2193936934786,0.9820899524438796,474
2490000,4980.00000009706,-37214.23943900602,293.1648666727537,0.9859947573644839,474
2495000,4990.000000099098,-37459.08832288228,295.13245752966503,1.008610570785052,474
2500000,5000.000000101135,-37194.47459898185,288.6464021909617,1.0043994410218273,474
2505000,5010.000000103172,-37327.08159743386,292.9370298234681,1.02004166965389,474
2510000,5020.000000105209,-37668.32335160591,300.97139491500286,1.014720380285983,474
2515000,5030.000000107247,-37516.241981459316,305.55001649852557,0.9967292653704343,474
2520000,5040.000000109284,-37606.90569823005,302.81364485410995,0.996178965725915,474
2525000,5050.000000111321,-37503.164708243596,301.2683184358073,1.0138149807814143,474
2530000,5060.0000001133585,-37478.11242966395,296.718058964106,0.9998296147211668,474
2535000,5070.000000115396,-37772.630122225906,308.0266337009575,1.0096389663632652,474
2540000,5080.000000117433,-37669.93714428495,306.6542998177268,1.0194952682776715,474
2545000,5090.00000011947,-37931.18185640196,293.75951063249005,1.0019178283770742,474
2550000,5100.000000121508,-37155.86480828334,303.96784794217257,0.9911680140374218,474
2555000,5110.000000123545,-37571.06828599138,304.04104180711795,1.0014498942282675,474
2560000,5120.000000125582,-37398.59503915027,299.9726930308024,1.0015513365381978,474
2565000,5130.000000127619,-37779.259961663076,295.02125680017514,1.0080124339221113,474
2570000,5140.000000129657,-37581.12604023743,303.89867953546116,0.9950399641310412,474
2575000,5150.000000131694,-37749.52447905886,302.77753833279263,1.0099538412304223,474
2580000,5160.000000133731,-37732.7300066452,297.50310505493144,1.002484019637759,474
2585000,5170.0000001357685,-37711.51474630661,305.67212887622344,1.0111309426251052,474
2590000,5180.000000137806,-37585.58582160066,297.0397482482587,0.9927450105288284,474
2595000,5190.000000139843,-37549.533310879604,293.71443367378833,1.0125447535864627,474
2600000,5200.00000014188,-37465.0317613706,294.4615342014638,1.0084238016230378,474
2605000,5210.0000001439175,-37305.32527297322,297.6496153876111,1.0086662347479243,474
2610000,5220.000000145955,-37414.57978532842,297.05529836864497,0.9859882521708744,474
2615000,5230.000000147992,-37552.484062726115,304.4303669631214,1.0120614243500439,474
2620000,5240.000000150029,-37547.629526265955,291.139182527724,1.0120242319734754,474
2625000,5250.000000152067,-37453.75608969695,304.47282839566094,0.9984012018830304,474
2630000,5260.000000154104,-37684.49154149284,299.2733054217891,1.0135881262896045,474
2635000,5270.000000156141,-37575.39802148807,299.15399247443673,1.00133301117975,474
2640000,5280.000000158178,-37537.264589282626,305.69658813259963,1.0112206699795487,474
2645000,5290.000000160216,-37552.90499245515,294.1201671697001,1.0045100440817862,474
2650000,5300.000000162253,-37417.21202529181,300.52806323050953,1.006774762653755,474
2655000,5310.00000016429,-37585.9193127084,301.80446043146253,1.0066285301105828,474
2660000,5320.0000001663275,-37200.49615963467,302.3939755078652,0.9907272706192727,474
2665000,5330.000000168365,-37376.73238255206,300.0631330213799,1.012937379918652,474
2670000,5340.000000170402,-37605.165614485624,302.92243439541903,1.0086900914706352,474
2675000,5350.000000172439,-37893.36657577599,296.44677985997004,1.0021093711859417,474
2680000,5360.000000174477,-37202.69971080191,305.2599791676951,1.0134436006987866,474
2685000,5370.000000176514,-37651.772197333485,289.0248770001516,1.0021597138302347,474
2690000,5380.000000178551,-37399.528090360924,296.0779906710995,1.0123710383933868,474
2695000,5390.000000180588,-37217.04255410109,303.06410191793896,1.0135214920936058,474
2700000,5400.000000182626,-37758.94334258494,313.8727433494432,0.9991804307178158,474
2705000,5410.000000184663,-37274.58577600683,314.82569395960326,1.015185439855004,474
2710000,5420.0000001867,-37340.196412889025,303.26843989936106,1.0053040530455266,474
2715000,5430.000000188737,-37566.94987915759,287.35674345501434,1.0025519638462161,474
2720000,5440.000000190775,-37507.873083957675,298.246343594758,0.9995749499064596,474
2725000,5450.000000192812,-37213.98252043387,299.2918797443004,1.0093024244663866,474
2730000,5460.000000194849,-37819.06508645919,296.78314061118886,1.0008764892660476,474
2735000,5470.0000001968865,-37719.84587251666,298.7589254211553,1.0085697503648792,474
2740000,5480.000000198924,-37581.25651942866,305.8326976620249,0.9932509986065634,474
2745000,5490.000000200961,-37234.61253757999,295.5407452503445,1.0033202423124894,474
2750000,5500.000000202998,-37562.92748734431,306.70262575033314,1.0188281039840708,474
2755000,5510.000000205036,-37518.51393865314,292.8440356081229,1.0139909696606884,474
2760000,5520.000000207073,-37422.53761182859,303.62190373962494,0.9996033393385582,473
2765000,5530.00000020911,-37790.093618874525,307.6783600454217,1.0178537431290149,474
2770000,5540.000000211147,-37513.041852695955,300.9735404638078,0.9990601341199283,474
2775000,5550.000000213185,-37284.828316691914,303.9475776144155,1.0110841213152397,473
2780000,5560.000000215222,-37168.94037165673,290.7821632065834,0.9993108501178577,474
2785000,5570.000000217259,-37956.29247913652,300.921127771573,1.0176631616512326,473
2790000,5580.000000219296,-36861.66935975256,302.0685468386525,0.9932034532415163,473
2795000,5590.000000221334,-37228.72593014495,301.8108766440792,1.0045727730301268,473
2800000,5600.000000223371,-37484.68031868647,302.6916959467972,0.9951907374796387,473
2805000,5610.000000225408,-37486.38132691829,294.2943652988624,1.0083927201792413,473
2810000,5620.0000002274455,-37777.66898211636,300.30018551362764,1.0233682855657034,473
2815000,5630.000000229483,-37876.50458380443,303.4399816347649,1.0158983493444698,473
2820000,5640.00000023152,-37343.244418712915,305.68042499826913,1.009241163007456,473
2825000,5650.000000233557,-37437.40459151057,308.6115716065763,1.0083517349414817,473
2830000,5660.000000235595,-37732.944141442305,319.53253762646835,1.012282410042867,473
2835000,5670.000000237632,-37691.46418564857,298.9054970552293,0.9912112284087129,473
2840000,5680.000000239669,-37486.446887265745,308.4587267964726,1.0217877743024544,473
2845000,5690.000000241706,-37333.23361571028,302.94691408559345,1.009449954562075,473
2850000,5700.000000243744,-37349.91594048578,299.61019745175963,1.006220581971606,473
2855000,5710.000000245781,-37663.33666608526,303.6595223620048,1.0132446390436398,473
2860000,5720.000000247818,-37556.34879945699,293.27359491266833,0.9922252286284133,473
2865000,5730.0000002498555,-37529.50423100751,300.185858413022,0.9924982273639839,473
2870000,5740.000000251893,-37367.9591419849,301.4196102772522,1.0018940350372043,473
2875000,5750.00000025393,-37782.73398334099,292.32781656565624,0.9967745974304826,473
2880000,5760.000000255967,-37635.60273316971,298.07200242900865,1.0192177190106855,473
2885000,5770.000000258005,-37092.30775200267,292.07997502798946,1.0022566777014252,473
2890000,5780.000000260042,-37681.841944405925,302.3878045008263,1.0194382527286894,473
2895000,5790.000000262079,-37543.927991133474,304.5538484052948,1.0161217396490514,473
2900000,5800.000000264116,-37400.30223265107,295.8235694504308,1.01650394454868,473
2905000,5810.000000266154,-37539.20340221468,293.1393039912778,1.0045456451204335,473
2910000,5820.000000268191,-37751.0559818121,297.6955096982385,1.0139699293237867,473
2915000,5830.000000270228,-37841.18048743659,301.03259414043873,1.0004630527766514,473
2920000,5840.000000272265,-37889.08409883117,305.7121791205821,1.0192113581852602,473
2925000,5850.000000274303,-37635.770799662336,300.24331825339783,0.9973029401477891,473
2930000,5860.00000027634,-37551.50870205293,302.10867881820377,1.0042849413916402,473
2935000,5870.000000278377,-37271.53262940096,295.9636635704938,0.9980087844328938,473
2940000,5880.0000002804145,-37334.05459889275,289.0229970907225,0.9976171882487127,473
2945000,5890.000000282452,-37568.80392198704,295.32457609979804,1.006342657462404,473
2950000,5900.000000284489,-37414.24957295685,305.1117523959715,1.0110380284855407,473
2955000,5910.000000286526,-37773.1711767597,301.685985269834,0.9997057227172551,474
2960000,5920.000000288564,-37347.18101035623,294.61061919270935,1.0264755728665267,474
2965000,5930.000000290601,-37507.30433218661,298.98784526174245,1.001765313708404,474
2970000,5940.000000292638,-37769.2399728641,298.77839883078485,1.0083786405861521,474
2975000,5950.000000294675,-37507.090401364025,292.0721897508973,1.0008394487485341,474
2980000,5960.000000296713,-37518.4120028592,293.2018518473911,1.0009629119924826,474
2985000,5970.00000029875,-37341.78827433093,297.4400054862683,1.0010616157607968,474
2990000,5980.000000300787,-37411.421081982844,310.4530041937577,1.0030404009585985,474
2995000,5990.000000302824,-37730.57602084882,303.238259179505,0.9983712074835697,474
3000000,6000.000000304862,-37683.87951158988,302.36381522180733,1.0103417725837072,474
3005000,6010.000000306899,-37509.03480493685,311.54081787165626,1.0112558223548929,473
3010000,6020.000000308936,-37478.454035489005,300.57671610388616,1.0039576096984975,473
3015000,6030.0000003109735,-37559.17974693759,291.6342321553153,1.022889577780114,473
3020000,6040.000000313011,-36744.52568567058,299.94692601134517,0.9923613351510884,473
3025000,6050.000000315048,-37656.16567345176,291.6425078435629,1.0131690505481843,473
3030000,6060.000000317085,-37266.49246841989,305.51397127860275,0.9917350480070097,473
3035000,6070.000000319123,-37335.16704884483,287.3585007616545,1.023556502468335,473
3040000,6080.00000032116,-37743.72913914779,301.4934580237382,1.0251594075591461,473
3045000,6090.000000323197,-37637.79022266547,306.79946151972905,1.0059571236130058,473
3050000,6100.000000325234,-37380.44668546418,298.61049431145034,1.0160764065689452,473
3055000,6110.000000327272,-37141.08992494768,303.03667976083216,1.0035158802353457,473
3060000,6120.000000329309,-37860.08338129698,295.1288203135957,1.0242518516148278,473
3065000,6130.000000331346,-37316.34089480882,299.5670821376796,1.0052558704726255,473
3070000,6140.0000003333835,-37528.82542956728,296.46073614410113,0.9954306966256805,473
3075000,6150.000000335421,-37750.84791431585,304.25408458654863,1.0157660351395346,473
3080000,6160.000000337458,-37277.47159275008,297.20824534773936,1.0009767960927514,473
3085000,6170.000000339495,-37428.448716816696,307.4682801667217,1.0081839661224765,473
3090000,6180.0000003415325,-37467.92961740153,297.4998356472287,0.9950597963259084,473
3095000,6190.00000034357,-37544.97558900088,305.25863053701767,1.0154844334123998,473
3100000,6200.000000345607,-37791.83617106674,299.45861953714075,1.0095624216343455,473
3105000,6210.000000347644,-37756.9060520278,297.96533800270635,0.994846590418995,473
3110000,6220.000000349682,-37505.13541489531,298.04435550012226,1.01602742555689,473
3115000,6230.000000351719,-37411.701683973486,299.69898230468755,1.0067265412567876,473
3120000,6240.000000353756,-37871.15157842834,301.9895293412365,1.0078328550728868,473
3125000,6250.000000355793,-37481.344761838205,303.86355383645474,1.0085729778118984,473
3130000,6260.000000357831,-37465.221028569824,301.3761271548056,1.0007976111381975,473
3135000,6270.000000359868,-37404.75839639784,299.8836425384987,1.0056749694109341,473
3140000,6280.000000361905,-37368.51212598031,309.60626846634085,1.0038923739241656,473
3145000,6290.0000003639425,-37637.069641242444,301.52944194226654,1.000749656701031,473
3150000,6300.00000036598,-37263.04545050359,301.1943889541288,1.0064891720208833,473
3155000,6310.000000368017,-37651.8067270898,296.434417412094,0.997694679845691,473
3160000,6320.000000370054,-37417.12525314183,295.5264620254431,1.0072796893559586,473
3165000,6330.000000372092,-37312.799060893536,300.8267031903579,1.0011772812837432,473
3170000,6340.000000374129,-37649.727535295446,295.0550338685042,0.9998239417197315,473
3175000,6350.000000376166,-37754.94227004153,302.343790099628,1.0153055133850029,473
3180000,6360.000000378203,-37114.52159980603,297.3965427976199,0.9954445752185753,473
3185000,6370.000000380241,-37389.798823147226,293.2865499406905,1.0040492397159768,473
3190000,6380.000000382278,-37271.89288779668,306.6075881551737,0.9910781244327672,473
3195000,6390.000000384315,-37243.35572715255,303.01630726408433,1.001306242651719,473
3200000,6400.000000386352,-37622.563852782856,307.3841133521739,1.0251819463358396,473
3205000,6410.00000038839,-37697.624296505586,303.7837394209113,1.0052252499861072,473
3210000,6420.000000390427,-37352.490663667064,310.7322524791691,1.012688938981896,473
3215000,6430.000000392464,-37403.56957951127,305.2788191295822,1.0030535528775784,473
3220000,6440.0000003945015,-37566.30383882293,303.37465478210424,0.9963968832449135,473
3225000,6450.000000396539,-37496.15447348813,297.24993029594947,1.0187433475958434,473
3230000,6460.000000398576,-37440.0768454583,308.60642228944454,1.0143382744721754,473
3235000,6470.000000400613,-37251.16279390216,305.1840676075968,0.9986279867218794,473
3240000,6480.000000402651,-37008.60437542261,300.34150265347114,0.9889895978069627,473
3245000,6490.000000404688,-37665.26937464526,303.0727862821494,1.0034354039302675,473
3250000,6500.000000406725,-37556.96895545517,299.13852408924305,1.0130709119509922,473
3255000,6510.000000408762,-37513.53371123009,302.1551044075829,0.9986618535315263,473
3260000,6520.0000004108,-37831.220254461165,304.1691821552677,1.0092344569343208,473
3265000,6530.000000412837,-37279.634718650224,300.58519613011515,1.0088598187056632,473
3270000,6540.000000414874,-37524.251936448505,297.5499801878697,1.0066867055318398,473
3275000,6550.0000004169115,-37695.48899895928,301.7138161029037,1.03177336293565,472
3280000,6560.000000418949,-37488.753334400826,312.75673103010837,1.008562030134417,472
3285000,6570.000000420986,-37283.18907400366,302.8988129247667,1.0102693680701067,472
3290000,6580.000000423023,-37591.804746179405,306.06588816642375,1.0081071178002687,472
3295000,6590.0000004250605,-37878.97126830614,292.9274668059375,1.0214926668032942,472
3300000,6600.000000427098,-37486.57275887736,302.51089770083496,0.998090227215783,472
3305000,6610.000000429135,-37560.45173095574,300.11299148884683,1.0130226047075706,472
3310000,6620.000000431172,-37267.00972290544,296.13577745224563,0.9906518431213476,472
3315000,6630.00000043321,-37132.796314948966,300.44005486191105,0.9975900207033193,472
3320000,6640.000000435247,-37702.877945588756,301.95066425717005,1.0087147869433006,472
3325000,6650.000000437284,-37549.596542646555,296.99761375648956,1.001614031081868,472
3330000,6660.000000439321,-37312.10908269888,300.75355019300883,0.9927101160046696,472
3335000,6670.000000441359,-37675.87905013398,299.6781398305825,1.001879554446852,472
3340000,6680.000000443396,-37294.95388769795,297.1345202040423,1.0278615535844668,472
3345000,6690.000000445433,-37161.252395933814,292.2633888001139,1.0086295774103242,472
3350000,6700.0000004474705,-37745.51844768491,304.92525312032757,1.0045739030905654,472
3355000,6710.000000449508,-37499.63048202469,296.86622443443514,1.0015219511433975,472
3360000,6720.000000451545,-37612.407673533104,296.056657785839,0.9953616172674228,472
3365000,6730.000000453582,-37863.61518903161,298.7678549909434,1.023200737624155,472
3370000,6740.00000045562,-37136.41922430674,300.08961522377217,0.9978466612320751,472
3375000,6750.000000457657,-37346.84631132975,300.64555756982725,1.0006512801380205,472
3380000,6760.000000459694,-37363.6635262511,304.01124932942656,0.9980467250810289,472
3385000,6770.000000461731,-37427.01957389049,303.32263033203424,1.0078119408356399,472
3390000,6780.000000463769,-37566.03231294479,305.38842602281704,1.0078641671577244,472
3395000,6790.000000465806,-37563.693840894324,295.5854952682759,1.0035970340413565,472
3400000,6800.000000467843,-37370.48527747471,312.51822773819254,0.9967629919679314,472
3405000,6810.00000046988,-37492.9603977541,291.88826513381923,0.9959926353868752,472
3410000,6820.000000471918,-37517.82851096755,294.9285690918021,1.0106578264051187,472
3415000,6830.000000473955,-37654.89659935664,297.76733449870835,0.9815017425360368,472
3420000,6840.000000475992,-37181.585248635034,299.5295861180887,1.000439278384357,472
3425000,6850.0000004780295,-37739.10806963948,306.96327927943514,1.0109832416423161,472
3430000,6860.000000480067,-37402.056855836214,299.9965188394363,1.0125957406059014,472
3435000,6870.000000482104,-37610.388954043505,295.6404621852785,1.0199463530475763,472
3440000,6880.000000484141,-37375.27004776822,294.86759463814576,1.0253060924148143,472
3445000,6890.000000486179,-37490.17123635713,300.3418091604433,1.015385985918259,472
3450000,6900.000000488216,-37458.38889607167,307.2837221019012,1.0125159044157224,472
3455000,6910.000000490253,-37750.296888689656,301.30301502505273,1.030121119669827,472
3460000,6920.00000049229,-37593.68312747599,295.21868815782517,1.019048299697486,472
3465000,6930.000000494328,-37805.716232968756,295.7634327824983,1.010272257141962,472
3470000,6940.000000496365,-37574.789270245004,300.3100754719284,1.0226925127834467,472
3475000,6950.000000498402,-37511.97762110067,289.7198713425644,1.0110777631324062,472
3480000,6960.0000005004395,-37471.82606533749,303.2912644518859,1.0148574996081818,472
3485000,6970.000000502477,-37795.604039331956,295.124692686371,0.9955803560939562,472
3490000,6980.000000504514,-37188.77590472766,306.2853471584711,1.0058580272310917,472
3495000,6990.000000506551,-37579.06396137414,301.1114686012677,1.015112320620406,472
3500000,7000.0000005085885,-37454.43585717652,297.42051164284067,1.015482172833744,472
3505000,7010.000000510626,-37789.3371867511,306.0250001363412,1.0341059917398814,472
3510000,7020.000000512663,-37523.170460799214,300.37084558760336,0.9990205423063835,472
3515000,7030.0000005147,-37521.03638819876,302.50677007361026,1.0137467219396707,472
3520000,7040.000000516738,-37827.52683906586,299.263803705653,1.0050386252747499,472
3525000,7050.000000518775,-37159.46221477477,305.7576238876504,0.9992545809090874,472
3530000,7060.000000520812,-37205.038600449334,298.1305043930898,0.9883948169572493,472
3535000,7070.000000522849,-37567.773415048316,299.66798423290584,1.0091506535199846,472
3540000,7080.000000524887,-37582.02433703712,301.3784974753901,1.0016101100493262,472
3545000,7090.000000526924,-37418.77356633576,299.4423133662233,1.0057623839201175,472
3550000,7100.000000528961,-37473.91315802795,304.6345210403602,1.002138725151043,472
3555000,7110.0000005309985,-37490.50320941361,301.78208542249683,1.001100067781557,471
3560000,7120.000000533036,-37328.225937303156,304.96397516780706,1.003030767956577,471
3565000,7130.000000535073,-37689.49966419724,305.31012370833605,1.0136025622409535,471
3570000,7140.00000053711,-37772.68064902208,307.92438297505385,0.9977503897481982,471
3575000,7150.000000539148,-37581.33789860882,299.52940221390537,1.0050082072044444,471
3580000,7160.000000541185,-37318.092295825685,291.8778234629686,1.0072430460355326,471
3585000,7170.000000543222,-37298.05295133559,300.4078103284426,1.001430082475756,471
3590000,7180.000000545259,-37340.904620435846,297.4853072167496,1.0077206565337833,471
3595000,7190.000000547297,-37366.36915637547,294.95104626975854,0.9919138137941048,471
3600000,7200.000000549334,-37629.00996473731,300.9046581302704,1.0184442959971909,471
3605000,7210.000000551371,-37848.785316845664,298.7036315633825,1.0037946227698589,471
3610000,7220.000000553408,-37389.16472434322,289.4691690731577,1.0235024770813277,471
3615000,7230.000000555446,-37571.95457030038,293.5668607836053,1.021003793302542,471
3620000,7240.000000557483,-37873.72962361612,301.168560633277,1.0142079934250865,471
3625000,7250.00000055952,-37371.25229621329,306.07199787206827,1.0006898605775516,471
3630000,7260.0000005615575,-37464.90553669311,292.68581670910777,0.9935536112289692,471
3635000,7270.000000563595,-37501.88261140598,309.2755474434092,1.0050906189526885,471
3640000,7280.000000565632,-37590.03607302136,299.7536018471217,1.0192930089099506,471
3645000,7290.000000567669,-37553.92660590945,303.14520366276537,1.0096626455692737,471
3650000,7300.000000569707,-37821.43476431706,301.09557110631306,1.007709027345678,471
3655000,7310.000000571744,-37719.66784804099,305.132656171471,1.0149790516027266,471
3660000,7320.000000573781,-37601.72560744482,308.3463613404886,1.0069128431377552,471
3665000,7330.000000575818,-37571.14936058366,294.3704198955477,1.002565294381765,471
3670000,7340.000000577856,-37567.067854607914,303.9395471317456,1.012944780517444,471
3675000,7350.000000579893,-37687.770836976066,298.19041628924276,1.012192528231716,471
3680000,7360.00000058193,-37301.42457774305,300.4169033686159,1.001030272168412,471
3685000,7370.000000583967,-37585.58677410439,293.3141151343844,1.0099709586075123,471
3690000,7380.000000586005,-37544.44063972621,297.3989744195988,1.0152474934276283,471
3695000,7390.000000588042,-37154.621678922354,291.6747523770313,1.0038091758431356,471
3700000,7400.000000590079,-37539.04531454557,303.30507769943006,1.0023060088494924,471
3705000,7410.0000005921165,-37261.2695374937,293.6615714379945,1.0139526673168935,471
3710000,7420.000000594154,-37709.72530268386,309.5906774783584,1.0031921309703908,471
3715000,7430.000000596191,-37824.177540571225,297.21617366141857,1.0093923969848098,471
3720000,7440.000000598228,-37171.01051033879,304.04972617132836,1.0074206750248489,471
3725000,7450.000000600266,-37620.760703199136,296.9346776582115,0.9964655713601189,471
3730000,7460.000000602303,-37901.42099094734,302.57203562487643,1.013965170741454,471
3735000,7470.00000060434,-37263.1383258492,302.0369153191283,1.014433912304661,471
3740000,7480.000000606377,-37506.916569614026,310.6502516472244,1.0077449424269629,471
3745000,7490.000000608415,-37508.19349811858,293.7946771990928,0.9963839385204282,471
3750000,7500.000000610452,-37546.08125982669,293.37707166646055,1.0234775388776072,471
3755000,7510.000000612489,-37678.446596621594,295.30393796367446,1.0115161587859463,471
3760000,7520.0000006145265,-37742.12557975948,298.973848110015,1.0215011997537298,471
3765000,7530.000000616564,-37224.60184388235,299.8145354331818,1.0093725941447604,471
3770000,7540.000000618601,-37088.01415584737,301.6601569489823,1.0030029415430783,471
3775000,7550.000000620638,-37821.74525545901,288.80717531474454,0.99797093128793,471
3780000,7560.0000006226755,-37371.451082629676,305.6689820713095,1.011937420098253,471
3785000,7570.000000624713,-37684.05685512783,303.1770599540691,1.0158247051749723,471
3790000,7580.00000062675,-37454.232948061195,297.5185325725288,0.9996367454416963,470
3795000,7590.000000628787,-37433.70676448208,299.92332497449087,1.0159279616292196,470
3800000,7600.000000630825,-37394.7209027592,297.2237341667312,1.0076180530611454,470
3805000,7610.000000632862,-37646.64398119759,308.30829317454965,0.9947222971555265,470
3810000,7620.000000634899,-37573.59882365991,305.4789886161833,1.0235439949570104,470
3815000,7630.000000636936,-37456.90324161545,301.5192046093974,1.011063154542244,470
3820000,7640.000000638974,-37421.1615490235,306.35931750774586,0.9938018747986476,470
3825000,7650.000000641011,-37089.579373408924,310.6799010883288,1.0144887720966265,470
3830000,7660.000000643048,-37295.45464179301,303.2063824544032,0.9982276779436765,470
3835000,7670.0000006450855,-37392.64932871258,294.6859177388634,1.0094059540800844,470
3840000,7680.000000647123,-37951.016531892325,295.0181304290594,1.009100602201722,470
3845000,7690.00000064916,-37385.68363680685,301.1228093592366,1.0163673381855924,470
3850000,7700.000000651197,-37403.547432972875,293.6315541885236,1.0228984017998168,470
3855000,7710.000000653235,-37535.626265438914,293.4104400588268,0.9947782915240748,470
3860000,7720.000000655272,-37953.01514657453,301.4146244305055,1.024108546609132,470
3865000,7730.000000657309,-37511.590251101734,305.88815499018284,1.0012264982996752,470
3870000,7740.000000659346,-37563.260141786945,296.7993241793175,1.0214569243602571,470
3875000,7750.000000661384,-37545.140793692815,300.4722176601869,1.007416465531677,470
3880000,7760.000000663421,-37513.07155062939,309.32890009035856,0.998933284442016,470
3885000,7770.000000665458,-37496.064136578876,295.1502349340488,1.0158454743538992,470
3890000,7780.000000667495,-37464.06145805432,306.9655474310289,1.0167517830146833,470
3895000,7790.000000669533,-37208.83095270308,297.1261219130059,0.9984178222565144,470
3900000,7800.00000067157,-37831.00109570185,307.2848868283953,1.0084346323118378,470
3905000,7810.000000673607,-37301.601507322746,298.0438446551687,0.9982233689477705,470
3910000,7820.0000006756445,-37569.79859465032,302.9500200229111,1.0074819097823697,470
3915000,7830.000000677682,-37254.42295415132,293.7779419184144,1.008171327328702,470
3920000,7840.000000679719,-37317.13449649318,303.23460152963753,0.9978109552508276,470
3925000,7850.000000681756,-37708.784511933045,302.84828014196097,1.0086384861770268,470
3930000,7860.000000683794,-37599.43513556072,296.4539521231179,1.0069528339913179,470
3935000,7870.000000685831,-37613.41039315457,297.69356848741495,1.0140719516981345,470
3940000,7880.000000687868,-37976.90003777202,302.58441850655066,1.0213147200113746,470
3945000,7890.000000689905,-37207.566768605204,296.41876512271705,0.9988511000558067,470
3950000,7900.000000691943,-37322.580440439575,284.52948227646215,1.009378021754023,470
3955000,7910.00000069398,-37450.74120143356,304.70135999408336,1.0083659937699967,470
3960000,7920.000000696017,-37300.53943337037,300.4994763469086,1.0098080204434936,470
3965000,7930.0000006980545,-37215.51968239006,298.2680851559813,0.9922858831006872,470
3970000,7940.000000700092,-37740.15957148513,302.7671375295383,1.0141879495085586,470
3975000,7950.000000702129,-37755.94810705111,291.6669057985447,1.0185313907912998,470
3980000,7960.000000704166,-37642.662236079836,304.35523188735255,1.0012153466922087,470
3985000,7970.0000007062035,-37656.78885210876,291.10859313190514,1.018091338585134,470
3990000,7980.000000708241,-37330.61373419291,300.76836469666193,1.0093332202642504,470
3995000,7990.000000710278,-37425.110426280386,296.7161381870806,1.0048072776276922,470
4000000,8000.000000712315,-37648.926848566014,300.96369137310325,1.0235579305233173,470
4005000,8010.000000714353,-37269.7940175352,294.733855429305,1.0043256214920584,470
4010000,8020.00000071639,-37205.75968140183,307.66438332749243,1.0113072371155016,470
4015000,8030.000000718427,-37481.25995538529,304.14731799125553,1.0080822595629333,470
4020000,8040.000000720464,-37363.59392877863,299.60239174086934,1.002406016986802,470
4025000,8050.000000722502,-37194.160651361046,307.5888600095588,1.014760264798134,470
4030000,8060.000000724539,-37297.38628737471,302.2274604868044,1.0020683194587756,470
4035000,8070.000000726576,-37349.796662546636,301.85427803133325,1.0189564064100198,470
4040000,8080.0000007286135,-37666.873427479644,303.9330083163401,1.0021647431938312,470
4045000,8090.000000730651,-37596.462554408994,293.52413371169,1.007358328464004,470
4050000,8100.000000732688,-37568.99687256082,296.15418830437176,1.0115346322708731,470
4055000,8110.000000734725,-37265.77383990376,305.8670264429038,1.0134161998781597,470
4060000,8120.000000736763,-37503.44011545408,305.1313279745917,1.0090594058226943,470
4065000,8130.0000007388,-37544.02209905404,296.45650634788575,1.0145907761559758,470
4070000,8140.000000740837,-37768.67044878221,305.99016051050876,1.0218506093770217,470
4075000,8150.000000742874,-37462.34258582126,301.57823785223013,0.9907295720571886,470
4080000,8160.000000744912,-37424.270668263314,292.38409124573997,0.9984839365320561,469
4085000,8170.000000746949,-37621.77202259327,300.09515278306867,1.017814809597184,469
4090000,8180.000000748986,-38021.93182736027,298.1474235779516,1.0230705145431054,469
4095000,8190.000000751023,-37787.08073120704,312.12712484175063,1.0039912174838048,469
4100000,8200.00000075306,-37566.602785244526,303.61432280051423,1.0051460128446648,469
4105000,8210.000000755097,-37651.24599451653,299.960555354706,1.0098732726417323,469
4110000,8220.000000757134,-37812.412975529995,293.9839146036878,1.013211825879544,469
4115000,8230.000000759172,-37660.01545489428,301.32561480579807,1.0087796176897907,469
4120000,8240.000000761209,-37797.979810418474,301.2418975348094,1.0168776478144677,469
4125000,8250.000000763246,-37413.97811409045,310.30633039069295,1.0004615851653733,469
4130000,8260.000000765283,-37235.956017476885,301.736701956823,0.9848647897436268,469
4135000,8270.00000076732,-37294.18732639737,319.84521560564036,0.9955883679071187,469
4140000,8280.000000769358,-37799.870260006835,304.0805403389268,0.99716320352465,469
4145000,8290.000000771395,-36993.28718199339,300.6278210330398,0.9972143751375255,469
4150000,8300.000000773432,-37514.114302858565,303.69262511499517,1.006949224253277,469
4155000,8310.00000077547,-37775.67676737826,294.1283815565532,1.0074776750723515,469
4160000,8320.000000777507,-37782.354525577335,304.7043433286122,1.0169562248027881,469
4165000,8330.000000779544,-37654.4661538419,296.1593784890998,1.005113881705149,469
4170000,8340.000000781582,-37358.633447673084,297.9207310213619,0.9898870425695989,469
4175000,8350.000000783619,-37442.59876388416,296.4211763108978,1.016493643716469,469
4180000,8360.000000785656,-37414.12087663822,302.12241033055534,0.9937965880432545,469
4185000,8370.000000787693,-37362.92305968664,297.91268010489387,0.9851817015200063,469
4190000,8380.00000078973,-37295.745824115205,308.9128066587888,1.0157347413714812,469
4195000,8390.000000791768,-37076.77468883121,301.6750736216261,1.0074008768743767,469
4200000,8400.000000793805,-37691.57127277457,294.5663595859333,1.0176817240961071,469
4205000,8410.000000795842,-37701.169631779514,308.7548942667458,1.0022283393003597,469
4210000,8420.00000079788,-37662.560598982964,310.1562032757421,1.002798513109541,469
4215000,8430.000000799917,-37606.66734887104,298.6395307386104,0.9944353022516781,469
4220000,8440.000000801954,-37656.58876966205,308.20064792593655,1.0063011325418618,469
4225000,8450.000000803991,-37454.281029170146,293.31997963445116,0.999675123687247,469
4230000,8460.000000806029,-37616.03989211269,297.8243856631214,1.0122879795574382,469
4235000,8470.000000808066,-37439.845065503236,301.9131682375791,1.0082633086395738,469
4240000,8480.000000810103,-37641.78134829688,293.1402848135886,1.0114891621519595,469
4245000,8490.00000081214,-37454.161176403344,301.349318011643,1.0029317632076555,469
4250000,8500.000000814178,-37548.90261236724,287.7419001161968,0.9975067165819993,469
4255000,8510.000000816215,-37604.87573171529,304.2671009159652,1.0011290150596894,469
4260000,8520.000000818252,-37361.04675703778,299.93072200941833,1.0073185089721304,469
4265000,8530.00000082029,-37520.01569162155,296.9713563258768,1.003514630683327,469
4270000,8540.000000822327,-37126.28148572854,297.52648132000616,1.0136704979052362,469
4275000,8550.000000824364,-37477.04641778322,297.1326402946132,1.0073770710536574,469
4280000,8560.000000826401,-37285.70018822455,286.00247304934135,1.009551240339798,469
4285000,8570.000000828439,-37870.65118028509,290.03937421031594,1.0114786137072462,469
4290000,8580.000000830476,-37461.94619347324,291.9023848883355,1.010195796586198,469
4295000,8590.000000832513,-37587.11173763138,309.8612209657612,1.0093351901730017,469
4300000,8600.00000083455,-37506.802085539704,304.5601624489208,1.0046326001761143,469
4305000,8610.000000836588,-37288.78724373531,306.7897758994096,1.003783210614189,469
4310000,8620.000000838625,-37612.38548223494,290.64462331128817,1.0079734416598518,469
4315000,8630.000000840662,-37306.86666120193,300.5694416717475,1.0122899483456824,469
4320000,8640.0000008427,-37354.98799997181,310.7950864084564,1.001833045445485,469
4325000,8650.000000844737,-37548.80517474629,296.4847867245145,1.0160366184122496,469
4330000,8660.000000846774,-37092.8417851337,303.4936816562826,0.9958647143105229,469
4335000,8670.000000848811,-37699.64653717619,312.9247785860299,1.0031561074709052,469
4340000,8680.000000850849,-37625.75721803142,300.89687285317825,1.0151843923413633,469
4345000,8690.000000852886,-37487.67443949517,299.03482256367136,1.01174189761835,469
4350000,8700.000000854923,-37464.53364001008,304.76311093206914,1.0142775394633627,469
4355000,8710.00000085696,-37366.28654625724,303.4911274315148,0.9934995608852774,469
4360000,8720.000000858998,-37838.830741796584,304.8139910894432,1.0137544562221263,469
4365000,8730.000000861035,-37842.55712480299,302.0623349640172,0.9952695520005547,469
4370000,8740.000000863072,-37620.28590214279,301.68905033955537,1.0101545356016257,469
4375000,8750.00000086511,-37284.83187145786,299.2154982068448,1.0026990606471768,469
4380000,8760.000000867147,-37769.02337633804,299.7864389607362,1.0083405108860406,469
4385000,8770.000000869184,-37343.75785577504,302.6980712918176,1.0110251707837163,469
4390000,8780.000000871221,-37513.78980470114,298.7896169859649,1.0069715982505807,469
4395000,8790.000000873259,-37662.23172282474,290.2770601503061,1.016791056289589,469
4400000,8800.000000875296,-37215.686940757965,294.87699418529115,0.9965936888502643,469
4405000,8810.000000877333,-37627.10904269322,298.06644443591404,1.0073662780219388,469
4410000,8820.00000087937,-37669.98860118337,308.6375225302169,1.006616069214269,469
4415000,8830.000000881408,-37505.52369379156,300.86387226917856,0.9951895964852099,469
4420000,8840.000000883445,-37283.122357710236,302.6418170455321,1.007707783735751,469
4425000,8850.000000885482,-37237.505551302864,308.75575248626774,0.9997926981092407,469
4430000,8860.00000088752,-37352.140050099115,299.5675112474406,1.002589167294602,469
4435000,8870.000000889557,-37572.25740733807,305.7722953547165,1.0159733011208043,469
4440000,8880.000000891594,-37270.42124820856,285.8187732040429,1.0020923775984576,469
4445000,8890.000000893631,-37222.247582536365,300.3112606322207,1.0246346674048026,469
4450000,8900.000000895669,-37660.163500044146,292.40724273903504,0.9992716092651572,469
4455000,8910.000000897706,-37481.69815429751,303.37009804511854,1.0003782221038413,469
4460000,8920.000000899743,-37555.38793967929,295.85095073994137,1.0096826921081696,469
4465000,8930.00000090178,-37428.39327774063,296.18839448246183,1.011235371988192,469
4470000,8940.000000903818,-37398.23966743369,307.6706769373202,1.0059657236743904,469
4475000,8950.000000905855,-37354.51802861554,304.40380302553655,0.9940983984393543,469
4480000,8960.000000907892,-37626.29821367026,301.08482292849027,1.0037627643189582,469
4485000,8970.00000090993,-37639.70890529521,303.3767185957166,1.0145598048311262,469
4490000,8980.000000911967,-37240.69688765265,300.9389051759568,1.0009166436758126,469
4495000,8990.000000914004,-37418.74252066191,287.77941656958586,1.0027568818299453,469
4500000,9000.000000916041,-37760.00011481746,313.39606370638177,1.0159361854017197,469
4505000,9010.000000918079,-37257.30516605213,294.4639658234427,1.0011924047020149,469
4510000,9020.000000920116,-37413.70571178672,304.4843530578131,1.0095122383642987,469
4515000,9030.000000922153,-37243.21222831088,294.918209156144,1.0097613667651133,469
4520000,9040.00000092419,-37784.002800172544,290.7771569260385,1.0201176316738108,469
4525000,9050.000000926228,-37647.212145969854,297.02773317495115,1.0127543378598134,469
4530000,9060.000000928265,-37324.856674098264,300.7010761993796,1.0058404297437546,469
4535000,9070.000000930302,-37553.14801719744,305.24318258562215,0.9983513428448421,469
4540000,9080.00000093234,-37645.46442263809,297.29676456129147,1.0063052671122719,469
4545000,9090.000000934377,-37543.98248889524,293.47231359960136,0.9991233769399716,469
4550000,9100.000000936414,-37672.483003880334,291.522397978083,1.0173086431536242,469
4555000,9110.000000938451,-37547.536591333395,287.7237344696484,1.0140997165837706,469
4560000,9120.000000940488,-37495.46165092121,291.1891431641817,1.0063231507845505,469
4565000,9130.000000942526,-37886.86068380889,302.35257663282914,1.0326753076797772,469
4570000,9140.000000944563,-37252.41602796732,300.9922373891079,0.9989695969672039,469
4575000,9150.0000009466,-37544.08764561429,305.00590532159487,1.0046483781105462,469
4580000,9160.000000948638,-37256.64665905427,306.92841921980454,1.0005447381646262,469
4585000,9170.000000950675,-37827.34328482961,301.37553457465947,0.9965689539261862,469
4590000,9180.000000952712,-37574.70901586412,300.5955560657733,1.0012360033129795,469
4595000,9190.00000095475,-37816.75709670829,304.09294365439916,1.009277647693449,469
4600000,9200.000000956787,-37664.52474112308,300.6318464912738,1.0121214065206021,469
4605000,9210.000000958824,-37432.19033440406,299.08880865836306,0.9986384336308917,469
4610000,9220.000000960861,-37601.3852888165,305.359696102629,1.011168211162158,469
4615000,9230.000000962898,-37605.71227049598,300.4951852492987,1.0078646134079399,469
4620000,9240.000000964936,-37455.70568427481,304.4594442578778,1.006761952907665,469
4625000,9250.000000966973,-37566.252840357454,302.84793276739254,0.9926931450796814,469
4630000,9260.00000096901,-37296.41675924786,293.7064644925129,1.018011653810839,469
4635000,9270.000000971047,-37183.10526180919,296.2250118487326,1.0123124195050268,469
4640000,9280.000000973085,-37557.085393467394,306.9685511993558,1.0104428530506726,469
4645000,9290.000000975122,-37411.45838287656,300.7271701596072,1.006280376582961,469
4650000,9300.00000097716,-37654.2316137703,295.8399164889446,1.0163449569074618,469
4655000,9310.000000979197,-36947.6707219003,296.9704981063548,1.005405888528467,469
4660000,9320.000000981234,-37308.076030685595,291.7979068784344,0.99516406161105,469
4665000,9330.000000983271,-37400.38404989464,302.61682651040417,0.9999225682372003,469
4670000,9340.000000985308,-37366.97623891241,298.23024176182196,1.0006790771495462,469
4675000,9350.000000987346,-37353.18666693618,303.80088337755257,1.0111244416446872,469
4680000,9360.000000989383,-37271.719720594556,305.5420881848464,1.0200502875030732,469
4685000,9370.00000099142,-37494.13473526787,299.9172357026445,1.013611021752737,469
4690000,9380.000000993457,-37446.12927836724,305.28515360700624,1.0189080314398855,469
4695000,9390.000000995495,-37551.002013194346,298.2985519490113,1.003432600214238,469
4700000,9400.000000997532,-37742.7700344981,296.12186203571076,1.016498608241792,469
4705000,9410.00000099957,-37493.457252983615,294.78651332711746,1.0020671292238392,469
4710000,9420.000001001607,-37180.02911662782,307.5786022428914,1.0057493634124914,469
4715000,9430.000001003644,-37343.56200106285,304.9273986691325,0.9995579452658166,469
4720000,9440.000001005681,-37246.65072119425,295.102133773222,0.9992147929963737,469
4725000,9450.000001007718,-37352.65680593386,305.6716180312699,1.0060920934719049,469
4730000,9460.000001009756,-37593.316452633764,309.0902128942594,1.013636241795058,469
4735000,9470.000001011793,-37816.86670545308,314.6321654573984,0.9923534309115751,469
4740000,9480.00000101383,-37519.634699174145,301.6463845690344,1.0065053834988191,469
4745000,9490.000001015867,-37403.87059586099,297.36435956554584,0.9939027531177269,469
4750000,9500.000001017905,-37759.88396370763,305.0732959878679,1.013067307914277,469
4755000,9510.000001019942,-37535.64007201942,302.1374087383917,1.0118441934228086,469
4760000,9520.00000102198,-37449.655429166654,302.0910853180033,1.0108561938411216,469
4765000,9530.000001024016,-37567.704028235166,303.3964780785201,1.0057528881879587,469
4770000,9540.000001026054,-37691.66309886161,299.8839286116727,1.014664907203265,469
4775000,9550.000001028091,-37273.87012097516,306.82823230751325,0.9862004444035787,469
4780000,9560.000001030128,-37196.64040484768,296.39318200744304,1.0064770273956272,469
4785000,9570.000001032166,-37278.962930414535,311.1108294573498,0.9994040783126074,469
4790000,9580.000001034203,-37453.065870103426,297.3266796417716,1.0179965489301814,469
4795000,9590.00000103624,-37491.73402517958,302.55131575356023,0.9991477083024015,469
4800000,9600.000001038277,-37079.710095751216,301.26741934868903,0.997131836040285,469
4805000,9610.000001040315,-37520.96056593102,308.2233703094707,1.003317139903957,469
4810000,9620.000001042352,-37028.94748878377,294.71274731582406,1.0007321621988223,469
4815000,9630.00000104439,-37522.349390548654,293.41634542648984,1.000339096920451,469
4820000,9640.000001046426,-37801.74057120769,305.2471467424618,1.0230085538137126,469
4825000,9650.000001048464,-37578.16626721539,300.3153473918491,0.9960416503110027,469
4830000,9660.000001050501,-37785.9616252775,297.26092367935,1.0080044634403167,469
4835000,9670.000001052538,-37288.06591852449,298.5917360847558,1.0121081399627476,469
4840000,9680.000001054575,-37455.27277872764,304.7091657049737,0.9954221973495795,469
4845000,9690.000001056613,-37268.046223490644,307.815348228167,0.9911903518738218,469
4850000,9700.00000105865,-37293.14800696203,306.9089049425787,1.0061275980710784,469
4855000,9710.000001060687,-37298.453545933065,304.38778292779307,0.999768167668841,469
4860000,9720.000001062725,-37439.992121115094,307.0990210004938,1.0005853216365477,469
4865000,9730.000001064762,-37482.597226355254,294.2609151713036,1.0135135822452508,469
4870000,9740.000001066799,-37992.57200150695,292.56760718685507,1.0070193749087755,469
4875000,9750.000001068836,-37884.68280602322,307.15221017705795,1.0073722420661197,469
4880000,9760.000001070874,-37870.235666393535,305.7592994590981,1.0071890027982529,469
4885000,9770.00000107291,-37343.912096910266,303.2397508467694,1.0132447513917284,469
4890000,9780.000001074948,-37245.76760132355,292.04740355375077,0.9964306483406695,469
4895000,9790.000001076985,-37465.14041678092,294.28228892416035,0.9884297956270319,469
4900000,9800.000001079023,-37716.16696656603,317.08338344873954,1.0162401137917623,469
4905000,9810.00000108106,-37559.551981347,308.34405232129853,1.0004015923399914,469
4910000,9820.000001083097,-37136.95758160399,290.3870144181094,0.9934537438772076,468
4915000,9830.000001085134,-37770.24480985064,304.52724360011365,1.012854007492754,468
4920000,9840.000001087172,-37585.54088164953,301.60850030727875,1.0142722600324536,468
4925000,9850.000001089209,-37527.60919797968,302.8111110631403,0.9986429871802168,468
4930000,9860.000001091246,-37464.45617235682,288.8915669010719,1.0072766445611514,468
4935000,9870.000001093284,-37595.40217668866,301.8031118007852,1.010276878382675,468
4940000,9880.00000109532,-37843.74069377774,304.1033444576535,1.0148201498878677,468
4945000,9890.000001097358,-37443.585000392835,304.27842124013597,1.0169958838241608,468
4950000,9900.000001099395,-37626.34096527164,295.7981498055419,1.0072219634346598,468
4955000,9910.000001101433,-37477.34155744649,307.97824646695676,1.0064653376939654,468
4960000,9920.00000110347,-37265.82578747434,301.0924447351973,1.0124059577714954,468
4965000,9930.000001105507,-37577.94937341235,295.665105345838,1.0205490449953114,468
4970000,9940.000001107544,-37214.44489811445,318.7013315856396,1.0141852997637408,468
4975000,9950.000001109582,-37732.811092916556,300.8284196294018,1.0152772550917901,468
4980000,9960.000001111619,-37376.58259278422,295.85166592287635,1.011701426574454,468
4985000,9970.000001113656,-37368.62813552964,292.50928912695724,0.9869685082426488,468
4990000,9980.000001115694,-37817.06209238741,297.5395589508172,1.0133949695702278,468
4995000,9990.00000111773,-37714.04637217554,312.948931335434,1.00517286842367,468
5000000,10000.000001119768,-37438.75985653608,299.56642825613903,1.0125167866450318,468
5005000,10010.000001121805,-37215.12850643741,295.8088775495666,0.9986784955777098,468
5010000,10020.000001123843,-37496.20873426026,301.7038852770066,0.9970877263868589,468
5015000,10030.00000112588,-37393.20792518195,298.2588695130192,1.0068022746844472,468
5020000,10040.000001127917,-37726.244683001045,294.0222892765989,1.0251752807977956,468
5025000,10050.000001129954,-37308.786168171646,297.3650134470864,1.0176858266589137,468
5030000,10060.000001131992,-37433.65835911338,299.086928748934,1.006238371227327,468
5035000,10070.000001134029,-37521.902921853354,295.46054259263633,1.0131989133153438,468
5040000,10080.000001136066,-37572.8502623947,298.83434657009815,0.9782508662842563,468
5045000,10090.000001138103,-37488.32493122411,308.9255573488295,1.0173766645367939,468
5050000,10100.00000114014,-37685.45356537937,298.77825579419783,1.013529326444156,468
5055000,10110.000001142178,-37520.09621160274,295.30741170935863,1.0155921666744891,468
5060000,10120.000001144215,-37245.40893464105,294.9905856691637,0.9895122468345784,468
5065000,10130.000001146253,-37792.62878472009,292.43958944149415,1.004328229589039,468
5070000,10140.00000114829,-37152.34473500002,303.4193843662376,0.9975802512903019,468
5075000,10150.000001150327,-37489.80028580985,302.4762419791858,1.0149201142493687,468
5080000,10160.000001152364,-37496.6426045312,290.610110626226,1.010558869124712,468
5085000,10170.000001154402,-37780.85797765624,296.01728185681895,1.0146416925183463,468
5090000,10180.000001156439,-37351.761799125874,294.68836979464044,1.0217464284464297,468
5095000,10190.000001158476,-37378.71843887534,308.31003004739176,1.0097070166869992,468
5100000,10200.000001160513,-37538.96853188283,292.8985325477681,1.0128583812137084,468
5105000,10210.00000116255,-37556.44907246233,301.96457967370486,1.0071919615859146,468
5110000,10220.000001164588,-37380.85821772399,297.49907959669747,0.998320149720327,468
5115000,10230.000001166625,-37840.85477554967,314.41763101070336,1.0105927674067694,468
5120000,10240.000001168662,-37251.65841523354,304.52755010708574,0.9821065859455809,468
5125000,10250.0000011707,-37620.913972083625,304.0234074393212,1.0085276925817346,468
5130000,10260.000001172737,-37812.86448443128,302.78912429633925,1.009533330742088,468
5135000,10270.000001174774,-37307.447639676655,300.6167663482449,1.0040442932837783,468
5140000,10280.000001176812,-37455.44120548715,299.158344873441,1.009708757860789,468
5145000,10290.000001178849,-37313.48053036348,303.36496916178487,1.0177871456669074,468
5150000,10300.000001180886,-37501.42543539623,295.8499903514287,1.013755696727392,468
5155000,10310.000001182923,-37519.29081778324,291.43203972269816,1.006090887449826,468
5160000,10320.00000118496,-37387.287700980174,298.9322857645938,1.009924904399601,468
5165000,10330.000001186998,-37310.368234471505,298.1927866098273,1.010487984052211,468
5170000,10340.000001189035,-37599.07772373367,296.565602396167,0.997402094136364,468
5175000,10350.000001191072,-37469.25475121691,309.76773633926064,1.0127166034523203,468
5180000,10360.00000119311,-37211.36673583789,293.16049383995124,1.0124765668364595,468
5185000,10370.000001195147,-37276.29716859429,304.22807236151357,1.0058182073698168,468
5190000,10380.000001197184,-37376.17762251131,293.96838491709974,1.004210805218451,468
5195000,10390.000001199222,-37355.26119825168,294.72184035599736,1.0095471955647308,468
5200000,10400.000001201259,-37826.31335856448,302.0469483140161,1.0109150922430858,468
5205000,10410.000001203296,-37518.4313019547,301.45007707028225,1.0120572164388302,468
5210000,10420.000001205333,-37290.94795566637,291.85861569271486,1.0039159105654367,468
5215000,10430.00000120737,-37463.71667971622,300.5181528384106,1.0048529691467192,468
5220000,10440.000001209408,-37331.574652368814,307.4093899604758,0.9960385121435323,468
5225000,10450.000001211445,-37661.79704644755,302.6057513918111,1.0197014388864087,468
5230000,10460.000001213482,-37828.71134767088,307.11873961570103,1.0160028602102942,468
5235000,10470.00000121552,-37696.889814955095,294.69791237837285,1.00983782809899,468
5240000,10480.000001217557,-37336.81177505781,300.63670973523165,0.997054589459535,468
5245000,10490.000001219594,-37728.71571944628,298.6036285552745,1.0161518570577184,468
5250000,10500.000001221631,-37771.86936029917,299.12113492702406,1.0216321755261162,468
5255000,10510.000001223669,-37902.46989527662,294.8532296780518,1.000077004465218,468
5260000,10520.000001225706,-37378.25518278594,304.9946667326167,1.001949586912471,468
5265000,10530.000001227743,-37099.28662898301,304.28324361649754,0.9878947535498407,468
5270000,10540.00000122978,-37435.156124202826,294.0479949946618,1.0052161543645353,468
5275000,10550.000001231818,-37723.12335843549,290.49386274859495,1.0211824868326267,468
5280000,10560.000001233855,-37371.58464010927,293.8285360026145,1.021609039231624,468
5285000,10570.000001235892,-37621.35808905761,298.7038767689602,1.0023103154786357,467
5290000,10580.00000123793,-37649.39252982978,305.8045398881849,1.0173097938207951,467
5295000,10590.000001239967,-37461.46634421722,297.9618846908203,1.001897168107345,467
5300000,10600.000001242004,-37624.75411876189,304.97680759304035,1.0104191688000532,467
5305000,10610.000001244041,-37469.328034895996,297.631633645246,1.0075051810604172,467
5310000,10620.000001246079,-37550.94716439629,310.3437855426876,1.0203854609021479,467
5315000,10630.000001248116,-37279.01060022612,310.4511242843286,1.005294230757947,467
5320000,10640.000001250153,-37562.76843979809,304.3486726381489,1.0097958160908536,467
5325000,10650.00000125219,-37340.696181420324,299.0760784021205,1.0057436274118239,467
5330000,10660.000001254228,-37370.569887801656,305.3833175732815,1.0024823320434078,467
5335000,10670.000001256265,-37665.61918164656,308.4281578344519,1.0074231719596312,467
5340000,10680.000001258302,-37776.83530789518,300.8629527482622,1.005913556868317,467
5345000,10690.00000126034,-37432.536060340906,301.63829278497013,1.01159228931273,467
5350000,10700.000001262377,-37742.3632132209,304.843844868529,1.0052966464322721,467
5355000,10710.000001264414,-37366.05142105752,303.15789305141175,1.0035425553702542,467
5360000,10720.000001266451,-37829.29796200065,307.1057641538807,0.9969979472239515,467
5365000,10730.000001268489,-37322.945930898655,293.17588048995236,1.0072956609204,467
5370000,10740.000001270526,-37649.85823990614,294.57369531946637,1.0088381008226317,467
5375000,10750.000001272563,-37803.828221705044,300.8126856048323,1.0192187854121668,467
5380000,10760.0000012746,-37794.90379259025,302.45852587619646,1.0094496970594438,467
5385000,10770.000001276638,-37578.26554438681,293.2714902314597,1.020319154753358,467
5390000,10780.000001278675,-37396.90664942691,299.4641775302355,1.0039523239202186,467
5395000,10790.000001280712,-37820.060260740924,308.28450823351216,1.01619969702808,467
5400000,10800.00000128275,-37605.1089886245,297.0513137780072,1.022253086762532,467
5405000,10810.000001284787,-37611.55368997305,304.4131208374894,1.0019000103083453,467
5410000,10820.000001286824,-37993.68991516606,305.93756391409073,1.0154700295014336,467
5415000,10830.000001288861,-37661.697617289115,294.28408709839687,1.0019786724993267,467
5420000,10840.000001290899,-37534.16755716334,298.52467235925303,1.0028783649770725,467
5425000,10850.000001292936,-37462.110265512194,299.12113492702406,1.0009100754236815,467
5430000,10860.000001294973,-37629.96920651899,298.1137282448151,1.0214006360183996,467
5435000,10870.00000129701,-37234.328112751624,288.74203236626715,1.0137511436836375,467
5440000,10880.000001299048,-37402.56812640524,294.72429241177446,1.0107191820733694,467
5445000,10890.000001301085,-37570.385637885396,300.2715373286323,0.9970466540346804,467
5450000,10900.000001303122,-37481.51227205683,302.135733166944,1.0033319896069381,467
5455000,10910.00000130516,-37581.32076075487,307.18576247360744,0.9981800596521087,467
5460000,10920.000001307197,-37475.643726521055,304.24268252718525,1.0046863862934485,467
5465000,10930.000001309234,-37322.40391017101,306.95911078461415,1.0080948074161196,467
5470000,10940.000001311271,-37515.70187223493,298.08620391871756,1.0245454913134642,467
5475000,10950.000001313309,-37200.00929612963,301.75100561552256,0.9869675481732565,467
5480000,10960.000001315346,-37918.59641200793,298.4357036021418,1.0046006456412682,467
5485000,10970.000001317383,-37333.04906300292,291.36603855469883,1.023519668882042,467
5490000,10980.00000131942,-37424.71417422342,307.05396447559025,0.9974610205972936,467
5495000,10990.000001321458,-37246.081144887605,289.8542644329457,1.0079092967619272,467
5500000,11000.000001323495,-37545.05619176541,299.5956077198861,1.0032844770214788,467
