#"Step","Time (ps)","Potential Energy (kJ/mole)","Temperature (K)","Density (g/mL)","Speed (ns/day)"
5000,10.000000000000009,-44528.86681589263,298.713404099294,1.0350258686781986,0
10000,19.999999999999794,-44282.20070472223,300.23960995073503,1.02774901314152,442
15000,29.99999999999425,-44508.508721508,302.3673020418332,1.0399960171007137,438
20000,40.00000000000292,-44309.874270032655,300.3468029833607,1.030828898394018,438
25000,50.00000000001514,-44513.852238732885,299.148753939313,1.0420453650041257,440
30000,60.00000000002736,-44540.44087755072,307.28439592386854,1.0382314802986163,439
35000,70.00000000001826,-44454.79988328056,293.71467966053746,1.039259074518526,437
40000,79.99999999999496,-44212.729557591054,297.73007591409583,1.0441820517303793,438
45000,89.99999999997165,-44271.35348948679,298.7661439378704,1.0307970998323701,438
50000,99.99999999994834,-44087.889685608185,303.13795751725274,1.0225569570641144,438
55000,109.99999999992504,-43925.54077867791,299.8494572464639,1.0282485706842315,438
60000,119.99999999990173,-44554.11773684574,301.7346209163265,1.0259505556938213,437
65000,129.99999999989262,-44347.00613342621,301.0002610056927,1.026257379976347,438
70000,139.99999999994037,-43896.3000801864,295.80188142000264,1.0199152119968007,436
75000,149.99999999998812,-44175.18241389023,292.24265129077077,1.0211381421565977,436
80000,160.00000000003587,-44427.27059441354,311.66329925003487,1.0340893345816098,435
85000,170.00000000008362,-44790.238457942876,292.7482487051745,1.0465406688061394,436
90000,180.00000000013137,-44310.8946348289,297.3140062465811,1.023582454701493,435
95000,190.0000000001791,-44476.253378972644,297.2807829054016,1.03561662757441,435
100000,200.00000000022686,-44560.76328944822,305.6216139781304,1.04333438669331,436
105000,210.0000000002746,-44239.42395308454,299.0956596133974,1.0297430765836184,436
110000,220.00000000032236,-44469.76954828805,305.90658241136464,1.0507566977522484,436
115000,230.0000000003701,-44206.91363456909,300.0455675200054,1.0325194344768212,435
120000,240.00000000041786,-44070.18756771184,300.83741346081274,1.024104372584816,435
125000,250.0000000004656,-44181.3354564319,300.1049244555803,1.0269860022414226,436
130000,260.00000000051335,-44436.44237310818,303.46006834613866,1.0424891804576533,437
135000,270.0000000005611,-44321.91386969644,305.8283194843658,1.030859821463242,437
140000,280.00000000060885,-44303.536227674136,299.4806525575091,1.0280986637698637,437
145000,290.0000000006566,-44284.69489495596,293.8334132254282,1.028956236554344,436
150000,300.00000000070435,-44406.069552231405,300.3336278705871,1.0189054662390025,437
155000,310.0000000007521,-44039.245974181016,293.4044244637737,1.0241370603088982,436
160000,320.00000000079984,-44339.33345458281,293.07878845523686,1.0326833751695128,436
165000,330.0000000008476,-44205.72751377965,294.39446821467556,1.0324105736074296,436
170000,340.00000000089534,-44167.5096111632,308.81101534387193,1.0360198867776158,436
175000,350.0000000009431,-44292.93860363783,306.60039290914216,1.0326785775943492,436
180000,360.00000000099084,-44246.93016969715,306.42019517838247,1.0367799953549452,436
185000,370.0000000010386,-44113.86518787223,297.50487798499887,1.0411246303173107,436
190000,380.00000000108633,-44388.12025878258,307.4960248653706,1.034873252666601,436
195000,390.0000000011341,-44215.8590464475,298.6903230347639,1.0243484864547663,436
200000,400.00000000118183,-44350.585143925535,308.9513135552307,1.0406145046085684,436
205000,410.0000000012296,-44604.967431087105,304.5437755295535,1.0511505806607422,436
210000,420.00000000127733,-44120.454018196586,294.0492566275185,1.030034401121828,435
215000,430.0000000013251,-44209.98363377631,299.85662576821215,1.0287526942515663,436
220000,440.0000000013728,-44345.58114444543,305.5023486822309,1.0358439677828093,435
225000,450.0000000014206,-44425.37191141586,302.34142446607166,1.0367924849018282,435
230000,460.0000000014683,-44233.455456534575,295.9506676337611,1.0322226479237175,436
235000,470.00000000151607,-44564.20965870944,309.80377683104103,1.035944441442359,436
240000,480.0000000015638,-44580.07546421743,298.626810719824,1.037808731525565,436
245000,490.00000000161157,-44404.04585103554,296.34869783445885,1.0291665339336338,436
250000,500.0000000016593,-44004.11699561597,285.7279814396689,1.031989986117403,437
255000,510.00000000170706,-44567.655549553456,303.42686469870034,1.0319924370492572,437
260000,520.0000000015274,-44400.77995122681,293.7971570481245,1.0243441665362443,437
265000,530.0000000012909,-44181.08329843808,298.36919689293137,1.032236694992047,437
270000,540.0000000010544,-44377.31868764397,290.2400735366689,1.0370755258279472,437
275000,550.000000000818,-44406.126745435235,302.19697087534786,1.0369302048198261,437
280000,560.0000000005815,-44171.565058080945,295.83618791694073,1.0295239430756513,437
285000,570.000000000345,-44484.61438856952,302.59110171531444,1.0484289694303195,437
290000,580.0000000001086,-44472.1719708117,300.2755510281816,1.0451628486423559,437
295000,589.9999999998721,-44432.83366011793,297.33724486103966,1.0406519208372162,437
300000,599.9999999996356,-44163.22422546064,305.7187435090711,1.0310821382047786,437
305000,609.9999999993992,-44009.47148699316,298.57407088124756,1.028910455185287,436
310000,619.9999999991627,-44356.146412902424,299.28491646504773,1.0420784482289631,436
315000,629.9999999989262,-44634.48539649433,303.5342743624778,1.036965692958865,435
320000,639.9999999986898,-44626.3756559153,301.03399638413987,1.0502702652375382,435
325000,649.9999999984533,-44076.08950619993,303.7963783623336,1.0351902900592187,435
330000,659.9999999982168,-44230.37008022031,299.7164457192998,1.032032008166549,435
335000,669.9999999979804,-44478.44918329915,298.91825839386917,1.0406300848684271,435
340000,679.9999999977439,-44073.699754764006,300.49588460323514,1.0384624468490509,435
345000,689.9999999975074,-44344.00313885545,302.0950951528102,1.0291541418996974,434
350000,699.999999997271,-44238.30921979676,300.7366405877748,1.0349296480717474,434
355000,709.9999999970345,-44335.680283432885,302.56136416630386,1.0332580783280079,434
360000,719.999999996798,-44479.78913324833,299.65358329781515,1.0423019536623022,435
365000,729.9999999965615,-44507.60292970386,295.55381905752733,1.0407963211375104,435
370000,739.9999999963251,-44284.19234889411,296.0699132359195,1.032290688415658,435
375000,749.9999999960886,-44628.40850925987,298.25355524538804,1.0434907355574525,436
380000,759.9999999958521,-44209.93675942818,301.5620052758775,1.0340284034888414,436
385000,769.9999999956157,-44164.55522411427,302.7824461035179,1.029371656241513,436
390000,779.9999999953792,-44374.38323247561,295.99269407719726,1.0314034205424836,436
395000,789.9999999951427,-44217.96272904947,308.9532829293373,1.0315676285311575,436
400000,799.9999999949063,-44416.68227782895,301.41408558672595,1.031216791177573,436
405000,809.9999999946698,-44416.76058865577,311.1312531413787,1.0525069509472293,435
410000,819.9999999944333,-44740.40418221333,295.06643835361024,1.0448898327431628,435
415000,829.9999999941969,-44232.3825957597,311.10925523260727,1.0313979645799958,435
420000,839.9999999939604,-44502.04058311612,293.54974457910436,1.0307434138946627,435
425000,849.9999999937239,-44464.567259452335,295.5140377005727,1.0531933724270182,435
430000,859.9999999934874,-44411.76330583714,292.7414937519886,1.0410839744812077,435
435000,869.999999993251,-44135.17125462304,295.7196009698263,1.0415024549341214,434
440000,879.9999999930145,-44394.54317515023,296.73729473318565,1.022211051591126,434
445000,889.999999992778,-44632.395928300975,310.7176451914972,1.044045087488395,434
450000,899.9999999925416,-44325.36627270395,297.92951442987766,1.037653586756403,434
455000,909.9999999923051,-44400.85469890112,311.3595429878231,1.0381032876578808,434
460000,919.9999999920686,-44584.71365157748,301.72717668220326,1.0375738282729634,433
465000,929.9999999918322,-44314.61398398271,297.8852035124777,1.027714704706848,433
470000,939.9999999915957,-44067.43558587495,293.89011150595906,1.0148450953939148,432
475000,949.9999999913592,-44218.91929451976,307.4829876087845,1.031330604330744,432
480000,959.9999999911228,-44239.43571657693,306.3240700282362,1.0285770523197124,432
485000,969.9999999908863,-44026.40058085657,305.7795577814848,1.0328025943087298,432
490000,979.9999999906498,-44296.21747283274,298.70836250158095,1.025280358930045,431
495000,989.9999999904134,-44422.72436860908,296.65192236566185,1.0320331067322093,431
500000,999.9999999901769,-44347.49677984664,288.7953209982794,1.0269673593860142,431
505000,1009.9999999899404,-44250.58127884206,302.5586070425545,1.0385313563830967,432
510000,1019.999999989704,-44615.90357280284,298.45368304210723,1.0327608335369094,432
515000,1029.9999999894676,-44440.69362826637,306.34004165224127,1.034282729367448,432
520000,1039.9999999892311,-44389.59884022651,294.6958809217004,1.0327664446434557,432
525000,1049.9999999889947,-44492.671092992416,302.0819791212598,1.0427594276146663,432
530000,1059.9999999887582,-44543.908775266,299.99621500489246,1.0547094734585352,432
535000,1069.9999999885217,-44306.94741483129,291.98456481409244,1.024637482647049,432
540000,1079.9999999882853,-44451.96461571922,299.3924639850126,1.04661114728979,432
545000,1089.9999999880488,-44597.35802719928,301.1971393351359,1.039794223523152,432
550000,1099.9999999878123,-44646.86377066947,307.4313309259667,1.0340484041883005,432
555000,1109.9999999875758,-44299.91750451655,301.8951445997606,1.040720250064483,432
560000,1119.9999999873394,-44384.023699859215,302.7887087131771,1.0282672295821766,432
565000,1129.999999987103,-44069.810523989785,288.71851540811963,1.0212859162005739,432
570000,1139.9999999868664,-44164.612422828126,297.7992600264629,1.0167338609115568,432
575000,1149.99999998663,-44546.99591714854,299.0377403209204,1.0438218963621315,432
580000,1159.9999999863935,-44242.07623700923,301.9140505911846,1.0249799808265643,433
585000,1169.999999986157,-44421.135014620726,303.8787966686974,1.0276550094380161,433
590000,1179.9999999859206,-44299.493733453506,300.2128067691433,1.0219647486224215,433
595000,1189.999999985684,-43864.915467282204,301.1532222925573,1.0144565354552695,433
600000,1199.9999999854476,-43974.07153575626,301.0653094324358,1.0275087862322014,433
605000,1209.9999999852112,-44568.6968943245,306.0347295844852,1.0451187665707298,433
610000,1219.9999999849747,-44202.96656292386,305.63321359161864,1.0359866376828604,433
615000,1229.9999999847382,-44456.83458470009,307.0063990749719,1.0254667842146625,433
620000,1239.9999999845018,-44323.28564210984,290.5232892269481,1.0438208772348134,432
625000,1249.9999999842653,-44083.54517230735,301.16214355726044,1.0265174294940032,432
630000,1259.9999999840288,-44684.84085679293,300.8627986930476,1.0321381459543353,432
635000,1269.9999999837923,-44474.10590589148,292.85620979370174,1.0252875119051088,433
640000,1279.9999999835559,-44161.82198239415,306.0840820995982,1.0394458181960593,433
645000,1289.9999999833194,-44317.057921425614,299.9225998007854,1.0500671854377501,433
650000,1299.999999983083,-44380.476914243394,302.9040746483454,1.0399174332074383,433
655000,1309.9999999828465,-44459.148174454574,301.14046074834613,1.032331422487466,433
660000,1319.99999998261,-44311.96270061954,295.472464213181,1.0512623576673643,432
665000,1329.9999999823735,-44699.38653579107,296.86502833774387,1.0331834310857773,432
670000,1339.999999982137,-44208.70077148007,294.0645389705862,1.0301304420915665,432
675000,1349.9999999819006,-44365.72229823939,305.3302647727906,1.0484564239663983,432
680000,1359.9999999816641,-44106.704947047605,293.48692154510184,1.0186616723315631,432
685000,1369.9999999814277,-44650.00630678315,302.50724576585276,1.0446081618646696,432
690000,1379.9999999811912,-44786.26375747641,301.1641720125903,1.0614911930108237,432
695000,1389.9999999809547,-44264.56560007902,299.9135997611179,1.0375303020662796,432
700000,1399.9999999807183,-44640.65193938691,315.1462555201157,1.0438809417648336,432
705000,1409.9999999804818,-44155.91830169677,299.7462817370158,1.023085044096315,432
710000,1419.9999999802453,-44460.968274055514,298.24030135765025,1.0391181633044309,432
715000,1429.9999999800089,-44140.88234102601,299.6908044684311,1.0311575518579512,432
720000,1439.9999999797724,-44557.7532462003,299.8891204409721,1.0309236159500659,432
725000,1449.999999979536,-44207.55837893541,294.6660252102434,1.030448984622655,432
730000,1459.9999999792994,-44338.4309405447,301.3137459759914,1.0353491607328287,432
735000,1469.999999979063,-44490.94896781101,288.4930417666477,1.033906054264128,432
740000,1479.9999999788265,-44155.92265510312,291.20498807396973,1.039206034199117,432
745000,1489.99999997859,-44056.86161518103,296.3387721889613,1.0277629987572026,432
750000,1499.9999999783536,-44124.34434302067,298.48954534458954,1.0410156212004564,432
755000,1509.999999978117,-44543.45760718951,298.94817318654935,1.0566541327561085,432
760000,1519.9999999778806,-44339.53396122949,291.37478750944626,1.0458568040249752,432
765000,1529.9999999776442,-44519.52108040138,301.3877550549198,1.0278953480992898,432
770000,1539.9999999774077,-44273.01123017428,306.95306842416346,1.0299873225570055,432
775000,1549.9999999771712,-44536.4341973956,306.18042388089617,1.0353903792056098,432
780000,1559.9999999769348,-44021.69009143338,298.60524607335606,1.0252990785988394,432
785000,1569.9999999766983,-44699.58656203005,295.1954323575967,1.0566470197937081,432
790000,1579.9999999764618,-44081.9956343332,296.1641674806645,1.0446853991251202,432
795000,1589.9999999762254,-44155.48404631013,298.70009113033296,1.042895677636938,432
800000,1599.9999999759889,-44607.42907857144,304.8194091295221,1.0446915658008091,432
805000,1609.9999999757524,-44275.89972443617,306.7606014927193,1.0532238620080063,432
810000,1619.999999975516,-44508.602939799835,294.1303160657488,1.0373400237557309,432
815000,1629.9999999752795,-44495.874996550294,307.8671928032535,1.0581461863794726,432
820000,1639.999999975043,-44482.82286608618,298.7236448446486,1.0337186792926218,432
825000,1649.9999999748065,-44439.333234064135,293.88538500810307,1.0345024752254361,432
830000,1659.99999997457,-44188.910653904546,291.07753018178647,1.0398975953849585,432
835000,1669.9999999743336,-44550.39524305434,298.30739793346424,1.0424271611700973,432
840000,1679.9999999740971,-44454.26001876054,302.83164106870237,1.0468817805979256,432
845000,1689.9999999738607,-44248.9618138035,293.42484687325975,1.0382283353748976,432
850000,1699.9999999736242,-44620.994584173925,306.06318704032645,1.046553983816256,432
855000,1709.9999999733877,-44241.038380225684,294.6583446512274,1.0176396052265084,432
860000,1719.9999999731513,-44360.99983493533,299.6576402084749,1.035342488758396,432
865000,1729.9999999729148,-44263.94027882084,299.9350462451395,1.032619521554392,432
870000,1739.9999999726783,-44774.595392971736,297.45586026348406,1.0348650301586098,432
875000,1749.9999999724419,-44424.24146621386,303.39409431356546,1.0379534885598727,432
880000,1759.9999999722054,-44129.007129072765,298.3963348681212,1.0295834379248474,432
885000,1769.999999971969,-44103.97589479029,304.66579794920233,1.0246462195458237,432
890000,1779.9999999717324,-44537.349844595476,306.3040808810536,1.0420773304045097,432
895000,1789.999999971496,-44202.768843207625,305.86412270562494,1.0312047993013704,432
900000,1799.9999999712595,-44520.90668215678,299.72412627831585,1.0311535923851403,432
905000,1809.999999971023,-44102.24860033582,302.49336167840073,1.0178212249336256,432
910000,1819.9999999707866,-44505.62058065648,297.2115790992935,1.0386851214554098,432
915000,1829.99999997055,-43885.73465418129,303.4345255639753,1.0215280620099212,432
920000,1839.9999999703136,-44521.782099914475,301.1865047149599,1.0465699352085984,432
925000,1849.9999999700772,-44494.657616417826,297.757903170223,1.0405517555713042,432
930000,1859.9999999698407,-44512.63704863901,300.5718630562702,1.036627933365546,432
935000,1869.9999999696042,-44431.26800151594,297.6963996168719,1.0340745612440634,432
940000,1879.9999999693678,-44462.242869570386,287.5030177094868,1.0144443175995008,432
945000,1889.9999999691313,-44400.94065802722,307.2387458320761,1.046213240052068,432
950000,1899.9999999688948,-44603.817725609464,296.7237060518497,1.0454159764871118,432
955000,1909.9999999686584,-43989.41365512117,308.3841928937348,1.0387506826049477,432
960000,1919.999999968422,-44288.94270955332,300.81114201022984,1.0351722881400276,432
965000,1929.9999999681854,-44552.735844487004,303.04098553624067,1.0345118883508209,432
970000,1939.999999967949,-44329.60293604387,309.1647543209109,1.0360191470444418,432
975000,1949.9999999677125,-44282.315081573994,293.6960493814884,1.02414929005247,432
980000,1959.999999967476,-44495.023969423346,287.1511299441082,1.0359155341702406,432
985000,1969.9999999672395,-44256.20664866181,298.4862958773136,1.0329931768679752,432
990000,1979.999999967003,-44411.829190228484,300.87203505760783,1.041310666634637,432
995000,1989.9999999667666,-44267.774295971554,297.6704629598871,1.0370807581997887,432
1000000,1999.9999999665301,-44314.50264750866,303.5555042153476,1.0443808684537583,432
1005000,2009.9999999662937,-44594.18966944204,290.271425972447,1.0398090402128903,432
1010000,2019.9999999660572,-44426.60381345567,299.3773982730967,1.0250511175235288,432
1015000,2029.9999999658207,-44329.38322715281,300.47853441735543,1.0303560176256916,432
1020000,2039.9999999655843,-44463.024467118,300.56386739739713,1.0472420880680258,432
1025000,2049.999999965348,-44122.799177124514,298.98850596825383,1.0338657929242108,432
1030000,2059.9999999651113,-44221.05003945879,311.97485423370904,1.025477890246536,432
1035000,2069.999999964875,-44390.413428833446,293.89905246440327,1.0324476801416202,432
1040000,2079.9999999646384,-44358.90242043245,310.5160009767159,1.0372120236675162,432
1045000,2089.999999964402,-44199.166193009296,293.9593743932904,1.0249627907211527,433
1050000,2099.9999999641655,-44042.487009915494,293.6473073723485,1.03309345880267,433
1055000,2109.999999963929,-44246.85343048829,297.3541027033927,1.0400150604851544,433
1060000,2119.9999999636925,-44593.63296915949,300.8253608912799,1.034235965927182,433
1065000,2129.999999963456,-44340.923497610056,296.0938805187977,1.0351135427753901,433
1070000,2139.9999999632196,-44641.36605558495,297.82155334135035,1.0399664781032114,433
1075000,2149.999999962983,-44369.50695228021,290.30476747607275,1.0273548817012719,433
1080000,2159.9999999627466,-44489.40053785412,297.5306767857961,1.0205917772189816,433
1085000,2169.99999996251,-44086.71288425545,303.1025875582971,1.0328329106234517,433
1090000,2179.9999999622737,-44154.22595455003,303.9192870003304,1.0393212657127877,434
1095000,2189.9999999620372,-44198.55990420937,303.6464892990754,1.0404300998312637,434
1100000,2199.9999999618008,-44656.31328081284,295.0836900707846,1.0400849594355532,434
1105000,2209.9999999615643,-44414.077100231865,303.4277115295662,1.0332268543805425,434
1110000,2219.999999961328,-44914.55530823796,303.7507479642822,1.0385179272816925,434
1115000,2229.9999999610914,-43976.67404454047,304.73192953170405,1.0320697881245937,434
1120000,2239.999999960855,-44387.758461345366,297.5663224571268,1.0456847735921764,434
1125000,2249.9999999606184,-44552.67774231912,292.36382687955376,1.0457861990234727,434
1130000,2259.999999960382,-44522.90852917236,299.38415322628254,1.0447146922292478,434
1135000,2269.9999999601455,-44641.42691980998,307.21418773696604,1.0276751369022532,434
1140000,2279.999999959909,-44435.344949812104,307.2523739008942,1.0414370600285596,434
1145000,2289.9999999596726,-43934.31113675909,310.025410193005,1.029977996049573,434
1150000,2299.999999959436,-44346.61681333673,302.7029030833497,1.0291943348504538,434
1155000,2309.9999999591996,-44425.431729803124,295.83941769047567,1.039741873353832,434
1160000,2319.999999958963,-44330.48238664595,293.1719989317053,1.0401108799660639,434
1165000,2329.9999999587267,-44658.02582251688,293.1897429924063,1.0361819597132156,434
1170000,2339.99999995849,-44318.82231129709,306.70240648786734,1.0217131859713053,434
1175000,2349.9999999582537,-44388.03246187043,303.3556915184855,1.0387942775377457,434
1180000,2359.9999999580173,-44426.249734163284,303.0542591177196,1.047050497311781,434
1185000,2369.999999957781,-44355.3218462668,306.9232521001886,1.0442321066578528,434
1190000,2379.9999999575443,-44146.279036382504,299.6705986900967,1.0224867762839016,434
1195000,2389.999999957308,-44334.58537598213,300.1493141479445,1.040772435058105,434
1200000,2399.9999999570714,-44558.461072038685,300.02238798677007,1.0368008293003752,434
1205000,2409.999999956835,-44438.557415087125,293.7008349605676,1.0504393405756316,434
1210000,2419.9999999565985,-44268.58722032068,296.79570636918936,1.032203313407294,434
1215000,2429.999999956362,-44370.163718580676,299.43273768549386,1.0321615571198988,434
1220000,2439.9999999561255,-44212.87844597595,300.15378462716666,1.0258902279902866,434
1225000,2449.999999955889,-44146.76339634636,297.0646047097132,1.0178155738587895,434
1230000,2459.9999999556526,-44407.544248130434,307.04635767559614,1.0432114237853507,434
1235000,2469.999999955416,-44008.11616813968,291.94549243181626,1.03401356694453,434
1240000,2479.9999999551796,-44368.26828115343,291.48729785215994,1.0256047238234236,434
1245000,2489.999999954943,-44380.0702224618,300.64102747489625,1.0167812996394392,434
1250000,2499.9999999547067,-44531.35338085503,309.10106476230135,1.0435348357983358,434
1255000,2509.9999999544702,-43988.63733000669,301.3142974007413,1.0274990256693146,434
1260000,2519.9999999542338,-44231.0474438011,297.4752782921757,1.0336977058853944,434
1265000,2529.9999999539973,-44350.47928428382,293.8557853152799,1.0426151380466244,434
1270000,2539.999999953761,-44176.28461483534,301.21811316937186,1.0298878877562103,433
1275000,2549.9999999535244,-44091.95645891066,311.73809607860596,1.0367399644976065,433
1280000,2559.999999953288,-44097.22629540987,297.8427831942202,1.033337556449075,433
1285000,2569.9999999530514,-44472.111228976486,293.59606425809307,1.042065258868509,433
1290000,2579.999999952815,-44025.34049636338,298.14535783196794,1.0277598072394498,433
1295000,2589.9999999525785,-44275.36780762818,295.9487573408776,1.0478475781054941,433
1300000,2599.999999952342,-44174.48924801248,305.3211662644178,1.034872208265912,433
1305000,2609.9999999521056,-44216.861912933586,296.30931035232555,1.0388024849739053,433
1310000,2619.999999951869,-44438.08993041259,297.9958429497901,1.0444956603446292,433
1315000,2629.9999999516326,-44126.33408841476,305.030998683542,1.043157108047363,433
1320000,2639.999999951396,-44239.40015681382,310.148949030716,1.0419237862817745,433
1325000,2649.9999999511597,-44284.729265972856,297.04849522952065,1.0262813271113542,433
1330000,2659.999999950923,-44567.34112299752,304.96140100261255,1.0376159864330075,433
1335000,2669.9999999506867,-44405.26172110278,292.44181409417763,1.0460848218820076,433
1340000,2679.9999999504503,-44416.82388354617,289.76527713329335,1.039991325366994,433
1345000,2689.999999950214,-44089.82083220396,291.7961941807901,1.041773251980267,433
1350000,2699.9999999499773,-44140.469717259344,303.42241391321926,1.0367828677572595,433
1355000,2709.999999949741,-44419.68371773249,312.4356877746683,1.0339961948202694,433
1360000,2719.9999999495044,-44331.110117288044,299.1533228872405,1.043108707954061,433
1365000,2729.999999949268,-44402.613671587955,302.6192046838165,1.021387872998284,433
1370000,2739.9999999490315,-44001.847833466716,305.5329133683663,1.0279763376992566,433
1375000,2749.999999948795,-44253.567938448075,295.1925373776599,1.036915277950461,433
1380000,2759.9999999485585,-44382.48442461758,299.45294346382826,1.038463656418525,433
1385000,2769.999999948322,-44076.24023747648,298.6021935434907,1.028227545266307,433
1390000,2779.9999999480856,-44086.628279088414,291.9836195145213,1.037832120580412,433
1395000,2789.999999947849,-44467.980274397734,298.7841637109464,1.0458358422210827,433
1400000,2799.9999999476127,-44419.837548818614,303.00187376648233,1.0398478567177545,433
1405000,2809.999999947376,-44161.3846974913,300.47040090229495,1.0254112095847752,433
1410000,2819.9999999471397,-44418.648790500185,302.83051852546157,1.0369781228125141,433
1415000,2829.9999999469032,-44325.00757741163,301.2885970686494,1.039551756553548,433
1420000,2839.999999946667,-44607.76082136831,293.92975500672617,1.032571590190866,433
1425000,2849.9999999464303,-43833.67684581681,298.67251989283966,1.0206151920247033,433
1430000,2859.999999946194,-44311.9457930027,306.50468132755833,1.040319867617325,433
1435000,2869.9999999459574,-44542.849394740944,293.9637070163251,1.0528202296557148,433
1440000,2879.999999945721,-44057.22241548731,295.85974163125644,1.0312373809907136,433
1445000,2889.9999999454844,-44109.491640633845,289.75298823886783,1.0305559044981103,433
1450000,2899.999999945248,-44149.3036145221,302.21983530872626,1.0133661441688482,433
1455000,2909.9999999450115,-44312.84911903672,297.3140062465811,1.0279151410933154,433
1460000,2919.999999944775,-44677.5648372499,300.0999616328315,1.030798066601547,433
1465000,2929.9999999445386,-43975.772154826525,297.3419319714135,1.018713775151915,433
1470000,2939.999999944302,-44172.59624271456,306.3998712376017,1.0232961880574323,433
1475000,2949.9999999440656,-44089.87553783608,306.6896843311383,1.03570370979027,433
1480000,2959.999999943829,-44138.142180795374,301.97423466388426,1.0084343833582703,433
1485000,2969.9999999435927,-44223.527867058176,295.0185234815951,1.0281526832990773,433
1490000,2979.999999943356,-44538.33676958305,304.0363072097484,1.021170239355938,433
1495000,2989.9999999431197,-44086.620279222145,301.8479190086829,1.038798493448553,433
1500000,2999.9999999428833,-44232.44285191331,294.55971839596566,1.0279696331764407,433
1505000,3009.999999942647,-44294.06880824131,309.86218846704475,1.0317939610773956,433
1510000,3019.9999999424103,-44400.09317200305,300.5874408054539,1.0282033829553612,433
1515000,3029.999999942174,-44251.14878974485,304.2098484560276,1.0343041444694365,433
1520000,3039.9999999419374,-44257.74361265742,294.883148705503,1.0308643627105682,433
1525000,3049.999999941701,-44371.293308777036,302.63395529587547,1.0386428040370181,433
1530000,3059.9999999414645,-43902.44726442319,299.681902897469,1.0211118288575707,433
1535000,3069.999999941228,-44392.240901611134,300.43778806708855,1.0320467981981518,433
1540000,3079.9999999409915,-44330.403938308446,295.9225055840358,1.051337298063039,433
1545000,3089.999999940755,-44806.19088589202,305.2868203799976,1.0343806497538583,433
1550000,3099.9999999405186,-44465.09624924371,302.66058123379753,1.0401572491052709,433
1555000,3109.999999940282,-44133.40691392086,301.91243570441713,1.0185589789981095,433
1560000,3119.9999999400457,-44166.668373782304,288.8093232481778,1.0311801657672284,433
1565000,3129.999999939809,-44712.88286390237,301.80398227236316,1.041463296984527,433
1570000,3139.9999999395727,-44245.72043812025,303.43352118318086,1.023910688350752,433
1575000,3149.9999999393362,-44436.51379883269,291.75934719125445,1.0327107601356684,433
1580000,3159.9999999391,-44773.126554603194,302.0055477121802,1.0470692748755268,433
1585000,3169.9999999388633,-44126.841513908206,305.6557235376578,1.0309645547164994,433
1590000,3179.999999938627,-44522.60874893371,307.54935551617905,1.0419251586157183,433
1595000,3189.9999999383904,-44472.90392288493,298.77587264595735,1.0417918139785876,433
1600000,3199.999999938154,-43977.915844819596,299.770583813492,1.0381770506863748,433
1605000,3209.9999999379174,-44252.02839382953,296.6986162257308,1.0322888160098296,433
1610000,3219.999999937681,-44515.123519113666,302.30644838193734,1.0257170177767259,433
1615000,3229.9999999374445,-44460.02943024636,305.66277389695966,1.0344549066990172,433
1620000,3239.999999937208,-44275.589572635945,292.0435672623281,1.03768713404589,433
1625000,3249.9999999369716,-44477.12063786914,289.89702826102916,1.0433596820337916,433
1630000,3259.999999936735,-44421.151684006705,301.1690560603749,1.0398414923886252,433
1635000,3269.9999999364986,-44182.57517934803,293.8406605221407,1.0221482927904972,433
1640000,3279.999999936262,-44332.99922225624,307.56518928399663,1.0331305442563605,433
1645000,3289.9999999360257,-44294.87374708612,301.6755790806087,1.034107055068512,433
1650000,3299.999999935789,-44242.7591748969,300.5701497007974,1.0210153068659231,433
1655000,3309.9999999355528,-44277.889652982005,291.432628026959,1.029111275319388,433
1660000,3319.9999999353163,-44401.70785076232,296.44671358374745,1.0441523758387303,433
1665000,3329.99999993508,-44290.88827287831,291.06644260556595,1.040035798032702,433
1670000,3339.9999999348433,-44303.904804904974,293.673165254369,1.045760516190916,433
1675000,3349.999999934607,-44497.689379029995,317.15952697561676,1.037738590416159,433
1680000,3359.9999999343704,-44310.7873157298,288.61795916623333,1.0378223400125532,433
1685000,3369.999999934134,-44737.18672924937,299.9967664296423,1.0439738143281947,433
1690000,3379.9999999338975,-44376.959670472395,290.7844282334918,1.0482420518810622,433
1695000,3389.999999933661,-44566.28889296512,297.9444619793472,1.0393718083623198,433
1700000,3399.9999999334245,-44099.45665698568,300.6988089111857,1.0330044706308832,433
1705000,3409.999999933188,-44025.77410671883,297.3644813049348,1.0380596499539203,433
1710000,3419.9999999329516,-44071.23078000048,303.1067626314032,1.030318937527438,433
1715000,3429.999999932715,-44648.49562212406,303.6654346779815,1.043802666406156,433
1720000,3439.9999999324787,-44284.868022627576,296.8586475656383,1.033506291640579,433
1725000,3449.999999932242,-44635.55763651509,302.9566175495112,1.0500924914302066,433
1730000,3459.9999999320057,-44492.52645005376,310.5373686857732,1.0454969943160186,433
1735000,3469.9999999317693,-43977.28306022493,299.3350370360623,1.0257045410990597,433
1740000,3479.999999931533,-44133.53760757102,296.8912013196214,1.0328365915927953,433
1745000,3489.9999999312963,-44241.34608583659,290.50294559242633,1.047694009911153,433
1750000,3499.99999993106,-43892.33293929181,302.51000288960205,1.0416906899086782,433
1755000,3509.9999999308234,-44272.278800170985,307.30259294061415,1.0440797380459539,433
1760000,3519.999999930587,-44488.62300771216,295.61291997446824,1.0181012827267921,433
1765000,3529.9999999303504,-44167.4999979132,293.51953438030813,1.038753725463996,433
1770000,3539.999999930114,-44007.59753446479,302.91786026709207,1.0464834622937536,433
1775000,3549.9999999298775,-44302.03994244625,298.49106176265167,1.034033257383917,433
1780000,3559.999999929641,-44242.73603843569,297.53796346999076,1.0437412201583482,433
1785000,3569.9999999294046,-44457.53587972,299.12234463254265,1.0429444740243325,433
1790000,3579.999999929168,-44317.85459553212,301.5771103752756,1.0321122930825561,433
1795000,3589.9999999289316,-44380.11066214452,305.2783914588211,1.0336581016952107,433
1800000,3599.999999928695,-44607.39856052614,298.3582274791572,1.0305691004819086,433
1805000,3609.9999999284587,-44069.87775526781,313.15596666043945,1.0331044781384533,433
1810000,3619.999999928222,-44668.554491286865,301.2409382152681,1.04519929747761,433
1815000,3629.9999999279858,-44402.26306441598,296.5217270434703,1.0142096200916932,433
1820000,3639.9999999277493,-44567.32330623281,307.2648991202126,1.0176074154153756,433
1825000,3649.999999927513,-44137.161190766434,294.01022363272443,1.0193823707868301,433
1830000,3659.9999999272763,-44164.93967373078,299.58544295372457,1.0369809227739701,433
1835000,3669.99999992704,-44079.800144835724,302.9950203445911,1.0370437011875173,432
1840000,3679.9999999268034,-44592.624486569606,297.94172454933897,1.0383251039690249,432
1845000,3689.999999926567,-44342.079383837496,300.3766586948177,1.0195752595346024,432
1850000,3699.9999999263305,-44219.20205376038,307.1388591773861,1.0259679445797394,432
1855000,3709.999999926094,-44213.27008386297,300.2640104959166,1.0289953649421082,433
1860000,3719.9999999258575,-44306.27670446641,298.86492774306066,1.0322419506282154,432
1865000,3729.999999925621,-44802.550301373325,299.9457202527976,1.0368991591341012,433
1870000,3739.9999999253846,-43977.98839560163,300.9309390371382,1.034841985871243,433
1875000,3749.999999925148,-44527.41548668503,295.54306627490496,1.0361861630930553,433
1880000,3759.9999999249117,-43855.58246616949,301.5097183933455,1.009120847220388,433
1885000,3769.999999924675,-44685.31322992509,304.0959201639571,1.0536009443230105,433
1890000,3779.9999999244387,-44113.51009691603,293.2928791143722,1.0346534796125426,433
1895000,3789.9999999242023,-44579.18331880064,306.5690995545873,1.0281850678741995,433
1900000,3799.999999923966,-44241.76581929237,299.48370508737435,1.0359877678706602,433
1905000,3809.9999999237293,-44327.75467799997,297.996709474397,1.0312534617500158,433
1910000,3819.999999923493,-44105.69095727327,300.3591706527506,1.039860045529266,433
1915000,3829.9999999232564,-44443.172805084585,293.2833079562139,1.046178055391586,433
1920000,3839.99999992302,-44375.83048488837,300.2383692450478,1.0332914694463964,433
1925000,3849.9999999227834,-44645.99817369215,298.35147252597136,1.0299184799674954,433
1930000,3859.999999922547,-44506.02440299437,307.20506953485216,1.0226897284582515,433
1935000,3869.9999999223105,-44183.625052978925,291.85236073031217,1.04590239969544,433
1940000,3879.999999922074,-44208.97402995537,315.824035312665,1.0392896729743484,433
1945000,3889.9999999218376,-44619.92824073334,299.10304476629733,1.0435507598397245,433
1950000,3899.999999921601,-44360.86641703392,302.16936025037245,1.0466377378205054,433
1955000,3909.9999999213646,-44095.81974215334,300.41624311436163,1.040375016396215,433
1960000,3919.999999921128,-44285.17613963617,298.69520708254845,1.0408428243292445,433
1965000,3929.9999999208917,-44262.29758338115,310.98776454396716,1.033745954122148,433
1970000,3939.9999999206552,-43914.25038590576,303.24875450449366,1.0295493103002762,433
1975000,3949.9999999204188,-44589.86330027101,306.4013876556638,1.0466604490372218,433
1980000,3959.9999999201823,-44275.94103761256,297.11433140590646,1.0281236918934917,433
1985000,3969.999999919946,-44347.53299967782,303.4361010632606,1.032807335495053,433
1990000,3979.9999999197094,-44209.099890542944,301.03738370760334,1.0432849859305942,433
1995000,3989.999999919473,-44810.92676115618,309.07932287216386,1.0546282072029356,433
2000000,3999.9999999192364,-44579.624713240686,300.45513825296825,1.0357310886465625,433
2005000,4009.999999919,-44309.23671294481,296.4265471928952,1.04142907716435,433
2010000,4019.9999999187635,-44283.39281873268,303.63569712897095,1.026859317460263,433
2015000,4029.999999918527,-44071.68762012996,309.46266154202584,1.021419927959257,433
2020000,4039.9999999182905,-44290.52974081447,304.3469168938514,1.0392974049398032,433
2025000,4049.999999918054,-44322.873472646694,311.6285201033112,1.03911366928605,433
2030000,4059.9999999178176,-44407.67564114786,300.276850815092,1.038639468264584,433
2035000,4069.999999917581,-44806.290633439,305.5776969355518,1.0541605942712684,433
2040000,4079.9999999173447,-44190.91469368868,297.9689019120109,1.026342706905898,433
2045000,4089.999999917108,-44117.7741252798,307.0382241605356,1.0340415774464669,433
2050000,4099.999999917781,-44552.182735379436,309.0505306227244,1.0541349222518954,433
2055000,4109.999999919818,-44484.17270422311,302.64171462985576,1.0440849815659896,433
2060000,4119.999999921855,-44399.12919885936,306.41430674980353,1.0156418429499832,433
2065000,4129.999999923893,-44407.53743421132,297.94361514848134,1.0343136121397105,433
2070000,4139.99999992593,-44308.36337314703,303.69570395800093,1.0277551000189693,433
2075000,4149.999999927967,-44724.26631761933,299.18951998332096,1.0537140394908968,433
2080000,4159.999999930004,-44170.07867837968,305.4694995221317,1.0309648405987049,433
2085000,4169.999999932042,-44620.994255141966,293.8526540104503,1.0477105083433182,433
2090000,4179.999999934079,-44684.25171890936,305.0328892826844,1.041607579516456,433
2095000,4189.999999936116,-44202.63013375393,305.09586986661554,1.0333344018819484,433
2100000,4199.999999938153,-44380.715541511454,301.5493225066305,1.0341369755769305,433
2105000,4209.999999940191,-44568.3772650919,301.5496376064876,1.0506494453273811,433
2110000,4219.999999942228,-44448.94555348472,300.2318703104958,1.0540614447650007,433
2115000,4229.999999944265,-44586.48284059338,298.2622204914574,1.0535846355651253,433
2120000,4239.9999999463025,-44158.82235848933,306.81525162417915,1.0288972304268118,433
2125000,4249.99999994834,-44359.749725280824,305.433814463319,1.0380674622808144,433
2130000,4259.999999950377,-44018.06155036282,304.0333137611063,1.0377075041082702,433
2135000,4269.999999952414,-44094.72046324806,302.7666320294414,1.029610524897186,433
2140000,4279.999999954452,-44402.2443402264,303.2655729593646,1.0273063786974148,433
2145000,4289.999999956489,-44214.72864475037,312.7318816403105,1.0490447167602728,433
2150000,4299.999999958526,-44282.298300465336,299.2241809675982,1.0526718036250922,433
2155000,4309.999999960563,-44332.458565596666,282.6905960612207,1.030338379194883,433
2160000,4319.999999962601,-44156.60426372901,293.29585286927335,1.0266808668840692,433
2165000,4329.999999964638,-44437.26441747174,301.77739572192326,1.0255865534709945,433
2170000,4339.999999966675,-44253.84549833406,302.88046185280655,1.038373958319335,433
2175000,4349.9999999687125,-44177.901350509695,303.82810497919195,1.0281999910953636,433
2180000,4359.99999997075,-44008.55392621306,305.4709568589706,1.020329245445536,433
2185000,4369.999999972787,-44375.828668962786,301.4640289140709,1.0416687948634928,433
2190000,4379.999999974824,-44102.809544857126,300.4677225535098,1.0339493984967303,433
2195000,4389.999999976862,-44242.342725653725,296.73028376136597,1.0340614795255747,433
2200000,4399.999999978899,-44314.46931919307,305.24420312432943,1.0386431055100256,433
2205000,4409.999999980936,-44122.48773234215,300.48070072887276,1.0316323785514054,432
2210000,4419.999999982973,-44252.35766663257,300.37833266280836,1.0260948574886368,433
2215000,4429.999999985011,-44644.823606408114,305.6167890115691,1.0393543274669013,432
2220000,4439.999999987048,-44267.675958081236,294.8214482147413,1.0382465019121225,432
2225000,4449.999999989085,-44464.2925020073,299.430984942539,1.0388291231098223,432
2230000,4459.999999991122,-44412.159647731896,300.40726276843526,1.0326838548569635,432
2235000,4469.99999999316,-44484.43335291851,292.2219137814276,1.0398680831325748,432
2240000,4479.999999995197,-44771.570600485575,303.9832128838328,1.0414136723181413,432
2245000,4489.999999997234,-44749.337136471004,298.8510239618676,1.0564225366501714,432
2250000,4499.9999999992715,-44497.86463089718,306.7979999070048,1.0350902577334509,432
2255000,4510.000000001309,-44152.11780650358,304.88743131116627,1.03963315012154,432
2260000,4520.000000003346,-44105.87613501123,294.2651788045731,1.0309271149161672,432
2265000,4530.000000005383,-44423.535910058476,305.5025259259005,1.0380662173857744,432
2270000,4540.000000007421,-44155.45911196334,297.2317257964046,1.0294883252322429,432
2275000,4550.000000009458,-44225.035860000615,305.3642167823895,1.0342077478702663,432
2280000,4560.000000011495,-44225.07507547838,293.3133999925637,1.0348808195989643,432
2285000,4570.000000013532,-44096.454915892595,300.0611255754481,1.0334460992306194,432
2290000,4580.00000001557,-44598.52756850782,299.08354796264143,1.0402517308894497,432
2295000,4590.000000017607,-44472.26284004902,296.55244927953424,1.0358805472423862,432
2300000,4600.000000019644,-44640.120219151315,298.0158911781959,1.0180352097226926,432
2305000,4610.000000021681,-44427.07641749625,296.2779185290654,1.0354197518549162,432
2310000,4620.000000023719,-44191.81938472332,302.251384681915,1.04296591322565,432
2315000,4630.000000025756,-44490.60497301363,294.65318489106795,1.031618761464348,432
2320000,4640.000000027793,-44381.59860361475,304.79199544195734,1.0346679113792792,432
2325000,4650.0000000298305,-44759.324878554966,297.5638410457523,1.0516172491929203,432
2330000,4660.000000031868,-44262.364590658864,305.2540893823449,1.0278287154057055,432
2335000,4670.000000033905,-44354.9215649878,300.80137391466076,1.0358691591885443,432
2340000,4680.000000035942,-44035.060709827376,300.0090356303268,1.0237364228792407,432
2345000,4690.00000003798,-44053.17660921565,304.99950839157646,1.0328340868445474,432
2350000,4700.000000040017,-44667.14990533955,305.04238166587857,1.0456065793845388,432
2355000,4710.000000042054,-44351.27713859794,297.8644463093935,1.0334622423448432,432
2360000,4720.000000044091,-44527.3398977686,302.4423942765203,1.0320798299450669,432
2365000,4730.000000046129,-44145.123793191015,296.32443514546475,1.025131117102219,432
2370000,4740.000000048166,-44479.344406568795,308.40504856552434,1.0364148728080504,432
2375000,4750.000000050203,-44074.753560022364,306.8208840341242,1.0309441011164946,432
2380000,4760.0000000522405,-44202.420075407455,295.63730082590877,1.03579146800207,432
2385000,4770.000000054278,-44456.69861255484,306.21638465208383,1.032383674020514,432
2390000,4780.000000056315,-44466.31553900053,300.6280099120512,1.0399851837067322,432
2395000,4790.000000058352,-44363.67190717079,301.9674009357341,1.0473575520464466,432
2400000,4800.0000000603895,-43863.4039716736,307.60211504849656,1.0201738496877026,432
2405000,4810.000000062427,-44318.986004016304,307.7578728465926,1.038219132787111,432
2410000,4820.000000064464,-43898.751875891554,299.5541495991697,1.0304320315843025,432
2415000,4830.000000066501,-44187.694205302745,293.40190366491714,1.0431365994007822,432
2420000,4840.000000068539,-44537.455107932765,302.31767381434526,1.042725759355203,432
2425000,4850.000000070576,-44535.586204360676,294.95778798414557,1.0489333156509852,432
2430000,4860.000000072613,-44166.24161166069,306.46322600261306,1.0350849547445096,432
2435000,4870.00000007465,-44270.02055213714,307.56936435710276,1.0336845871689675,432
2440000,4880.000000076688,-44302.078176562936,297.8682275076783,1.0375477599045047,432
2445000,4890.000000078725,-43937.95789136682,307.49051061787196,1.0072951765434057,432
2450000,4900.000000080762,-44353.825326759106,309.06675826536326,1.0429032287049802,432
2455000,4910.0000000827995,-44441.30021541653,302.75337814170354,1.0439362620626926,432
2460000,4920.000000084837,-44437.71424130324,296.2641919915419,1.0493629512257554,432
2465000,4930.000000086874,-44434.22973321163,301.03958940660283,1.0513002608267945,432
2470000,4940.000000088911,-44350.529651928984,299.9871164965197,1.0412750670034936,432
2475000,4950.000000090949,-43918.69231995169,302.78811790094505,1.034673147239561,432
2480000,4960.000000092986,-44201.476059368404,287.29605618461756,1.037253659269973,432
2485000,4970.000000095023,-43950.8938041263,305.4986462589103,1.0299569673875533,432
2490000,4980.00000009706,-43889.19459229865,302.2273386240726,1.020487812395085,432
2495000,4990.000000099098,-44480.866429903166,291.18464443944794,1.042223837471755,432
2500000,5000.000000101135,-44227.25483053696,311.15681561728314,1.027245987935506,432
