#"Step","Time (ps)","Potential Energy (kJ/mole)","Temperature (K)","Density (g/mL)","Speed (ns/day)"
5000,10.000000000000009,-30508.13227885164,293.57131756837845,1.0207490188808106,0
10000,19.999999999999794,-30402.635633281607,296.6304821600442,1.0177597482344987,434
15000,29.99999999999425,-30371.63876528159,302.45109317562134,1.036845043216352,438
20000,40.00000000000292,-30384.28585101475,303.2916379041967,1.0269818681205518,434
25000,50.00000000001514,-30522.14377742805,292.34004950201177,1.0305347912760436,435
30000,60.00000000002736,-30694.28178634442,299.3663467878685,1.035853136419227,433
35000,70.00000000001826,-30586.664990310208,299.6803247373987,1.028534166470487,430
40000,79.99999999999496,-30296.348862319428,288.37109930817513,1.0274828144718093,430
45000,89.99999999997165,-30610.548902704497,303.03107099263906,1.0322905119926833,429
50000,99.99999999994834,-30426.319920917973,306.7217678536355,1.03518765052486,429
55000,109.99999999992504,-30326.807332148455,299.3492271137873,1.0170123703420244,429
60000,119.99999999990173,-30328.032092287933,295.1311426674541,1.025565918908921,427
65000,129.99999999989262,-30234.89420115974,300.1517411508536,1.0210037086221804,427
70000,139.99999999994037,-30267.982027749444,301.8904043064554,1.0258335585377056,427
75000,149.99999999998812,-30271.142474873806,296.3277218964988,1.037659493780398,428
80000,160.00000000003587,-30196.324397955643,303.70577376430464,1.0283453449244861,428
85000,170.00000000008362,-30401.787631364743,291.66194624713825,1.0191184100782067,430
90000,180.00000000013137,-30382.342460156884,304.1551847519428,1.0156820473662689,429
95000,190.0000000001791,-30051.38705272926,300.2427138481686,1.0222163985730908,429
100000,200.00000000022686,-30758.108897411643,293.20797398331285,1.0492203312410702,429
105000,210.0000000002746,-30716.88776008159,293.8138267415217,1.026684775174187,428
110000,220.00000000032236,-30145.294336770836,305.5076976333777,1.0287189424504484,429
115000,230.0000000003701,-30227.089082069375,302.52680278451464,1.0177086873782426,429
120000,240.00000000041786,-30387.92660497318,294.829926301457,1.0416015261205949,429
125000,250.0000000004656,-30494.84104064046,302.9114482471471,1.0435746926531928,428
130000,260.00000000051335,-30388.804457731632,295.33356913335933,1.0341343200413324,428
135000,270.0000000005611,-30514.75349938721,298.85072409271083,1.0211862380961891,428
140000,280.00000000060885,-30168.389934947947,300.82642437951216,1.0213282809516815,428
145000,290.0000000006566,-30374.28941837419,305.1561971105189,1.0375864063230573,428
150000,300.00000000070435,-30313.98306587196,314.912300692048,1.012192960541797,427
155000,310.0000000007521,-30148.092944955686,303.40416653816874,1.030050687759182,426
160000,320.00000000079984,-30672.950211562216,292.23111678131704,1.0412445654682934,426
165000,330.0000000008476,-30662.13375819364,296.42043392143165,1.0303478878486256,427
170000,340.00000000089534,-30471.0581380816,286.0343224251134,1.0247347790137586,427
175000,350.0000000009431,-30448.410137344443,298.30015850114086,1.029247246204393,427
180000,360.00000000099084,-30330.097577968612,308.55220496983696,1.0276483541178119,427
185000,370.0000000010386,-30353.910663557326,304.8827513573865,1.0328396128252577,426
190000,380.00000000108633,-30576.269208098995,298.02079121690497,1.0291028002943623,426
195000,390.0000000011341,-30547.579167450196,287.50342888596424,1.0287707156250812,427
200000,400.00000000118183,-30539.08678127572,300.9618574176202,1.0329391457662522,427
205000,410.0000000012296,-30476.633054520556,307.91553288968055,1.0335803317350187,427
210000,420.00000000127733,-30514.307101589133,297.33676643092804,1.0410400828905555,427
215000,430.0000000013251,-30296.814710087172,303.3850534773795,1.0382543105781816,427
220000,440.0000000013728,-30409.612751077104,284.66207110666704,1.026730362638008,427
225000,450.0000000014206,-30251.239501389296,306.7184259994484,1.031740777800794,427
230000,460.0000000014683,-30286.453488425148,306.2022561000964,1.0348133054461452,427
235000,470.00000000151607,-30079.43684339695,302.63405480661237,1.0130278864658302,427
240000,480.0000000015638,-30494.128798350226,295.60310628510337,1.0340940193565948,427
245000,490.00000000161157,-30566.182692151488,291.63257310770445,1.019840917554054,427
250000,500.0000000016593,-30371.72733593441,297.48607500396497,1.022173274198965,426
255000,510.00000000170706,-30536.508055742772,305.68479636228614,1.0304429777200053,426
260000,520.0000000015274,-30387.406138114544,306.4061678345292,1.0236104933564156,427
265000,530.0000000012909,-30542.571058599424,298.9672785861129,1.0304472631845039,427
270000,540.0000000010544,-30513.316333351133,299.3854989346717,1.0353315748450649,427
275000,550.000000000818,-30071.80556352157,300.68344774072455,1.0289613142316227,427
280000,560.0000000005815,-30247.207218913914,304.76019716085324,1.0257777030071735,427
285000,570.000000000345,-30201.835484331852,303.01854392518925,1.0274806800813496,427
290000,580.0000000001086,-30425.878301583696,307.0678158775575,1.0280919468850642,427
295000,589.9999999998721,-30329.99004918369,302.824208264158,1.030956127730549,427
300000,599.9999999996356,-30149.939836196398,302.65480947998475,1.0220402975263254,426
305000,609.9999999993992,-30205.99851790539,299.94173199825485,1.019715264294922,427
310000,619.9999999991627,-30462.481011584052,297.3288319701096,1.0181759416071599,427
315000,629.9999999989262,-30044.212077473756,296.0515792084083,1.02152744525287,427
320000,639.9999999986898,-30163.898981364793,304.56732722534264,1.0190331472557688,427
325000,649.9999999984533,-29962.274418727495,293.87261210640327,1.0218084041936466,427
330000,659.9999999982168,-30015.607190982235,301.0872258071531,1.0271770692625188,427
335000,669.9999999979804,-30408.230713300436,304.1838152571129,1.0273246370775933,427
340000,679.9999999977439,-30304.85078315361,299.9879316666657,1.0442055853347312,427
345000,689.9999999975074,-30317.700531297567,298.2714302809361,1.0176561451832933,427
350000,699.999999997271,-30754.355271269684,296.97651064095925,1.0370696631686391,427
355000,709.9999999970345,-30492.743260966294,295.495737004964,1.0264714348818078,426
360000,719.999999996798,-30317.125438216637,297.18194672993354,1.0422688179488333,427
365000,729.9999999965615,-30219.79050442984,295.97571325545954,1.0144027002156943,426
370000,739.9999999963251,-30418.08646008288,298.0987482715966,1.030898424072723,426
375000,749.9999999960886,-30674.891180530773,294.3897786991094,1.0335427991168715,426
380000,759.9999999958521,-30266.61341152509,308.18041880577243,1.0169525839167997,427
385000,769.9999999956157,-30271.947904464527,298.4045181582111,1.02744865777246,427
390000,779.9999999953792,-30422.249208968744,299.36806657247945,1.0291833876559318,427
395000,789.9999999951427,-30131.093047630246,299.7708088595401,1.0189581917799677,427
400000,799.9999999949063,-30311.833711811167,300.6909717983972,1.0275992378332972,427
405000,809.9999999946698,-30096.224616182444,304.08125355668125,1.0300031566959758,427
410000,819.9999999944333,-30636.62598119318,290.37531284210485,1.0343323514403617,427
415000,829.9999999941969,-30639.123648607638,296.0215416067385,1.0374125713234228,427
420000,839.9999999939604,-30288.630473875382,297.93097155699957,1.0351164715268655,427
425000,849.9999999937239,-30366.38742157747,294.79384991064217,1.0287397508447105,427
430000,859.9999999934874,-30455.831152048486,297.04770581524895,1.0201658084557688,427
435000,869.999999993251,-30163.866122271866,297.0155184828155,1.0336476731483286,427
440000,879.9999999930145,-30299.605890990322,304.6552707565816,1.0258933057267936,427
445000,889.999999992778,-30061.12582330528,300.255045485549,1.0237739503487784,427
450000,899.9999999925416,-30437.464595521364,303.3486643984535,1.0177271475716245,427
455000,909.9999999923051,-30640.05902045456,306.02679898377113,1.030232293316843,427
460000,919.9999999920686,-30068.563184265717,304.6964478722084,1.023257569710177,427
465000,929.9999999918322,-30325.420786308183,298.1431499833688,1.0346927915056316,427
470000,939.9999999915957,-30476.601806742226,301.85036068523124,1.026561381312258,427
475000,949.9999999913592,-30476.653220030596,302.4317455987488,1.0272144063655324,427
480000,959.9999999911228,-30363.592384189804,304.99784012526794,1.017684870455618,427
485000,969.9999999908863,-30387.193833881494,307.79700455257733,1.0438339904229303,427
490000,979.9999999906498,-30484.04739808227,289.9103847069547,1.0304076573974492,427
495000,989.9999999904134,-30363.206639025273,295.99388825191556,1.0335366904129817,427
500000,999.9999999901769,-30411.253455828264,304.559119162427,1.0389063258926166,427
505000,1009.9999999899404,-30321.732916690642,305.0023545598715,1.0277950641657863,427
510000,1019.999999989704,-30554.734193010925,298.5173594802942,1.049993151879057,427
515000,1029.9999999894676,-30383.79426172006,301.05396360933787,1.0294363941803941,427
520000,1039.9999999892311,-30510.383794338122,297.35199043333586,1.0324392111168683,427
525000,1049.9999999889947,-30362.730729337665,290.49124195928476,1.0340905919731944,427
530000,1059.9999999887582,-30293.807194464927,296.4561976241355,1.0139827919175497,427
535000,1069.9999999885217,-30374.07429084598,291.8587638700511,1.0250503432881823,428
540000,1079.9999999882853,-30295.014560535696,297.8013232489463,1.030396414780842,428
545000,1089.9999999880488,-30239.857500087353,289.4167088085929,1.0285089011978712,427
550000,1099.9999999878123,-30242.03546756311,293.05469817986676,1.0206887819393868,427
555000,1109.9999999875758,-30499.274207675888,297.82547840552667,1.0195881246193652,427
560000,1119.9999999873394,-30195.88495126521,303.2651766727973,1.0263351047012608,427
565000,1129.999999987103,-30298.387115921447,305.82974684477495,1.0297735654107756,428
570000,1139.9999999868664,-30178.95156319518,300.14656225401393,1.018708198725155,428
575000,1149.99999998663,-29971.951334173704,298.4033846638085,1.0126041603735605,428
580000,1159.9999999863935,-30175.70552445692,295.632889827683,1.020252905378009,428
585000,1169.999999986157,-30331.39676808784,308.8766384280811,1.019864389771977,428
590000,1179.9999999859206,-30391.311589259392,296.1497046462641,1.0110731173583543,428
595000,1189.999999985684,-30191.758718563855,308.22091191615624,1.0294855778445584,428
600000,1199.9999999854476,-30617.63413510009,303.0953088564574,1.0365690313661513,428
605000,1209.9999999852112,-30311.037347252248,299.11619629901094,1.0265053745438715,427
610000,1219.9999999849747,-30296.091888217576,306.9696904397017,1.0230673212393318,428
615000,1229.9999999847382,-30198.32847735344,293.11981547899745,1.0412753653064704,428
620000,1239.9999999845018,-30091.642540601984,297.7186758725886,1.021312772156093,428
625000,1249.9999999842653,-30407.794560404873,303.2384027532867,1.0214927173590007,428
630000,1259.9999999840288,-30269.640981187695,297.5186727395442,1.0371261777912684,428
635000,1269.9999999837923,-30107.790344074398,290.6763142350255,1.021873544310286,428
640000,1279.9999999835559,-30448.84116674328,305.22084537748304,1.0245989849999206,428
645000,1289.9999999833194,-30010.62794264211,295.45897660890614,1.0290450517024625,428
650000,1299.999999983083,-30359.234299378237,309.2262432792665,1.0186267784161178,428
655000,1309.9999999828465,-30569.17113428496,300.5581184372055,1.0211011739666824,428
660000,1319.99999998261,-30300.5589263422,302.73806268955764,1.019040331254443,428
665000,1329.9999999823735,-30006.29291488495,297.24686859899487,1.0224394579877012,428
670000,1339.999999982137,-30003.125712314533,304.3500480741615,1.0259286149478872,428
675000,1349.9999999819006,-30551.180968185858,295.1731601323794,1.0226378849563718,428
680000,1359.9999999816641,-30413.296072817146,300.0102497805935,1.0262961738550755,428
685000,1369.9999999814277,-30419.218586212693,295.8597450522657,1.0195062157813926,428
690000,1379.9999999811912,-30182.096541457693,307.63843259424993,1.022810989571588,428
695000,1389.9999999809547,-30267.49866889452,292.2592587113135,1.0212776281329765,428
700000,1399.9999999807183,-30246.163793549524,288.7472240197808,1.018282822633973,428
705000,1409.9999999804818,-30744.1368421847,304.0218819015915,1.0366123377641032,428
710000,1419.9999999802453,-30245.717418912012,299.1237398996905,1.0225411164703468,428
715000,1429.9999999800089,-30531.932964071282,304.8129632795966,1.0386829214865934,428
720000,1439.9999999797724,-29948.52083392293,301.177924902371,1.0370835139964745,428
725000,1449.999999979536,-30394.607510380825,299.1019689899572,1.0122175171374839,428
730000,1459.9999999792994,-30368.851793687296,304.03079351275704,1.0331802676701527,428
735000,1469.999999979063,-30437.733042216714,287.5663182823036,1.0327664380086925,428
740000,1479.9999999788265,-30383.377591512457,302.35931921502174,1.0288730006701663,428
745000,1489.99999997859,-30312.39068295175,303.3042236006674,1.031608774806583,428
750000,1499.9999999783536,-30502.501976972562,296.8375989476155,1.01864578352313,428
755000,1509.999999978117,-30200.364482955018,310.78098719653724,1.042868694691577,428
760000,1519.9999999778806,-30297.632850071677,297.8562586414603,1.0233843561575546,428
765000,1529.9999999776442,-30750.10377149022,295.52370304789804,1.0419437249739392,428
770000,1539.9999999774077,-30099.993303487106,300.6757673389963,1.019889349260906,428
775000,1549.9999999771712,-30380.494578341197,296.3402489639486,1.0304791916293425,428
780000,1559.9999999769348,-30241.41367221484,303.6766351409541,1.0307359810757744,428
785000,1569.9999999766983,-30694.731206016993,302.298579549446,1.0369178005321065,428
790000,1579.9999999764618,-30485.91402556881,298.5840793059942,1.033115265247007,428
795000,1589.9999999762254,-30493.434290221834,305.43632657202556,1.0272623475666622,428
800000,1599.9999999759889,-30028.28431986799,292.70104792624437,1.0423079783873421,428
805000,1609.9999999757524,-30436.252309913456,312.0259744537773,1.0189099551002203,428
810000,1619.999999975516,-30391.855770730705,290.94366256999206,1.0221652588319923,428
815000,1629.9999999752795,-30231.354931422364,305.109684753997,1.0390202228132204,428
820000,1639.999999975043,-30129.092128915538,297.16850114115744,1.0237850830115436,428
825000,1649.9999999748065,-30279.79432199814,306.5625314330721,1.0353716130826642,428
830000,1659.99999997457,-30244.98791090629,295.45637738898284,1.03683678788869,428
835000,1669.9999999743336,-30392.793633492547,301.64183680116014,1.0323888341774858,428
840000,1679.9999999740971,-30026.3506220094,300.41310932569587,1.0298089171259315,428
845000,1689.9999999738607,-30240.531902710325,307.8930388886903,1.0334725052440379,428
850000,1699.9999999736242,-30540.33071608501,297.92331069827827,1.0342870424330939,428
855000,1709.9999999733877,-30579.493592206796,303.82439981644256,1.0301330853724022,428
860000,1719.9999999731513,-30265.8008060063,302.22822472445483,1.0276089234555204,427
865000,1729.9999999729148,-30317.80485911673,297.6301265081344,1.0435999119630042,427
870000,1739.9999999726783,-30468.90539509023,300.57394827282855,1.0330596141579085,427
875000,1749.9999999724419,-30730.13212046327,309.1843235293759,1.0297170620900333,427
880000,1759.9999999722054,-30739.554511241033,297.33004363654004,1.0477240750533345,427
885000,1769.999999971969,-30395.256343751564,297.34675290747543,1.0312235943586179,427
890000,1779.9999999717324,-30795.357976892614,304.82814819599054,1.0254108333202119,427
895000,1789.999999971496,-30413.65456900571,298.8871913436646,1.0254306475198085,427
900000,1799.9999999712595,-30443.633917421248,299.2125628662419,1.0382234440966374,427
905000,1809.999999971023,-30359.73750095733,296.3077489434041,1.0140598469016096,427
910000,1819.9999999707866,-30562.539639279945,316.31001654853975,1.0291602534702347,427
915000,1829.99999997055,-30546.37743246858,297.63724016266127,1.0440674933599254,427
920000,1839.9999999703136,-30358.621070521272,297.81789571883314,1.039816581407929,427
925000,1849.9999999700772,-30354.832468517998,300.7313476507394,1.0207344244692853,427
930000,1859.9999999698407,-30392.720953959273,287.97019406376694,1.0189231768195277,427
935000,1869.9999999696042,-30611.49383990362,289.125205317046,1.0328091510553392,427
940000,1879.9999999693678,-30233.066766944365,305.0937962893531,1.0317969885287008,427
945000,1889.9999999691313,-30241.543908648164,304.06034253925327,1.0321412706801323,427
950000,1899.9999999688948,-30196.56387461722,302.918894132792,1.0169208099421236,427
955000,1909.9999999686584,-30310.72082267038,302.3980143687669,1.0211567341766645,427
960000,1919.999999968422,-29951.179067574238,300.9018799293152,1.0129189961896274,427
965000,1929.9999999681854,-30241.793106713827,296.5883474370773,1.0215533133966799,427
970000,1939.999999967949,-30210.073113671853,297.58523622118867,1.0233691691057394,427
975000,1949.9999999677125,-30251.10961207442,306.21382556020603,1.01937350558259,427
980000,1959.999999967476,-30195.860967934568,294.17584140211534,1.0236559489922636,427
985000,1969.9999999672395,-30649.254087292444,308.181571843182,1.0294224282030842,427
990000,1979.999999967003,-30476.485715006973,296.70795063956234,1.0329114551358731,427
995000,1989.9999999667666,-30439.645770726842,298.898487201677,1.02894059644093,427
1000000,1999.9999999665301,-30447.88035254486,289.46515592280207,1.0312459285509008,427
1005000,2009.9999999662937,-30412.369488633325,299.55845454610835,1.0321566666403874,427
1010000,2019.9999999660572,-30110.4240848076,301.33428850091394,1.0194740540947722,427
1015000,2029.9999999658207,-30123.518996508385,301.43546264785266,1.022639402602181,427
1020000,2039.9999999655843,-30293.484519692516,303.8945592113643,1.0233348033433012,427
1025000,2049.999999965348,-30124.77519180483,296.4630767625791,1.0170531987844873,427
1030000,2059.9999999651113,-30335.524207365088,298.8552189843075,1.0500244954913682,427
1035000,2069.999999964875,-30228.102869679948,296.9124877502173,1.0233267316466543,427
1040000,2079.9999999646384,-29943.709994550125,304.3486605206686,1.016830402978165,427
1045000,2089.999999964402,-30369.30747906567,299.0434572271728,1.0272936855115578,427
1050000,2099.9999999641655,-29754.585016158555,292.2300810019491,1.01922577070526,427
1055000,2109.999999963929,-30455.02739654851,299.44913096527483,1.0257591548975646,427
1060000,2119.9999999636925,-30325.168282086088,288.47667063167574,1.0262106465368102,427
1065000,2129.999999963456,-30310.059627943498,298.30756530077184,1.0221227767512735,427
1070000,2139.9999999632196,-30510.558901952318,296.36395463136927,1.0318021690656767,427
1075000,2149.999999962983,-30245.021059587685,301.1279143476064,1.0124120176348104,427
1080000,2159.9999999627466,-30139.680026206537,314.754275937915,1.0228992242277415,427
1085000,2169.99999996251,-30590.236990592995,299.1513737115065,1.0467928997995988,427
1090000,2179.9999999622737,-30369.333372212364,291.0466151305625,1.035236568012361,427
1095000,2189.9999999620372,-30330.14307687772,294.5780364849817,1.024049059082253,427
1100000,2199.9999999618008,-30115.7383561295,307.3797808973726,1.0140649708476444,427
1105000,2209.9999999615643,-30702.274133706902,300.6804185746485,1.026298222002524,427
1110000,2219.999999961328,-30420.096699287067,305.5478389696366,1.0261476828425489,427
1115000,2229.9999999610914,-29958.556539787503,301.13469577101523,1.0242472083249055,427
1120000,2239.999999960855,-30559.514976962557,302.5325484285556,1.0198888699447644,427
1125000,2249.9999999606184,-30501.22314916979,296.54437567145783,1.0419987052809152,427
1130000,2259.999999960382,-30398.902241740114,299.13214339267563,1.0236262913743972,427
1135000,2269.9999999601455,-30348.2319063163,307.19801138980506,1.0248122413385647,427
1140000,2279.999999959909,-30306.170445245574,305.45633861113413,1.039549333117925,427
1145000,2289.9999999596726,-30211.25729100968,298.9235413365767,1.0253480508111361,427
1150000,2299.999999959436,-30129.112199214724,299.0648763627812,1.022274200929168,427
1155000,2309.9999999591996,-30153.926942724036,296.2281307331224,1.0325688928107248,427
1160000,2319.999999958963,-30140.63478128257,300.41541540051503,1.0106269154822896,427
1165000,2329.9999999587267,-30133.15673847869,297.41163569052287,1.0262136211836652,427
1170000,2339.99999995849,-30528.207578238304,293.7079036438961,1.0221232810907175,427
1175000,2349.9999999582537,-30173.138813359255,295.05793456344935,1.0286867483599742,427
1180000,2359.9999999580173,-29930.598729483667,297.8396470855596,1.0263451551764546,427
1185000,2369.999999957781,-30010.115394063236,301.56040109123285,1.0175526190222002,427
1190000,2379.9999999575443,-29879.99384301543,300.22246729297666,1.0323484554452838,427
1195000,2389.999999957308,-30433.894635763165,294.2424048837597,1.032696500984316,427
1200000,2399.9999999570714,-30222.6137451955,299.6363920577931,1.0293545132386261,427
1205000,2409.999999956835,-30485.559853334154,301.1958262967299,1.0290477653971397,427
1210000,2419.9999999565985,-30207.551882551255,294.7151111356728,1.031176745451815,427
1215000,2429.999999956362,-30165.562215567013,302.9718165955909,1.012552304854009,427
1220000,2439.9999999561255,-30610.025385238434,306.78854630835633,1.0235301142600448,427
1225000,2449.999999955889,-30394.41675676641,296.8876681314009,1.0253735429888469,427
1230000,2459.9999999556526,-30486.536407943873,290.4897957767711,1.0323037586443982,427
1235000,2469.999999955416,-30154.149254252698,297.14909493526403,1.0250020429298679,427
1240000,2479.9999999551796,-30342.34275024623,298.6686028110184,1.0337912577463408,427
1245000,2489.999999954943,-30129.462560231565,296.50912008693444,1.0237715945683223,427
1250000,2499.9999999547067,-30125.702917809627,310.51514367310523,1.0354338916661923,427
1255000,2509.9999999544702,-30715.44923867387,289.1910847934475,1.0443167519644196,427
1260000,2519.9999999542338,-30449.018497712445,306.50503590664874,1.0343530253830446,427
1265000,2529.9999999539973,-30417.60920288338,295.6174117661849,1.0346135004394532,427
1270000,2539.999999953761,-30027.695012831973,295.30032647855097,1.0232678862072462,427
1275000,2549.9999999535244,-30043.35961467141,299.3169225233122,1.033691708371918,427
1280000,2559.999999953288,-30228.646079816768,296.49145320865887,1.01690760346623,427
1285000,2569.9999999530514,-30438.076618842868,305.12160598823164,1.007266457204663,427
1290000,2579.999999952815,-30120.405991281295,298.2022480363614,1.0341037516198193,427
1295000,2589.9999999525785,-30247.894588441326,298.6644010645258,1.0336631688577456,427
1300000,2599.999999952342,-30403.12043443229,303.2149706879633,1.0323250553719672,427
1305000,2609.9999999521056,-29995.046726856934,307.97881314615876,1.0167147789372488,427
1310000,2619.999999951869,-30309.402509780746,298.44759094551125,1.0479378525997898,427
1315000,2629.9999999516326,-30289.49318061021,294.70766525002796,1.0368742670094329,427
1320000,2639.999999951396,-30731.02521827328,297.67601348843425,1.036015855167647,427
1325000,2649.9999999511597,-30580.608616516663,306.8977917171621,1.0259088799069318,427
1330000,2659.999999950923,-30379.507507920032,302.4648905385224,1.022474401837861,427
1335000,2669.9999999506867,-30376.1749928224,308.14752792508904,1.0315917329612447,427
1340000,2679.9999999504503,-30344.135139588063,299.51628073712754,1.0272241267376272,427
1345000,2689.999999950214,-30116.89960413071,299.2523719713828,1.0198477236548813,427
1350000,2699.9999999499773,-30143.260386762442,293.8000098356137,1.0165124237969119,427
1355000,2709.999999949741,-30123.362860518595,300.5999795580753,1.0205212257192369,427
1360000,2719.9999999495044,-30338.755347043887,304.36900479089525,1.0229934831279017,427
1365000,2729.999999949268,-30270.540735305753,302.7274312937812,1.0284446807138454,427
1370000,2739.9999999490315,-30585.182333836012,300.44875577035805,1.0189947728803113,427
1375000,2749.999999948795,-30141.416762496694,304.0647592588222,1.032895825377829,427
1380000,2759.9999999485585,-30002.533377701853,306.66565988070505,1.0184194676282234,427
1385000,2769.999999948322,-30412.936185473663,296.6323973747246,1.0296065487959682,427
1390000,2779.9999999480856,-30181.551257492654,301.37605190674896,1.006857464612087,427
1395000,2789.999999947849,-30338.05175444027,299.87942889212377,1.0285431303105386,427
1400000,2799.9999999476127,-30447.37380886724,291.1443692512863,1.0410406913184358,427
1405000,2809.999999947376,-30377.1270271588,298.29040654067677,1.016654906925319,427
1410000,2819.9999999471397,-30505.263437980495,299.0202010489119,1.0385768436442075,427
1415000,2829.9999999469032,-30439.086908999394,302.78244485832295,1.029796905164181,427
1420000,2839.999999946667,-30524.872430815798,301.1425716028129,1.0334144477791594,427
1425000,2849.9999999464303,-30501.617997578433,297.7386292826764,1.031233288116549,427
1430000,2859.999999946194,-30288.239067083574,297.0266970827863,1.024360111014269,426
1435000,2869.9999999459574,-30262.650646752096,295.2139268448604,1.013970054185181,426
1440000,2879.999999945721,-30309.45096812505,300.25586629184056,1.014191193208753,426
1445000,2889.9999999454844,-30338.120747014298,300.0143342690444,1.0208690491192083,426
1450000,2899.999999945248,-30627.618467616237,307.83382357765606,1.03477582126624,426
1455000,2909.9999999450115,-30206.76696211091,295.86302827743197,1.0292629126524986,426
1460000,2919.999999944775,-30019.397628626117,298.8244582913808,1.0192557825756505,426
1465000,2929.9999999445386,-30192.988683450152,302.27495205405313,1.015866197784262,426
1470000,2939.999999944302,-30236.331219603133,299.0866668155216,1.0267382046890619,426
1475000,2949.9999999440656,-30212.471935330686,303.4225565077012,1.0387716193272545,426
1480000,2959.999999943829,-30444.451823418465,304.7235149368231,1.0219388342943407,426
1485000,2969.9999999435927,-30174.61747924745,300.51473296179427,1.0327341217286126,426
1490000,2979.999999943356,-30027.10365089588,305.7996701570912,1.0115665892262733,426
1495000,2989.9999999431197,-30315.090465679008,300.9633231431409,1.0268503747336504,426
1500000,2999.9999999428833,-30077.967621624994,302.6000108885194,1.030984776571678,426
1505000,3009.999999942647,-30228.14157282014,310.912472547243,1.028008481662328,426
1510000,3019.9999999424103,-30210.551973792375,302.47489655807675,1.0234331644389163,426
1515000,3029.999999942174,-30179.0558681892,307.91893337288843,1.0230539662432803,426
1520000,3039.9999999419374,-30922.153186918964,303.1407268045906,1.033186856622756,426
1525000,3049.999999941701,-30386.533976719482,300.3375560608581,1.0318954314572093,426
1530000,3059.9999999414645,-30289.561293916544,296.2778285997759,1.0345624224423136,426
1535000,3069.999999941228,-30519.383715619857,300.77248568035225,1.0291346973194566,426
1540000,3079.9999999409915,-30185.374349503574,304.7843523174335,1.0366867927414092,426
1545000,3089.999999940755,-30421.647862868587,297.34372374139946,1.0262618941707222,426
1550000,3099.9999999405186,-30549.610531971965,303.5919748348814,1.0263823113492094,426
1555000,3109.999999940282,-30325.518995052378,309.46337812550075,1.0270642294569026,426
1560000,3119.9999999400457,-29828.20145691969,305.319263960443,1.027336368642567,426
1565000,3129.999999939809,-30390.62432711007,304.13161588557074,1.0230876496878467,426
1570000,3139.9999999395727,-30684.477361461264,304.43052617674863,1.0357292581403226,425
1575000,3149.9999999393362,-30413.524564512307,295.3819576185477,1.018978555361333,425
1580000,3159.9999999391,-30665.42533620185,303.7962383434391,1.0279122220761832,425
1585000,3169.9999999388633,-30272.958396086295,304.83770472638514,1.0220905679685994,425
1590000,3179.999999938627,-30288.71533791526,307.8432237639951,1.0170598475332089,425
1595000,3189.9999999383904,-30147.539110235986,299.7983840423353,1.0190316210949335,425
1600000,3199.999999938154,-30535.947075275966,300.28135037289286,1.0420613895377249,425
1605000,3209.9999999379174,-30413.580059127737,303.19689340654196,1.0351639452545853,425
1610000,3219.999999937681,-30477.305528152356,301.11110736163624,1.0293349318593996,425
1615000,3229.9999999374445,-30328.311111288785,305.909931802258,1.035018513920931,425
1620000,3239.999999937208,-30368.95622805698,299.3193263131661,1.0285285139353915,425
1625000,3249.9999999369716,-30517.86476865085,300.3099417920491,1.0127900449466225,425
1630000,3259.999999936735,-30488.055553210725,298.1264797984473,1.046661191462077,425
1635000,3269.9999999364986,-30481.735404141946,299.4813769267291,1.0283739023638208,425
1640000,3279.999999936262,-30412.01187982157,296.6288014614472,1.045214899357577,425
1645000,3289.9999999360257,-30372.157576050842,301.9595865510301,1.0291679329098835,425
1650000,3299.999999935789,-30477.695761546056,295.5051371913031,1.0332084148040583,425
1655000,3309.9999999355528,-29926.797210054094,296.8370126574073,1.0216720804426385,425
1660000,3319.9999999353163,-30192.469282965874,300.2509023680773,1.0249919422515696,425
1665000,3329.99999993508,-30308.012060057226,296.31761816190976,1.0353795385517195,425
1670000,3339.9999999348433,-30151.227568018105,298.06005311785145,1.0264463527098948,425
1675000,3349.999999934607,-30439.970451591245,301.8559108992028,1.032348900562926,424
1680000,3359.9999999343704,-30406.37553042121,310.1069488871077,1.022447539505009,424
1685000,3369.999999934134,-30591.862516432564,293.5242384646552,1.04059356340471,424
1690000,3379.9999999338975,-30041.345101903426,308.5519704537537,1.0296499724434587,424
1695000,3389.999999933661,-30442.447101458878,309.90577317364676,1.0123043974567025,424
1700000,3399.9999999334245,-30240.57444046752,305.5191498354458,1.0297745776323837,424
1705000,3409.999999933188,-30449.798753382405,303.0588806915175,1.0093169957214065,424
1710000,3419.9999999329516,-30277.967261012614,305.47850038100637,1.0272602973648728,424
1715000,3429.999999932715,-30705.8059708582,292.4229900234736,1.0497505426872373,424
1720000,3439.9999999324787,-30529.902168455563,304.0616910067323,1.018526766214974,424
1725000,3449.999999932242,-30300.13295153508,303.9063045585365,1.0208344309662705,424
1730000,3459.9999999320057,-30287.849893456238,296.01667539800997,1.0194991061375709,424
1735000,3469.9999999317693,-30234.792301580484,301.08091341591086,1.017544656025544,424
1740000,3479.999999931533,-30256.928514389816,300.0331737277365,1.0220932242842269,424
1745000,3489.9999999312963,-30079.42817107495,298.7518169345774,1.0184513508709614,424
1750000,3499.99999993106,-30449.641964559647,296.4752715989109,1.0184082908048326,424
1755000,3509.9999999308234,-30071.435272691626,288.12266860392845,1.0220681136524403,424
1760000,3519.999999930587,-30434.914560095815,301.9546617132807,1.0376123081551571,424
1765000,3529.9999999303504,-30589.106024921697,296.9495803773932,1.0406014992929054,424
1770000,3539.999999930114,-30387.056846541207,297.1506779188264,1.0354335273680255,424
1775000,3549.9999999298775,-30639.091454789217,292.2687175266734,1.0224914121607533,424
1780000,3559.999999929641,-30567.994968299783,300.35236966012013,1.0479747775950954,424
1785000,3569.9999999294046,-30376.40115683229,307.0617575454055,1.0161404469469792,424
1790000,3579.999999929168,-30078.872791238246,296.1388582774113,1.007832054656229,424
1795000,3589.9999999289316,-30076.71783279479,304.6358840936952,1.0274695210456426,424
1800000,3599.999999928695,-29884.59982450999,299.04435620549214,1.0103587244763657,424
1805000,3609.9999999284587,-30345.192297482514,300.70644985989526,1.0196708635096254,424
1810000,3619.999999928222,-30424.704630639782,298.2873969176077,1.0177888868355605,424
1815000,3629.9999999279858,-30425.724672559445,297.3694227955281,1.0366423445150625,424
1820000,3639.9999999277493,-30451.207274665387,305.86814885341596,1.0307835665410459,424
1825000,3649.999999927513,-30109.320292851655,305.4075592658069,1.023782787164296,424
1830000,3659.9999999272763,-30282.571196062694,297.64800835948637,1.0266942149522982,424
1835000,3669.99999992704,-30190.694332726096,306.2814052782115,1.0290626830495344,424
1840000,3679.9999999268034,-30421.59359218512,303.133183203911,1.0209601768223509,424
1845000,3689.999999926567,-30186.53805882513,291.3189664753062,1.016491313871103,424
1850000,3699.9999999263305,-30175.805777483998,297.5867410327232,1.0067270061153042,424
1855000,3709.999999926094,-30134.427697086707,304.3891731740594,1.0329563939367215,424
1860000,3719.9999999258575,-30108.279322756513,300.5403538438952,1.0433915882903717,424
1865000,3729.999999925621,-30193.40117130906,296.9804778713685,1.0265633986083562,424
1870000,3739.9999999253846,-30459.337906197412,302.90253663598156,1.0333299584897424,423
1875000,3749.999999925148,-30470.314599674894,288.56572811431045,1.028492539410948,423
1880000,3759.9999999249117,-30384.702449823904,304.1588979232618,1.031462657217445,423
1885000,3769.999999924675,-30237.793238140963,297.6302437661761,1.0343299187675052,423
1890000,3779.9999999244387,-30424.648604482383,302.4476145203857,1.0152127572397205,423
1895000,3789.9999999242023,-30012.79300559967,300.36571753386147,1.0091550806158975,423
1900000,3799.999999923966,-30669.89532782958,302.33047373677533,1.0389194305792235,423
1905000,3809.9999999237293,-30534.391819234996,300.370603285597,1.030483227457553,423
1910000,3819.999999923493,-30569.576925411646,297.10586580390833,1.0427933548574964,423
1915000,3829.9999999232564,-30028.630424839328,300.4463715235111,1.011085814248188,423
1920000,3839.99999992302,-30079.696427092334,290.5027137043597,1.0417292697151823,423
1925000,3849.9999999227834,-30373.6977934507,295.0459742432009,1.0351208975207535,423
1930000,3859.999999922547,-30483.506370519317,310.02584540829844,1.0390180941500482,423
1935000,3869.9999999223105,-30308.277391295444,302.25857501423576,1.0306768028903808,423
1940000,3879.999999922074,-30182.807059235405,293.9770108494874,1.0200949736530336,423
1945000,3889.9999999218376,-30490.806153570564,314.2563201210329,1.0132081712019574,423
1950000,3899.999999921601,-30740.09324439129,294.39777178894866,1.0258774219104312,423
1955000,3909.9999999213646,-30322.586762924795,291.447070885811,1.0209271560255373,423
1960000,3919.999999921128,-30399.931377264496,293.40365811182306,1.0182252008069983,423
1965000,3929.9999999208917,-30489.684518201248,295.1083946073736,1.0218973060215975,423
1970000,3939.9999999206552,-30703.23195901682,297.9621817390859,1.030875901944308,423
1975000,3949.9999999204188,-30475.394651523093,294.13734167843955,1.02411055835491,423
1980000,3959.9999999201823,-30420.492559805716,308.0260095079237,1.0337506193211377,423
1985000,3969.999999919946,-30598.760429569753,312.00441851712026,1.0216795343487348,423
1990000,3979.9999999197094,-30331.741176348034,304.3164927312421,1.0116502475757205,423
1995000,3989.999999919473,-30228.52477930652,299.3950945510802,1.0328728648708105,423
2000000,3999.9999999192364,-30211.86287982145,303.24336667705,1.0394098659884425,423
2005000,4009.999999919,-30326.286193967535,299.7916807909542,1.0292249702159946,423
2010000,4019.9999999187635,-30198.440828946623,305.60467003382394,1.0113285474133922,423
2015000,4029.999999918527,-30298.790045007918,296.2028225391325,1.0224484178134985,423
2020000,4039.9999999182905,-30622.63550253742,301.11904182245473,1.0457555985559028,423
2025000,4049.999999918054,-30225.27378088946,298.8254354417279,1.0255910825038579,423
2030000,4059.9999999178176,-30512.25718188967,302.83061837043493,1.0190328166943536,423
2035000,4069.999999917581,-30529.28774053289,308.5883595326797,1.0366292728212423,423
2040000,4079.9999999173447,-30305.00714163622,305.2933499332379,1.024632432321121,423
2045000,4089.999999917108,-30150.535693359532,298.9465043697336,1.0167649804461234,423
2050000,4099.999999917781,-30438.94544502301,291.4987816821795,1.0311546737938753,423
2055000,4109.999999919818,-30365.31964520522,293.59076286028574,1.0377957389447598,423
2060000,4119.999999921855,-30249.379362865788,306.1501739865959,1.038970912171067,423
2065000,4129.999999923893,-30587.621310507064,302.16039094735913,1.0335750239552448,423
2070000,4139.99999992593,-29976.100020517013,289.64647594121,1.0330038210227388,423
2075000,4149.999999927967,-30355.2798016218,294.13151786237086,1.011311238004446,423
2080000,4159.999999930004,-30615.53607765428,298.3413942457885,1.044224734010128,423
2085000,4169.999999932042,-30324.63933817565,299.79324423150956,1.0268491478434543,422
2090000,4179.999999934079,-30874.074594850594,293.3184701445629,1.038068178272709,422
2095000,4189.999999936116,-30307.553641056584,298.80657644002883,1.0322462586726393,422
2100000,4199.999999938153,-30177.808463936293,297.1387762275987,1.0319914145818456,422
2105000,4209.999999940191,-30362.66449489552,303.430354167471,1.030823081328362,422
2110000,4219.999999942228,-30391.923544063815,305.1979214303401,1.0317546365162849,422
2115000,4229.999999944265,-30451.381035524915,301.5418743206518,1.009801068594578,422
2120000,4239.9999999463025,-30469.042537715082,299.20949461415205,1.0244703252643579,422
2125000,4249.99999994834,-30677.710986092774,304.14042978170164,1.0342674749087053,422
2130000,4259.999999950377,-30399.838635279157,283.70112191232204,1.0321689779850418,422
2135000,4269.999999952414,-30510.50968867872,303.1942746436117,1.0238534037070965,422
2140000,4279.999999954452,-30740.75181418174,297.46307288479426,1.0424363150118554,422
2145000,4289.999999956489,-30250.10631159169,299.19163230580705,1.0213293501677334,422
2150000,4299.999999958526,-30240.090185167122,297.87810772322143,1.028544412958973,422
2155000,4309.999999960563,-30522.98836642882,300.30114743892517,1.0480811532778813,422
2160000,4319.999999962601,-30243.42274006238,304.5913260378674,1.019840660958612,422
2165000,4329.999999964638,-30508.186301361362,298.283273343143,1.0154071942808087,422
2170000,4339.999999966675,-30209.129120899423,295.0665725725177,1.0259347623184039,422
2175000,4349.9999999687125,-30139.78255477725,304.11002086289983,1.018408029818152,422
2180000,4359.99999997075,-30165.522835518583,296.52020097187057,1.016437395479249,422
2185000,4369.999999972787,-30750.504544041643,308.1218288709603,1.0356439956126104,422
2190000,4379.999999974824,-30464.568353611714,307.2798184168643,1.023288499052115,422
2195000,4389.999999976862,-30398.463710178767,300.0430038602283,1.0403797592864008,422
2200000,4399.999999978899,-30184.85636726109,291.75528364829324,1.028713487586283,422
2205000,4409.999999980936,-30464.615135132743,297.0153816817669,1.03437841456638,422
2210000,4419.999999982973,-30288.90921208862,299.67276159371215,1.0275375301956973,422
2215000,4429.999999985011,-30484.21020466785,300.0452317630197,1.0234380775762302,422
2220000,4439.999999987048,-30233.517153604334,303.48800603794996,1.0276082990825552,422
2225000,4449.999999989085,-30219.270870105625,306.1225792607938,1.0333408817578336,422
2230000,4459.999999991122,-30170.990087573882,300.72171294831696,1.0241171761603867,422
2235000,4469.99999999316,-30787.24264637078,290.406933427337,1.039842431996974,422
2240000,4479.999999995197,-30225.029190475412,305.4596609223143,1.0331981160707038,422
2245000,4489.999999997234,-30265.304942897666,300.3827785789219,1.028017474885906,422
2250000,4499.9999999992715,-30517.85353504651,301.63337467915426,1.0344484973654973,422
2255000,4510.000000001309,-30185.71471780911,304.4740093671946,1.033487051612965,422
2260000,4520.000000003346,-30334.751952159015,294.58417298916146,1.0254100985389392,422
2265000,4530.000000005383,-30527.830264005403,297.67177265592784,1.025971280847737,422
2270000,4540.000000007421,-30317.07288709178,304.23466616117594,1.0276531130841433,422
2275000,4550.000000009458,-30128.64608877257,284.7516171644753,1.0199904265809752,422
2280000,4560.000000011495,-30188.123240101355,306.72333129419087,1.029951596522024,422
2285000,4570.000000013532,-30176.698005189304,302.32183572770697,1.034866593538819,422
2290000,4580.00000001557,-30336.62551858058,290.83082124790894,1.0281394645365949,422
2295000,4590.000000017607,-29903.934819954447,295.89210827176163,1.0202666116946897,422
2300000,4600.000000019644,-30264.87853287274,303.57102473143954,1.029582197357399,422
2305000,4610.000000021681,-30396.769255950232,302.8851433598032,1.0308721523580398,422
2310000,4620.000000023719,-30142.91381263765,295.60279359699234,1.0250695614524983,422
2315000,4630.000000025756,-30427.849519403855,295.0422024428611,1.0330354440216933,422
2320000,4640.000000027793,-30736.570017832535,311.4586800482649,1.0347204771959815,422
2325000,4650.0000000298305,-30595.85562440657,299.0522515802967,1.0308349208380232,422
2330000,4660.000000031868,-30331.426046411245,299.5530802191993,1.0431969060566995,422
2335000,4670.000000033905,-30338.10180738941,298.2958004105928,1.0347511353200753,422
2340000,4680.000000035942,-30607.312368528277,299.0315359929382,1.0284468809205294,422
2345000,4690.00000003798,-30474.82189665956,294.72324102656074,1.0268917141541527,422
2350000,4700.000000040017,-30409.966841112357,306.3904552569478,1.0197088702983677,422
2355000,4710.000000042054,-30711.76245140267,300.48846716046415,1.0394948889907951,422
2360000,4720.000000044091,-30240.80043534335,303.8218396825331,1.013389871139866,422
2365000,4730.000000046129,-30244.562830014882,287.83376433230484,1.016504801679783,422
2370000,4740.000000048166,-30219.697696900548,300.4175260452647,1.021808216252785,422
2375000,4750.000000050203,-30815.25403458561,306.7909696412171,1.037637952091121,422
2380000,4760.0000000522405,-30233.642231886683,291.2144113881665,1.0196220898543262,422
2385000,4770.000000054278,-30539.143285563536,301.0651031232948,1.0270445604591913,422
2390000,4780.000000056315,-30438.560645221238,301.4219584300557,1.0332421069519375,422
2395000,4790.000000058352,-30361.519987683365,300.91823742612564,1.0400931472170645,422
2400000,4800.0000000603895,-30398.18690812579,299.60445878444983,1.0363308588402957,422
2405000,4810.000000062427,-30056.68828322424,301.51275524030825,1.0126529964442799,422
2410000,4820.000000064464,-30172.57088338249,304.9488067208504,1.03604720453883,422
2415000,4830.000000066501,-30412.674777581065,302.92342811040254,1.038318152951325,422
2420000,4840.000000068539,-30691.062979130395,305.8486449324878,1.0363422972546665,422
2425000,4850.000000070576,-30390.167973034113,299.64495189483364,1.027747747320071,422
2430000,4860.000000072613,-30109.19398411308,296.9741263941124,1.0267106149122394,422
2435000,4870.00000007465,-30147.675030034967,303.92268159835385,1.0114156245456003,422
2440000,4880.000000076688,-30221.548791667883,292.7103894835626,1.0311102277065507,422
2445000,4890.000000078725,-30184.997058654262,305.24783427007,1.0228676528081664,422
2450000,4900.000000080762,-30158.236720912944,303.9257303074368,1.0273566339281748,422
2455000,4910.0000000827995,-30053.190703930013,302.2053203203188,1.0155905414398327,422
2460000,4920.000000084837,-30129.055059065955,298.79698082362034,1.0281848934167566,422
2465000,4930.000000086874,-30123.96598487129,295.9444835303662,1.0330813399069718,422
2470000,4940.000000088911,-30484.512274536624,299.2118006889712,1.045863770345264,422
2475000,4950.000000090949,-30305.711693275283,303.60620214393515,1.0414828857766114,422
2480000,4960.000000092986,-30021.56346671522,303.2758862406015,1.0306872467045058,422
2485000,4970.000000095023,-30259.65461242979,295.91716240666125,1.0247073672922307,422
2490000,4980.00000009706,-30545.455094105128,304.0884844692498,1.027871790300483,422
2495000,4990.000000099098,-30509.84121438369,295.5644502173721,1.0263233038919892,422
2500000,5000.000000101135,-30071.234648046055,290.3881721406727,1.0246643012613756,422
