#"Step","Time (ps)","Potential Energy (kJ/mole)","Temperature (K)","Density (g/mL)","Speed (ns/day)"
5000,10.000000000000009,-31268.047021135833,303.45135528912573,1.0332912092798712,0
10000,19.999999999999794,-31388.131167951302,297.6058936955133,1.0432963075349406,457
15000,29.99999999999425,-31087.25742546821,305.4922159599708,1.043946172868505,455
20000,40.00000000000292,-31153.532284246,298.40651547932,1.0272053351397985,452
25000,50.00000000001514,-31228.19996102588,307.1052824018002,1.0345684190426545,453
30000,60.00000000002736,-31563.04724754044,302.658350537396,1.04387233811256,452
35000,70.00000000001826,-31194.889124132867,298.8351431240591,1.0522239846519363,452
40000,79.99999999999496,-31212.42829242471,302.23466524171454,1.039507192509875,453
45000,89.99999999997165,-31176.477047873486,300.17052707589625,1.0265282388942043,454
50000,99.99999999994834,-31477.869702151424,307.10805399362465,1.0284987023583794,455
55000,109.99999999992504,-31407.190799925273,310.8633089528601,1.0351332434512717,456
60000,119.99999999990173,-31494.91706781462,305.7911602417911,1.0372451186275315,457
65000,129.99999999989262,-31599.180967277178,293.3971055286407,1.0382061881729467,455
70000,139.99999999994037,-31151.5949624356,303.1847785481923,1.0237237688124647,454
75000,149.99999999998812,-31421.164217804122,291.9802987987999,1.039745494754191,454
80000,160.00000000003587,-31255.278718201385,294.2575975722076,1.0321343156090148,453
85000,170.00000000008362,-31472.39361157056,292.86720818262364,1.04396945867726,453
90000,180.00000000013137,-31270.60302302314,301.2274145037789,1.0256816996275233,453
95000,190.0000000001791,-31454.15711330506,296.5367376129113,1.0386287094715791,454
100000,200.00000000022686,-31455.156767671404,297.3147796451411,1.031568139512554,454
105000,210.0000000002746,-31079.31865040472,295.7075471133757,1.0154481917622564,453
110000,220.00000000032236,-30947.078455467563,299.9163546620094,1.0406707046017691,453
115000,230.0000000003701,-31197.164353745262,299.4244455675722,1.0240886595216543,454
120000,240.00000000041786,-31568.659273720405,297.70772546786054,1.0510658443080285,453
125000,250.0000000004656,-31463.340333807893,308.23473514290475,1.0364806822152155,453
130000,260.00000000051335,-31291.380335498543,294.5073315628232,1.0344123798687543,453
135000,270.0000000005611,-31636.24082083389,301.3572723025468,1.0547151551096903,453
140000,280.00000000060885,-31439.64407336581,295.650661644811,1.0494066402364015,453
145000,290.0000000006566,-31517.61003104932,294.6034844791945,1.0279139427240784,453
150000,300.00000000070435,-31363.658096593426,293.79483864632965,1.0306395943933608,453
155000,310.0000000007521,-31533.331435989618,303.75997106969004,1.039591735599521,453
160000,320.00000000079984,-31475.049313033494,303.9822992502373,1.044518792585182,452
165000,330.0000000008476,-31547.698088735924,304.9798784894289,1.0382563959325926,452
170000,340.00000000089534,-31370.66862670885,296.1392952216375,1.042566435351724,452
175000,350.0000000009431,-31442.835613619507,297.4364971042848,1.0480235489467724,452
180000,360.00000000099084,-31698.303559462453,304.7980388076318,1.0397445429853882,452
185000,370.0000000010386,-31209.91072506641,295.88587869643,1.026858671761685,452
190000,380.00000000108633,-31474.907518750144,289.827004532335,1.0524806341673638,452
195000,390.0000000011341,-31526.26248994129,294.05015458411617,1.0395973396865004,452
200000,400.00000000118183,-31295.318429927604,301.16124517169027,1.0414124097821595,452
205000,410.0000000012296,-31719.12949390718,304.70066484031696,1.0374534577484649,452
210000,420.00000000127733,-31430.117759727815,300.5647908583644,1.049499354304545,452
215000,430.0000000013251,-31181.558224177046,303.12151648025525,1.027447105275125,452
220000,440.0000000013728,-31142.780918196426,297.90910196475585,1.0503405399984065,452
225000,450.0000000014206,-31540.66366697033,304.49921081637757,1.0515110351843278,452
230000,460.0000000014683,-30966.986815779994,294.16578617030257,1.0286655837543945,452
235000,470.00000000151607,-31087.441126557358,294.08271594261316,1.02164798738576,452
240000,480.0000000015638,-31183.097594300052,302.4619939166024,1.023523327085967,452
245000,490.00000000161157,-31638.508605353127,306.62170746459736,1.0402197760815437,452
250000,500.0000000016593,-31783.915479845076,305.00445456238975,1.0449988989176158,452
255000,510.00000000170706,-31566.25803416592,294.95694965473626,1.0534570522467943,452
260000,520.0000000015274,-31240.598516618484,311.3816353875541,1.019365017966791,452
265000,530.0000000012909,-31059.745336644468,296.6510706211101,1.0266140071118885,452
270000,540.0000000010544,-31498.396235899243,303.0644565758414,1.034972678630391,452
275000,550.000000000818,-31547.282595940866,294.1804581633873,1.0375740186037306,452
280000,560.0000000005815,-31409.628396671236,292.5507427888502,1.0359978832780732,452
285000,570.000000000345,-31463.21076401329,297.46103441372355,1.0300279564584196,452
290000,580.0000000001086,-31430.027579458343,292.48961271462423,1.036451807510689,452
295000,589.9999999998721,-31550.826349235722,304.18078786474206,1.0432473799884108,452
300000,599.9999999996356,-30961.433551812195,308.47212295175683,1.0396272124921562,452
305000,609.9999999993992,-31487.688575596956,290.64788025639723,1.0351155797487073,452
310000,619.9999999991627,-31272.734660953836,301.3613812358809,1.0370929770974215,452
315000,629.9999999989262,-31257.803601817635,301.27939638680806,1.0377811825945853,452
320000,639.9999999986898,-31213.409762681607,304.4395537559884,1.046215463794461,452
325000,649.9999999984533,-31562.459200849466,293.3076393198179,1.032792898852272,452
330000,659.9999999982168,-31226.520702800393,297.8738271597174,1.0275166065474397,452
335000,669.9999999979804,-31665.247673755715,306.4658781060759,1.026549105342174,452
340000,679.9999999977439,-31510.809999766177,291.60937065658794,1.0365211365975648,452
345000,689.9999999975074,-31019.91906128166,300.34655222939034,1.0129923335316187,452
350000,699.999999997271,-31089.897585614613,294.5697020697538,1.0325130705473085,452
355000,709.9999999970345,-31212.7741125607,302.60501193109616,1.0334608913000531,452
360000,719.999999996798,-31401.50024105748,285.4788421220385,1.0333275268172033,452
365000,729.9999999965615,-31511.973312508868,298.8896446360195,1.042582622320036,452
370000,739.9999999963251,-31566.353114785597,296.84775673184095,1.0596950470426938,452
375000,749.9999999960886,-31271.76380160611,304.9567754303048,1.0394611009589583,452
380000,759.9999999958521,-31642.875655728392,302.5936736009052,1.028727461188899,452
385000,769.9999999956157,-30903.337734459375,299.94879972994033,1.0312681595617141,452
390000,779.9999999953792,-31507.999596572743,301.1596171037654,1.0491466221684684,452
395000,789.9999999951427,-31381.330785195023,302.46271104175975,1.032568041900314,452
400000,799.9999999949063,-31615.81198389188,299.1037937134205,1.045945081279085,452
405000,809.9999999946698,-31154.723179322405,309.66231813186715,1.0325019104703952,452
410000,819.9999999944333,-31182.140493310028,297.37284740112744,1.033103811573348,452
415000,829.9999999941969,-31343.169992611336,305.5357861587216,1.048002351822741,452
420000,839.9999999939604,-31360.123761271563,295.29711894222515,1.0325991474695866,452
425000,849.9999999937239,-31353.04909033398,303.8397657797688,1.0337090679759686,452
430000,859.9999999934874,-31258.627078782098,301.3666336931147,1.0275482165874952,452
435000,869.999999993251,-31099.5275028006,302.6277855002831,1.0276680685019328,452
440000,879.9999999930145,-31035.710193372855,295.36908342085576,1.0270025297382912,452
445000,889.999999992778,-31398.15070306664,302.149482402075,1.0484171898037264,452
450000,899.9999999925416,-31546.091701450845,300.10674170041193,1.041339947726208,452
455000,909.9999999923051,-30996.93708149914,305.4111808171874,1.0476624658197868,452
460000,919.9999999920686,-31167.40765394582,294.41170195399917,1.0379920928513733,452
465000,929.9999999918322,-31632.100012801413,297.47785778228035,1.0382914499472584,452
470000,939.9999999915957,-30930.853185613058,293.65668545384943,1.0299943186190363,452
475000,949.9999999913592,-31086.64830659199,302.48040658956205,1.015526252416243,452
480000,959.9999999911228,-31199.042615690938,311.28393193030206,1.0320840982536652,452
485000,969.9999999908863,-31277.156447906862,295.0283520622976,1.0306757588182165,452
490000,979.9999999906498,-31787.5946623465,302.33105073921797,1.049454063051667,452
495000,989.9999999904134,-31245.60479628743,304.00846462760103,1.0318887905639667,452
500000,999.9999999901769,-31169.879448712192,308.476193121569,1.0179956503992935,452
505000,1009.9999999899404,-31619.13758393016,296.3305350575245,1.02952788895344,452
510000,1019.999999989704,-31392.720519342955,305.0887264592618,1.0283363968647248,452
515000,1029.9999999894676,-31370.044775620045,291.1068403571172,1.0319490803103268,452
520000,1039.9999999892311,-31091.827462978894,298.896292580046,1.023592182244026,452
525000,1049.9999999889947,-31408.5296229143,304.8957616466449,1.0357548487845174,452
530000,1059.9999999887582,-31558.970739180193,303.461472568373,1.0453651625760663,452
535000,1069.9999999885217,-31326.89422242873,298.00087460313887,1.0175637441509122,452
540000,1079.9999999882853,-31443.156215431547,308.7888209266625,1.0566419818290587,452
545000,1089.9999999880488,-31646.12863976255,301.4890295138937,1.051921005812152,452
550000,1099.9999999878123,-31017.549241947185,306.2968303865455,1.0369913148604908,452
555000,1109.9999999875758,-31165.344137526263,295.3416388472654,1.030086645717606,452
560000,1119.9999999873394,-31173.088811821654,287.4453155941267,1.037666945531055,452
565000,1129.999999987103,-30851.3825312072,300.66974309423426,1.0292107378089481,452
570000,1139.9999999868664,-31197.169378730934,306.6531446809558,1.0201930973282098,452
575000,1149.99999998663,-31540.977633799455,299.5750224688599,1.0390405980806827,451
580000,1159.9999999863935,-31596.962505739648,292.5269613680907,1.0382373223878565,451
585000,1169.999999986157,-31268.11528770905,297.63062482256225,1.0368792945675531,451
590000,1179.9999999859206,-31436.025983473897,304.41831134592127,1.0460388525223396,451
595000,1189.999999985684,-31287.893623807264,300.5297873979801,1.0311189856934349,451
600000,1199.9999999854476,-31262.253659367183,291.88877812331003,1.033102087584008,451
605000,1209.9999999852112,-31506.89241612912,302.3526614027443,1.0319232682162027,451
610000,1219.9999999849747,-31462.77867165557,296.2649471782662,1.0375097175898567,451
615000,1229.9999999847382,-31134.896999433986,299.7150556921581,1.0277309119719975,451
620000,1239.9999999845018,-31323.72793881569,308.2506475686941,1.0230300199762645,451
625000,1249.9999999842653,-30971.579464750044,295.48863012276627,1.023260089886269,451
630000,1259.9999999840288,-31117.321870408225,303.84755724769485,1.0167185497403075,451
635000,1269.9999999837923,-31368.10423005707,299.0236888951656,1.0323136860718025,450
640000,1279.9999999835559,-31347.41328423703,310.2291958778916,1.0488058925283612,450
645000,1289.9999999833194,-31298.82430986702,302.266083076312,1.043865965355103,450
650000,1299.999999983083,-31096.408759414684,306.9825958546061,1.0303023738208095,450
655000,1309.9999999828465,-31165.566757207096,313.6043551219573,1.040036038834624,450
660000,1319.99999998261,-31290.88856895003,306.3254766293185,1.035129464117514,450
665000,1329.9999999823735,-31158.931115267915,306.70295580675185,1.0267248170637637,450
670000,1339.999999982137,-31262.129619996296,301.5514581661073,1.043070296830624,450
675000,1349.9999999819006,-31504.761332451773,294.6204435200783,1.042245181524391,450
680000,1359.9999999816641,-30896.337593312288,308.08460402212023,1.033975675180425,450
685000,1369.9999999814277,-31502.95174055046,312.47530939783394,1.031480206328028,450
690000,1379.9999999811912,-31159.15948526436,300.70904930556287,1.0307873021371057,450
695000,1389.9999999809547,-31627.442819314077,299.90255484817015,1.0344033507232047,450
700000,1399.9999999807183,-31438.346764578717,305.0741126114602,1.0254680064062949,450
705000,1409.9999999804818,-31368.438628737145,293.85765493376346,1.0325437254999938,450
710000,1419.9999999802453,-31184.2840027138,305.7751121436747,1.0426632839018177,450
715000,1429.9999999800089,-30965.54741866194,297.4393849866753,1.036057399713504,450
720000,1439.9999999797724,-31106.28280245044,301.0916065043809,1.0314373397041017,450
725000,1449.999999979536,-31476.946981647692,302.8081134047214,1.0361289428930611,450
730000,1459.9999999792994,-31501.587992996705,308.3487192794053,1.0383104966923922,450
735000,1469.999999979063,-31060.981126021652,298.0104491930778,1.0409112883633984,450
740000,1479.9999999788265,-31421.193418396637,300.25103891113235,1.0330977722766101,450
745000,1489.99999997859,-31133.917237407906,301.52655260320927,1.021676354774486,450
750000,1499.9999999783536,-31665.58392608576,297.741042715037,1.039922115998661,450
755000,1509.999999978117,-31229.678120004624,298.08373163145717,1.0296804931160246,450
760000,1519.9999999778806,-31362.685238348728,302.0348780492221,1.0220643280775243,450
765000,1529.9999999776442,-31684.84899375803,296.0022855530569,1.0450257391053996,450
770000,1539.9999999774077,-31487.72502257992,301.2130913823924,1.0335008943134636,450
775000,1549.9999999771712,-31276.781205403502,304.22404795531673,1.0318800285258818,450
780000,1559.9999999769348,-31258.264926941774,307.5693205239048,1.042911319338427,450
785000,1569.9999999766983,-31192.244571397867,298.46070688310425,1.0226918948237107,450
790000,1579.9999999764618,-31330.591361503,300.93343195277714,1.0354871067065505,450
795000,1589.9999999762254,-31519.957767284213,311.42869430328676,1.04171791963837,450
800000,1599.9999999759889,-31522.767105004226,293.52114879910556,1.0417876069962746,450
805000,1609.9999999757524,-31220.350482508686,306.15309524689434,1.0428507903977926,450
810000,1619.999999975516,-31662.797963154357,308.5173599819545,1.0522737607065282,450
815000,1629.9999999752795,-31012.10308862076,294.6817674119144,1.0232551110259835,450
820000,1639.999999975043,-31182.914326949016,288.13751580684266,1.0270384341315133,450
825000,1649.9999999748065,-31081.264219806937,301.41493304155193,1.0319180067511655,450
830000,1659.99999997457,-31367.78808978037,299.36000121221343,1.0443510091324457,450
835000,1669.9999999743336,-31555.641162654123,298.55342922777675,1.044210790784715,450
840000,1679.9999999740971,-30981.51217012282,283.8872119078863,1.0418631534377616,450
845000,1689.9999999738607,-31224.973120792158,307.6188215415247,1.0354367672785378,450
850000,1699.9999999736242,-31538.71753204253,292.97971930528746,1.0470621805422187,450
855000,1709.9999999733877,-31383.157224159193,289.2824739567553,1.0472837354538966,450
860000,1719.9999999731513,-31289.73597536594,296.1830398562373,1.030752136842823,450
865000,1729.9999999729148,-30838.815396407183,300.7952787602969,1.0204224122240793,450
870000,1739.9999999726783,-31594.414943314885,298.2987916516256,1.0385320585875215,450
875000,1749.9999999724419,-31256.69490862562,299.3097830694362,1.0388393359102894,450
880000,1759.9999999722054,-31511.937778240128,308.0674317818653,1.036768817095851,450
885000,1769.999999971969,-31495.922207086172,302.8249367732781,1.0288288312345315,450
890000,1779.9999999717324,-31441.59946667924,299.4130103285762,1.028457025045229,450
895000,1789.999999971496,-31361.60165467739,299.5581215732591,1.0129928018749548,450
900000,1799.9999999712595,-31457.986393089348,305.7499158543615,1.0365047472936264,450
905000,1809.999999971023,-31329.805541991664,296.85225330039526,1.0304634781175162,450
910000,1819.9999999707866,-31351.001663591247,306.9452084376175,1.0335518020392593,450
915000,1829.99999997055,-31380.918059329735,297.08270243880577,1.0266213994831968,450
920000,1839.9999999703136,-31604.106316546648,299.59446237515306,1.0346667273603312,450
925000,1849.9999999700772,-31433.13590651742,302.85164483995015,1.0316424042818801,450
930000,1859.9999999698407,-31338.795143859315,294.3973206873297,1.0483702306383325,450
935000,1869.9999999696042,-31423.99409292519,298.2187449786538,1.0395772540129706,450
940000,1879.9999999693678,-31250.204545700573,299.85047605633594,1.0450277939228432,450
945000,1889.9999999691313,-31329.927098527376,301.2495872383745,1.0320610863727886,450
950000,1899.9999999688948,-31536.873145521502,304.43077381825077,1.039772842307658,450
955000,1909.9999999686584,-31632.03663973909,294.2136785017587,1.0330291382836574,450
960000,1919.999999968422,-31185.445401800127,301.4561774289815,1.033950410908987,450
965000,1929.9999999681854,-31111.079633417015,296.0385100643848,1.0304371523375304,450
970000,1939.999999967949,-30829.430254760373,298.8004303900899,1.0140977472734332,450
975000,1949.9999999677125,-31174.755282505852,301.05359887104,1.02104828696052,450
980000,1959.999999967476,-31469.821342944837,296.1895908914588,1.0265764324563373,450
985000,1969.9999999672395,-31342.46421250049,305.03870213409465,1.0316889709128656,450
990000,1979.999999967003,-31121.621763086936,307.88235534597953,1.0343147877415826,450
995000,1989.9999999667666,-31046.57309303293,305.7561567814068,1.027532156376981,450
1000000,1999.9999999665301,-31320.8416855119,302.07540531149425,1.041645683119276,450
1005000,2009.9999999662937,-31541.089300424937,296.9968412375308,1.043142977452516,450
1010000,2019.9999999660572,-31445.511910093715,296.4606060556635,1.0521765247356205,450
1015000,2029.9999999658207,-31283.85513534813,302.7476035468477,1.0328696514922824,450
1020000,2039.9999999655843,-31524.19940741564,300.1504863350118,1.0545510800147697,450
1025000,2049.999999965348,-31200.058721325127,304.6826979478605,1.0370605962558566,450
1030000,2059.9999999651113,-31195.93742564018,300.9023048445949,1.0265770799334886,450
1035000,2069.999999964875,-31307.907483505056,292.0800954862411,1.028040704667867,450
1040000,2079.9999999646384,-31337.347040364693,303.5556291633602,1.0404435080962495,450
1045000,2089.999999964402,-31345.16026488578,295.24007841957234,1.0357361409305712,450
1050000,2099.9999999641655,-31689.0324980866,292.240595849166,1.041272001622491,450
1055000,2109.999999963929,-31357.746460796974,293.48913012991676,1.0295163742921731,450
1060000,2119.9999999636925,-31344.212947597203,294.2630438470515,1.0416632967836312,450
1065000,2129.999999963456,-31399.559007178294,297.5075894036699,1.039668227921039,450
1070000,2139.9999999632196,-31268.036516703025,309.09617689276115,1.0336980000245062,450
1075000,2149.999999962983,-31188.492825361667,301.9681660278252,1.0360928031186614,450
1080000,2159.9999999627466,-31340.82087818865,294.2543220545969,1.0418390298480809,450
1085000,2169.99999996251,-31179.307497170375,301.90503963221516,1.031991369479416,450
1090000,2179.9999999622737,-31368.240034137125,297.8103712741702,1.037951530267007,450
1095000,2189.9999999620372,-31403.733907055313,289.53309950837735,1.0224721290116527,450
1100000,2199.9999999618008,-31399.92229570108,295.55088433913085,1.024083496450656,449
1105000,2209.9999999615643,-31235.219029440865,299.57907325691104,1.0317498812765626,449
1110000,2219.999999961328,-31365.470603512396,290.36368549470563,1.037853526269774,449
1115000,2229.9999999610914,-31100.88937218042,302.21576802472964,1.0260777343240388,449
1120000,2239.999999960855,-31392.15308004478,299.3805071153622,1.0345235878484558,449
1125000,2249.9999999606184,-31190.672397260234,309.43481502113025,1.0403093023329266,449
1130000,2259.999999960382,-31182.16893888064,289.5861861517841,1.0280218609997667,449
1135000,2269.9999999601455,-31478.289557094977,295.73055326369473,1.0335486231061626,449
1140000,2279.999999959909,-31210.323568989494,306.1322986173305,1.0264446421380153,449
1145000,2289.9999999596726,-31370.143694580358,298.02170999622473,1.030610859280116,449
1150000,2299.999999959436,-31645.310851988703,300.6996491514729,1.0479677604109945,449
1155000,2309.9999999591996,-31461.438180667872,294.93698644089585,1.0390929534754403,449
1160000,2319.999999958963,-31518.12185689874,296.7747262563547,1.0466180186773506,449
1165000,2329.9999999587267,-31319.338113940932,301.50540710194724,1.0272852856228627,449
1170000,2339.99999995849,-31634.709026474884,303.6129991759502,1.0483960211058574,449
1175000,2349.9999999582537,-31015.55289071548,301.47914481577845,1.02720489421695,449
1180000,2359.9999999580173,-31229.61469092648,312.2126477726246,1.0399389653224456,449
1185000,2369.999999957781,-31665.828755130526,301.67241973657156,1.0259644674583022,449
1190000,2379.9999999575443,-31036.10310567968,298.7485647976268,1.0253584453367,449
1195000,2389.999999957308,-31208.792051957687,296.70041658464186,1.0319321437163667,449
1200000,2399.9999999570714,-30907.473292372655,303.54268214700545,1.0239370117826045,449
1205000,2409.999999956835,-31180.422213095502,302.78634768710697,1.039364922943421,449
1210000,2419.9999999565985,-31475.796228684805,302.20743386749524,1.0320073283713942,449
1215000,2429.999999956362,-31449.516309516126,295.6134099001495,1.0432575175298744,449
1220000,2439.9999999561255,-31509.144602837827,306.1846875173409,1.0259790016954593,449
1225000,2449.999999955889,-31277.82559776766,295.6502740095908,1.0357124400132753,449
1230000,2459.9999999556526,-31327.70592191961,307.0149246319709,1.0377299979107752,449
1235000,2469.999999955416,-31105.912834747345,299.17504106689375,1.0349987802355036,449
1240000,2479.9999999551796,-31395.640512724145,296.9010178110967,1.0466983924631414,449
1245000,2489.999999954943,-31285.628107924334,294.84523318427387,1.0372426708734115,449
1250000,2499.9999999547067,-31595.958368849824,295.4338960296737,1.035624435508135,449
1255000,2509.9999999544702,-31547.628620268108,298.886756753629,1.033878912625538,449
1260000,2519.9999999542338,-31251.96586274961,294.31762288605603,1.0298462510042068,449
1265000,2529.9999999539973,-31265.006047183124,287.9188313973653,1.0279858100301027,449
1270000,2539.999999953761,-31146.730672373174,290.5458159029178,1.0302426153338953,449
1275000,2549.9999999535244,-31502.381303873088,296.19641327133434,1.0382366377978465,448
1280000,2559.999999953288,-31399.648562202026,298.95009634861015,1.0292070000727112,448
1285000,2569.9999999530514,-31476.81093768397,293.56768440729087,1.047205126039433,448
1290000,2579.999999952815,-31251.094630428182,289.23355439196575,1.0416951773844323,448
1295000,2589.9999999525785,-31530.607100494555,307.74802036041825,1.0296520964484042,448
1300000,2599.999999952342,-31125.43600747423,293.6639148507062,1.010876259804751,448
1305000,2609.9999999521056,-31126.832388535026,307.10096026909497,1.0283447950128755,448
1310000,2619.999999951869,-31432.456848672475,297.0452956400562,1.0273803202222433,448
1315000,2629.9999999516326,-31773.060703735537,298.16096794908253,1.0472770172736723,448
1320000,2639.999999951396,-31184.8769617567,299.54569786445154,1.035025536744049,448
1325000,2649.9999999511597,-31179.509979510854,305.0788029976246,1.0310426345887043,448
1330000,2659.999999950923,-31103.668569034693,306.2781657506927,1.030753247425195,448
1335000,2669.9999999506867,-31195.445138503128,302.9449486374529,1.0331908048012541,448
1340000,2679.9999999504503,-31054.630622058234,309.5643045664389,1.0289036419062798,448
1345000,2689.999999950214,-30960.775852992432,298.247856383691,1.0301194331274124,448
1350000,2699.9999999499773,-31445.670983972697,307.6099640767431,1.0320800660771952,448
1355000,2709.999999949741,-31388.62062282156,307.1318547961451,1.0456294211168486,448
1360000,2719.9999999495044,-31643.876778942824,292.4783131479553,1.042633606355479,448
1365000,2729.999999949268,-31273.512634362443,294.81210975470754,1.0504097208627516,448
1370000,2739.9999999490315,-31441.693589764385,301.3818096119856,1.0450657154554095,448
1375000,2749.999999948795,-31312.030203995033,299.48759134494316,1.0389175699425972,448
1380000,2759.9999999485585,-31490.32568602552,295.40362171897584,1.0408815366912998,448
1385000,2769.999999948322,-31247.29736029482,296.6670024286604,1.048232223679074,448
1390000,2779.9999999480856,-31462.401084895275,299.5684714336385,1.052089561006522,448
1395000,2789.999999947849,-31149.416653886117,298.48574811832935,1.0548486513127742,448
1400000,2799.9999999476127,-31291.46166002567,310.89964975475414,1.0409928192662155,448
1405000,2809.999999947376,-31221.04143595739,294.9303772603914,1.0367134395217843,448
1410000,2819.9999999471397,-31358.602960291057,311.723762232905,1.0391971378257416,448
1415000,2829.9999999469032,-31716.31552482993,306.561740296032,1.0534538611338946,448
1420000,2839.999999946667,-31040.041921295488,311.1701222296506,1.044637455998499,448
1425000,2849.9999999464303,-31857.976755632524,295.1960430585573,1.0478760362726611,448
1430000,2859.999999946194,-31450.25739941714,293.08833469398826,1.0427158840209334,448
1435000,2869.9999999459574,-31588.695810476434,296.0019172995976,1.0421532745655069,448
1440000,2879.999999945721,-31118.026483571768,297.74141096849615,1.0361100991305956,448
1445000,2889.9999999454844,-31128.757669535436,304.0632374842156,1.0317613063001525,448
1450000,2899.999999945248,-31139.92454631391,309.7946374142834,1.0539914392551115,448
1455000,2909.9999999450115,-31056.061573540443,302.63522809651096,1.038141033171862,448
1460000,2919.999999944775,-31041.144783942495,293.9129704796864,1.0408220152807983,448
1465000,2929.9999999445386,-31404.76198812874,311.2058428151923,1.035521667530816,448
1470000,2939.999999944302,-31181.875032801094,299.7501754431085,1.0273882902747598,448
1475000,2949.9999999440656,-31186.395191204356,306.33540009095566,1.0407516495852638,448
1480000,2959.999999943829,-30919.23914227885,299.3398247990019,1.0401018240798678,448
1485000,2969.9999999435927,-31231.88116748823,310.07542098603716,1.034137885035988,448
1490000,2979.999999943356,-31199.228431538417,292.26947467307104,1.0155588484408946,448
1495000,2989.9999999431197,-31048.042136403237,303.015808355706,1.026144776534415,448
1500000,2999.9999999428833,-31509.245210592024,301.7236263491603,1.0377071449563302,448
1505000,3009.999999942647,-31573.5828403029,302.96886573053945,1.0504021982887037,448
1510000,3019.9999999424103,-31581.143101552385,294.3942971326121,1.033524458878953,448
1515000,3029.999999942174,-31490.639484903542,303.55723784952403,1.0330643991250525,448
1520000,3039.9999999419374,-31457.636592374707,304.0148412269733,1.0371411204432817,448
1525000,3049.999999941701,-31215.773494662455,303.1829566626574,1.0417824283128014,448
1530000,3059.9999999414645,-31542.261835433193,297.3266219011183,1.042349127411304,448
1535000,3069.999999941228,-31242.192779686535,298.0019793635164,1.04428823914877,448
1540000,3079.9999999409915,-31201.91047338248,298.6948773196287,1.0452554395809281,448
1545000,3089.999999940755,-31167.902784594655,309.73337166773035,1.0427526902410877,448
1550000,3099.9999999405186,-31015.76919165146,299.96488659157876,1.0311478128393072,448
1555000,3109.999999940282,-31366.54327114657,304.46056358492336,1.0165134006085197,448
1560000,3119.9999999400457,-31429.58094896638,301.63229949128055,1.031340076975164,448
1565000,3129.999999939809,-31218.13836415764,301.87972705233597,1.0258626133990707,448
1570000,3139.9999999395727,-31460.43833478185,300.181419625584,1.0462595263703156,448
1575000,3149.9999999393362,-31412.52982836499,287.27650045572847,1.0415107378424386,448
1580000,3159.9999999391,-31463.520480581734,293.8712609299926,1.039805146967638,448
1585000,3169.9999999388633,-31532.53250050862,297.81126283517665,1.042660014739889,448
1590000,3179.999999938627,-31250.51342571774,293.78945051676885,1.0368167347643755,448
1595000,3189.9999999383904,-31302.36387564204,299.95168761233083,1.0292761830254462,448
1600000,3199.999999938154,-31565.30973243105,299.2790048329521,1.0522111630339959,448
1605000,3209.9999999379174,-31604.111547093053,299.5678705990472,1.045054733670161,448
1610000,3219.999999937681,-31668.957448926027,310.0065769709292,1.052925930171403,448
1615000,3229.9999999374445,-31766.286531599297,305.12359424731903,1.0521528298401583,448
1620000,3239.999999937208,-31287.73663402564,299.2792761776062,1.033527005743053,448
1625000,3249.9999999369716,-31350.946624352888,307.5476323333345,1.036396697418903,448
1630000,3259.999999936735,-31303.012794190785,303.07647326766767,1.0398354620118142,448
1635000,3269.9999999364986,-31743.986973876657,315.55169879592853,1.0579507382365105,448
1640000,3279.999999936262,-31496.82280819671,294.4415111024328,1.0458734464303476,448
1645000,3289.9999999360257,-31642.711621419847,297.9586223641367,1.0695060776681695,448
1650000,3299.999999935789,-31501.49892988993,295.8188178033349,1.0392101449421232,448
1655000,3309.9999999355528,-31636.68671177997,292.2211753246338,1.0328836322619739,448
1660000,3319.9999999353163,-31519.092251409747,296.92892754695134,1.0327203004233332,448
1665000,3329.99999993508,-31189.824413041526,309.4703224073008,1.0329029569990376,448
1670000,3339.9999999348433,-31730.09674819419,294.95330588366636,1.049839201540833,448
1675000,3349.999999934607,-31837.542712999944,309.82644288410097,1.0432849050182178,448
1680000,3359.9999999343704,-31319.84821400774,299.7004418443565,1.0367118879758481,448
1685000,3369.999999934134,-31373.21359553482,302.9025413443627,1.0324314588486259,448
1690000,3379.9999999338975,-31470.22281714203,301.9202736963691,1.0418366999505444,448
1695000,3389.999999933661,-30912.85073339127,304.2498450792212,1.020585325014675,448
1700000,3399.9999999334245,-31417.21078503094,293.4498626821103,1.0298073995299941,448
1705000,3409.999999933188,-31364.675945835945,297.9539513597333,1.0344375230952416,448
1710000,3419.9999999329516,-31293.005600592587,297.02889867024163,1.025878788114466,448
1715000,3429.999999932715,-31595.297211183846,299.984462170199,1.0370150945666623,448
1720000,3439.9999999324787,-31115.532287983136,293.6103436632742,1.0372857444501296,448
1725000,3449.999999932242,-31535.35820735758,297.84023856788684,1.0361759128488286,448
1730000,3459.9999999320057,-31269.82196604513,307.563816103778,1.0304843532666812,448
1735000,3469.9999999317693,-31425.51609697091,304.94189023784907,1.0399482465527796,448
1740000,3479.999999931533,-31438.249513922754,298.37116314723744,1.0495609029953958,448
1745000,3489.9999999312963,-31327.56805792157,301.4523204585405,1.0322388488503484,448
1750000,3499.99999993106,-31337.61610071434,292.80371353355446,1.0275126252471443,448
1755000,3509.9999999308234,-31220.53860149285,294.73196617293064,1.0224135896327875,448
1760000,3519.999999930587,-31895.541058491537,310.22535828921156,1.0428958372239594,448
1765000,3529.9999999303504,-31297.21915382112,293.5585168343331,1.0359400460595316,448
1770000,3539.999999930114,-31398.795760343928,303.97506985338055,1.0398237864495354,448
1775000,3549.9999999298775,-31122.01133420266,293.98092293378795,1.0326202326642466,448
1780000,3559.999999929641,-31108.35094458898,299.79719559531907,1.0357551279551906,448
1785000,3569.9999999294046,-31581.770818708203,301.9970254699693,1.0506232093499,447
1790000,3579.999999929168,-31315.316033612908,301.0635417144382,1.0195734675707535,447
1795000,3589.9999999289316,-31395.75707051714,293.62464740289965,1.0433771551700346,447
1800000,3599.999999928695,-31075.484770821815,300.28925974384435,1.030555377818462,447
1805000,3609.9999999284587,-31684.261438717018,298.728020130956,1.0404506613639708,447
1810000,3619.999999928222,-31247.737117740122,310.8023920780053,1.0453632317414772,447
1815000,3629.9999999279858,-31286.0615306228,298.21541131576004,1.0194766982318786,447
1820000,3639.9999999277493,-31529.334678398503,303.94074475463157,1.0325879574057246,447
1825000,3649.999999927513,-31288.505255371303,300.88232224899343,1.0416852728552153,447
1830000,3659.9999999272763,-31032.1173605301,301.7157573541902,1.028577653143453,447
1835000,3669.99999992704,-31312.221678695845,305.341425859312,1.0425564025315608,447
1840000,3679.9999999268034,-31155.753306571016,299.445106524809,1.038213194174825,447
1845000,3689.999999926567,-31403.405682333047,302.3151576951896,1.0324974918930692,447
1850000,3699.9999999263305,-31449.143806380336,296.7229381909356,1.0397656917702562,447
1855000,3709.999999926094,-31427.47850387555,302.4526906713175,1.0328797784316257,447
1860000,3719.9999999258575,-31201.656900337373,301.5285295428323,1.0350058540212288,447
1865000,3729.999999925621,-31234.15070344266,296.6781081777192,1.0443257220477908,447
1870000,3739.9999999253846,-31420.698471763142,301.0931182817397,1.0458435870025145,447
1875000,3749.999999925148,-31549.453288015182,306.44401547965646,1.0424724441317073,447
1880000,3759.9999999249117,-31454.425366041105,302.8870359355546,1.0378765573309963,447
1885000,3769.999999924675,-31228.061604430142,300.56143781370963,1.0473807313453525,447
1890000,3779.9999999244387,-31037.82750060287,308.7678110977275,1.0432892465133436,447
1895000,3789.9999999242023,-31107.084114238678,293.19332569338013,1.039898496056702,447
1900000,3799.999999923966,-31113.027916492836,299.5168578040685,1.0353902817512248,447
1905000,3809.9999999237293,-31539.378287458967,302.37471784677376,1.0417874351560745,447
1910000,3819.999999923493,-31499.465642484487,298.99108877314654,1.0564733979948464,447
1915000,3829.9999999232564,-31317.280795993516,301.94267901209685,1.0282509905577775,447
1920000,3839.99999992302,-31458.5113560241,293.83827317275336,1.0367363770875884,447
1925000,3849.9999999227834,-31257.45190456463,305.11888447939356,1.0332876627135719,447
1930000,3859.999999922547,-30992.84506834924,298.3161383277297,1.0377101327025038,447
1935000,3869.9999999223105,-31267.45131030839,304.39524705031926,1.0443122652095347,447
1940000,3879.999999922074,-31200.148295947612,308.19075792717274,1.0314601625819557,447
1945000,3889.9999999218376,-31174.188594778592,304.93809141269105,1.0294556917054707,447
1950000,3899.999999921601,-31402.23115607878,290.1478695858578,1.0298050740686346,447
1955000,3909.9999999213646,-31519.68048566641,311.5635332146343,1.0565457308536357,447
1960000,3919.999999921128,-31366.05618370819,296.5968598355647,1.0268106805864634,447
1965000,3929.9999999208917,-31015.92306172321,300.41683049481304,1.026817004370735,447
1970000,3939.9999999206552,-31242.679339453607,309.13028879213897,1.032326194248245,447
1975000,3949.9999999204188,-31256.907395305665,299.09747525933125,1.0403315078008124,447
1980000,3959.9999999201823,-31414.289996099862,302.8502881166794,1.0544109855652202,447
1985000,3969.999999919946,-31358.1696908522,297.7358677848473,1.0265799634249055,447
1990000,3979.9999999197094,-31242.09903700897,301.55027587868574,1.0389713181192892,447
1995000,3989.999999919473,-31401.08808981988,309.6655548859559,1.0364410015411303,447
2000000,3999.9999999192364,-31257.920515727426,300.55678619106726,1.0258991917011353,447
2005000,4009.999999919,-31343.411165004945,304.2873100232538,1.0311041798799463,447
2010000,4019.9999999187635,-31336.31626441161,290.0540812443297,1.0297080528825495,447
2015000,4029.999999918527,-31580.958556791535,302.4566251688026,1.0418691856623858,447
2020000,4039.9999999182905,-31415.825520899176,292.6741852247237,1.0416839855039615,447
2025000,4049.999999918054,-31470.60938909938,298.1964171899701,1.032193314008981,447
2030000,4059.9999999178176,-31451.607084117975,304.8318018353115,1.0449755672266026,447
2035000,4069.999999917581,-31504.56088335553,297.8690592465089,1.0579085469855618,447
2040000,4079.9999999173447,-31589.534897231642,301.4920336868502,1.0361442693349563,447
2045000,4089.999999917108,-31516.621523364884,294.2350953476748,1.0261965789110388,447
2050000,4099.999999917781,-31267.67912602381,296.9838942211761,1.0378791156702736,447
2055000,4109.999999919818,-31367.590062011237,300.9192445037178,1.0299526975505675,447
2060000,4119.999999921855,-31265.06561901243,295.84540957944085,1.046493347712997,447
2065000,4129.999999923893,-31173.489201144635,299.2073116989756,1.039963317892595,447
2070000,4139.99999992593,-31458.302027563303,298.4528378881341,1.0451794533518501,447
2075000,4149.999999927967,-31145.95642582429,293.0078422405132,1.0415265606037878,447
2080000,4159.999999930004,-31511.28211244321,299.6750905009552,1.041932448287659,447
2085000,4169.999999932042,-31211.369876345707,305.1840071963876,1.0354581927156055,447
2090000,4179.999999934079,-31328.159330859256,309.27979969657116,1.0361647406645988,447
2095000,4189.999999936116,-31474.914187746675,302.55903839398013,1.043211386707644,447
2100000,4199.999999938153,-31615.59168460674,295.8369978951624,1.0541887808865804,447
2105000,4209.999999940191,-31565.493604824762,297.1631561287588,1.0434220957044154,447
2110000,4219.999999942228,-31094.256516646914,307.4793503892958,1.029948700954023,447
2115000,4229.999999944265,-31496.088430680597,299.162171577583,1.0349779875332699,447
2120000,4239.9999999463025,-31407.105474857002,301.4480564711182,1.0428383866726163,447
2125000,4249.99999994834,-31194.364885834308,293.52304821168457,1.0452506065015599,447
2130000,4259.999999950377,-31217.9221547576,295.37400638815234,1.0382263275491919,447
2135000,4269.999999952414,-31250.92733025801,295.4845793347152,1.0380576472397798,447
2140000,4279.999999954452,-31518.03618663535,298.04713886667,1.058037392728509,447
2145000,4289.999999956489,-31638.640704875055,300.96265964838045,1.0349764248738036,447
2150000,4299.999999958526,-31318.904570730403,302.8047215965446,1.0383173616940364,447
2155000,4309.999999960563,-31504.543157717853,295.4241663856466,1.0319486058903422,447
2160000,4319.999999962601,-31311.878147423035,302.8393568034697,1.038733075643549,447
2165000,4329.999999964638,-31349.214453089546,310.166941661527,1.0528259308977022,447
2170000,4339.999999966675,-31236.721787983144,304.0883368647238,1.0417587000887538,447
2175000,4349.9999999687125,-31094.05127072739,300.6362514112088,1.0378142280958178,447
2180000,4359.99999997075,-31503.444456172874,294.9120421144758,1.053717115627955,447
2185000,4369.999999972787,-31464.71656714563,301.2499942553557,1.0376233265543344,447
2190000,4379.999999974824,-31682.141793009185,305.28254406936315,1.0293281465813267,447
2195000,4389.999999976862,-31321.54080734632,299.141122985126,1.0238001455220709,447
2200000,4399.999999978899,-30975.862677031924,294.0034445400817,1.0317748200111205,447
2205000,4409.999999980936,-31433.2864955877,298.46128833593457,1.04650099739689,447
2210000,4419.999999982973,-31616.34588959851,288.5769003289424,1.04355464318211,447
2215000,4429.999999985011,-31350.757900027733,307.10848039236686,1.0481325217815862,447
2220000,4439.999999987048,-31347.465383440023,305.5857911021277,1.035097757636203,447
2225000,4449.999999989085,-31203.424858900777,307.2116495062238,1.0203966855273403,447
2230000,4459.999999991122,-31207.72394818827,298.9386998731362,1.0425350955445853,447
2235000,4469.99999999316,-31508.670396874804,303.9832683382878,1.0333154708080556,447
2240000,4479.999999995197,-31373.893561019708,302.70465356444925,1.0374802057954824,447
2245000,4489.999999997234,-31275.380541695427,303.71440454955524,1.0285406987334238,447
2250000,4499.9999999992715,-31125.129301277542,311.8670128285309,1.0294986840926112,447
2255000,4510.000000001309,-31155.284146822174,303.13287419220717,1.0286016753987253,447
2260000,4520.000000003346,-31171.320134544105,296.1335776021395,1.0222875796653719,447
2265000,4530.000000005383,-31544.173088253854,306.2215128632601,1.0423726677739078,447
2270000,4540.000000007421,-31555.692479920108,300.470285391679,1.0270835110187908,447
2275000,4550.000000009458,-31167.768569621665,309.730852038799,1.0322024608373828,447
2280000,4560.000000011495,-31068.955659799336,308.9957018436846,1.0438814951360535,447
2285000,4570.000000013532,-31504.316277085018,302.9784015569564,1.0362653912746689,447
2290000,4580.00000001557,-31055.279878842615,304.44009644529666,1.03018926092499,447
2295000,4590.000000017607,-31023.4056363313,301.91193953913483,1.0398377429054109,447
2300000,4600.000000019644,-31331.941664887243,305.5528421084105,1.0367187636713588,447
2305000,4610.000000021681,-31503.47063204358,309.4218292412534,1.0430312995318252,447
2310000,4620.000000023719,-31506.840912195505,302.2602491662479,1.0473418452608991,447
2315000,4630.000000025756,-31287.330227001774,303.2266625337352,1.0262614649226949,447
2320000,4640.000000027793,-31534.517958152166,302.3717718191002,1.0361361302891317,447
2325000,4650.0000000298305,-31129.440468472167,288.47553371885937,1.0315397732290863,447
2330000,4660.000000031868,-31517.10728327572,298.82508399009475,1.031715306273018,447
2335000,4670.000000033905,-31544.136148266523,303.63389271431913,1.0421352060676428,447
2340000,4680.000000035942,-31222.526338600263,306.9379596589997,1.046714788342212,447
2345000,4690.00000003798,-31333.52386746937,301.4901730377932,1.0292579118931344,447
2350000,4700.000000040017,-31544.29711834941,302.70944085941875,1.0468111334988386,447
2355000,4710.000000042054,-31240.979792885337,301.4722449088589,1.0370922663122886,447
2360000,4720.000000044091,-31339.00797376546,289.2737134007787,1.0381979355448485,447
2365000,4730.000000046129,-31376.54546863481,309.91085045330016,1.0437090044158106,447
2370000,4740.000000048166,-31237.72390566676,303.04177991545953,1.0290299544821655,447
2375000,4750.000000050203,-31440.821423677175,301.31660936794754,1.0449017613525218,447
2380000,4760.0000000522405,-31234.579263774795,299.03694601969653,1.0253675882658848,447
2385000,4770.000000054278,-31391.000319730723,301.12924588426256,1.0341197176138732,447
2390000,4780.000000056315,-31153.11860763628,306.7420875822313,1.035235188155672,447
2395000,4790.000000058352,-31575.14298510761,294.84639608993444,1.0236958140143977,447
2400000,4800.0000000603895,-31439.159385055944,299.78017840915214,1.0381808395882666,447
2405000,4810.000000062427,-31283.754943311273,306.11274242047125,1.0356390985293253,447
2410000,4820.000000064464,-31241.639336583467,298.66398279257857,1.036658109402388,447
2415000,4830.000000066501,-31270.80731289173,305.42201522159206,1.0241147036710578,447
2420000,4840.000000068539,-31245.278103997145,299.2033772014906,1.0449695252528681,447
2425000,4850.000000070576,-31529.118079059903,301.23788065472434,1.03419292852614,447
2430000,4860.000000072613,-31373.875842888257,299.04964107315817,1.0251113009953945,447
2435000,4870.00000007465,-31279.216564103495,295.44521497810354,1.0289732645575873,447
2440000,4880.000000076688,-31243.9745016362,295.85366620963117,1.039137139521916,447
2445000,4890.000000078725,-31111.492726945085,301.15318235911,1.0516031767156653,447
2450000,4900.000000080762,-31271.937134975422,296.8301193293217,1.0493400967995814,447
2455000,4910.0000000827995,-31054.59354348213,293.5146365274062,1.0499209820751734,447
2460000,4920.000000084837,-31386.959497336415,296.67397986262404,1.0447374072474407,447
2465000,4930.000000086874,-31442.342159448017,303.41609986584825,1.0459008558413363,447
2470000,4940.000000088911,-31590.98852652,294.44127852130066,1.0371384453939523,447
2475000,4950.000000090949,-31245.724816770206,296.3942622877258,1.0217475781974004,447
2480000,4960.000000092986,-31470.019784344593,306.88411712691357,1.0349074027674938,447
2485000,4970.000000095023,-31078.79770396705,304.53549347298855,1.024375115697003,447
2490000,4980.00000009706,-31227.682830595353,289.9882607839394,1.0328424471660982,447
2495000,4990.000000099098,-31209.388991943124,297.82630308172054,1.0250787086785171,447
2500000,5000.000000101135,-31304.191334928328,300.59657694642107,1.0530678986640176,447
