#"Step","Time (ps)","Potential Energy (kJ/mole)","Temperature (K)","Density (g/mL)","Speed (ns/day)"
505000,1009.9999999899404,-31322.05991174886,305.44197843543253,1.0423347702857815,0
510000,1019.999999989704,-31295.031227461615,291.24879237475545,1.0426767874765352,438
515000,1029.9999999894676,-31527.14177768267,297.74637269931475,1.0382969562923723,442
520000,1039.9999999892311,-31626.193866966234,303.30269718217795,1.038139277551467,442
525000,1049.9999999889947,-31749.450253186485,307.51888918175644,1.0460444490590504,444
530000,1059.9999999887582,-31199.83218404607,300.6967418873214,1.0237740766773207,445
535000,1069.9999999885217,-31369.526061233017,298.8386512228019,1.0467786096280756,445
540000,1079.9999999882853,-31212.962310565956,312.50190117393987,1.0377818328388932,446
545000,1089.9999999880488,-31474.574596686696,296.92185320418264,1.0473747907035333,446
550000,1099.9999999878123,-31663.612539802154,308.4852250221997,1.039695982168655,446
555000,1109.9999999875758,-31214.666182438843,303.5157996444844,1.0418408084978932,446
560000,1119.9999999873394,-31403.9581396243,304.42379638428713,1.0282358346908231,446
565000,1129.999999987103,-31718.081359339936,304.65449748559075,1.0371384380852673,445
570000,1139.9999999868664,-31228.936063928093,308.2597569963688,1.0405785463748265,445
575000,1149.99999998663,-31116.233669419045,306.1637552154499,1.027890023076711,446
580000,1159.9999999863935,-31167.821104065602,306.67727497341343,1.0251402072432323,446
585000,1169.999999986157,-31511.88986291713,296.058027497722,1.0354655875190997,445
590000,1179.9999999859206,-31681.08283699272,305.7408064266868,1.0427240404381608,446
595000,1189.999999985684,-31493.27200727351,308.69679632538634,1.0459454248948796,446
600000,1199.9999999854476,-31674.61120321328,307.3346849251161,1.0483947764739168,446
605000,1209.9999999852112,-31927.720949391456,302.88781120599504,1.0469157357874752,446
610000,1219.9999999849747,-31419.563508167397,301.7788449862782,1.0321867111958924,445
615000,1229.9999999847382,-31434.987141822057,306.4303513381443,1.0291061997871582,445
620000,1239.9999999845018,-31351.004632734286,301.7455277391018,1.023208389597978,446
625000,1249.9999999842653,-31491.04821277724,307.8427584082358,1.0465587508297423,446
630000,1259.9999999840288,-31073.59681598749,305.59296235370147,1.0397076235805085,446
635000,1269.9999999837923,-31362.53013505781,309.8558256337924,1.0342060866725964,446
640000,1279.9999999835559,-31389.672848798742,294.2878912646665,1.031600150124829,446
645000,1289.9999999833194,-31402.07495038418,296.9777695846969,1.043261437130588,445
650000,1299.999999983083,-31393.002171320986,293.90653573503107,1.035314624109663,445
655000,1309.9999999828465,-31306.41948334154,307.93641107743673,1.0434093003381804,445
660000,1319.99999998261,-31454.976574932778,295.6498282290876,1.0389931351536805,446
665000,1329.9999999823735,-31781.27344168164,302.09011606810094,1.0391934042148325,446
670000,1339.999999982137,-31693.437648764404,301.120621000613,1.0371207782494667,446
675000,1349.9999999819006,-31314.503202764376,302.7382227745188,1.0363526297105714,446
680000,1359.9999999816641,-31328.5487699472,295.89149940712286,1.034981229411259,446
685000,1369.9999999814277,-31304.30559101462,297.8034713672506,1.0337957441449324,446
690000,1379.9999999811912,-31516.756976584118,302.8770155651124,1.0335500943510025,446
695000,1389.9999999809547,-31160.99592011489,293.48839362299844,1.022140836243069,446
700000,1399.9999999807183,-31361.665916145488,294.3336709841724,1.0327085723847669,446
705000,1409.9999999804818,-31478.448551722046,300.5342452030124,1.0477968606560775,446
710000,1419.9999999802453,-31613.128993124003,294.58706812761886,1.044215545059024,446
715000,1429.9999999800089,-31305.7266929443,305.756544416627,1.0441523093308736,446
720000,1439.9999999797724,-31272.60956356066,312.9999349048563,1.0400900445565642,446
725000,1449.999999979536,-31794.922873876378,297.91359853331016,1.049581741109948,446
730000,1459.9999999792994,-31376.698684730334,303.8022814539752,1.024776649563808,446
735000,1469.999999979063,-31310.988643361925,306.3133824104481,1.0408290781624807,446
740000,1479.9999999788265,-31831.543151509366,307.0926454936216,1.0331647843363423,446
745000,1489.99999997859,-31745.712555174105,298.9814754196856,1.042631138794423,446
750000,1499.9999999783536,-31153.472263672535,290.4003170230148,1.035143365554325,446
755000,1509.999999978117,-31668.12784726551,293.8844405274795,1.044136388099328,446
760000,1519.9999999778806,-31572.712545562856,299.2977857593709,1.031570903364434,446
765000,1529.9999999776442,-31568.332872855477,299.03022054862606,1.06368586940885,446
770000,1539.9999999774077,-31397.35060283984,302.2333666637268,1.023952762187262,446
775000,1549.9999999771712,-31464.241075601953,301.9733797215369,1.040615742751507,446
780000,1559.9999999769348,-31218.562623277307,291.609506328915,1.0347458791186992,446
785000,1569.9999999766983,-31163.192927285185,291.70141463962506,1.0490533096460404,447
790000,1579.9999999764618,-31603.263504637493,301.8193722485504,1.0386615345046772,447
795000,1589.9999999762254,-31718.239564982883,306.5437346400536,1.0401630393943662,446
800000,1599.9999999759889,-31682.801913287636,283.943961704124,1.0369305564530147,447
805000,1609.9999999757524,-31466.055227343924,306.53751309476934,1.0310289611785426,446
810000,1619.999999975516,-31485.51339649287,304.8714956818602,1.0497081923933382,446
815000,1629.9999999752795,-31550.11779564497,301.1529110144559,1.0463753606115462,446
820000,1639.999999975043,-31076.200033960922,298.88231833035775,1.0044439610905078,446
825000,1649.9999999748065,-31220.525086330774,304.6202305321248,1.0387566783146565,446
830000,1659.99999997457,-31428.44495985651,304.98226244603313,1.0467750293099154,446
835000,1669.9999999743336,-31213.064838042716,292.7965035184587,1.0461485953356917,446
840000,1679.9999999740971,-31552.92036963455,302.7186084323766,1.0377710270087952,446
845000,1689.9999999738607,-31205.003242712846,293.4006523909056,1.0253279714034074,446
850000,1699.9999999736242,-31611.89720433578,294.2246291967294,1.016386568463357,446
855000,1709.9999999733877,-31347.06217798154,310.56072089996997,1.0295052298817604,446
860000,1719.9999999731513,-31538.286679915676,303.4299384432095,1.040344736415379,446
865000,1729.9999999729148,-31517.75004988414,299.56856834244354,1.0416920781287895,446
870000,1739.9999999726783,-31549.130654441717,305.0333140045338,1.042231374775821,446
875000,1749.9999999724419,-31271.683002662234,300.5825057879277,1.0170373897097214,446
880000,1759.9999999722054,-31166.832890122605,298.7057311057944,1.0250879402839053,446
885000,1769.999999971969,-31321.520798500365,292.70124216309387,1.029596199324869,446
890000,1779.9999999717324,-31734.5966092803,293.25174232106474,1.0475408595797304,446
895000,1789.999999971496,-31430.561849145946,295.7016356762677,1.0374745667837597,446
900000,1799.9999999712595,-31983.049515598686,294.79255355784835,1.0418812017271815,446
905000,1809.999999971023,-31243.223624145874,313.4508321929961,1.0307612833833766,446
910000,1819.9999999707866,-31188.419361580483,298.65436943911754,1.0341272970832063,446
915000,1829.99999997055,-31544.40594830975,296.1101838166003,1.040150562737974,446
920000,1839.9999999703136,-31406.840887295926,300.0832703878287,1.0363505374813762,446
925000,1849.9999999700772,-31308.7578670895,296.0683773581014,1.027409304504591,446
930000,1859.9999999698407,-31772.381289962097,289.9794420826797,1.0492634018195004,446
935000,1869.9999999696042,-31244.437018194323,305.16586586808216,1.0238836870815717,446
940000,1879.9999999693678,-31061.234610505926,297.75441613013396,1.0389806599555353,446
945000,1889.9999999691313,-31292.492707309895,306.02286919466724,1.0486241816570645,446
950000,1899.9999999688948,-31259.48859871729,301.8463128963545,1.0460062579201281,446
955000,1909.9999999686584,-31399.530954134767,299.1671333084016,1.0279963568229824,446
960000,1919.999999968422,-31492.116460389487,297.62701981501436,1.0369048584263756,446
965000,1929.9999999681854,-31512.50122118488,299.88918143307313,1.0424092079168688,446
970000,1939.999999967949,-31115.863148006232,299.7117995563084,1.030484616494738,446
975000,1949.9999999677125,-31906.158047437028,294.13372873759187,1.0429350067956744,446
980000,1959.999999967476,-31728.53687240515,299.1806617775867,1.0434182214536367,446
985000,1969.9999999672395,-31254.08984082032,295.73035944608466,1.0355716783975668,446
990000,1979.999999967003,-31646.300343104755,302.5891770323509,1.0469366635437019,446
995000,1989.9999999667666,-31343.934176918294,293.6952357764986,1.0381614743224457,446
1000000,1999.9999999665301,-31403.730952014215,301.53415025352524,1.030025462563477,446
1005000,2009.9999999662937,-31402.76105181637,295.6645002221722,1.0281150274296884,446
1010000,2019.9999999660572,-31215.221321185614,300.9323078106386,1.0358288803865954,446
1015000,2029.9999999658207,-31494.84654339694,291.4153398471155,1.0331893352273633,446
1020000,2039.9999999655843,-31493.147261667444,297.75873826283924,1.0439270974610395,446
1025000,2049.999999965348,-30970.04178282019,302.0471467039415,1.0263229042464057,446
1030000,2059.9999999651113,-31546.05975800348,300.6314641162393,1.0441419517234285,446
1035000,2069.999999964875,-31697.511640831683,309.06828653866756,1.0391304224751936,445
1040000,2079.9999999646384,-31581.382364089484,303.34210030231156,1.048417300249739,445
1045000,2089.999999964402,-31408.129192945256,297.32059417344414,1.0455252130828918,445
1050000,2099.9999999641655,-31522.60414187913,302.1542890788055,1.0361460248995424,445
1055000,2109.999999963929,-31576.950272658403,299.74339182675493,1.0404732271104524,446
1060000,2119.9999999636925,-31334.897942211537,296.191955466302,1.037438547220341,445
1065000,2129.999999963456,-31134.46667443693,305.68700265812265,1.0343087222475034,446
1070000,2139.9999999632196,-31564.102930650348,297.7205949571713,1.0381253703746458,446
1075000,2149.999999962983,-31682.786465910496,300.59320452000526,1.0504116321045325,446
1080000,2159.9999999627466,-31527.995485648134,303.3532448148924,1.0373982706333513,446
1085000,2169.99999996251,-31272.372280127427,299.2265190241367,1.0396804855270916,445
1090000,2179.9999999622737,-31333.889106591698,305.4787650178298,1.026473054844006,446
1095000,2189.9999999620372,-31484.179025869,302.1741553838409,1.046003885010607,446
1100000,2199.9999999618008,-31440.343455309252,293.32438516133067,1.0618628110206652,446
1105000,2209.9999999615643,-31296.396696537064,298.2786540019361,1.0272181978740178,446
1110000,2219.999999961328,-31317.97011546808,307.4512080723091,1.046683537087334,445
1115000,2229.9999999610914,-31800.227693135326,309.9025356778268,1.0489337346053922,446
1120000,2239.999999960855,-31600.817564078665,301.50244169251266,1.0471159900635392,446
1125000,2249.9999999606184,-31306.620819215197,300.7693072005433,1.0423209463834093,446
1130000,2259.999999960382,-31314.683383209573,300.37126397467824,1.0280090149626968,446
1135000,2269.9999999601455,-31368.356747737125,301.0836406006057,1.0392333874325999,446
1140000,2279.999999959909,-31085.603102737805,287.71165975392796,1.0215262096390518,446
1145000,2289.9999999596726,-31614.65432996489,301.41024265538744,1.0191324775273158,446
1150000,2299.999999959436,-31256.035008265957,300.94610762447775,1.0305562119113567,446
1155000,2309.9999999591996,-31217.279906995274,300.83043727476934,1.0386449989167956,446
1160000,2319.999999958963,-31363.934744674683,299.66912091856415,1.03956388027281,446
1165000,2329.9999999587267,-31539.53539883293,316.8177541886325,1.0411954221700304,446
1170000,2339.99999995849,-30959.99137556381,300.83912030370186,1.0391856791009646,446
1175000,2349.9999999582537,-31546.218313082092,296.8324451406429,1.0394308958194247,446
1180000,2359.9999999580173,-31115.394764522207,297.1336764702624,1.0156151106782296,446
1185000,2369.999999957781,-31364.58428369288,298.5446299082781,1.0336801157415823,446
1190000,2379.9999999575443,-31580.176292093907,295.6076341353685,1.0362845509457008,446
1195000,2389.999999957308,-31183.932853263803,297.3162526589779,1.0300058132734846,446
1200000,2399.9999999570714,-31731.19912899565,307.3607340119138,1.04716324006768,446
1205000,2409.999999956835,-31218.705834465683,298.0897399773703,1.0516564305602378,446
1210000,2419.9999999565985,-31120.91883210797,301.09658761696045,1.045777293224822,446
1215000,2429.999999956362,-31181.17941720606,301.45264994847764,1.0329783661458791,446
1220000,2439.9999999561255,-31628.496228036733,297.0380274796774,1.033588258222517,446
1225000,2449.999999955889,-31218.101820087002,294.3120603206461,1.031091040177258,446
1230000,2459.9999999556526,-31219.423647432443,307.6573524824129,1.0297509988817957,446
1235000,2469.999999955416,-31241.10139928735,303.46372085265017,1.0355096329824605,446
1240000,2479.9999999551796,-31737.79804242472,300.103097929342,1.0339597670015062,446
1245000,2489.999999954943,-31695.240238538478,310.2296610401558,1.02898561472712,446
1250000,2499.9999999547067,-31614.38441403018,294.8629481138371,1.0395803973584623,446
1255000,2509.9999999544702,-31045.84190364604,296.6052133745601,1.026705412503284,446
1260000,2519.9999999542338,-31562.705347747862,293.53467726829064,1.0395809514880447,446
1265000,2529.9999999539973,-31239.645280914992,305.3389449939026,1.0218568598167455,446
1270000,2539.999999953761,-31681.427775751974,300.20642209728703,1.0337830921316025,445
1275000,2549.9999999535244,-31335.98440918507,292.1612469195905,1.0305781715422675,445
1280000,2559.999999953288,-30891.973681730597,297.2461294476432,1.0345937607211302,446
1285000,2569.9999999530514,-31518.1371665849,293.88866575137973,1.040164268730583,445
1290000,2579.999999952815,-31442.15283243358,304.2554270263921,1.0299316259870448,445
1295000,2589.9999999525785,-31451.27470437021,304.224590644625,1.0350899071216033,445
1300000,2599.999999952342,-31368.604344855674,296.5431142122836,1.0391457027094222,445
1305000,2609.9999999521056,-31264.882800844585,294.2061002332037,1.0204082027239099,445
1310000,2619.999999951869,-31580.10989734539,309.06625145376154,1.0279471405822915,445
1315000,2629.9999999516326,-31388.052627283876,298.50883179569246,1.0263708940938245,445
1320000,2639.999999951396,-31703.074423875427,298.42523826045567,1.0328040835895,446
1325000,2649.9999999511597,-31446.364840324328,299.42260430027625,1.0333137869802627,446
1330000,2659.999999950923,-31468.928447830258,301.4769159132623,1.0384600964940969,446
1335000,2669.9999999506867,-31467.996947583335,298.9521120517552,1.0360198033634116,445
1340000,2679.9999999504503,-31347.59971278443,302.9791768273968,1.0349315892481374,445
1345000,2689.999999950214,-31510.051519421657,301.37762315160745,1.0419866900815544,445
1350000,2699.9999999499773,-31407.877574233717,303.9868733458357,1.0412473664608786,445
1355000,2709.999999949741,-31587.844017569732,292.65641214987744,1.0458638631724981,445
1360000,2719.9999999495044,-31664.086657782813,285.60410644344705,1.0315575306627114,446
1365000,2729.999999949268,-31353.599578632973,295.82102732409004,1.0289281723745485,445
1370000,2739.9999999490315,-31563.86872022209,308.2344637982506,1.0502608626922474,445
1375000,2749.999999948795,-31373.725818104198,298.18544711323835,1.0321191089346764,445
1380000,2759.9999999485585,-31640.09167385177,295.66068201525326,1.0408815892005716,445
1385000,2769.999999948322,-31490.301153874432,296.45640021352426,1.0370665382523923,445
1390000,2779.9999999480856,-30967.375872438046,296.9839717482201,1.0406111573805281,445
1395000,2789.999999947849,-31226.24650238952,296.438627138678,1.0404591724327577,445
1400000,2799.9999999476127,-31504.106724918092,294.8098808521914,1.0483412004208552,445
1405000,2809.999999947376,-31529.25815932805,297.8437660483907,1.0313959248925997,445
1410000,2819.9999999471397,-31742.936455344578,305.6272680706894,1.0477028821511696,445
1415000,2829.9999999469032,-31225.946475143573,307.56937866918787,1.0229610919779333,445
1420000,2839.999999946667,-31179.582594371866,295.5587145705789,1.0349782919673252,445
1425000,2849.9999999464303,-31325.0689980193,287.9464891703268,1.0428221890802232,445
1430000,2859.999999946194,-31485.080443365063,295.95309464361316,1.0338261913738078,445
1435000,2869.9999999459574,-31825.170032910333,304.8377714177026,1.0378483173823936,445
1440000,2879.999999945721,-31587.498162556643,298.15680087046536,1.0255553060142777,445
1445000,2889.9999999454844,-31401.565858767513,309.76190161993725,1.0334403026703562,445
1450000,2899.999999945248,-31077.942967565497,320.2912758698247,1.0242368549477054,445
1455000,2909.9999999450115,-31259.37576283081,297.82981118046337,1.0257944048855467,445
1460000,2919.999999944775,-31365.813848012796,302.41574903483223,1.0385249814813349,445
1465000,2929.9999999445386,-31631.852672756504,303.01127302362954,1.0371581950929156,445
1470000,2939.999999944302,-31250.534596747864,294.9980971333608,1.0430482693869234,445
1475000,2949.9999999440656,-31400.103843641147,304.8706041208538,1.032098614919684,445
1480000,2959.999999943829,-31611.71728554592,304.2528880156998,1.0329840841167608,445
1485000,2969.9999999435927,-31715.825690722093,297.660724697411,1.0496290428285233,445
1490000,2979.999999943356,-31183.43215834422,297.65144083388714,1.0148159898188716,445
1495000,2989.9999999431197,-31671.720090696967,306.6946604130395,1.0332153169762033,445
1500000,2999.9999999428833,-31959.80399511938,289.0836946158354,1.038729793198531,445
1505000,3009.999999942647,-31315.23542753642,293.35252747831737,1.036321207863719,445
1510000,3019.9999999424103,-31426.590432007943,300.75097205462777,1.032643664315445,445
1515000,3029.999999942174,-31733.16339443976,299.63853649969013,1.0515284705348613,445
1520000,3039.9999999419374,-31455.150280756527,301.2535798811425,1.0317991723138316,445
1525000,3049.999999941701,-31577.87117987062,303.700604735716,1.0538371582174286,445
1530000,3059.9999999414645,-31215.717540675803,287.4352952236845,1.0329543753450197,445
1535000,3069.999999941228,-31076.602331257396,297.0918893935245,1.0185132552204146,445
1540000,3079.9999999409915,-31264.153522720066,301.3510313755015,1.0353963533142618,445
1545000,3089.999999940755,-31423.38299693991,304.8682976912936,1.0329516993226844,445
1550000,3099.9999999405186,-31531.2170288786,296.33121341915984,1.0476598093477791,445
1555000,3109.999999940282,-31464.59165460692,310.0887168740901,1.0362914132006782,445
1560000,3119.9999999400457,-31521.271305503353,305.77172033549795,1.03402176280874,445
1565000,3129.999999939809,-31400.44374093361,294.608446210013,1.0412081151322388,445
1570000,3139.9999999395727,-31059.57600774741,297.62889984583234,1.028939728384862,445
1575000,3149.9999999393362,-31251.288635315985,296.448221110378,1.038206467027878,445
1580000,3159.9999999391,-31595.1774499756,302.7618297594292,1.037830644123163,445
1585000,3169.9999999388633,-31698.446645868797,303.42986091616547,1.0397731067338927,445
1590000,3179.999999938627,-31355.532258160383,306.8797949942083,1.0349504351599934,445
1595000,3189.9999999383904,-31760.821506479,296.93024550670003,1.0435640243698507,445
1600000,3199.999999938154,-31314.121888462832,301.8869564491927,1.0372507277227445,445
1605000,3209.9999999379174,-31073.879695740034,301.41692936293595,1.026395844286824,445
1610000,3219.999999937681,-31242.267813949205,308.6515399134277,1.0290771258620042,445
1615000,3229.9999999374445,-31212.422972227883,300.36170876650027,1.020198090858574,445
1620000,3239.999999937208,-31231.642708656553,299.8070996751953,1.0359178184322266,445
1625000,3249.9999999369716,-31122.200778025202,302.10562147690905,1.0209173136739524,445
1630000,3259.999999936735,-31119.04482713758,302.27988289015116,1.0287207349086027,445
1635000,3269.9999999364986,-31085.42047533553,311.0098156843357,1.0195806668791092,445
1640000,3279.999999936262,-31366.200104657793,306.2916748381168,1.0395599923716996,445
1645000,3289.9999999360257,-31666.99867188002,306.85886269231736,1.0317162876299133,445
1650000,3299.999999935789,-31476.681456909457,301.6985075868912,1.0373836492110677,445
1655000,3309.9999999355528,-31218.885379868938,291.5753556660152,1.0247041962838026,445
1660000,3319.9999999353163,-31503.066896910168,299.3130004417639,1.035488941301893,445
1665000,3329.99999993508,-31694.51490572281,297.2764812853851,1.0389011333781417,445
1670000,3339.9999999348433,-31399.948071859893,311.09377747303165,1.0353898297993342,445
1675000,3349.999999934607,-31286.62523583905,302.01776395425014,1.0433898632894076,445
1680000,3359.9999999343704,-31261.00588711002,300.6139042407641,1.027708176447745,445
1685000,3369.999999934134,-30928.057753576286,291.7628742037882,1.0357858930110848,445
1690000,3379.9999999338975,-31631.349753319926,305.0841911271854,1.0490263020349633,445
1695000,3389.999999933661,-30783.051985554368,292.22313288249586,1.0313246823503723,445
1700000,3399.9999999334245,-31436.44928749939,295.9329957574456,1.0345214624398626,445
1705000,3409.999999933188,-31460.508822342585,295.6462038397787,1.0382772623689234,445
1710000,3419.9999999329516,-31283.351372400444,301.5596178874926,1.0389682514380616,445
1715000,3429.999999932715,-31943.69619158024,297.00852843942,1.0357388057230146,445
1720000,3439.9999999324787,-31122.444858461706,295.46126307621995,1.0460519357238427,445
1725000,3449.999999932242,-31497.045848703332,305.5650913813689,1.0259726115565706,445
1730000,3459.9999999320057,-31309.982486790395,301.1349247402385,1.040106670678592,445
1735000,3469.9999999317693,-31376.38960187233,290.63838319350225,1.0334778757750838,445
1740000,3479.999999931533,-31405.246505489515,302.10143501653084,1.0439384027727316,445
1745000,3489.9999999312963,-31440.08788093622,312.0654239159917,1.029768152007382,445
1750000,3499.99999993106,-31424.364532520995,294.2189115772314,1.0380882809662242,445
1755000,3509.9999999308234,-31474.715098956018,294.6607575829794,1.0387713658638476,445
1760000,3519.999999930587,-31485.013399463875,291.99665700509246,1.0210778387235522,445
1765000,3529.9999999303504,-31587.16259115978,301.2157660654118,1.0412144288510041,445
1770000,3539.999999930114,-31330.006609924923,311.10323577240456,1.0282131657586566,445
1775000,3549.9999999298775,-31293.17487691171,304.77947108058413,1.0412238188890834,445
1780000,3559.999999929641,-31227.194724373752,302.04073134104715,1.0316600452752112,445
1785000,3569.9999999294046,-31265.766545355553,303.09385870729375,1.0350469776184994,445
1790000,3579.999999929168,-31455.422114270244,297.66702376973933,1.028512560831608,445
1795000,3589.9999999289316,-31397.211914900516,305.2805283662181,1.0443300779666582,445
1800000,3599.999999928695,-31700.937367275823,306.36106154253304,1.0561232567375194,445
1805000,3609.9999999284587,-31345.108605754795,308.8925714933497,1.0360105677779248,445
1810000,3619.999999928222,-31375.05428294881,298.6507644315696,1.0310027199113814,445
1815000,3629.9999999279858,-31622.06370568258,302.4683317524527,1.0304178478351498,445
1820000,3639.9999999277493,-31510.82269247013,291.4158825364238,1.0217645406981186,445
1825000,3649.999999927513,-31532.81625642805,300.3529869740457,1.0302471590086997,445
1830000,3659.9999999272763,-31415.43232779813,298.184807515125,1.0355156877556169,445
1835000,3669.99999992704,-31646.358945515472,302.7957478411969,1.0482722746012647,445
1840000,3679.9999999268034,-31348.184831824095,289.8340207298207,1.0282787163405585,445
1845000,3689.999999926567,-31390.650886246236,295.3437320774545,1.0393368743369766,445
1850000,3699.9999999263305,-31520.7956189565,300.1925641381648,1.0285195786526817,445
1855000,3709.999999926094,-31352.717394523614,299.8923212783568,1.0416220975907793,445
1860000,3719.9999999258575,-31757.182496458,299.6884832978132,1.0381031653572403,445
1865000,3729.999999925621,-31241.98627135766,296.2146708902059,1.0381010865131417,445
1870000,3739.9999999253846,-31414.637585644115,292.1901838887787,1.036753876199898,445
1875000,3749.999999925148,-31751.520999022614,295.6436260655643,1.0442259364243665,445
1880000,3759.9999999249117,-31384.68134522476,304.28882180061254,1.0455892387787677,445
1885000,3769.999999924675,-31155.097319500084,301.73730987243346,1.0281135185704227,445
1890000,3779.9999999244387,-31506.078038984997,300.3515721054919,1.0417622942969018,445
1895000,3789.9999999242023,-31137.35869402974,305.29771998823406,1.0340123898763012,445
1900000,3799.999999923966,-31595.24706210621,305.26250332847866,1.0355049202855495,445
1905000,3809.9999999237293,-31465.017010649724,299.2945877688043,1.043344019668,445
1910000,3819.999999923493,-31438.51659644299,304.9573375013741,1.0328277829639454,445
1915000,3829.9999999232564,-31558.282671753666,298.1078425421538,1.0253952231645174,445
1920000,3839.99999992302,-31650.097698059893,298.70069184793175,1.0367027405771685,445
1925000,3849.9999999227834,-31248.97208162595,315.3106284524845,1.0324228315377677,445
1930000,3859.999999922547,-31727.287804408552,303.4543788438433,1.050484623339098,445
1935000,3869.9999999223105,-31648.392857740662,296.4344988235829,1.0539537369845027,445
1940000,3879.999999922074,-31520.035192839394,287.51875308659413,1.0291283370742088,445
1945000,3889.9999999218376,-31157.078000246547,298.72018989950794,1.029943555775917,445
1950000,3899.999999921601,-31353.30898246856,299.6404165305081,1.0430557352198853,445
1955000,3909.9999999213646,-31499.19422404855,297.6185693672139,1.038986681141629,445
1960000,3919.999999921128,-31538.024819956947,292.32033241396164,1.036841312114318,445
1965000,3929.9999999208917,-31384.694409471384,305.64928575119694,1.040865926539176,445
1970000,3939.9999999206552,-31081.06026926526,297.2699302501636,1.0118726674433072,445
1975000,3949.9999999204188,-31635.490360822296,300.20047189665695,1.041207256893734,445
1980000,3959.9999999201823,-32112.59626303034,298.2949928264676,1.0519372784688377,445
1985000,3969.999999919946,-31373.983958810655,298.5057113321698,1.0493761563103616,445
1990000,3979.9999999197094,-31236.16425303335,305.89403862923285,1.0380193858100377,445
1995000,3989.999999919473,-31566.82733859119,293.9466172168,1.04240107223497,445
2000000,3999.9999999192364,-31389.916778531508,286.24242536055476,1.0364033118036917,445
2005000,4009.999999919,-31799.979985480604,300.89193560245445,1.0406525310775503,445
2010000,4019.9999999187635,-31726.691071347683,296.4098452235779,1.0490405139290866,445
2015000,4029.999999918527,-31197.963052391773,310.42444773830766,1.0383775616026694,445
2020000,4039.9999999182905,-31624.252795596607,299.0327983228404,1.0358439079923978,445
2025000,4049.999999918054,-31431.368170679896,305.83401331538454,1.0330653539951187,445
2030000,4059.9999999178176,-31342.282536685787,307.36490109053096,1.0225375136728427,445
2035000,4069.999999917581,-31613.171276967856,285.6963054805722,1.041874572318025,445
2040000,4079.9999999173447,-31065.96952288496,299.1744789958245,1.0324220090163547,445
2045000,4089.999999917108,-31598.020638935268,297.05554859163055,1.0258694123724417,445
2050000,4099.999999917781,-31571.79219024669,298.3456567497481,1.0439636726653414,445
2055000,4109.999999919818,-31489.812312120106,305.5247967002288,1.0374960812579022,445
2060000,4119.999999921855,-31594.49146267987,297.2748725992212,1.0462217587994906,445
2065000,4129.999999923893,-31125.643286877545,300.4773791162087,1.0342760278006555,445
2070000,4139.99999992593,-31590.060998338682,298.44349587932726,1.0322028055369243,445
2075000,4149.999999927967,-31141.59196315377,304.3984644226469,1.0274067619480163,445
2080000,4159.999999930004,-31495.128130480734,299.81987225570094,1.0351395792255225,445
2085000,4169.999999932042,-31327.43128187899,303.7419266501896,1.0371459296221184,445
2090000,4179.999999934079,-31681.906931348698,295.19631440321143,1.057441511590173,445
2095000,4189.999999936116,-31136.117302574392,302.3533010008575,1.030729306661692,445
2100000,4199.999999938153,-31419.83631372245,303.0394541041384,1.040287097618907,445
2105000,4209.999999940191,-31399.9549199577,291.3855306986819,1.0377247910748453,445
2110000,4219.999999942228,-31257.140698862844,303.7182033747132,1.0159731473463314,445
2115000,4229.999999944265,-31349.50614764882,292.52108869450467,1.0134183694436822,445
2120000,4239.9999999463025,-31212.001418758504,300.27514982182896,1.0409257895001969,445
2125000,4249.99999994834,-31734.099362110108,309.30555805695366,1.0249949912332637,445
2130000,4259.999999950377,-31551.27569506259,307.91131169692864,1.0308122298598061,445
2135000,4269.999999952414,-31271.005011892295,303.7029305470372,1.0310494796032272,445
2140000,4279.999999954452,-31652.34005365448,297.57794519613674,1.0446626520736046,445
2145000,4289.999999956489,-31388.79280404403,308.5904873662458,1.0370926373884202,445
2150000,4299.999999958526,-31647.790227373975,292.68955496120475,1.0293624110456725,445
2155000,4309.999999960563,-31271.333347259293,308.944727812228,1.0452059426452445,445
2160000,4319.999999962601,-31319.81252514987,299.9919047664269,1.0452806668538592,445
2165000,4329.999999964638,-31463.702700144728,294.82974715722673,1.0311592442985422,445
2170000,4339.999999966675,-31333.366127501416,290.84239560989494,1.0330829046514596,445
2175000,4349.9999999687125,-31539.8937781087,295.9443922329196,1.0401439779050792,445
2180000,4359.99999997075,-31087.36514962153,305.8461656795379,1.0260646134421805,445
2185000,4369.999999972787,-31676.71436811876,306.8516526772216,1.0434056274800572,445
2190000,4379.999999974824,-31524.321990592434,297.49479744140325,1.0352348781267589,445
2195000,4389.999999976862,-31135.06653340801,307.345868201219,1.0294382546986869,445
2200000,4399.999999978899,-31077.86025039837,303.68287042439175,1.0398890988257998,445
2205000,4409.999999980936,-31416.3714328098,299.0016518328971,1.038445350309389,445
2210000,4419.999999982973,-31759.90970962707,299.85919784879053,1.0327518757394125,445
2215000,4429.999999985011,-31527.43921291214,305.03069746679745,1.0458314470045382,445
2220000,4439.999999987048,-31222.64336908658,309.94306294009897,1.039466994024392,445
2225000,4449.999999989085,-31477.189389997482,307.6987519239305,1.0497895298957203,445
2230000,4459.999999991122,-31407.64717409617,301.78847772150027,1.0568990670712768,445
2235000,4469.99999999316,-31638.51037874905,302.096027505209,1.0328097340209696,445
2240000,4479.999999995197,-31138.986656775814,304.4472483151094,1.0371295360274269,445
2245000,4489.999999997234,-31185.484297577525,302.1660925712607,1.0204773457493312,445
2250000,4499.9999999992715,-31434.12734956277,295.5083219919526,1.040268023539337,445
2255000,4510.000000001309,-30983.65103808252,291.5401390062597,1.0249186501917849,445
2260000,4520.000000003346,-31302.9661262765,296.19831268391334,1.035406814727807,445
2265000,4530.000000005383,-31568.025099259918,298.80676822594023,1.0438879921269684,445
2270000,4540.000000007421,-31130.007002770813,301.38836064720704,1.0282103482923608,445
2275000,4550.000000009458,-31837.197921707557,305.4818660995914,1.0351301215000617,445
2280000,4560.000000011495,-31316.948387024167,302.6996143065866,1.0275907107132352,445
2285000,4570.000000013532,-31566.209530705557,296.27556838329974,1.0354064943917374,444
2290000,4580.00000001557,-31698.2203341196,288.94242095983253,1.0373847191837733,444
2295000,4590.000000017607,-31447.14985280615,307.69284048682243,1.039831094454622,444
2300000,4600.000000019644,-31342.199404506857,289.1405607026391,1.035399096847743,444
2305000,4610.000000021681,-31370.655004192347,298.0195198572306,1.036537581428355,444
2310000,4620.000000023719,-31203.110042847256,298.595952811433,1.0272115759342633,444
2315000,4630.000000025756,-31591.979761286086,300.9503909936611,1.0323730533453381,444
2320000,4640.000000027793,-31663.214821935748,311.75775784171685,1.0539947121036088,444
2325000,4650.0000000298305,-31455.81145272992,311.85079029456546,1.0353350403914334,444
2330000,4660.000000031868,-31095.1204652031,307.77480595413425,1.039609368596947,444
2335000,4670.000000033905,-31463.67709387967,291.02278165961627,1.0332550043024367,444
2340000,4680.000000035942,-31317.862283547613,299.35503948139484,1.033288478985197,444
2345000,4690.00000003798,-31674.193541512825,308.82665412415423,1.0425926040615558,444
2350000,4700.000000040017,-31599.38067580937,301.7021125944391,1.0540917372816432,444
2355000,4710.000000042054,-31397.905709046696,309.3630055965877,1.0504105334553333,444
2360000,4720.000000044091,-31314.608004314417,297.34381352313426,1.0398817303779042,444
2365000,4730.000000046129,-31403.19119625271,301.290695953477,1.0404671824291345,444
2370000,4740.000000048166,-31305.478502199723,290.67809642181203,1.0310694973905232,444
2375000,4750.000000050203,-31475.85954403007,296.7596860098108,1.0377454352123083,444
2380000,4760.0000000522405,-31481.66502759786,305.15018602342496,1.0363555887324731,444
2385000,4770.000000054278,-31228.37528149673,308.94234385562373,1.0330698084566559,444
2390000,4780.000000056315,-31319.489719386125,298.9677337511294,1.0424802422037727,444
2395000,4790.000000058352,-31098.10166583222,294.2692847740967,1.0216538647640154,444
2400000,4800.0000000603895,-31146.577002404083,298.6753598862915,1.0281979997246193,444
2405000,4810.000000062427,-31432.74519197538,299.7483923210956,1.0415151960204483,444
2410000,4820.000000064464,-31492.00704061397,307.05903752003,1.0442625914108368,444
2415000,4830.000000066501,-31536.337580714346,293.99547863630653,1.0296914187984343,444
2420000,4840.000000068539,-31492.668189011456,296.7532512651555,1.0426511065392288,444
2425000,4850.000000070576,-31451.414899958792,287.7287157036169,1.0299848219945487,444
2430000,4860.000000072613,-31343.71327853776,294.64744231316547,1.0263738590729996,444
2435000,4870.00000007465,-31271.447444053658,296.22467187888714,1.031057457690326,444
2440000,4880.000000076688,-31445.868081358203,291.52370327292317,1.0204993873794423,444
2445000,4890.000000078725,-31649.424425810663,300.3155220300131,1.0306952394287996,444
2450000,4900.000000080762,-31391.913735844922,299.8768546330707,1.0420862332360648,444
2455000,4910.0000000827995,-31383.560000352096,292.64879511780043,1.0249849633260137,444
2460000,4920.000000084837,-31527.385887627897,302.0488522989104,1.0367322645778896,444
2465000,4930.000000086874,-31576.539769866533,293.35574485064507,1.050782926328875,444
2470000,4940.000000088911,-31647.777916624473,291.7485510824017,1.0446081500436861,444
2475000,4950.000000090949,-31646.497433800803,298.40849241894296,1.0575368680101263,444
2480000,4960.000000092986,-31648.147226507135,302.400011044892,1.0417361991398133,444
2485000,4970.000000095023,-31823.431657023088,299.1512015008513,1.040435946440308,444
2490000,4980.00000009706,-31335.10150129316,301.77460038061696,1.0404979857675196,444
2495000,4990.000000099098,-31541.694775777025,303.71548992817185,1.0448090481370922,444
2500000,5000.000000101135,-31770.16974102758,298.3833736566738,1.0328310544859847,444
2505000,5010.000000103172,-31409.850845535635,298.37517517176656,1.0260243679464758,444
2510000,5020.000000105209,-31471.287692656566,296.1686198260458,1.0334807960212276,444
2515000,5030.000000107247,-31454.927823339764,295.43151207306937,1.0401415614355727,444
2520000,5040.000000109284,-31676.36041057197,293.1554924958883,1.033034849897009,444
2525000,5050.000000111321,-31304.241652317432,298.4717932504021,1.0346897616599418,444
2530000,5060.0000001133585,-31214.68470733639,290.8572032753067,1.037931833911334,444
2535000,5070.000000115396,-31328.946656911925,310.3746366125116,1.0340272844476188,444
2540000,5080.000000117433,-31404.469176264975,300.487535158978,1.0469114035183207,444
2545000,5090.00000011947,-31680.16679966281,304.4343206805156,1.0327870753038246,444
2550000,5100.000000121508,-31514.92782283097,296.63798793242825,1.0374245967687183,444
2555000,5110.000000123545,-31422.409166351514,296.7912976620184,1.0271632528007595,444
2560000,5120.000000125582,-31434.377738217707,306.3788927626624,1.0226498715294692,444
2565000,5130.000000127619,-31593.21204305766,304.67399553716695,1.0420478294627167,443
2570000,5140.000000129657,-31189.477256679704,300.8931372716371,1.0416153719034043,443
2575000,5150.000000131694,-31364.593393830524,306.1924402217449,1.045231544244488,443
2580000,5160.000000133731,-31005.872579903284,293.52048981923116,1.0333044900661843,443
2585000,5170.0000001357685,-31382.1782185848,305.1293700121,1.0487439309008542,443
2590000,5180.000000137806,-31447.82999568747,284.8750615030508,1.04237699207757,443
2595000,5190.000000139843,-31477.83827788802,306.0203301839749,1.0243581487665847,443
2600000,5200.00000014188,-31486.758265906567,298.6951099007608,1.0416260481649,443
2605000,5210.0000001439175,-31428.849533994246,305.2399817221849,1.0373923604835225,443
2610000,5220.000000145955,-31102.715329812258,292.59628992722395,1.0342605354651828,443
2615000,5230.000000147992,-31958.28775402761,282.0438513817345,1.0456755153960058,443
2620000,5240.000000150029,-31294.271766618127,300.60074402503824,1.0334183305920743,443
2625000,5250.000000152067,-31663.454253522417,300.77107094079525,1.044081688554345,443
2630000,5260.000000154104,-31148.1965539011,305.27013974231664,1.031710612551292,443
2635000,5270.000000156141,-31522.765883140353,302.1176381687353,1.0407994008301837,443
2640000,5280.000000158178,-31509.656722108775,305.3591795523972,1.036643424902786,443
2645000,5290.000000160216,-31258.722630230244,293.9424113746608,1.0411040850565962,443
2650000,5300.000000162253,-30940.258110059833,297.1646097608346,1.0259930915260138,443
2655000,5310.00000016429,-31252.01816413045,302.08912759828945,1.0217866347497284,443
2660000,5320.0000001663275,-31784.335761052294,294.6109464571834,1.0385344682758337,443
2665000,5330.000000168365,-31208.985549699108,302.62701022984265,1.0463601870322055,443
2670000,5340.000000170402,-31048.08413594775,308.1794195969818,1.0360095452800533,443
2675000,5350.000000172439,-31204.810589519155,297.32280369419925,1.0169972767947444,443
2680000,5360.000000174477,-31286.26166216767,302.51889876692815,1.0293139592109184,443
2685000,5370.000000176514,-31463.664638887392,303.76380865837007,1.0511202045811163,443
2690000,5380.000000178551,-31551.85770378774,297.10084376711126,1.0445872612843095,443
2695000,5390.000000180588,-31736.46569001564,297.2976849319302,1.0414215756675624,443
2700000,5400.000000182626,-31533.07278999235,305.781449979525,1.048808650259154,443
2705000,5410.000000184663,-31464.93890162185,298.7268184617734,1.0418838874756964,443
2710000,5420.0000001867,-31435.261892916373,299.9720190796305,1.0484954589688693,443
2715000,5430.000000188737,-31564.632020037476,309.04121021853643,1.0409430693824158,443
2720000,5440.000000190775,-31312.37619191836,306.221260900367,1.0171072183826337,443
2725000,5450.000000192812,-31354.085193373758,296.870898554487,1.0237624854266145,443
2730000,5460.000000194849,-31486.44266306676,306.0547328097679,1.040811239624062,443
2735000,5470.0000001968865,-31399.186093531287,300.6779028156196,1.0459057185110723,443
2740000,5480.000000198924,-31562.9271249031,310.4763133307708,1.050309757163605,443
2745000,5490.000000200961,-31692.733409307373,304.12746864020323,1.041631311232136,443
2750000,5500.000000202998,-31242.090589920845,303.4479053356659,1.0350405055345937,443
2755000,5510.000000205036,-31563.905413875007,295.75041956873014,1.026491659212591,443
2760000,5520.000000207073,-31625.60687478492,297.07927186710697,1.053938812484397,443
2765000,5530.00000020911,-31251.15154627533,295.3271994353129,1.0162328256616746,443
2770000,5540.000000211147,-31405.362914933765,300.93839368359573,1.0407672193912783,443
2775000,5550.000000213185,-31482.428285977774,293.32391999906645,1.0324487972638603,443
2780000,5560.000000215222,-31631.28758742285,295.679346651106,1.0442116068278948,443
2785000,5570.000000217259,-31241.932324047433,297.1586595602045,1.0384304762238057,443
2790000,5580.000000219296,-31251.701787437545,306.75156526336525,1.0220726656119266,443
2795000,5590.000000221334,-31754.996262254543,292.71713520712217,1.0410980626203536,443
2800000,5600.000000223371,-31769.598863350577,296.0544224901741,1.0421196691959016,443
2805000,5610.000000225408,-31821.394441802724,301.6752882372011,1.0428588145156503,443
2810000,5620.0000002274455,-31507.380151694233,299.75761803933636,1.035683070377041,443
2815000,5630.000000229483,-31407.529495792027,299.91862232804755,1.0276326169290164,443
2820000,5640.00000023152,-31574.954897757445,307.481637437095,1.0349033435266906,443
2825000,5650.000000233557,-31385.043604643608,304.6851981950308,1.0335421966041782,443
2830000,5660.000000235595,-31436.72197362085,300.42597868600984,1.0553028009862058,443
2835000,5670.000000237632,-31279.693134085683,292.66528899642003,1.0366335257072101,443
2840000,5680.000000239669,-31291.70211996013,289.6305703844973,1.0382109967361568,443
2845000,5690.000000241706,-31256.11966580298,315.567901948133,1.0356083595875885,443
2850000,5700.000000243744,-31436.779492701316,305.1232259938599,1.0398988467973644,443
2855000,5710.000000245781,-31199.59013378955,287.4691551601692,1.029658342797962,443
2860000,5720.000000247818,-31553.820439724543,298.3289109082354,1.0384454256921658,443
2865000,5730.0000002498555,-31330.61288872565,299.2224876178466,1.0403990163225014,443
2870000,5740.000000251893,-31418.666917599243,295.88698345680757,1.0395662713066147,443
2875000,5750.00000025393,-31522.573223616695,307.0346940282013,1.0425354406541474,443
2880000,5760.000000255967,-31489.353013994347,295.43596987810173,1.0264940156062072,443
2885000,5770.000000258005,-31300.763360229204,307.711253159782,1.0361786185826103,443
2890000,5780.000000260042,-31595.35760154933,293.6964762092032,1.061616525816281,442
2895000,5790.000000262079,-31441.281876018707,302.8876561519069,1.035481813761597,442
2900000,5800.000000264116,-31822.397870011133,304.5736367786565,1.0402369725087013,442
2905000,5810.000000266154,-31372.378118933004,293.4869012274006,1.0116954455029297,442
2910000,5820.000000268191,-31633.0937618787,301.38250735538196,1.0480251012095623,442
2915000,5830.000000270228,-31539.61663651874,302.99603895947564,1.0540332631120222,442
2920000,5840.000000272265,-31205.452269880247,300.29179875453667,1.0288388310106744,442
2925000,5850.000000274303,-31071.971875736635,296.32130933928363,1.0262987184139727,442
2930000,5860.00000027634,-31456.42727147095,306.81312173633347,1.0467507223286239,442
2935000,5870.000000278377,-31393.710606479348,299.039833902087,1.0325840317751342,442
2940000,5880.0000002804145,-31458.354336212913,304.9133215221201,1.0394493111026184,442
2945000,5890.000000282452,-31444.58929750364,304.6953154742781,1.020046928372894,442
2950000,5900.000000284489,-31152.242671838903,308.8703793769931,1.028194883101269,442
2955000,5910.000000286526,-31676.39522504696,302.7627019386746,1.047737290792655,442
2960000,5920.000000288564,-31541.285712837183,304.35167685156847,1.0385143290946526,442
2965000,5930.000000290601,-31625.782829402364,290.86383183757215,1.0472128619874184,442
2970000,5940.000000292638,-31585.987459653436,299.38948087070986,1.0282159638829242,442
2975000,5950.000000294675,-31573.895707547024,293.5768907437707,1.036200988148995,442
2980000,5960.000000296713,-31504.192225047038,300.30612187592317,1.0310155522433475,442
2985000,5970.00000029875,-31444.15726072481,299.15641519456307,1.016463091155618,442
2990000,5980.000000300787,-31430.68457714413,291.01111383948813,1.0533201360063766,442
2995000,5990.000000302824,-31375.07394531087,303.71897864515364,1.0330795677750193,442
3000000,6000.000000304862,-31317.83086417991,299.74178314059105,1.0356551276997479,442
3005000,6010.000000306899,-31230.69804791431,299.85173587080163,1.0322853758896553,442
3010000,6020.000000308936,-31493.120982322842,311.2779429661499,1.0376424058892495,442
3015000,6030.0000003109735,-31525.00249278883,298.5564334007333,1.0366239528745929,442
3020000,6040.000000313011,-31271.129113326664,310.3660698741452,1.0405139496323716,442
3025000,6050.000000315048,-31850.735765320307,307.9776554648663,1.045644669493848,442
3030000,6060.000000317085,-31709.763170231367,298.42419164536113,1.0362056463904645,442
3035000,6070.000000319123,-31313.44339163619,302.8793607581946,1.0218163050600584,442
3040000,6080.00000032116,-31467.23631275422,292.8479039486576,1.0342548767124518,442
3045000,6090.000000323197,-31014.525224963465,299.49753418834143,1.0273061028231463,442
3050000,6100.000000325234,-31240.967722748348,297.81506166033466,1.023456777059337,442
3055000,6110.000000327272,-31324.624222845858,298.11637051699824,1.0212705477874657,442
3060000,6120.000000329309,-31520.98340708349,306.5416414098645,1.0425270589064708,442
3065000,6130.000000331346,-31269.1062857871,303.38338345326315,1.0408082152093954,442
3070000,6140.0000003333835,-30947.490088708728,311.83916123795933,1.024289225975202,442
3075000,6150.000000335421,-31430.427435036923,301.13281212828844,1.0337783802717329,442
3080000,6160.000000337458,-31737.585413585475,303.9359380779011,1.0369594012295325,442
3085000,6170.000000339495,-31500.72819398291,293.87447830232026,1.0474848897537785,442
3090000,6180.0000003415325,-31577.19419433814,302.63879434053683,1.0298328864361956,442
3095000,6190.00000034357,-31413.424136481102,300.3755279621004,1.0397569341622457,442
3100000,6200.000000345607,-31578.90940521707,299.4924755487177,1.0330645339216813,442
3105000,6210.000000347644,-30879.498816470878,292.59799552219283,1.0215476332712985,442
3110000,6220.000000349682,-31390.538773473963,305.15361659512376,1.0323335403342184,442
3115000,6230.000000351719,-31331.36186461526,301.42646518935294,1.0213650217631742,442
3120000,6240.000000353756,-31371.55418208777,304.811780476188,1.0433136595522392,442
3125000,6250.000000355793,-31409.22023703574,292.88191893923033,1.0396518552914742,442
3130000,6260.000000357831,-31357.984275729657,296.39358392609046,1.037641582447396,442
3135000,6270.000000359868,-31617.123695574177,315.5101830638448,1.0367902935757918,442
3140000,6280.000000361905,-31522.5770861996,297.8936934647528,1.02822323556682,442
3145000,6290.0000003639425,-31708.206166969205,296.74468452678906,1.0531001886224518,442
3150000,6300.00000036598,-31463.263801215595,305.4186040316543,1.0334536534233054,442
3155000,6310.000000368017,-31500.62829240845,299.009016902081,1.0316151605514063,442
3160000,6320.000000370054,-31660.207928268937,299.0002951096264,1.0417549341804035,442
3165000,6330.000000372092,-31468.854331476556,298.81126479449455,1.0330379943536045,442
3170000,6340.000000374129,-31524.34316755217,305.00334980201217,1.035242122003618,442
3175000,6350.000000376166,-31404.650324512855,306.8949515313182,1.0440838281447284,442
3180000,6360.000000378203,-31292.11873383849,296.5824204236122,1.0378062835161002,442
3185000,6370.000000380241,-31587.077690342558,287.18598763181114,1.0338025459340525,442
3190000,6380.000000382278,-31428.17519867199,292.64687632346045,1.0450171806731823,442
3195000,6390.000000384315,-31281.06616459848,292.9102356920661,1.035120146108348,442
3200000,6400.000000386352,-31620.312237238075,297.19591130486594,1.0372410580852098,442
3205000,6410.00000038839,-31398.246280905325,297.9946918213766,1.0481321526278569,442
3210000,6420.000000390427,-31588.87430320875,299.21975478954414,1.0302415856642781,442
3215000,6430.000000392464,-31480.604950770212,307.13319213765476,1.0247784074205246,442
3220000,6440.0000003945015,-31810.026329921122,299.15308153166933,1.0284656897310105,442
3225000,6450.000000396539,-31520.5619799369,300.02204340479767,1.040729359655116,442
3230000,6460.000000398576,-31414.871408393432,295.228061727746,1.032887497161125,442
3235000,6470.000000400613,-31403.395985994022,294.10578023821523,1.0249737726006756,442
3240000,6480.000000402651,-31606.8793575546,298.09429469120766,1.051453932625631,442
3245000,6490.000000404688,-31544.62309178058,289.43520223351516,1.0347332517266223,442
3250000,6500.000000406725,-31374.584951467346,306.64977225454004,1.024228424165278,442
3255000,6510.000000408762,-31068.91243369045,307.3853100848746,1.0288526837379788,442
3260000,6520.0000004108,-31565.254584250913,291.1135076829047,1.0425831233294531,442
3265000,6530.000000412837,-31090.03567763412,305.82544657701806,1.0352233863821674,442
3270000,6540.000000414874,-31166.6578661472,299.0212274115173,1.0264419092191996,442
3275000,6550.0000004169115,-31720.573223894724,293.69062291737816,1.0457682661574823,442
3280000,6560.000000418949,-31316.41309406745,296.6448103123038,1.0320221658752153,442
3285000,6570.000000420986,-31529.615365937352,292.4912407825491,1.0416387950889996,442
3290000,6580.000000423023,-31214.099949061027,298.77091196807146,1.0292923645279841,442
3295000,6590.0000004250605,-31318.1125555303,299.96054507711244,1.0196268999534495,442
3300000,6600.000000427098,-31323.434210444713,309.76562291805124,1.0320083251836958,442
3305000,6610.000000429135,-31465.854091689893,295.67260179827446,1.0480429134238836,442
3310000,6620.000000431172,-31619.667337057705,301.12885824904237,1.030815208956459,442
3315000,6630.00000043321,-31336.82829349526,297.89287943079034,1.0427330983752847,442
3320000,6640.000000435247,-31617.55317907463,301.4500721742633,1.0362665119865009,442
3325000,6650.000000437284,-31211.87594714883,302.56000748203064,1.0483525195644723,442
3330000,6660.000000439321,-31588.369141550007,297.23314366776646,1.0388694326158527,442
3335000,6670.000000441359,-31447.793990444887,304.2574814930592,1.0502669699918463,442
3340000,6680.000000443396,-31266.487012096448,299.97027472113956,1.0366059673692045,442
3345000,6690.000000445433,-31170.117564755114,294.94006814089647,1.0391743723026607,442
3350000,6700.0000004474705,-31190.964272407873,305.012536756731,1.022931460219267,442
3355000,6710.000000449508,-31350.27994970701,303.53899961241353,1.0441986144407445,442
3360000,6720.000000451545,-31222.494812507677,298.9870767486175,1.0338180331402285,442
3365000,6730.000000453582,-31471.587193390355,298.12239824467235,1.0502704348180671,442
3370000,6740.00000045562,-31439.0085320856,300.1096295828024,1.0276626524735308,442
3375000,6750.000000457657,-31076.128633961605,298.48006926235337,1.0178213305565182,442
3380000,6760.000000459694,-31481.455832467764,292.77781950084494,1.026397679431642,442
3385000,6770.000000461731,-31530.10525476103,301.87899054541754,1.034599784403453,442
3390000,6780.000000463769,-31172.27958676222,293.5789452104378,1.044056724700387,442
3395000,6790.000000465806,-31547.10372158978,294.459129123191,1.0291545249201433,442
3400000,6800.000000467843,-31703.940421986947,306.98247956404003,1.0304247797311916,442
3405000,6810.00000046988,-31158.02432753914,292.98167686314946,1.0317975211474395,442
3410000,6820.000000471918,-31526.289024266094,311.68513438321185,1.050816808994519,442
3415000,6830.000000473955,-31500.055475789268,303.9952850301141,1.0480769156594594,442
3420000,6840.000000475992,-31235.166445998184,307.94079135542506,1.0295388711422615,442
3425000,6850.0000004780295,-31159.680841239577,303.73801153446556,1.0474613531341437,442
3430000,6860.000000480067,-31445.96282343581,306.60912870170176,1.0295849000384356,441
3435000,6870.000000482104,-31391.779333554558,306.961314681017,1.037901700280173,441
3440000,6880.000000484141,-31167.811346775183,303.6146272438751,1.0337408319846346,441
3445000,6890.000000486179,-31582.526434497588,295.83511786434445,1.0419883455910826,441
3450000,6900.000000488216,-31316.68810503595,298.81392009575296,1.0281293568370455,441
3455000,6910.000000490253,-31539.088131031807,295.4621158737044,1.0331151737417659,441
3460000,6920.00000049229,-31301.21637970963,289.38291024230983,1.029965272345061,441
3465000,6930.000000494328,-31569.565236746712,297.49239410303795,1.0374525699350616,441
3470000,6940.000000496365,-31288.88454303876,307.25010292006795,1.0248706727322578,441
3475000,6950.000000498402,-31597.182424338826,309.9893272036301,1.0417071992078841,441
3480000,6960.0000005004395,-31617.65011167759,300.79200324268623,1.0424345244418367,441
3485000,6970.000000502477,-31352.831847967376,305.58538408514653,1.049820881443225,441
3490000,6980.000000504514,-31353.16634017657,296.52729869529935,1.024900757851221,441
3495000,6990.000000506551,-31166.66411155215,309.5308710286965,1.0269154156705254,441
3500000,7000.0000005085885,-31647.7612563,296.7644733047803,1.0466719786482817,441
3505000,7010.000000510626,-31172.878292540205,308.6252776272589,1.0527915434071835,441
3510000,7020.000000512663,-31077.67969489566,305.8046305656931,1.0299343222551849,441
3515000,7030.0000005147,-31424.997861218493,309.97044936840626,1.0475495942796635,441
3520000,7040.000000516738,-31427.93432904259,299.0920871297704,1.0393472122964298,441
3525000,7050.000000518775,-31424.062167482625,305.2656044102403,1.0244104993638528,441
3530000,7060.000000520812,-31377.688919377455,290.97070286778205,1.027075660490365,441
3535000,7070.000000522849,-31396.886232672463,304.94208405545913,1.0288766981419957,441
3540000,7080.000000524887,-31260.07475781368,310.509223560966,1.0373395440721513,441
3545000,7090.000000526924,-31326.969618863455,302.6861439826846,1.0408010893988302,441
3550000,7100.000000528961,-31093.894151727378,297.63519891816065,1.0278703446545014,441
3555000,7110.0000005309985,-31433.210438550188,303.3662305947692,1.041855509617097,441
3560000,7120.000000533036,-31364.413919297076,297.5431355533625,1.0423980292329973,441
3565000,7130.000000535073,-31291.463280341355,298.796825382542,1.0245146050983835,441
3570000,7140.00000053711,-31525.526574844233,299.9282162997476,1.0349268545168744,441
3575000,7150.000000539148,-31036.560595623683,302.15262224735864,1.04015946743572,441
3580000,7160.000000541185,-31300.56505368717,299.2850519423873,1.031934501454287,441
3585000,7170.000000543222,-31355.683318718977,298.0558218956026,1.0283169985633098,441
3590000,7180.000000545259,-31560.10222192679,299.0850709322847,1.0275922778117197,441
3595000,7190.000000547297,-31537.600417020993,303.84565783511584,1.0355008357457829,441
3600000,7200.000000549334,-31540.182349980343,304.1039391823369,1.0480343934592353,441
3605000,7210.000000551371,-31670.246670750814,302.5933247292071,1.0343963640007428,441
3610000,7220.000000553408,-31432.437980132585,307.25609188422004,1.0412761630227367,441
3615000,7230.000000555446,-31534.798192519753,305.80178144682463,1.0432267132237123,441
3620000,7240.000000557483,-31788.047004510387,313.87166836980913,1.0273635490096509,441
3625000,7250.00000055952,-31182.14954399469,291.95638170571334,1.0302975194045008,441
3630000,7260.0000005615575,-31426.078562465176,295.9829037920467,1.0385890391993364,441
3635000,7270.000000563595,-31604.688900582085,305.3496049624582,1.027146630681481,441
3640000,7280.000000565632,-31616.07170081194,297.63194278231094,1.0450445874279861,441
3645000,7290.000000567669,-31305.812221656874,294.72818672953366,1.0335152452398482,441
3650000,7300.000000569707,-31705.804729785654,299.6733461424643,1.0532149611539965,441
3655000,7310.000000571744,-31366.955504617334,302.7092470418087,1.0457708741065481,441
3660000,7320.000000573781,-31375.240895202907,302.0783125756458,1.0363799519442436,441
3665000,7330.000000575818,-31288.348957632523,302.93114882361374,1.0424332470006243,441
3670000,7340.000000577856,-31505.60929964215,298.9531199033277,1.01862436829236,441
3675000,7350.000000579893,-31303.527072709112,301.7398682648868,1.0423555100709125,441
3680000,7360.00000058193,-31744.066591711307,302.9124454242389,1.0305831927803164,441
3685000,7370.000000583967,-31590.190052761667,303.18584454504787,1.0505250250777933,441
3690000,7380.000000586005,-31447.742917193566,299.9813610884374,1.0433683796336457,441
3695000,7390.000000588042,-31265.45342811162,300.556340410564,1.0303167064620267,441
3700000,7400.000000590079,-31879.566225172137,308.54996010397355,1.0549313311682191,441
3705000,7410.0000005921165,-31055.304032921063,282.3745817516114,1.027637682111387,441
3710000,7420.000000594154,-31374.30508832357,298.42992864662017,1.0432142922823433,441
3715000,7430.000000596191,-31289.80602623697,295.59540424417105,1.0299431449290108,441
3720000,7440.000000598228,-31423.062129702477,293.5044804846368,1.0366732357167847,441
3725000,7450.000000600266,-31474.875120641547,294.01596515769427,1.0364989543142322,441
3730000,7460.000000602303,-31530.620223487465,304.1685967370667,1.0263691049268915,441
3735000,7470.00000060434,-31515.304247905675,298.6828218642804,1.0499486965832328,441
3740000,7480.000000606377,-31648.476205786108,296.5044282173074,1.0440574415997612,441
3745000,7490.000000608415,-31141.551273810677,301.4275118044475,1.0373918018148067,441
3750000,7500.000000610452,-31293.16284557036,304.40520927547846,1.0458245046233745,441
3755000,7510.000000612489,-31669.764080890425,295.7054345014256,1.0305221362510129,441
3760000,7520.0000006145265,-31681.066896052653,296.26339663738537,1.042648688476593,441
3765000,7530.000000616564,-31431.147742086352,298.93048200646786,1.033268796665299,441
3770000,7540.000000618601,-31420.483491591876,292.6961447599482,1.0256037223757792,441
3775000,7550.000000620638,-31555.193295872858,291.8550926226745,1.0400111288809522,441
3780000,7560.0000006226755,-31197.122382135072,294.2806812495707,1.0389107875963992,441
3785000,7570.000000624713,-31319.93386972873,293.62867880918975,1.039661142300689,441
3790000,7580.00000062675,-31369.196988289186,303.2534675092122,1.045286717943805,441
3795000,7590.000000628787,-31598.95823555137,296.05422867256397,1.0372555754608985,441
3800000,7600.000000630825,-31363.6798493214,297.1456931620887,1.0284873193171225,441
3805000,7610.000000632862,-31035.05544578345,296.97627718909916,1.0423343531759481,441
3810000,7620.000000634899,-31275.785527780245,298.6715610611335,1.0293419660080905,441
3815000,7630.000000636936,-31685.873234056955,297.62814395715293,1.042452847710246,441
3820000,7640.000000638974,-31596.402601941285,304.48180599499045,1.0424459754225672,441
3825000,7650.000000641011,-31185.785574141366,294.35690971562354,1.0335603622969658,441
3830000,7660.000000643048,-31297.827490515978,307.9339689755495,1.0336675854171244,441
3835000,7670.0000006450855,-31561.209656569787,299.52096673740266,1.0432229485444686,441
3840000,7680.000000647123,-31462.40241580055,300.58849475207984,1.0332664212401004,441
3845000,7690.00000064916,-31606.77162434088,296.1400123467949,1.0381068485859586,441
3850000,7700.000000651197,-31324.00326959722,299.93531002427727,1.0407490871826253,441
3855000,7710.000000653235,-31350.885012218234,305.21509554104784,1.0327154334637563,441
3860000,7720.000000655272,-31266.405984436016,301.2459434673045,1.0263143560609485,441
3865000,7730.000000657309,-31237.393359926995,298.1132888169976,1.0245550707819067,441
3870000,7740.000000659346,-31658.932182819262,300.13657023060654,1.0441795015224127,441
3875000,7750.000000661384,-31285.81675173636,300.7866151131254,1.0315523644421736,440
3880000,7760.000000663421,-31434.58733876844,302.25782644612167,1.0479732150914942,441
3885000,7770.000000665458,-31310.93804562019,299.09356014360714,1.0390450548763277,440
3890000,7780.000000667495,-31359.34323102425,298.3613947396883,1.028031133012615,440
3895000,7790.000000669533,-31514.76547715388,299.5129039248224,1.0448560111635714,440
3900000,7800.00000067157,-31504.48900470158,305.33165745176285,1.048300922567309,440
3905000,7810.000000673607,-31704.692072586913,296.9287337293413,1.0433196509554972,440
3910000,7820.0000006756445,-31361.67294702839,301.0174325049951,1.0218821722307136,440
3915000,7830.000000677682,-31582.95138606243,296.71910060225565,1.0393226741988515,440
3920000,7840.000000679719,-31434.334661943896,299.17500230337174,1.0300983197985372,440
3925000,7850.000000681756,-31336.701290786732,299.41692544430026,1.0368683833772265,440
3930000,7860.000000683794,-31528.607359291345,304.37673746855455,1.0549598243971539,440
3935000,7870.000000685831,-31209.765475236258,304.8005196730411,1.0428484937089186,440
3940000,7880.000000687868,-31224.351946540264,301.7410117887864,1.0385661644031983,440
3945000,7890.000000689905,-31079.17450938633,296.96493885890817,1.0319984891546798,440
3950000,7900.000000691943,-31773.564635404036,301.7448299957054,1.04810939130657,440
3955000,7910.00000069398,-31312.24651678372,299.74350811732097,1.0460339179944693,440
3960000,7920.000000696017,-31059.58719671698,301.8789711636565,1.0312683119594286,440
3965000,7930.0000006980545,-31474.18893172554,291.8372807843061,1.0390810249756386,440
3970000,7940.000000700092,-31693.185662526055,307.2338610043414,1.0437195812274187,440
3975000,7950.000000702129,-31145.943054561387,308.5479444008285,1.0265405679114656,440
3980000,7960.000000704166,-31618.189339295786,300.038072121153,1.0390870783748263,440
3985000,7970.0000007062035,-31716.09239258553,307.7680029560197,1.0493872775950037,440
3990000,7980.000000708241,-31190.8772421146,304.35392513584566,1.0394033026469078,440
3995000,7990.000000710278,-31611.041291510803,299.07287980460933,1.0442174605345678,440
4000000,8000.000000712315,-31348.49125726035,304.104171763469,1.044134528258584,440
4005000,8010.000000714353,-31465.7299938949,300.05227895197345,1.0301209566360165,440
4010000,8020.00000071639,-31262.051259697677,298.68483756742546,1.0287112587225817,440
4015000,8030.000000718427,-31193.792798398645,296.104001034838,1.0246401322980911,440
4020000,8040.000000720464,-31433.861442070775,298.00812338175666,1.0344779540632083,440
4025000,8050.000000722502,-31420.778347210435,299.56699841980173,1.0301558343555057,440
4030000,8060.000000724539,-31505.216509461665,302.97506789406265,1.0291569315538256,440
4035000,8070.000000726576,-31592.314839634142,301.36768030820923,1.0369680831963353,440
4040000,8080.0000007286135,-31368.81073127489,300.0862164155022,1.0286719013497654,440
4045000,8090.000000730651,-31845.070910781535,304.2317037509157,1.0404471904280381,440
4050000,8100.000000732688,-31467.99456505658,295.17146698559645,1.0434199316996227,440
4055000,8110.000000734725,-31609.702948668797,295.50027856113337,1.0435875870332783,440
4060000,8120.000000736763,-31914.90639813195,302.9493095336802,1.0312772313379746,440
4065000,8130.0000007388,-31638.175001777912,304.7742573868724,1.0326390667308718,440
4070000,8140.000000740837,-31443.642474668944,299.82933055507385,1.0431258266318355,440
4075000,8150.000000742874,-31504.95845939673,312.3906498657417,1.0347817104934989,440
4080000,8160.000000744912,-31235.434753382084,289.40992841715797,1.0385272523721467,440
4085000,8170.000000746949,-31632.863087325066,303.49585581240495,1.0445896105308827,440
4090000,8180.000000748986,-31382.014902588213,299.84419636576865,1.040147352693591,440
4095000,8190.000000751023,-31096.663046505797,302.88978814561807,1.0098311236803863,440
4100000,8200.00000075306,-31702.615146670025,293.64745973560855,1.0425620920023682,440
4105000,8210.000000755097,-31529.151274360338,294.23494029358676,1.041002574084842,440
4110000,8220.000000757134,-31511.332327467244,294.42769190683254,1.0397292486402507,440
4115000,8230.000000759172,-31558.740558498044,297.3163689495439,1.031878251478292,440
4120000,8240.000000761209,-30912.66271192729,304.2129228244969,1.0196619238785731,440
4125000,8250.000000763246,-31295.49973804914,297.37110304263655,1.0311128657267299,440
4130000,8260.000000765283,-31172.67816344154,299.9389925588692,1.044564143242122,440
4135000,8270.00000076732,-31360.479899816477,296.85258279033246,1.0387895164541219,440
4140000,8280.000000769358,-31651.885853958403,305.72433192982817,1.0363690724211099,440
4145000,8290.000000771395,-31601.357722620538,305.0973707246724,1.0341731429389882,440
4150000,8300.000000773432,-31609.544977594924,299.1975239096655,1.019106160345975,440
4155000,8310.00000077547,-31480.787293057743,304.67539102395966,1.0289889727195192,440
4160000,8320.000000777507,-31487.782911344315,303.53706143631246,1.0386381765185986,440
4165000,8330.000000779544,-31869.220173737238,299.0914475316571,1.0396673987368388,440
4170000,8340.000000781582,-31741.062771472178,298.2142484100994,1.0446222019518772,440
4175000,8350.000000783619,-31319.599705199624,300.8098150810545,1.0284664132367443,440
4180000,8360.000000785656,-31482.57986916334,303.2909905985278,1.0537247017826599,440
4185000,8370.000000787693,-31188.19278001465,299.1171671285175,1.0461907890617494,441
4190000,8380.00000078973,-31255.811350686796,305.0217430932108,1.0498331076202447,441
4195000,8390.000000791768,-31590.98939262348,294.27932452629994,1.0382941757504753,441
4200000,8400.000000793805,-30873.967014201422,300.5605656344642,1.023480735766931,441
4205000,8410.000000795842,-31449.98490870386,292.0525927673677,1.0358557680646514,441
4210000,8420.00000079788,-31674.377068797563,296.4389566286152,1.0383177080758423,441
4215000,8430.000000799917,-31535.086866511585,306.1367758041238,1.0299052328435616,441
4220000,8440.000000801954,-31673.707789926353,304.5339816956298,1.0418724746765085,441
4225000,8450.000000803991,-31641.62433031641,302.9303735531733,1.0264151677902804,441
4230000,8460.000000806029,-31304.353535422008,302.9863480789706,1.017242049884777,441
4235000,8470.000000808066,-31185.859781937965,300.034118241907,1.037673308448639,441
4240000,8480.000000810103,-31658.78004700737,293.5945862915729,1.0425259518817604,441
4245000,8490.00000081214,-31477.807627991424,300.6469695250474,1.0439497203083827,441
4250000,8500.000000814178,-31203.41611214701,293.86441916835605,1.0318011646409642,441
4255000,8510.000000816215,-31501.922363292164,301.5564392786869,1.0358258098781277,441
4260000,8520.000000818252,-31512.761687925668,297.2808809451344,1.041043705610946,441
4265000,8530.00000082029,-31215.623865995993,303.00747419847164,1.0307406522754112,441
4270000,8540.000000822327,-31335.13282559102,304.8758953416095,1.0496421934777989,441
4275000,8550.000000824364,-30997.075892399385,307.30287945529847,1.024623084121931,441
4280000,8560.000000826401,-31128.885757190612,295.77621669263465,1.0238555531338396,441
4285000,8570.000000828439,-31537.331574383075,300.9591127861156,1.0390592791009376,441
4290000,8580.000000830476,-31471.285422126297,295.80521180710576,1.0326194651915725,441
4295000,8590.000000832513,-31621.769467708014,294.3751867162561,1.041214817617548,441
4300000,8600.00000083455,-31750.189553032862,301.8066578133277,1.0434156625640953,441
4305000,8610.000000836588,-31396.401564437634,300.3049202067405,1.0388036334990025,441
4310000,8620.000000838625,-31626.521468189225,290.62787827903475,1.053224554228824,441
4315000,8630.000000840662,-31680.755823974963,296.5871883368207,1.0499123932200545,441
4320000,8640.0000008427,-31237.314026394335,300.862339653392,1.039159598881934,441
4325000,8650.000000844737,-31145.24770775577,306.5069286758953,1.0229000307003415,441
4330000,8660.000000846774,-31527.61842659305,297.49559209360467,1.0389628980515677,441
4335000,8670.000000848811,-31604.269728209474,287.90956691560245,1.0394828559484786,441
4340000,8680.000000850849,-31400.540812872787,307.75806011262154,1.0392046687201741,441
4345000,8690.000000852886,-31357.614413976902,297.0122691192949,1.0438225616323382,441
4350000,8700.000000854923,-31493.294022463117,296.1054934304358,1.0294642483815604,441
4355000,8710.00000085696,-31387.079330306733,300.97773865844636,1.0329759845418742,441
4360000,8720.000000858998,-31429.787201087252,307.32007107731454,1.0402974455135157,441
4365000,8730.000000861035,-31503.54419906673,306.52762839665417,1.0299459718500639,441
4370000,8740.000000863072,-31368.560270183167,291.21743268544105,1.0323462130819774,441
4375000,8750.00000086511,-31686.220704214677,304.427420773596,1.0485156452097857,441
4380000,8760.000000867147,-31391.69903590306,302.01819035299235,1.043381550861753,441
4385000,8770.000000869184,-31729.741580223344,303.20633106643555,1.0430372955342166,441
4390000,8780.000000871221,-31343.12773532438,297.80413034712495,1.0241618164367625,441
4395000,8790.000000873259,-31591.97229434343,292.34640088252036,1.0541845729994073,441
4400000,8800.000000875296,-31531.745402229688,297.09661854321104,1.0381819510359689,441
4405000,8810.000000877333,-31350.67621134111,291.88420402771163,1.0515509719936162,441
4410000,8820.00000087937,-31767.170726253855,306.1738337311752,1.027935567148542,441
4415000,8830.000000881408,-31319.261496833817,311.0162891925131,1.0289533056237257,440
4420000,8840.000000883445,-31019.507904550468,297.1523604878762,1.0290958559755687,440
4425000,8850.000000885482,-31634.32938082359,302.5264188902001,1.0472086982461632,440
4430000,8860.00000088752,-31474.92818731442,308.1179600328187,1.0394070641277977,440
4435000,8870.000000889557,-31364.205955476384,302.587471437382,1.0337786242362481,440
4440000,8880.000000891594,-31552.994302379753,307.7428260484675,1.0430929910195998,440
4445000,8890.000000893631,-31262.14135867756,303.6537396375935,1.0476897271563157,440
4450000,8900.000000895669,-31199.153332915244,299.76372329405456,1.0383876308203337,440
4455000,8910.000000897706,-31456.778012851835,295.7040390146329,1.0387410096422283,440
4460000,8920.000000899743,-31330.7162400909,292.0456734786871,1.0424963530795366,440
4465000,8930.00000090178,-31635.95506053031,308.8421401512013,1.03903433204498,440
4470000,8940.000000903818,-31745.29044046055,293.0768800732312,1.0474065074400032,440
4475000,8950.000000905855,-31392.39067341521,295.7459036184148,1.0251053753933819,440
4480000,8960.000000907892,-31509.332184875268,291.3529499584239,1.0363026745538317,440
4485000,8970.00000090993,-31428.919211954315,303.40879294194747,1.034130481600684,440
4490000,8980.000000911967,-31446.58692422844,309.7144938325065,1.0488090417133846,440
4495000,8990.000000914004,-31665.35505367996,295.27762089064896,1.0328332238714117,440
4500000,9000.000000916041,-31547.251253691065,304.3575301433935,1.0240568154162548,440
4505000,9010.000000918079,-31204.000329530012,298.65840084540764,1.026988147900659,440
4510000,9020.000000920116,-31344.404720148654,289.4434976272275,1.0336703736492416,440
4515000,9030.000000922153,-31591.97418403838,306.5594144847108,1.0369705322665776,440
4520000,9040.00000092419,-31681.377985316445,293.96533999793576,1.0397046352350559,440
4525000,9050.000000926228,-31524.183557216078,301.4511187893578,1.0405948400602263,440
4530000,9060.000000928265,-31649.546607550612,303.6023004438726,1.0387243173227898,440
4535000,9070.000000930302,-31348.248914922413,288.59539052894604,1.044989081093312,440
4540000,9080.00000093234,-31479.091106798354,309.6154917972667,1.04138198785985,440
4545000,9090.000000934377,-31044.25724544187,285.22875925972477,1.0317281890218986,440
4550000,9100.000000936414,-31541.35570635629,299.36816093359874,1.0339122674552665,440
4555000,9110.000000938451,-31624.752635058278,306.3288490557342,1.044002452465625,440
4560000,9120.000000940488,-31522.58826216936,300.0213650431623,1.0380366844049704,440
4565000,9130.000000942526,-31114.09157917628,297.5991488426818,1.0229203384114653,440
4570000,9140.000000944563,-31370.14637016054,304.28554628300185,1.0230234960690052,440
4575000,9150.0000009466,-31467.07524168887,304.0024175181658,1.0388028988318505,440
4580000,9160.000000948638,-31399.5687762686,295.2415514334091,1.0450176868433187,440
4585000,9170.000000950675,-31232.15294521654,289.51323320334194,1.0346830471182105,440
4590000,9180.000000952712,-31569.404993447883,304.77710650574085,1.0430514960122528,440
4595000,9190.00000095475,-31459.74859733795,293.01379244114327,1.0379229333639697,440
4600000,9200.000000956787,-31313.7933569795,297.64942513074203,1.0417619960543292,440
4605000,9210.000000958824,-31223.670385156816,303.8977947722331,1.0406154884297072,440
4610000,9220.000000960861,-31495.525724066392,296.2801424788981,1.0244361166301226,440
4615000,9230.000000962898,-31201.457402391825,297.2982857665215,1.0478797249728984,440
4620000,9240.000000964936,-31171.08282943128,303.02821268275244,1.0434420300246043,440
4625000,9250.000000966973,-31157.08455593881,297.3823057005004,1.0391509735789302,440
4630000,9260.00000096901,-31272.932150602282,285.8333732944359,1.0284531298382822,440
4635000,9270.000000971047,-31355.1143909175,298.5951000139485,1.0402985732377705,440
4640000,9280.000000973085,-31720.1865458292,307.90268681327916,1.0228556437720921,440
4645000,9290.000000975122,-31322.16186674079,291.36758318798655,1.0509689767323307,440
4650000,9300.00000097716,-31453.805412732298,310.8331315509674,1.0387302591057765,440
4655000,9310.000000979197,-31294.443461559247,299.416363373231,1.0441379467076524,440
4660000,9320.000000981234,-31333.338092630904,292.84028691658057,1.0370539415296205,440
4665000,9330.000000983271,-31546.892228499986,295.0593434981528,1.0421152817338417,440
4670000,9340.000000985308,-31502.214980675577,298.1380005622855,1.0412689434929214,440
4675000,9350.000000987346,-30865.974957690196,303.34097616017294,1.0140272102467587,440
4680000,9360.000000989383,-31620.942006568075,302.35097518953637,1.0406857307177189,440
4685000,9370.00000099142,-31380.635391031625,297.4554912300747,1.031169556809825,440
4690000,9380.000000993457,-31733.98693007513,311.03741531201416,1.043065281487761,440
4695000,9390.000000995495,-31618.670467473363,307.00440033574245,1.0347642785670876,440
4700000,9400.000000997532,-31527.851248799532,299.1125155058751,1.0346183213751676,440
4705000,9410.00000099957,-31293.13880478448,300.1690734438205,1.0270457135141924,440
4710000,9420.000001001607,-31692.689883984014,294.80100400564874,1.0355853714277699,440
4715000,9430.000001003644,-31097.309657153004,289.9178662279505,1.0352101960911475,440
4720000,9440.000001005681,-31657.321847282525,293.0172036310811,1.0348468925225742,440
4725000,9450.000001007718,-31317.59381660624,303.40728116458865,1.0291430785899762,440
4730000,9460.000001009756,-31177.29945989867,292.95027841031305,1.0303121544077016,440
4735000,9470.000001011793,-31624.868412094802,300.19140123250423,1.0351795320927475,440
4740000,9480.00000101383,-31191.725916899275,312.0002042901926,1.0407991999123143,440
4745000,9490.000001015867,-31301.85825730776,309.05803358709323,1.025264558957648,440
4750000,9500.000001017905,-31832.066719669732,294.05938030235694,1.0399886726587098,440
4755000,9510.000001019942,-31200.399131907674,293.2032297732563,1.0320802282290165,440
4760000,9520.00000102198,-31048.04039593076,303.97985714835,1.0302150876139806,440
4765000,9530.000001024016,-31523.09071266174,294.6662038578233,1.0525314306147497,440
4770000,9540.000001026054,-31532.38763506527,297.9441829521842,1.0505276063336735,440
4775000,9550.000001028091,-31782.406598452973,302.9836346324292,1.047337041879828,440
4780000,9560.000001030128,-31707.049692737317,304.57228005538576,1.0412756027787562,440
4785000,9570.000001032166,-31370.811812991888,307.1942059213147,1.0295401883814987,440
4790000,9580.000001034203,-31406.366167275148,302.83193358900286,1.0394919134306289,440
4795000,9590.00000103624,-31248.115355035785,295.85292970271274,1.0210695903562472,440
4800000,9600.000001038277,-31577.16432904557,296.65610987897276,1.0335842546565222,440
4805000,9610.000001040315,-31583.746456792927,299.609696439307,1.0398673491097372,440
4810000,9620.000001042352,-31409.969094203145,303.6251709218646,1.0425560396864832,440
4815000,9630.00000104439,-31085.372135618498,302.17283742409217,1.0263534039285545,440
4820000,9640.000001046426,-31777.123126947146,302.95803132613474,1.0451395453621972,440
4825000,9650.000001048464,-31323.014209959336,297.8942942993441,1.0328228301103946,440
4830000,9660.000001050501,-31471.22787904559,298.1271855396419,1.030503004887896,440
4835000,9670.000001052538,-31186.81149984285,297.36511407848445,1.0314700129104037,440
4840000,9680.000001054575,-31599.39146975064,315.09366901973704,1.0448655625920096,440
4845000,9690.000001056613,-31235.54307404303,288.61496610756626,1.0319426774457963,440
4850000,9700.00000105865,-31190.034916091914,294.62718837290987,1.0387259225042116,440
4855000,9710.000001060687,-31107.145008437685,297.6164179917418,1.0233063434377392,440
4860000,9720.000001062725,-31409.474835774803,302.45786560150725,1.0246254898838543,440
4865000,9730.000001064762,-31331.439698578994,309.0771052399272,1.0358332381104693,440
4870000,9740.000001066799,-31751.278866937617,298.50654474789326,1.0534250206684264,440
4875000,9750.000001068836,-31269.532856371807,292.03590507113796,1.0362074784523803,440
4880000,9760.000001070874,-31553.70110709968,297.3710061338315,1.0440516475155832,440
4885000,9770.00000107291,-31545.215094416926,292.51630139953517,1.035000527195924,440
4890000,9780.000001074948,-31200.52490697839,304.53524151009543,1.036854669396339,440
4895000,9790.000001076985,-31583.17717546635,303.5477601683901,1.0273893848673854,440
4900000,9800.000001079023,-31208.427463247353,305.9555951022011,1.0404804581129632,440
4905000,9810.00000108106,-31212.541944206867,305.4128088851122,1.0319193864048402,440
4910000,9820.000001083097,-31416.15864188678,303.82774908794255,1.0267956466507453,440
4915000,9830.000001085134,-31588.88402521072,286.0607988781288,1.0403865466144577,440
4920000,9840.000001087172,-31443.152710066934,306.83165069985915,1.0355750319346069,440
4925000,9850.000001089209,-31788.6096510012,297.57794519613674,1.0462735534774603,440
4930000,9860.000001091246,-31798.906413191085,303.488258162089,1.0540700923421147,440
4935000,9870.000001093284,-31708.95142267531,303.9180680942497,1.0388399705155504,440
4940000,9880.00000109532,-31088.661764429242,301.5919272830965,1.0241764678188359,440
4945000,9890.000001097358,-31664.212830376957,301.35339595034475,1.036541795154928,440
4950000,9900.000001099395,-31164.492401297903,303.4464129400681,1.0335012270873838,440
4955000,9910.000001101433,-31323.23061033385,304.8048999510294,1.0354699548145074,440
4960000,9920.00000110347,-31180.66312230978,305.61649181156776,1.043122497571073,440
4965000,9930.000001105507,-31174.15118048506,298.2051389824246,1.0380261522357732,440
4970000,9940.000001107544,-31491.74644240149,291.3164734842028,1.0372363393892678,440
4975000,9950.000001109582,-31802.279799257725,290.8672042639879,1.0387445909109305,440
4980000,9960.000001111619,-31180.28978145332,300.73457508481323,1.041528925302531,440
4985000,9970.000001113656,-31150.63172878255,299.33375830780574,1.0269135440476012,440
4990000,9980.000001115694,-31377.456497314473,301.8608492171121,1.035615180835705,440
4995000,9990.00000111773,-31479.354053209274,299.4153361398974,1.0448510293595894,440
5000000,10000.000001119768,-31285.915799580573,305.11934964165783,1.038173527257384,440
5005000,10010.000001121805,-31232.91914734227,291.92432427300264,1.0389196813800903,440
5010000,10020.000001123843,-31582.287728113995,297.92631296853284,1.0477878028116623,440
5015000,10030.00000112588,-31142.633967603033,308.7117396631252,1.0387333746556324,440
5020000,10040.000001127917,-31214.315600630594,298.8352981781471,1.013893614221845,440
5025000,10050.000001129954,-31634.711193365743,296.2354869015308,1.042718538581689,440
5030000,10060.000001131992,-31453.290977881494,309.36143567394583,1.0386736794595266,440
5035000,10070.000001134029,-31706.093128296576,295.55080681208676,1.0367628468162537,439
5040000,10080.000001136066,-31842.301407713356,293.77722062557143,1.0413471549216065,439
5045000,10090.000001138103,-31395.192544279766,299.88470424627985,1.0530147777847012,439
5050000,10100.00000114014,-31394.93534266611,298.98820089075605,1.0436804133553554,439
5055000,10110.000001142178,-31611.34350277952,303.7049462501823,1.0411742276528773,439
5060000,10120.000001144215,-31392.828404681466,295.5170050208851,1.0338485527762513,439
5065000,10130.000001146253,-31403.646458399948,293.35551226951293,1.0491513277940034,439
5070000,10140.00000114829,-31696.706497095467,302.2044103127777,1.0409889826715242,439
5075000,10150.000001150327,-31279.72062573288,301.74845438501427,1.0449612832360304,439
5080000,10160.000001152364,-31607.388162789575,297.8913676534316,1.026635077099436,439
5085000,10170.000001154402,-31402.1679007551,298.5391836334343,1.0333563898409737,439
5090000,10180.000001156439,-31558.048151358904,305.67876540969337,1.0446993522307166,439
5095000,10190.000001158476,-31116.72440907455,304.12122771315796,1.0316349381908558,439
5100000,10200.000001160513,-31082.657717322843,302.3805905203598,1.0253580424074566,439
5105000,10210.00000116255,-31190.338888300845,294.4131362043139,1.0415272394808546,439
5110000,10220.000001164588,-30971.95718877847,301.88893338881576,1.021942197588034,439
5115000,10230.000001166625,-31393.049537619285,299.1095307146795,1.0232357101374534,439
5120000,10240.000001168662,-31561.496692742774,299.49402608959855,1.0424086157397412,439
5125000,10250.0000011707,-31247.47558113851,293.9846442319019,1.020441735387218,439
5130000,10260.000001172737,-31287.756981452578,298.24398003148895,1.0264558513661444,439
5135000,10270.000001174774,-31544.06315927315,311.18163499569056,1.0368697607942254,439
5140000,10280.000001176812,-31461.810702092247,301.2445092169898,1.0348619121532332,439
5145000,10290.000001178849,-31202.704101378127,303.5859810011021,1.0287081637113826,439
5150000,10300.000001180886,-31674.390347396722,306.0048441569278,1.0472600486222972,439
5155000,10310.000001182923,-31741.154407984286,296.61509807267527,1.0459264309882108,439
5160000,10320.00000118496,-31795.353562257515,297.86890419242087,1.0490370054118074,439
5165000,10330.000001186998,-31137.378755152837,305.20563724167494,1.0396247054597547,439
5170000,10340.000001189035,-31411.007717666595,301.32889740442795,1.0268217623044156,439
5175000,10350.000001191072,-31846.582739319885,305.10760429448567,1.0340449834479304,439
5180000,10360.00000119311,-31369.26140680333,309.8008201960456,1.0398855688430235,439
5185000,10370.000001195147,-31441.611632408167,298.8985602460842,1.027679709500733,439
5190000,10380.000001197184,-31180.93774400963,300.3008500369284,1.043156378306407,439
5195000,10390.000001199222,-31664.785752572905,282.6286378749323,1.044631702003001,439
5200000,10400.000001201259,-31292.516755101562,302.76334153678795,1.0379344035942286,439
5205000,10410.000001203296,-31286.78451968002,293.8469562016859,1.044922204167947,439
5210000,10420.000001205333,-31257.03861332315,311.86364040211515,1.0304976594669903,439
5215000,10430.00000120737,-31610.856715137634,294.13925253947974,1.0416233132406385,439
5220000,10440.000001209408,-31405.805263341957,294.85005924276544,1.0263036368212022,439
5225000,10450.000001211445,-31546.87017775039,313.92845692956877,1.044442826281438,439
5230000,10460.000001213482,-31414.370951238874,285.552395905072,1.0427244692706004,439
5235000,10470.00000121552,-31328.242017432203,305.4241859788252,1.0371317503519635,439
5240000,10480.000001217557,-31483.98489032124,287.90727986780325,1.0298580588719528,439
5245000,10490.000001219594,-31613.393045510136,294.6648277527915,1.0333951949783204,439
5250000,10500.000001221631,-31498.425658273627,302.002181018398,1.0431852887842352,439
5255000,10510.000001223669,-31513.20549446938,300.92160907856095,1.0374515530639572,439
5260000,10520.000001225706,-31303.940320346213,307.13059498167945,1.0286063642471253,439
5265000,10530.000001227743,-31047.19930419029,312.82869704633174,1.015122144564367,439
5270000,10540.00000122978,-31440.382933268964,299.8646441236343,1.0305585474934378,439
5275000,10550.000001231818,-31122.20255014609,296.32150315689375,1.0329882711224676,439
5280000,10560.000001233855,-31249.60755222672,300.1031560746251,1.021555771438988,439
5285000,10570.000001235892,-31501.74134311723,295.4142041604874,1.0313212907688396,439
5290000,10580.00000123793,-31439.4006871857,300.5732025426428,1.0391516468239066,439
5295000,10590.000001239967,-31498.06123718433,293.83288504319256,1.0336281668004497,439
5300000,10600.000001242004,-31476.951309126016,293.305933724849,1.0303543336862988,439
5305000,10610.000001244041,-31008.687693597283,301.4104946182806,1.0345639009024663,439
5310000,10620.000001246079,-31424.712367825967,300.4616411262685,1.0483115047004665,439
5315000,10630.000001248116,-31413.457669577096,311.87013329205354,1.027916850211549,439
5320000,10640.000001250153,-31697.484778396203,300.1828151123767,1.0405207557698644,439
5325000,10650.00000125219,-31093.595863660827,293.73434817021706,1.02127010597831,439
5330000,10660.000001254228,-31279.406486415915,291.9630490315009,1.0379712751607628,439
5335000,10670.000001256265,-30993.715204869135,289.93418567072104,1.0251030807266912,439
5340000,10680.000001258302,-31400.874237501295,301.3305254723528,1.0467796271761352,439
5345000,10690.00000126034,-31117.41290617673,308.45219850143843,1.0258685099304856,439
5350000,10700.000001262377,-32032.61746287506,285.850778115823,1.0537890405520254,439
5355000,10710.000001264414,-31377.845280266192,298.8383411146257,1.0296780649485846,439
5360000,10720.000001266451,-31502.16529488124,299.35837314428863,1.0452736571458525,439
5365000,10730.000001268489,-31361.3661434931,296.13231778767386,1.0301785955153973,439
5370000,10740.000001270526,-31662.758102348016,302.46761462729535,1.0409838208025604,439
5375000,10750.000001272563,-31403.38484833672,293.07036780153186,1.0426526575352018,439
5380000,10760.0000012746,-31501.940042284754,303.30818222054387,1.0332551788437054,439
5385000,10770.000001276638,-31492.07753458267,298.1518972849298,1.039852015902238,439
5390000,10780.000001278675,-31482.45632227609,302.77347819779624,1.0322494287579507,439
5395000,10790.000001280712,-31511.898154395196,289.35100786368713,1.0515842219718992,439
5400000,10800.00000128275,-31221.041227741254,300.0659430934856,1.032446182624332,439
5405000,10810.000001284787,-31891.666502196487,301.3663817302215,1.0553127285254245,439
5410000,10820.000001286824,-31951.014653366088,307.41771638928356,1.0457223157768725,439
5415000,10830.000001288861,-31265.729637310025,297.78916762762515,1.0364151886311261,439
5420000,10840.000001290899,-31702.642906755704,309.4202593186116,1.0535421751916856,439
5425000,10850.000001292936,-31443.43218916605,293.95820750988406,1.0338215700621032,439
5430000,10860.000001294973,-31410.290654042794,301.0284413452489,1.0519675492960996,439
5435000,10870.00000129701,-31504.742255604768,297.40670733761215,1.0413476547517175,439
5440000,10880.000001299048,-31291.904026641772,303.3803792803066,1.0279601000555878,439
5445000,10890.000001301085,-31321.0988454826,295.64674652908695,1.0314457032220359,439
5450000,10900.000001303122,-31769.39388888082,298.3169717434531,1.0390735736312848,439
5455000,10910.00000130516,-31305.382618189324,309.2320430374422,1.0334055618180324,439
5460000,10920.000001307197,-31232.345823434967,294.6437016332905,1.0397041115414571,439
5465000,10930.000001309234,-31293.789284933562,299.3229239034011,1.0342913200244628,439
5470000,10940.000001311271,-31385.864847745426,294.6056746181886,1.0291351025853808,439
5475000,10950.000001313309,-30999.07497157104,299.86782273244,1.028323669430478,439
5480000,10960.000001315346,-31602.150758223375,307.5805619452907,1.0456596476993538,439
5485000,10970.000001317383,-31540.42798487193,304.5193097025451,1.02990386865146,439
5490000,10980.00000131942,-31964.768229128997,300.820339377283,1.0335593013737734,439
5495000,10990.000001321458,-31353.92457555188,294.6280799339163,1.036727976533502,439
5500000,11000.000001323495,-31421.489525849494,297.19938064008676,1.0449174999615225,439
