#"Step","Time (ps)","Potential Energy (kJ/mole)","Temperature (K)","Density (g/mL)","Speed (ns/day)"
505000,1009.9999999899404,-44297.589563253976,307.27915738874486,1.03395857223551,0
510000,1019.999999989704,-44507.93044724976,290.7505746925982,1.0437769873852665,428
515000,1029.9999999894676,-44557.404137640406,306.8813438191988,1.0416417441829646,431
520000,1039.9999999892311,-44014.732884178724,305.30966511963493,1.0440702743733141,427
525000,1049.9999999889947,-44337.352618526056,308.44258483599737,1.0388165796581186,428
530000,1059.9999999887582,-44538.10210684751,288.6977188175532,1.0452135160686558,428
535000,1069.9999999885217,-44485.033937664295,302.1703646311669,1.0417700321267098,427
540000,1079.9999999882853,-44606.17194988916,301.9975717470482,1.0435892237867006,430
545000,1089.9999999880488,-44363.083692495624,309.30747486242075,1.0250065077259016,430
550000,1099.9999999878123,-44617.4840856636,304.56638394429797,1.050945289441365,431
555000,1109.9999999875758,-43941.567443826585,301.41609434831474,1.019237149189533,432
560000,1119.9999999873394,-44484.857390255755,306.269912240303,1.0457095977355364,431
565000,1129.999999987103,-44332.740705840726,302.15094660247513,1.0383303962656645,431
570000,1139.9999999868664,-44363.87423882855,303.30915520834503,1.039032477238799,431
575000,1149.99999998663,-44461.056158635125,304.4665366770901,1.0365863198195655,430
580000,1159.9999999863935,-44368.308056432055,301.52480379900254,1.0225655355020518,431
585000,1169.999999986157,-44347.8229439111,297.7757850871115,1.0308394979155762,430
590000,1179.9999999859206,-43978.86494226032,310.50924602353007,1.024171883498004,431
595000,1189.999999985684,-44293.290332622535,301.6388896410015,1.0434564651035503,431
600000,1199.9999999854476,-44113.96307980671,300.25546341229364,1.0215123156713684,431
605000,1209.9999999852112,-44620.94406452592,301.04805771526145,1.0397203705581812,430
610000,1219.9999999849747,-44498.81414561611,301.0629658772489,1.0226848201543661,430
615000,1229.9999999847382,-44746.525362488814,292.52937246695984,1.031788690184827,429
620000,1239.9999999845018,-44258.68334380997,297.1645701393674,1.021605655849324,429
625000,1249.9999999842653,-44322.357932399755,304.90489965949234,1.0400254909119766,429
630000,1259.9999999840288,-44607.17813518789,300.39016860118943,1.0365898723680296,429
635000,1269.9999999837923,-44176.92932696131,300.8903502367998,1.033192460523884,429
640000,1279.9999999835559,-44113.25227538368,297.5231143892266,1.0365856226862111,429
645000,1289.9999999833194,-44417.04812978985,293.3254328683554,1.043323306144889,429
650000,1299.999999983083,-43975.35979862581,299.3822035459169,1.0261668923359186,429
655000,1309.9999999828465,-44401.73756335082,296.4390133309904,1.025051300054255,429
660000,1319.99999998261,-44275.15338808036,307.46258489303943,1.0381440149870187,429
665000,1329.9999999823735,-44578.27760691472,306.73580707271634,1.041029753458071,429
670000,1339.999999982137,-44406.61624587342,298.29644821343123,1.0456110875138052,429
675000,1349.9999999819006,-44311.65103843741,295.73322903864437,1.0573793189864857,429
680000,1359.9999999816641,-44338.35416456853,296.01538126690605,1.0273800058795746,429
685000,1369.9999999814277,-44643.80633299897,292.02808798184975,1.0281972853441388,429
690000,1379.9999999811912,-44483.45606393891,302.8747900553793,1.0317408618854929,429
695000,1389.9999999809547,-44512.69323566317,294.5692895541241,1.0294208480176341,429
700000,1399.9999999807183,-44385.03437497208,303.45345124914024,1.0334822906289867,429
705000,1409.9999999804818,-44386.882096833,306.2326713759459,1.0359788679929116,429
710000,1419.9999999802453,-44279.03734478622,294.4586698105528,1.0167431771704327,429
715000,1429.9999999800089,-44402.02493792915,295.8300828572101,1.0400794951150762,429
720000,1439.9999999797724,-44270.281606465986,293.9167374438811,1.020305483429694,429
725000,1449.999999979536,-44284.74783722765,296.3639014025623,1.045320612052844,429
730000,1459.9999999792994,-44274.65428186505,308.0013662611405,1.0407190077743504,429
735000,1469.999999979063,-44487.93601070077,300.14368173799943,1.0281598927500548,429
740000,1479.9999999788265,-44333.468443084654,308.31363021949306,1.0333340598181164,429
745000,1489.99999997859,-44224.302380446374,304.9729809223597,1.0328009692423938,430
750000,1499.9999999783536,-44633.51412781107,300.5059284111791,1.0375938591099243,430
755000,1509.999999978117,-44531.07382055078,300.97810554699277,1.0264711796715213,430
760000,1519.9999999778806,-44333.58878061242,311.0293183376178,1.0252521538128285,430
765000,1529.9999999776442,-44457.742729781254,305.7567918168118,1.0327119768410122,429
770000,1539.9999999774077,-44439.63138434393,302.6717672787234,1.0071308127562022,430
775000,1549.9999999771712,-44254.9104832396,295.64039274325626,1.0174045816651853,429
780000,1559.9999999769348,-44098.287566878775,308.5147033157834,1.0353028638096193,429
785000,1569.9999999766983,-44192.60298111153,294.066547732175,1.0200233829149346,430
790000,1579.9999999764618,-44754.5801201569,307.90309449321796,1.0395225862957638,429
795000,1589.9999999762254,-44238.134935298905,298.4238864118734,1.0370685195337093,430
800000,1599.9999999759889,-44385.603078773885,302.66544558784096,1.0309473690083568,430
805000,1609.9999999757524,-44478.80460152653,298.80769773152105,1.0382406336938672,430
810000,1619.999999975516,-44450.90132616376,289.5579611210849,1.0358343975502653,430
815000,1629.9999999752795,-44427.489070845215,296.23687677268254,1.0402442771727591,430
820000,1639.999999975043,-44385.02964447779,297.22180015090703,1.031630447093183,430
825000,1649.9999999748065,-44358.057410894195,304.81356008842533,1.0242996500621302,430
830000,1659.99999997457,-44202.983558878885,303.8111880556157,1.0387816813756616,430
835000,1669.9999999743336,-44439.125311527314,289.0542739995646,1.0246854675937396,430
840000,1679.9999999740971,-44525.935941115196,304.54107748702734,1.0493561484252267,430
845000,1689.9999999738607,-44385.44350714324,299.7353517107238,1.035592564487547,430
850000,1699.9999999736242,-44342.61097098814,297.85692330030605,1.0268118174424408,430
855000,1709.9999999733877,-44577.95058397119,301.55438379808464,1.0346582627928151,431
860000,1719.9999999731513,-44347.70707414881,308.64259447027007,1.032653257461755,431
865000,1729.9999999729148,-44580.99757958308,304.4388866646326,1.036394268609444,432
870000,1739.9999999726783,-44231.90440041316,291.89870010304196,1.0266448396245365,432
875000,1749.9999999724419,-44513.213161875115,300.5305062000303,1.0359648903614957,432
880000,1759.9999999722054,-44525.44331271839,301.36331512225615,1.0327143326878507,432
885000,1769.999999971969,-44285.4045078069,311.9613640210784,1.0298286457435206,432
890000,1779.9999999717324,-44321.03362111439,308.3909281531796,1.052510135891446,432
895000,1789.999999971496,-44509.55836267327,294.254524490656,1.0345393866774892,432
900000,1799.9999999712595,-44181.81235291617,290.20389613432945,1.036032676268422,432
905000,1809.999999971023,-44383.28028423735,302.6924063193612,1.0354912156907465,432
910000,1819.9999999707866,-44670.19396286149,297.3548510655532,1.046165121833693,432
915000,1829.99999997055,-44365.56697848858,300.34225372917433,1.0412677326587294,432
920000,1839.9999999703136,-44259.697015123966,298.0757995385206,1.0261593769714616,432
925000,1849.9999999700772,-44146.65018983581,306.8081618773952,1.0265333656705418,432
930000,1859.9999999698407,-44551.08986746892,295.68490059806686,1.0356682488549835,432
935000,1869.9999999696042,-44374.4194302496,289.28849166207016,1.036519205526461,432
940000,1879.9999999693678,-44365.85214045184,300.88211825303404,1.0435520870710209,432
945000,1889.9999999691313,-44217.83533971984,292.58786287792776,1.0243911239043328,432
950000,1899.9999999688948,-44332.904305749544,302.9154182431998,1.0397804883879491,432
955000,1909.9999999686584,-44262.90805160359,304.38917966218037,1.0240402788390355,432
960000,1919.999999968422,-44343.42028279681,292.07913415869444,1.0492226009654144,432
965000,1929.9999999681854,-44608.09505103767,300.7205114138412,1.0445438664030995,432
970000,1939.999999967949,-44146.00666112633,295.58142968250274,1.0412649600603197,432
975000,1949.9999999677125,-44176.71690278835,299.1415066426005,1.02676083056303,432
980000,1959.999999967476,-44293.38161419536,311.1927173072476,1.0335925436754507,432
985000,1969.9999999672395,-44336.73629667217,293.9937990526749,1.02895941007061,432
990000,1979.999999967003,-44207.03957832989,295.6024625979619,1.0288536233853038,432
995000,1989.9999999667666,-44460.02151135643,302.06074926839,1.0392995560503187,432
1000000,1999.9999999665301,-44604.52826552029,302.52965724318653,1.044788588970214,432
1005000,2009.9999999662937,-44388.6424265478,300.5901782354622,1.0445075423460803,432
1010000,2019.9999999660572,-44259.80283947973,292.93608760746804,1.0308378051874494,432
1015000,2029.9999999658207,-44480.25208609525,301.89475072493934,1.034726398223345,432
1020000,2039.9999999655843,-44247.18397322294,304.7486889053518,1.0407805872728646,432
1025000,2049.999999965348,-44719.08386389693,302.05846479442624,1.0539403500516678,432
1030000,2059.9999999651113,-44384.717920627125,300.7560389227254,1.0428419406223521,432
1035000,2069.999999964875,-44383.24843595328,304.3816172656108,1.0358962271870777,432
1040000,2079.9999999646384,-44347.75261559151,308.4773836764621,1.031239196000779,432
1045000,2089.999999964402,-44356.70855752641,297.48033958362987,1.0255034446996512,432
1050000,2099.9999999641655,-44346.04772832562,299.39657997689557,1.033351542045104,432
1055000,2109.999999963929,-44033.394492968306,297.2124850113825,1.036503654878094,432
1060000,2119.9999999636925,-44366.46044044325,302.6882706337372,1.0420684038633827,432
1065000,2129.999999963456,-44046.497637234104,304.74748758714674,1.0448214281031691,432
1070000,2139.9999999632196,-43975.87807793039,303.4333045520291,1.029893904078769,432
1075000,2149.999999962983,-44490.005336982926,304.10529438470485,1.047988848031637,432
1080000,2159.9999999627466,-44429.57318070164,297.8809102769252,1.035102412298911,432
1085000,2169.99999996251,-44247.675291255495,292.4377571835179,1.028741401244003,432
1090000,2179.9999999622737,-44684.07464155354,297.82178966624315,1.0408548439861214,432
1095000,2189.9999999620372,-44045.25102249879,301.5473728262649,1.0161550724875859,432
1100000,2199.9999999618008,-44309.77635377087,296.9234990549707,1.0387682984522781,432
1105000,2209.9999999615643,-44419.78984678633,301.06964205547047,1.0373777684985965,432
1110000,2219.999999961328,-44664.66890737161,304.2020891220473,1.035448590366056,432
1115000,2229.9999999610914,-44227.06338075659,298.01402027279454,1.031134042410424,432
1120000,2239.999999960855,-44429.577946986974,295.6285764986162,1.04044108646368,432
1125000,2249.9999999606184,-44464.405878596735,305.7182511655444,1.0286141520395076,432
1130000,2259.999999960382,-44332.68387840674,304.847453016801,1.0404315081614446,432
1135000,2269.9999999601455,-44426.858507257275,295.8103497286613,1.0386881040360554,432
1140000,2279.999999959909,-44260.284428937855,296.9533350726867,1.037492542646658,432
1145000,2289.9999999596726,-44305.72769213194,307.6880388407703,1.0340862104988056,432
1150000,2299.999999959436,-44637.856075319025,297.9004464680633,1.0434381989967627,432
1155000,2309.9999999591996,-44284.408554196474,304.1783778578031,1.02790089819706,432
1160000,2319.999999958963,-44623.50679316177,307.5039811367615,1.0501266948092363,432
1165000,2329.9999999587267,-44744.15903332617,298.81106536124344,1.0449308997939395,432
1170000,2339.99999995849,-44249.349796986935,291.46386230029066,1.0290480341771737,432
1175000,2349.9999999582537,-44583.16072555841,302.10618272903065,1.0505218280151714,432
1180000,2359.9999999580173,-44533.913564822346,297.0127707832258,1.035557883241922,432
1185000,2369.999999957781,-44748.29326135141,297.5842240677563,1.0333653644608078,432
1190000,2379.9999999575443,-44371.5473519323,306.6128393534963,1.0314627404621601,432
1195000,2389.999999957308,-44395.927121348504,311.21306094176947,1.0212087460685655,432
1200000,2399.9999999570714,-44135.67264064451,302.45592387663305,1.034119829909905,432
1205000,2409.999999956835,-44800.85727278271,305.13041268844637,1.0280658063977992,432
1210000,2419.9999999565985,-44299.25187029087,305.91146645914915,1.0473161388259362,433
1215000,2429.999999956362,-44575.54258802446,304.00796791635355,1.0424621499945468,433
1220000,2439.9999999561255,-44398.44742217826,297.8121988143437,1.0263405234271479,433
1225000,2449.999999955889,-44198.9699113339,303.74881797765767,1.034247807090221,433
1230000,2459.9999999556526,-44340.06387610934,301.1395942237392,1.0398052898778505,433
1235000,2469.999999955416,-44324.55551915575,300.9709173315034,1.0364153585179605,433
1240000,2479.9999999551796,-44300.47589629667,298.7163187729718,1.038935307010542,433
1245000,2489.999999954943,-44081.5340894229,305.13281532485655,1.0284876269706336,433
1250000,2499.9999999547067,-44438.59257322599,303.71728829821,1.0376874826342108,433
1255000,2509.9999999544702,-44321.92953515428,302.70008687837725,1.0433229522029173,433
1260000,2519.9999999542338,-44428.5621327392,298.92302427920725,1.0411960467454109,433
1265000,2529.9999999539973,-44290.51241525958,300.55228747765,1.0322945795969471,433
1270000,2539.999999953761,-44399.77427860262,301.0162326296978,1.0454556357649458,433
1275000,2549.9999999535244,-44606.605907009536,292.5750619462344,1.0500964265572363,433
1280000,2559.999999953288,-44454.68816122721,303.9304927389974,1.043900884385871,433
1285000,2569.9999999530514,-44429.023768151936,312.7669561931502,1.0282961850598487,433
1290000,2579.999999952815,-44093.081089765765,299.9025909598617,1.029036481529065,433
1295000,2589.9999999525785,-44646.248477050336,305.3275470365234,1.055043659982412,433
1300000,2599.999999952342,-44356.789034547604,287.6014076398558,1.042566810350431,433
1305000,2609.9999999521056,-44413.47966331159,295.8396934028506,1.0316318300139513,433
1310000,2619.999999951869,-44604.93482588034,305.2922952400141,1.0485551647389213,433
1315000,2629.9999999516326,-44379.448562127305,289.33997110121834,1.0394976959890194,433
1320000,2639.999999951396,-44350.11200948886,297.2830870731064,1.0353332217859803,433
1325000,2649.9999999511597,-44101.49607719167,306.8328775224338,1.0228602945057412,433
1330000,2659.999999950923,-44563.274752815865,294.39186864085474,1.0430118250573022,433
1335000,2669.9999999506867,-44564.980983576854,301.02840336167696,1.055374909634011,433
1340000,2679.9999999504503,-44442.318007548805,292.5138537989994,1.0348529722857112,433
1345000,2689.999999950214,-44633.497324422,288.0135582528983,1.0425488422077613,433
1350000,2699.9999999499773,-44371.91753544248,311.0373927714551,1.0286510570785874,433
1355000,2709.999999949741,-44224.93490482014,302.7673213103787,1.0248199394731057,433
1360000,2719.9999999495044,-44396.30239703049,302.2967984488147,1.0182083691215493,433
1365000,2729.999999949268,-44252.54022553531,293.5691823015372,1.032652387937229,433
1370000,2739.9999999490315,-44528.95991363711,302.3837660093649,1.030130827719046,433
1375000,2749.999999948795,-44350.62488016259,303.52082353732925,1.030268505920628,433
1380000,2759.9999999485585,-44414.98087391196,308.3264902324095,1.0489970865183917,433
1385000,2769.999999948322,-44363.664926629805,307.8390898347514,1.0456528049428224,433
1390000,2779.9999999480856,-44391.583577157,308.4403003620336,1.0263831006205442,433
1395000,2789.999999947849,-44182.40119228972,292.793918490708,1.0283079156414283,433
1400000,2799.9999999476127,-44150.44535097765,293.3760063954145,1.0434274540032193,433
1405000,2809.999999947376,-44687.358193147316,292.69767517811533,1.0311459572795347,433
1410000,2819.9999999471397,-44481.85238011254,298.07321965844085,1.0489245454937974,433
1415000,2829.9999999469032,-44696.67319157149,301.8792714444609,1.0381386017407452,433
1420000,2839.999999946667,-44377.9714229528,289.22078458028307,1.0321393675514292,433
1425000,2849.9999999464303,-44815.37341431764,295.3032358961955,1.0376448870211123,433
1430000,2859.999999946194,-44443.05444209394,304.4438494873813,1.035645845399645,433
1435000,2869.9999999459574,-43953.52455324764,292.1678347684586,1.0352920714870453,433
1440000,2879.999999945721,-44361.50302622648,287.7710101379216,1.026494392265022,433
1445000,2889.9999999454844,-44414.4521234227,291.70995528865933,1.0445581271878508,433
1450000,2899.999999945248,-44529.19862773444,307.78666509603204,1.045837642995976,433
1455000,2909.9999999450115,-44581.797408456274,300.2837436244654,1.039790944450074,433
1460000,2919.999999944775,-44065.82672660041,302.1214847658395,1.019643590922537,433
1465000,2929.9999999445386,-44175.90306739736,310.93549735517627,1.0352521091534845,433
1470000,2939.999999944302,-44434.70431709173,305.7491506452779,1.0255931747535683,433
1475000,2949.9999999440656,-44124.74715053997,292.16612141298583,1.046270051384038,433
1480000,2959.999999943829,-44686.15578051377,304.76548766648165,1.0221342851062558,433
1485000,2969.9999999435927,-44123.89450603319,294.0801954947342,1.0452665299211805,433
1490000,2979.999999943356,-44438.180259878514,306.9763858135864,1.0484060843144165,433
1495000,2989.9999999431197,-44083.92017002552,296.8211112951653,1.0363980861153819,433
1500000,2999.9999999428833,-44223.02807523086,296.51054099854446,1.0376709079066528,433
1505000,3009.999999942647,-44271.72820761608,301.96048843261974,1.0365034540641551,434
1510000,3019.9999999424103,-44411.05277700082,305.24955982189954,1.031432060518616,434
1515000,3029.999999942174,-44424.193653127004,301.84687524040635,1.0207453861630615,434
1520000,3039.9999999419374,-44367.72043018247,300.7357937569089,1.039451420178461,434
1525000,3049.999999941701,-44659.39303226222,302.4270725459705,1.049108580370919,434
1530000,3059.9999999414645,-44578.79507898487,304.12071458396,1.0457571404967185,434
1535000,3069.999999941228,-44447.76091482901,298.03062209651375,1.0330306403847898,434
1540000,3079.9999999409915,-44425.87839085571,312.58106697122224,1.0479351501294905,433
1545000,3089.999999940755,-44304.322442976816,298.2166491746292,1.0272378520472834,434
1550000,3099.9999999405186,-44348.16862809655,299.0591080299777,1.024889878766736,434
1555000,3109.999999940282,-44359.766949819925,297.702327432933,1.0336773042219778,434
1560000,3119.9999999400457,-44605.75313181392,301.4086107267094,1.0455927046508942,434
1565000,3129.999999939809,-44978.43380628279,302.1162856181979,1.0506195490461667,434
1570000,3139.9999999395727,-44482.24137688006,301.2567916768267,1.0181915636382977,433
1575000,3149.9999999393362,-44206.145589692285,299.63132937040984,1.031686530160953,433
1580000,3159.9999999391,-44240.86319414337,292.6614780820349,1.0311871798255556,433
1585000,3169.9999999388633,-44507.5896641608,291.44696507045546,1.0444682447469344,434
1590000,3179.999999938627,-44312.345218440954,293.94247716345524,1.0277293095007003,434
1595000,3189.9999999383904,-44412.853076155036,301.0748805905942,1.029174133758429,434
1600000,3199.999999938154,-44722.6555872435,309.70684423751106,1.0542028758784978,434
1605000,3209.9999999379174,-44122.57216987389,304.390243124198,1.0206312803890576,434
1610000,3219.999999937681,-44017.02074190238,298.259463367708,1.0352772529742666,433
1615000,3229.9999999374445,-44178.27290200992,296.0184534905124,1.032872244814098,433
1620000,3239.999999937208,-44717.66667233597,299.552160531322,1.0408487921609133,433
1625000,3249.9999999369716,-44365.953647941235,298.8740656389156,1.040279190948584,433
1630000,3259.999999936735,-43961.985588525684,292.9265755305329,1.0384209164765976,433
1635000,3269.9999999364986,-44277.04425041191,298.53084311960623,1.0291034506329462,433
1640000,3279.999999936262,-44431.467380668444,300.57593966067105,1.03379860503221,433
1645000,3289.9999999360257,-44150.49876179773,301.1227757688683,1.039276531610542,433
1650000,3299.999999935789,-44136.04681626495,304.0092677032639,1.028046220580212,433
1655000,3309.9999999355528,-44287.07703364306,288.41956441872804,1.02141007077185,433
1660000,3319.9999999353163,-44483.348454686406,315.1604940949069,1.0402477621331783,433
1665000,3329.99999993508,-44401.321695136256,300.07727444312275,1.0275257739025763,433
1670000,3339.9999999348433,-44589.426507891854,296.75862305476085,1.0270770113383965,433
1675000,3349.999999934607,-44010.93657520489,309.84940722909244,1.0176709711017,433
1680000,3359.9999999343704,-44357.90781804951,286.9001922954372,1.0330864881842095,433
1685000,3369.999999934134,-44226.795061070065,309.1977216434564,1.0337392547684419,433
1690000,3379.9999999338975,-44545.23227564423,299.0440226243207,1.0369557133386882,433
1695000,3389.999999933661,-44296.816492037,300.8771948177673,1.0378918899448764,433
1700000,3399.9999999334245,-44299.94580079097,303.09819585403926,1.0357160693844756,433
1705000,3409.999999933188,-44154.02513802404,295.9787902960042,1.0192027115204072,434
1710000,3419.9999999329516,-44468.07787918413,295.573237086219,1.0290074185456648,434
1715000,3429.999999932715,-44307.52602159977,307.96574028355093,1.023502489282748,434
1720000,3439.9999999324787,-44460.42853241533,306.92297638781366,1.0437389159858848,434
1725000,3449.999999932242,-44270.503194169316,300.86545734809164,1.0422428159809778,434
1730000,3459.9999999320057,-44351.50329698948,304.2214480695158,1.0261225042940645,434
1735000,3469.9999999317693,-44347.92214852324,299.7689492329835,1.0565473943902386,434
1740000,3479.999999931533,-44339.87107322784,291.5883267438318,1.0443946080151916,434
1745000,3489.9999999312963,-44262.59630975273,299.4480791097848,1.0303831055549593,434
1750000,3499.99999993106,-44869.747709389456,302.85777466309776,1.029579662344994,434
1755000,3509.9999999308234,-44547.637837150774,300.1768656916967,1.0406632896574515,434
1760000,3519.999999930587,-44264.62131367036,305.87739628710386,1.0216614543849136,434
1765000,3529.9999999303504,-44366.84714784901,297.9099388512574,1.042854996557314,434
1770000,3539.999999930114,-44647.03316090745,304.4113548146214,1.0318418843928425,434
1775000,3549.9999999298775,-44357.09513014462,298.7405420744838,1.0451714885753365,434
1780000,3559.999999929641,-44484.55094678819,292.8046121921072,1.0413466035437462,434
1785000,3569.9999999294046,-44668.749266683066,292.9893394833122,1.0413076756697681,434
1790000,3579.999999929168,-44170.81086688471,308.93764609893043,1.0325944546817396,434
1795000,3589.9999999289316,-44193.937923197576,297.1475153596037,1.0351013443454578,434
1800000,3599.999999928695,-44155.1600965682,292.0919744778699,1.0340150968424708,434
1805000,3609.9999999284587,-44498.70513525352,306.1817236678066,1.0388985030458318,434
1810000,3619.999999928222,-43918.16951792274,295.51171383912686,1.0283217182750395,434
1815000,3629.9999999279858,-44438.56605371434,295.9636261153829,1.0267360709476872,434
1820000,3639.9999999277493,-44231.9468330066,309.1336775975077,1.0143790847233265,434
1825000,3649.999999927513,-44290.56316241063,295.4973374081482,1.0414969086923704,434
1830000,3659.9999999272763,-44441.67977888326,296.03316471508924,1.0256353251856778,434
1835000,3669.99999992704,-44360.189769311226,303.7351899088396,1.03159683419409,434
1840000,3679.9999999268034,-44164.70350085091,302.47845351641325,1.0187972481907273,434
1845000,3689.999999926567,-44238.78650161144,294.117081871752,1.0510221937107411,434
1850000,3699.9999999263305,-43906.885247838014,303.67307584951544,1.0305131018291298,434
1855000,3709.999999926094,-44394.14262404968,299.912437830395,1.0374385796457177,434
1860000,3719.9999999258575,-44704.87285844068,292.7567564013153,1.0354387731839405,434
1865000,3729.999999925621,-44531.26528806804,296.8468313209983,1.0449370896629113,434
1870000,3739.9999999253846,-44198.53562345228,291.6020335876142,1.0403591121441695,434
1875000,3749.999999925148,-44513.117788345146,309.2400631867497,1.0512589690012908,434
1880000,3759.9999999249117,-44030.522337045026,305.51207739031776,1.033352889162513,434
1885000,3769.999999924675,-44555.40587179863,314.6556844301458,1.0337334852059012,434
1890000,3779.9999999244387,-44531.49540266162,307.7113562301932,1.040487176223805,434
1895000,3789.9999999242023,-44645.97392222661,305.3420022424663,1.0448265904007314,434
1900000,3799.999999923966,-44213.87125007744,300.0248103169212,1.0292643849917475,434
1905000,3809.9999999237293,-44403.81855611995,298.22625972026975,1.0355744256415442,434
1910000,3819.999999923493,-44711.53061175955,311.67023144689034,1.0377491701976223,434
1915000,3829.9999999232564,-44269.42622732336,303.6844588318519,1.035990468605847,434
1920000,3839.99999992302,-44288.13727430045,301.2639208110928,1.048938110828666,434
1925000,3849.9999999227834,-44438.14487116726,298.76472598851365,1.0359493989658244,434
1930000,3859.999999922547,-44543.68975868437,307.04033139082975,1.0458108430796351,434
1935000,3869.9999999223105,-44731.18663916571,297.82381812157297,1.0334873758765224,434
1940000,3879.999999922074,-44421.15781354849,295.0834537458918,1.0326930668027836,434
1945000,3889.9999999218376,-44512.42824942665,301.1872727708615,1.0367448604769323,434
1950000,3899.999999921601,-44041.822020757245,289.8733169967849,1.0464241173460331,434
1955000,3909.9999999213646,-44174.32685287125,306.8730724479508,1.0290114125202243,434
1960000,3919.999999921128,-44389.12635894198,299.57539914578064,1.0386178059008695,434
1965000,3929.9999999208917,-44222.66037484852,302.1461216359138,1.0280283042100484,434
1970000,3939.9999999206552,-44352.08577936454,305.9827381080693,1.0226649243351105,434
1975000,3949.9999999204188,-44457.389465936576,324.97693779827654,1.0314113362468595,434
1980000,3959.9999999201823,-44040.810585996835,292.3079163486655,1.016530471204202,434
1985000,3969.999999919946,-44401.18612298393,296.7671504446427,1.0319064773874962,434
1990000,3979.9999999197094,-44296.138874332915,293.8160039583253,1.0321888495590772,434
1995000,3989.999999919473,-44288.69388668693,294.62714976537785,1.027419130406756,434
2000000,3999.9999999192364,-44004.64313914903,300.72968869717823,1.0348945196093473,434
2005000,4009.999999919,-44249.44291434137,298.16359423619565,1.0382003086676626,434
2010000,4019.9999999187635,-44398.07062014722,307.1047890053408,1.0453996746062857,435
2015000,4029.999999918527,-44341.7422368977,301.79309163355333,1.033630861049246,434
2020000,4039.9999999182905,-44654.46487245598,297.3687548467463,1.0284853611633176,435
2025000,4049.999999918054,-44442.09225788337,295.10235973731574,1.0548090773490568,435
2030000,4059.9999999178176,-44534.7035583797,296.1943185982375,1.0329091163053286,435
2035000,4069.999999917581,-44643.86321589659,296.93161287629016,1.0487509617454331,435
2040000,4079.9999999173447,-44852.924782786664,291.3920195328796,1.034571247857344,435
2045000,4089.999999917108,-44389.76626998841,290.778598886136,1.0318709194728166,435
2050000,4099.999999917781,-44854.22736126339,311.68196891656606,1.038909801180038,435
2055000,4109.999999919818,-44334.612192616216,297.2713102159486,1.0341152896156678,435
2060000,4119.999999921855,-44507.428141003125,301.244167988803,1.0393036731286045,435
2065000,4129.999999923893,-44382.78843413605,309.6357104447784,1.0464932748336635,435
2070000,4139.99999992593,-44335.80983207183,304.3510131919933,1.0297836592205707,435
2075000,4149.999999927967,-44309.187217811006,300.95947526794373,1.0320479818823778,435
2080000,4159.999999930004,-44228.746411414,296.01624779151297,1.0291209167970212,435
2085000,4169.999999932042,-44360.41936640558,313.29632395302133,1.0245387441138045,435
2090000,4179.999999934079,-44247.59399060829,304.0646661968844,1.0252201539111174,435
2095000,4189.999999936116,-44197.3918157492,296.7068875969788,1.0089851030269785,435
2100000,4199.999999938153,-44241.463004194986,300.0932263733867,1.0358539873517232,435
2105000,4209.999999940191,-44488.540861933405,300.93194341793253,1.0383772384355376,435
2110000,4219.999999942228,-44645.33551663387,293.944170825187,1.0324244202298967,435
2115000,4229.999999944265,-44314.085910782305,309.5906117777358,1.032093724115473,435
2120000,4239.9999999463025,-44492.695525262825,305.9247597343691,1.0373688821043188,435
2125000,4249.99999994834,-44591.104179906484,302.0915305856771,1.0458956526675904,435
2130000,4259.999999950377,-44488.89793495578,301.9275211100742,1.0397344630506031,435
2135000,4269.999999952414,-44232.44696898942,294.81575672357303,1.0262101630239908,435
2140000,4279.999999954452,-44626.22207783061,307.3237440185197,1.0411112874743458,435
2145000,4289.999999956489,-44417.28848219331,288.8726780131892,1.0325883779134102,435
2150000,4299.999999958526,-44567.912603359204,299.7184938683708,1.0256093975084402,435
2155000,4309.999999960563,-44250.88453674805,304.7887262809403,1.037871738224357,435
2160000,4319.999999962601,-44289.72549075121,294.48397626782344,1.0349923438849,435
2165000,4329.999999964638,-44377.867087652645,306.4563134994987,1.0280217873406383,435
2170000,4339.999999966675,-44477.51885115099,307.3516894370932,1.0464893445538173,435
2175000,4349.9999999687125,-44437.29651758098,299.07584770988433,1.0367156647432771,435
2180000,4359.99999997075,-44016.58981563372,302.4926723974634,1.0133559397982426,435
2185000,4369.999999972787,-44107.97180893918,299.99979926576657,1.0364862489467324,435
2190000,4379.999999974824,-44382.637661564106,292.8291308997351,1.0208066418874897,435
2195000,4389.999999976862,-44086.94081699304,295.64021549958665,1.0429190402919795,435
2200000,4399.999999978899,-44430.565925593255,302.55557420643026,1.0425013061915973,435
2205000,4409.999999980936,-44244.16810428808,301.7577807558209,1.0418508833142546,435
2210000,4419.999999982973,-43987.99195404959,296.00228492909673,1.0209643250949123,435
2215000,4429.999999985011,-44552.51007413861,302.8884968991617,1.0388920870351026,435
2220000,4439.999999987048,-44259.53608697798,308.6148656828483,1.0365641205096294,435
2225000,4449.999999989085,-44545.54274526387,306.47007942450426,1.0384400330990948,435
2230000,4459.999999991122,-44545.40808980103,301.6044059003939,1.0479924720975846,435
2235000,4469.99999999316,-44284.764740629296,294.1538697800645,1.0414181110724168,435
2240000,4479.999999995197,-44230.965720029635,302.0374712664492,1.0426215186343188,435
2245000,4489.999999997234,-44664.86137850993,300.8858600638367,1.038276112873902,434
2250000,4499.9999999992715,-44437.92675397772,294.69702315868227,1.0419805059718643,434
2255000,4510.000000001309,-44459.523311054654,297.4832739510487,1.027694273976262,434
2260000,4520.000000003346,-44545.43682651539,295.9547442381619,1.0508359361867907,434
2265000,4530.000000005383,-44374.48920637934,306.3667463651276,1.0349353195532809,434
2270000,4540.000000007421,-44530.60580400858,297.7501635299838,1.0391526092202035,434
2275000,4550.000000009458,-44610.98116732121,304.80219679982986,1.0461687401068012,434
2280000,4560.000000011495,-44383.87616478957,311.9095497883321,1.035492688152555,434
2285000,4570.000000013532,-44538.10074026935,303.5445544953145,1.0320186200617947,434
2290000,4580.00000001557,-44404.86690917573,301.62591146563864,1.0267022271729285,434
2295000,4590.000000017607,-44490.477725593955,307.18911760458815,1.0320589134950893,434
2300000,4600.000000019644,-44337.856767220306,303.0154821415594,1.035855611783652,434
2305000,4610.000000021681,-44539.93580696476,285.90201502947474,1.0433978232954033,434
2310000,4620.000000023719,-44696.45265010046,305.51223494024634,1.0370502717225007,434
2315000,4630.000000025756,-44344.48450563327,298.14043439670127,1.0406699862721265,434
2320000,4640.000000027793,-44352.86680464668,304.53221530354733,1.020509951113611,434
2325000,4650.0000000298305,-44087.27715121521,302.15236455183197,1.0429229412449992,434
2330000,4660.000000031868,-44433.496781781345,303.51875569451727,1.031382982933776,434
2335000,4670.000000033905,-44583.75107016956,305.34147051145754,1.0340054228471205,434
2340000,4680.000000035942,-44426.64761386314,294.5054818330682,1.0332697037917564,434
2345000,4690.00000003798,-44372.44540696227,307.80115968945705,1.0443413847586986,434
2350000,4700.000000040017,-44630.39562161194,304.086132374647,1.033005294769619,434
2355000,4710.000000042054,-44672.33407773968,309.43495244834514,1.0316484770108223,434
2360000,4720.000000044091,-44197.75423510425,310.2963172951176,1.0349478419012832,434
2365000,4730.000000046129,-44460.40625883022,294.25812844527127,1.0274734081593744,434
2370000,4740.000000048166,-44260.981984778744,298.62196605952164,1.0321083607153931,434
2375000,4750.000000050203,-44333.21273374013,297.7560519585627,1.0167935554168877,434
2380000,4760.0000000522405,-44381.45946386861,299.7304676629393,1.0298089608117684,434
2385000,4770.000000054278,-44653.914140592125,290.9131859125854,1.0520816071128551,434
2390000,4780.000000056315,-44428.766422496235,304.5952549687017,1.0492680707878417,434
2395000,4790.000000058352,-44402.12380027305,292.6013333968174,1.0311289713885008,434
2400000,4800.0000000603895,-44131.89031599698,311.617530995796,1.0448742860941342,434
2405000,4810.000000062427,-44314.6891886793,303.9500092363944,1.0339003614397737,434
2410000,4820.000000064464,-44184.967481592146,302.10958974623526,1.045931012033931,434
2415000,4830.000000066501,-44453.6340105065,294.8291287737573,1.0451700679715705,434
2420000,4840.000000068539,-44042.92551669647,301.14286338475625,1.0397359707027074,434
2425000,4850.000000070576,-44142.79705942725,296.58382140905337,1.0332702337621602,434
2430000,4860.000000072613,-44194.21345180628,301.48927629011837,1.0319300724680507,434
2435000,4870.00000007465,-44418.89621464696,305.6612771726386,1.0302634929134964,434
2440000,4880.000000076688,-44372.581461908034,306.2063605378809,1.027438307471868,434
2445000,4890.000000078725,-44376.61928007766,300.93273116757524,1.0337491585332867,434
2450000,4900.000000080762,-44572.98798943398,302.55827224895637,1.0470923426755654,434
2455000,4910.0000000827995,-44440.571798576246,302.8387505092274,1.0394431515215712,434
2460000,4920.000000084837,-44351.37097404688,304.2564832348734,1.0398995114319096,434
2465000,4930.000000086874,-44569.21562184027,298.0174272899991,1.026894068062121,434
2470000,4940.000000088911,-43966.436689155846,296.2532619652499,1.0403757094778199,434
2475000,4950.000000090949,-44303.886432086816,287.7611632673883,1.0358777886305441,434
2480000,4960.000000092986,-44228.43458690273,302.9607729288762,1.0375812714614454,434
2485000,4970.000000095023,-44042.507508947456,300.04056530977454,1.0261459128157402,434
2490000,4980.00000009706,-44580.35535879698,301.32719680113996,1.0331815019377004,434
2495000,4990.000000099098,-44357.13754804671,300.6825024935826,1.0418993054934322,434
2500000,5000.000000101135,-44405.38023183908,303.0102829939178,1.0332533385382403,434
2505000,5010.000000103172,-44239.77558357277,313.38799831768654,1.0311425888488177,434
2510000,5020.000000105209,-44339.49089625964,306.0143465624812,1.02096715155877,434
2515000,5030.000000107247,-44181.378858732816,306.64976511799625,1.0204140001497795,434
2520000,5040.000000109284,-44290.52842112712,301.0263749063471,1.0408342811582272,434
2525000,5050.000000111321,-44923.116080889624,292.2913736061696,1.036582273664115,434
2530000,5060.0000001133585,-44364.78391091176,296.21665130060705,1.0316056612161182,434
2535000,5070.000000115396,-44297.574482985976,300.439678666231,1.0252948388884977,434
2540000,5080.000000117433,-44608.0159398345,302.3253149858792,1.0555094105656255,434
2545000,5090.00000011947,-44585.26028588813,298.6700778689474,1.0380907256471121,434
2550000,5100.000000121508,-44488.86718556564,290.3623716686927,1.0558857235248935,434
2555000,5110.000000123545,-44510.98005707524,307.9911255157858,1.0463467591891524,434
2560000,5120.000000125582,-44376.34085724139,299.48465038694553,1.0254691155977482,434
2565000,5130.000000127619,-44440.33239198124,285.9604463592195,1.058091562620433,434
2570000,5140.000000129657,-44233.1163617041,297.7754305997723,1.0289494281971272,434
2575000,5150.000000131694,-44455.566224708804,306.2288901776612,1.0474570642156649,434
2580000,5160.000000133731,-44157.93943849605,304.37027367075643,1.0284050278956285,434
2585000,5170.0000001357685,-44565.99365671279,307.730813646367,1.028149081700689,434
2590000,5180.000000137806,-44319.53644228072,293.24685484149956,1.010559993691118,434
2595000,5190.000000139843,-44482.84594619405,305.0908676563846,1.0357485097541044,434
2600000,5200.00000014188,-44593.27444367684,295.2411612243534,1.0313850722095674,434
2605000,5210.0000001439175,-44641.76691182543,301.00047763684444,1.0309166834815866,434
2610000,5220.000000145955,-44323.46272351369,300.19815462578975,1.036327402187176,434
2615000,5230.000000147992,-44287.0822289389,301.8824815242548,1.0423431629973925,434
2620000,5240.000000150029,-44230.34339313544,301.17401888312367,1.0380586562981045,434
2625000,5250.000000152067,-44238.86452725937,298.3433390109109,1.0326918057164374,434
2630000,5260.000000154104,-44388.173962244764,297.15251756983463,1.0460195280697449,434
2635000,5270.000000156141,-44218.11656626384,297.4132627015569,1.031330409358081,434
2640000,5280.000000158178,-44400.947897597594,295.75741295267414,1.036444309339362,434
2645000,5290.000000160216,-44435.73855072289,300.0495850431831,1.037237127604671,434
2650000,5300.000000162253,-44631.437974399305,297.23574331958224,1.0368986744690718,434
2655000,5310.00000016429,-44377.233994601644,296.5477621691604,1.032455977098829,434
2660000,5320.0000001663275,-44110.256207301194,300.6161936674112,1.024954364342779,434
2665000,5330.000000168365,-44481.797595472686,295.0327029751631,1.0313024220643086,434
2670000,5340.000000170402,-44378.31104648099,313.3446720873399,1.031820242103599,434
2675000,5350.000000172439,-44623.650202532735,291.23100350591875,1.0369289508291533,434
2680000,5360.000000174477,-44778.7956750702,304.71006947912014,1.032498234599155,434
2685000,5370.000000176514,-44536.62947619855,303.5951280223737,1.0507184557698115,434
2690000,5380.000000178551,-44699.20547730039,300.7857173905128,1.0484594714557411,434
2695000,5390.000000180588,-44330.37042426554,302.55366391354676,1.035414952716535,434
2700000,5400.000000182626,-44322.28566506764,299.09762898750404,1.0222330373300659,434
2705000,5410.000000184663,-44264.273647739494,292.34180927704125,1.021265306855576,434
2710000,5420.0000001867,-44225.60672586132,308.1422946722133,1.03877844591135,434
2715000,5430.000000188737,-44622.52965406206,299.0592261924241,1.055586775755705,434
2720000,5440.000000190775,-44279.4339663288,283.8186338557765,1.0374365096938711,434
2725000,5450.000000192812,-44426.069429363124,304.5812330250622,1.0538070052888087,434
2730000,5460.000000194849,-44389.32881148657,304.442864800328,1.0312589690527931,434
2735000,5470.0000001968865,-44629.44309133888,300.89799140833367,1.033292390404296,434
2740000,5480.000000198924,-44104.52033515452,299.72322036622677,1.0366342773470143,434
2745000,5490.000000200961,-44607.050731393276,298.90163687640893,1.0332817976271917,434
2750000,5500.000000202998,-44421.839170449006,290.9026103736326,1.028924671494142,434
2755000,5510.000000205036,-44367.7178944881,295.78825335118455,1.0304624888742897,434
2760000,5520.000000207073,-44411.911914824945,298.7781965074032,1.0427269443906633,434
2765000,5530.00000020911,-44202.95093830861,309.29851421023545,1.0417417915687213,434
2770000,5540.000000211147,-44348.979324154905,299.3423434139981,1.054381227542596,434
2775000,5550.000000213185,-44390.51978169786,303.28187937696777,1.026036108135375,434
2780000,5560.000000215222,-44360.364428935456,309.7229734114447,1.0339822480063459,434
2785000,5570.000000217259,-44795.27386542989,301.7908268533307,1.0399796983884406,434
2790000,5580.000000219296,-44527.85506185304,289.52475747364656,1.0370542069616064,434
2795000,5590.000000221334,-44347.58013789513,305.1839993578887,1.038468207468529,434
2800000,5600.000000223371,-44644.676868487644,292.6767407313615,1.0331627066272908,434
2805000,5610.000000225408,-44553.94324557265,301.9318734268499,1.031443482024384,434
2810000,5620.0000002274455,-44251.66556787843,287.02520816372817,1.0479667843627105,434
2815000,5630.000000229483,-44326.941447188874,301.2131109591409,1.027591833358007,434
2820000,5640.00000023152,-44439.74625090568,298.5844494827897,1.0455387700032266,434
2825000,5650.000000233557,-44342.14233641978,300.6227122957043,1.0157206115599455,434
2830000,5660.000000235595,-44520.369866241264,302.3088904058296,1.0284539786988884,434
2835000,5670.000000237632,-44937.970567925135,312.0625307689377,1.0448067983446643,434
2840000,5680.000000239669,-44336.26270940641,309.51585433664684,1.0294969195527106,434
2845000,5690.000000241706,-44620.22381882035,295.5616177789897,1.041992617142002,434
2850000,5700.000000243744,-44408.785478469246,297.1882026286474,1.0332237243033415,434
2855000,5710.000000245781,-44263.3701249492,301.58731173314806,1.0364924033519183,434
2860000,5720.000000247818,-44361.925543928926,294.4477003967787,1.0440401279717355,434
2865000,5730.0000002498555,-44643.592985103955,287.5481754577526,1.0480516469200658,434
2870000,5740.000000251893,-44536.1726867008,305.0835612784489,1.0408783614271109,434
2875000,5750.00000025393,-44707.187143580726,295.4351051863776,1.0545110593403433,434
2880000,5760.000000255967,-44310.662143758964,302.70122911535907,1.0276319737665593,434
2885000,5770.000000258005,-44218.4880352405,308.4279720801259,1.035381700791325,434
2890000,5780.000000260042,-44197.19860397387,302.4105101097334,1.0291282605200092,434
2895000,5790.000000262079,-44210.696983803675,302.85200439696524,1.0278036378641988,434
2900000,5800.000000264116,-44659.90454108248,301.3072076539573,1.0420707729229906,434
2905000,5810.000000266154,-44386.61722395351,294.87966291333424,1.035983465975572,434
2910000,5820.000000268191,-44308.69217377485,312.1869164375146,1.0259846366861824,434
2915000,5830.000000270228,-44095.67970936664,297.9387311006968,1.0193087873458626,434
2920000,5840.000000272265,-44461.530129811756,312.5460514996057,1.0281713098848821,434
2925000,5850.000000274303,-44449.69844047364,303.5652329234345,1.032523338443747,434
2930000,5860.00000027634,-44333.75524083522,297.3333848877906,1.018582043766726,434
2935000,5870.000000278377,-44804.4122221267,305.03131378339907,1.040392965989928,434
2940000,5880.0000002804145,-44538.394121555495,301.9036129084193,1.0432238997918395,434
2945000,5890.000000282452,-44336.034120237746,289.8726867970708,1.03296760870726,434
2950000,5900.000000284489,-44446.31952998537,308.808967194801,1.017600177577909,434
2955000,5910.000000286526,-44452.92814617825,305.37215336003936,1.0370853138851388,434
2960000,5920.000000288564,-44399.02848430036,303.5677143348089,1.0152337077792746,434
2965000,5930.000000290601,-44543.431223992666,294.9409104480515,1.0410519927303563,434
2970000,5940.000000292638,-44256.59214167498,300.1668415774938,1.0317513263139755,434
2975000,5950.000000294675,-44779.46129345827,302.36434798067324,1.0367674842089858,434
2980000,5960.000000296713,-44373.25883190046,293.6946314321316,1.0370810992835977,434
2985000,5970.00000029875,-44351.43281476066,303.32327562068986,1.0414219300063943,434
2990000,5980.000000300787,-44657.306077737216,301.1013686723288,1.0435892389893138,434
2995000,5990.000000302824,-44496.16255050045,293.72434928740114,1.0305678886979488,434
3000000,6000.000000304862,-44311.10847297404,298.04935084426813,1.0405985175143622,434
3005000,6010.000000306899,-44103.77937311586,302.1614039789816,1.0249509280880702,434
3010000,6020.000000308936,-44276.74279409455,298.81092750505593,1.0322195687218219,434
3015000,6030.0000003109735,-44484.95755286867,295.5077750909135,1.0411952405623932,434
3020000,6040.000000313011,-43802.16428454232,308.49122837643193,1.0347242104783483,434
3025000,6050.000000315048,-44689.93194748406,296.14616740132954,1.0232098129735463,434
3030000,6060.000000317085,-44613.88639878627,294.3293410129682,1.0445813020518364,434
3035000,6070.000000319123,-44439.85774932438,299.85256885755246,1.0394551221589912,434
3040000,6080.00000032116,-44220.601061544585,302.6328130588936,1.041957206646185,434
3045000,6090.000000323197,-44655.84765149653,305.58734686867444,1.0382074245280124,434
3050000,6100.000000325234,-44407.98680575704,292.22711292906916,1.0274194112910906,434
3055000,6110.000000327272,-44701.97509227821,300.19307364059455,1.0467312219667253,434
3060000,6120.000000329309,-44269.52004695026,304.84916637227377,1.0377519927590422,434
3065000,6130.000000331346,-44476.97687504356,294.81617029213544,1.0490500821510043,434
3070000,6140.0000003333835,-44175.67513453204,300.2089467958943,1.0387748623056057,434
3075000,6150.000000335421,-44598.680222636554,294.1329747207928,1.027198650740672,434
3080000,6160.000000337458,-44258.05923466076,299.62553941053625,1.0404263954312454,434
3085000,6170.000000339495,-44389.097704690386,296.0616221709305,1.0325991210413723,434
3090000,6180.0000003415325,-44368.201444831444,302.44101571464563,1.043676956961548,434
3095000,6190.00000034357,-44695.29883377714,293.98168740191886,1.0420909054551177,434
3100000,6200.000000345607,-44407.30859450987,298.6096180838728,1.0350982922096963,434
3105000,6210.000000347644,-44665.9031735959,291.22387437165264,1.045712520246397,434
3110000,6220.000000349682,-44499.308176239196,302.7249206858623,1.044856798344675,434
3115000,6230.000000351719,-44398.35750510168,302.4158274198214,1.0262475145465864,434
3120000,6240.000000353756,-44779.28600940859,296.1852003961236,1.0407497577544564,434
3125000,6250.000000355793,-44504.67806188017,295.1061606293416,1.0305692805827524,434
3130000,6260.000000357831,-44071.08185935288,299.00896776522205,1.0346210731663212,434
3135000,6270.000000359868,-44282.47678851709,298.1120360220832,1.0347585886886381,434
3140000,6280.000000361905,-44292.92152370891,303.09079100739814,1.0360773588219987,434
3145000,6290.0000003639425,-44576.742121034855,305.1917389981279,1.0401781684109015,434
3150000,6300.00000036598,-44354.25784354683,298.586024982075,1.0444634288500827,434
3155000,6310.000000368017,-44360.340130065655,291.17916957943135,1.0538975637292123,434
3160000,6320.000000370054,-44530.08251699593,300.45157368583517,1.0391820063124486,434
3165000,6330.000000372092,-44503.62302197181,297.33620109276313,1.0257147236463326,434
3170000,6340.000000374129,-44407.004588929936,308.4408320930424,1.0239359027718136,434
3175000,6350.000000376166,-44402.76564738221,299.130714472496,1.0288924577889274,434
3180000,6360.000000378203,-44796.05969511482,306.446348466519,1.0460198573556985,434
3185000,6370.000000380241,-44433.81021402174,286.6780862836876,1.0201212238000867,434
3190000,6380.000000382278,-44225.42217742195,296.6619070923826,1.03764014123407,434
3195000,6390.000000384315,-44557.600198505126,303.9594031508832,1.0280934418808414,434
3200000,6400.000000386352,-44381.19759242213,301.741277400807,1.0228332503434858,434
3205000,6410.00000038839,-44284.535110515775,292.23178034570196,1.0355322731729506,434
3210000,6420.000000390427,-44160.544082913955,301.757820143303,1.0276753170364743,434
3215000,6430.000000392464,-44473.21394245443,292.3612666932151,1.023601407824219,434
3220000,6440.0000003945015,-44409.121627277375,301.986582639533,1.029742234563875,434
3225000,6450.000000396539,-44731.61368699651,295.1085829594928,1.0379155185711013,434
3230000,6460.000000398576,-44604.367224319896,292.85386623851485,1.052852748806612,434
3235000,6470.000000400613,-44389.51305452557,299.57165733497794,1.0429160514577478,434
3240000,6480.000000402651,-44759.46540700807,300.81602605801436,1.0433421868915342,434
3245000,6490.000000404688,-44326.07132194622,301.32185979731094,1.0355680686269093,434
3250000,6500.000000406725,-44661.60295902693,305.02883237202474,1.0318700382125912,434
3255000,6510.000000408762,-44266.209748626396,300.8179560446389,1.0282306872631626,434
3260000,6520.0000004108,-44509.00492305317,294.0158363489284,1.0396487593242831,434
3265000,6530.000000412837,-44645.46903458299,304.3430766143434,1.0248274209711452,434
3270000,6540.000000414874,-44212.8937367879,301.69649383362145,1.023839986874338,434
3275000,6550.0000004169115,-44308.7048542024,302.47837474144904,1.0387197015125569,434
3280000,6560.000000418949,-44683.61098999757,292.903573240967,1.0438651383392155,434
3285000,6570.000000420986,-44167.21382369212,307.3545844170301,1.0199267719926997,434
3290000,6580.000000423023,-44515.87125234163,302.446155781064,1.0317803058741517,434
3295000,6590.0000004250605,-44619.7906076168,296.9872083073213,1.0272002403965388,434
3300000,6600.000000427098,-44644.518565553386,302.32427121760264,1.0384516129076722,434
3305000,6610.000000429135,-44547.74565322045,298.42363039323953,1.0412923109018557,434
3310000,6620.000000431172,-44611.752136156545,306.89158456455345,1.0453965863161874,434
3315000,6630.00000043321,-44099.742045028164,300.395052648974,1.0218810535583158,434
3320000,6640.000000435247,-44263.43331186171,290.06052569936435,1.0302092694630047,434
3325000,6650.000000437284,-44024.15436440022,292.7382836721947,1.043544326264002,434
3330000,6660.000000439321,-44464.15468419084,288.36834099821374,1.028810905935549,434
3335000,6670.000000441359,-44540.82166962128,304.68911533862524,1.0301042740331838,434
3340000,6680.000000443396,-44710.31267630181,296.393087526823,1.052293268234092,434
3345000,6690.000000445433,-44257.83143513644,306.56575161860593,1.0290868668067428,434
3350000,6700.0000004474705,-44702.01611608322,299.3154023762189,1.039412265639532,434
3355000,6710.000000449508,-44589.49597116161,304.5080510832586,1.0467881102069716,434
3360000,6720.000000451545,-44655.7519933228,297.05353682723376,1.0434615960719584,434
3365000,6730.000000453582,-44001.37194098282,299.95932862787464,1.024473172132507,434
3370000,6740.00000045562,-44346.36043220712,308.9155891089358,1.0271109321908636,434
3375000,6750.000000457657,-44419.80175980617,303.9157027394563,1.0415060399145983,434
3380000,6760.000000459694,-44356.50641660337,304.85499571962947,1.0411894141212743,434
3385000,6770.000000461731,-44345.26930511434,301.2269950465929,1.0206288013974558,434
3390000,6780.000000463769,-44556.28138736493,300.5661518713609,1.0412794731298427,434
3395000,6790.000000465806,-44516.07947988136,303.38550784246036,1.036101538601324,434
3400000,6800.000000467843,-44100.68101988992,296.24386805076114,1.0301767707640974,434
3405000,6810.00000046988,-44318.29419766524,306.84648589751083,1.0249344645594822,434
3410000,6820.000000471918,-44375.312780987355,302.0672088154598,1.036821879435646,434
3415000,6830.000000473955,-44490.695331976865,298.6318917050192,1.043893003066068,434
3420000,6840.000000475992,-44416.75824870606,306.3816939145972,1.0341335891253067,434
3425000,6850.0000004780295,-44502.404202771984,298.8375928304602,1.0380423937206988,434
3430000,6860.000000480067,-44518.12714555286,309.7225598428823,1.0365475499361116,434
3435000,6870.000000482104,-44525.38752587201,297.9392628317056,1.0301084717357865,434
3440000,6880.000000484141,-44420.76675850386,302.55726786816194,1.0376190208392817,434
3445000,6890.000000486179,-44388.25257945954,299.1139747925893,1.042185029980401,434
3450000,6900.000000488216,-44678.31823510083,304.3993219388297,1.041232200194558,434
3455000,6910.000000490253,-44179.19888994319,304.469451350768,1.0247568882424225,434
3460000,6920.00000049229,-44603.40885336275,293.75778925973236,1.0476813341577296,434
3465000,6930.000000494328,-44050.995870417595,294.0193812223204,1.0215534984721604,434
3470000,6940.000000496365,-44471.15774249265,302.83959734009323,1.0339928704827799,434
3475000,6950.000000498402,-44346.33684437332,297.7251524788292,1.038222259098631,434
3480000,6960.0000005004395,-44226.444743745786,296.5691692656998,1.0371341315654123,434
3485000,6970.000000502477,-44308.30413553477,299.9908189198402,1.034286795718906,434
3490000,6980.000000504514,-43930.491125713364,302.3482188067396,1.0271142802575985,434
3495000,6990.000000506551,-44382.91347404092,300.2918377520437,1.0253558381115102,434
3500000,7000.0000005085885,-44814.714473466534,291.1553992339639,1.0499141314146783,434
3505000,7010.000000510626,-44373.639449020964,309.71747885768707,1.0431761713084111,434
3510000,7020.000000512663,-44295.64799580659,292.6483620504845,1.021741397590142,434
3515000,7030.0000005147,-44554.81915307211,291.36767806892124,1.0270929449484323,434
3520000,7040.000000516738,-44349.35708994267,289.8162445351738,1.017491589883917,434
3525000,7050.000000518775,-44303.334609426995,303.51485633378604,1.0323501923993765,434
3530000,7060.000000520812,-44420.96705200942,299.4497333840344,1.031593233203869,434
3535000,7070.000000522849,-44201.74517946935,303.67305615577436,1.030467451265921,434
3540000,7080.000000524887,-44390.34904191119,306.5390272119786,1.0391936325092013,434
3545000,7090.000000526924,-44236.40329782746,292.012805638782,1.0340884981906573,434
3550000,7100.000000528961,-44464.1121469381,290.0641887352027,1.048967837317182,434
3555000,7110.0000005309985,-44106.851912962244,299.4800026640538,1.0240029117615606,434
3560000,7120.000000533036,-44385.66080688793,302.43957807154777,1.0438293392869025,434
3565000,7130.000000535073,-44354.11726377247,300.8767615554639,1.0438342424027718,434
3570000,7140.00000053711,-44098.548999444,300.66048489107004,1.0503357936322557,434
3575000,7150.000000539148,-44577.31358447636,295.56608825821183,1.036512400664865,434
3580000,7160.000000541185,-44826.056564411905,296.41475064199636,1.0507461867523074,434
3585000,7170.000000543222,-44116.947100609366,288.6512809761181,1.0207116227099868,434
3590000,7180.000000545259,-44647.58433464356,301.2614590934595,1.0447449689198327,434
3595000,7190.000000547297,-44534.68117873586,303.3731007855884,1.0477769919655866,434
3600000,7200.000000549334,-44911.72812571848,296.5344688939404,1.040191281940266,434
3605000,7210.000000551371,-44386.324996077456,297.038845296398,1.0267683325903754,434
3610000,7220.000000553408,-44103.80413141963,292.5340595773337,1.0449163572738334,434
3615000,7230.000000555446,-44501.73366667787,309.82000447367994,1.0356504712415942,434
3620000,7240.000000557483,-44393.12369757003,305.60201870576907,1.0424766732971542,434
3625000,7250.00000055952,-44543.27249353472,302.8004855703349,1.0554754647485447,434
3630000,7260.0000005615575,-44555.527267685626,297.13489167157996,1.0419568199731384,434
3635000,7270.000000563595,-44599.24621274491,301.8808272500052,1.0456641640716666,434
3640000,7280.000000565632,-44208.238530606555,300.45318857260264,1.0240775836462268,434
3645000,7290.000000567669,-44609.90594443292,298.6166093619515,1.0420555418283755,434
3650000,7300.000000569707,-44471.072363576386,292.81491201868505,1.0378895491447142,434
3655000,7310.000000571744,-44176.08452950511,302.45677070749895,1.0309493836508126,434
3660000,7320.000000573781,-44549.389761603554,292.1096791510888,1.044924448795395,434
3665000,7330.000000575818,-44043.10352542339,301.7617195040342,1.0326529071782462,433
3670000,7340.000000577856,-44743.31013249871,296.54110568467985,1.0437487842053321,433
3675000,7350.000000579893,-44508.39282286461,293.9753657110365,1.034804367263189,434
3680000,7360.00000058193,-44439.06370747782,293.96142254236133,1.0320272111523185,434
3685000,7370.000000583967,-44508.619820716645,299.25261872969844,1.0372613519895815,434
3690000,7380.000000586005,-44437.03261851947,304.5313093914583,1.03328018132192,434
3695000,7390.000000588042,-44544.48622506275,297.96378153933364,1.0335797737890695,434
3700000,7400.000000590079,-44560.00747792059,299.92319061301737,1.0280711960511855,434
3705000,7410.0000005921165,-44580.98379612327,293.39603493007934,1.0542311953092254,433
3710000,7420.000000594154,-44354.09399310354,299.6734739762925,1.0394196736387333,434
3715000,7430.000000596191,-44489.20937376606,299.47334617957335,1.048347420093927,433
3720000,7440.000000598228,-44625.83394519871,304.81265417633625,1.040746420908266,433
3725000,7450.000000600266,-44608.128607640625,301.429761804615,1.0337581076286533,433
3730000,7460.000000602303,-44531.82230054363,305.75984434667714,1.051520178261066,433
3735000,7470.00000060434,-44300.124285515194,301.56659391754596,1.0249321867848906,433
3740000,7480.000000606377,-44799.838822220074,301.8067197023714,1.054002236815207,433
3745000,7490.000000608415,-44351.44701993815,296.97407258202986,1.0419613873970226,433
3750000,7500.000000610452,-44999.648471817985,301.97092611538505,1.0546759965048744,434
3755000,7510.000000612489,-44602.692128525814,290.4458534370741,1.0321528829939262,434
3760000,7520.0000006145265,-44179.74821164139,301.2810543658208,1.0279182118385348,434
3765000,7530.000000616564,-44412.442155733064,298.228426031787,1.0232673624534603,434
3770000,7540.000000618601,-44342.59646433461,295.44069820884056,1.0219037260537192,434
3775000,7550.000000620638,-44333.33450937239,294.4894905153221,1.045552881579108,434
3780000,7560.0000006226755,-44038.03428847098,294.57007730376677,1.0259813605141535,434
3785000,7570.000000624713,-44457.98629011601,303.94185602759285,1.0465650446535204,433
3790000,7580.00000062675,-44362.41998337206,303.38275071871107,1.0313565717289932,433
3795000,7590.000000628787,-44136.370899492525,299.47901797700047,1.0242161381510761,433
3800000,7600.000000630825,-44446.30213430867,290.59107508369954,1.0364350637890842,433
3805000,7610.000000632862,-44310.746967021376,311.55222655041905,1.038271981483087,433
3810000,7620.000000634899,-44348.91474490447,301.4403176498267,1.030244317997452,433
3815000,7630.000000636936,-44163.75238344603,297.440203739336,1.0300473542639776,433
3820000,7640.000000638974,-44221.58462169656,299.7939996716202,1.0371449373952777,433
3825000,7650.000000641011,-44481.13301974765,308.7737547857739,1.0190495331220912,433
3830000,7660.000000643048,-44269.85589785277,298.2816779076312,1.0360924484210188,433
3835000,7670.0000006450855,-44665.10788694088,307.18458804414286,1.035635497400488,433
3840000,7680.000000647123,-44398.260423934815,294.88072637535186,1.0410596782249373,433
3845000,7690.00000064916,-44091.8003216183,289.9996523457274,1.0225056772434782,433
3850000,7700.000000651197,-44075.19918074852,297.91222332522113,1.038660375384445,433
3855000,7710.000000653235,-44732.97558061403,296.23364699914754,1.0482872648163333,433
3860000,7720.000000655272,-44489.35997779123,296.1771653497685,1.0352467512695853,433
3865000,7730.000000657309,-44167.244373475376,302.5126812383871,1.0336787998507166,433
3870000,7740.000000659346,-44034.68141091135,294.13547582590826,1.0170280253543715,433
3875000,7750.000000661384,-44194.33053285614,293.2217256278985,1.0281359920181035,433
3880000,7760.000000663421,-44675.38498636891,295.8861312442857,1.0519544011814865,433
3885000,7770.000000665458,-44324.74298484082,294.30694922937545,1.0393776122140528,433
3890000,7780.000000667495,-44430.91477587764,301.6580122635773,1.0471175022511365,433
3895000,7790.000000669533,-44489.027344638744,305.37268509104814,1.034761232804757,433
3900000,7800.00000067157,-44239.61135947509,298.3990526043884,1.0341760098798092,433
3905000,7810.000000673607,-44649.74703934384,290.99391055721753,1.04449635733929,433
3910000,7820.0000006756445,-44106.55387279813,305.6994830303079,1.0406672140612943,433
3915000,7830.000000677682,-44467.79698983402,294.89313343222386,1.0288447501717601,433
3920000,7840.000000679719,-44529.36343355867,301.1557430914138,1.0469628304619791,433
3925000,7850.000000681756,-44271.2060561385,295.51862634224125,1.0329539546018018,433
3930000,7860.000000683794,-44359.40875929702,299.96720612430136,1.0218843758709002,433
3935000,7870.000000685831,-44449.50116354623,296.12344082413864,1.0415697402489374,433
3940000,7880.000000687868,-44614.17824045688,303.42367431264756,1.0464005024557117,433
3945000,7890.000000689905,-44514.56603941371,292.67475166351375,1.038927476483792,433
3950000,7900.000000691943,-44615.51959053846,298.863234081329,1.0523088970330297,433
3955000,7910.00000069398,-44537.37424928573,292.30616360571065,1.0502955327466634,433
3960000,7920.000000696017,-44281.99037451425,307.4850357578554,1.031162209234562,433
3965000,7930.0000006980545,-44480.440510248416,308.2860195945176,1.0310328837670144,434
3970000,7940.000000700092,-44720.42315332193,308.04453494155854,1.0380220593335285,433
3975000,7950.000000702129,-44934.750899961364,291.5721778761571,1.0419607183183843,433
3980000,7960.000000704166,-44680.08477566898,298.3969650678353,1.036684403010123,434
3985000,7970.0000007062035,-44367.986357498594,301.51452366616576,1.030370440040036,433
3990000,7980.000000708241,-44398.38054703281,289.5480945568105,1.0309132473858973,434
3995000,7990.000000710278,-44842.902265988,296.5515827549273,1.0372267182494694,434
4000000,8000.000000712315,-44302.10080106006,298.2150342878617,1.0379457142345614,433
4005000,8010.000000714353,-44273.74509674453,295.04861551794494,1.0269488444313155,433
4010000,8020.00000071639,-44485.3775579308,294.79324677753385,1.0465895854082052,433
4015000,8030.000000718427,-44586.47488505245,306.76515074690565,1.0343967164807413,433
4020000,8040.000000720464,-44172.60303474477,311.5358807453337,1.0418077551138814,433
4025000,8050.000000722502,-44246.8082407084,302.61288299293415,1.0463361322018012,434
4030000,8060.000000724539,-44180.237686235836,302.02904234527267,1.0173921717014343,434
4035000,8070.000000726576,-44625.13507067633,299.2803081296381,1.0320812516798183,434
4040000,8080.0000007286135,-44701.97056752056,310.186780707305,1.028156345535775,434
4045000,8090.000000730651,-44486.37210731814,300.85687087698653,1.037392699231619,434
4050000,8100.000000732688,-44336.028015972115,302.42069177386486,1.0335609297125086,434
4055000,8110.000000734725,-44140.891297929134,300.80960589842664,1.012761335561034,434
4060000,8120.000000736763,-44557.24054911474,293.73829245607635,1.0333607096006463,434
4065000,8130.0000007388,-44430.6014062044,294.16923089809643,1.0398934050320767,434
4070000,8140.000000740837,-44616.91701658786,299.9517071500819,1.0553051314850572,433
4075000,8150.000000742874,-44338.33111037515,312.1714371570362,1.0346456729972031,434
4080000,8160.000000744912,-44449.70237441876,301.22636484687877,1.0408658793493293,434
4085000,8170.000000746949,-44466.01631862539,300.72165365082304,1.0384927041742962,434
4090000,8180.000000748986,-44116.28828724314,297.582353162355,1.026641719384106,434
4095000,8190.000000751023,-44690.417757514195,300.76035185201897,1.0323090965093165,434
4100000,8200.00000075306,-44698.57059637812,308.3281248129181,1.0417467361595076,434
4105000,8210.000000755097,-44202.374833967304,310.80989067465333,1.0366907241530017,434
4110000,8220.000000757134,-43873.90342300417,299.75311546516593,1.027509653651791,433
4115000,8230.000000759172,-44505.957220182696,296.59026126238217,1.039855492332831,434
4120000,8240.000000761209,-44525.405921911646,307.8413743087151,1.0379605229804036,434
4125000,8250.000000763246,-44429.46924004992,299.72365362853026,1.0261129052029283,434
4130000,8260.000000765283,-44214.11426746554,293.1123465900144,1.0298276561681607,434
4135000,8270.00000076732,-44145.53997169604,300.78034099920166,1.0345253378018249,434
4140000,8280.000000769358,-44600.86713490478,303.32981394272394,1.0326640408100953,434
4145000,8290.000000771395,-44652.33500587693,292.28550487133174,1.0467499990245162,434
4150000,8300.000000773432,-44504.51636541315,296.41994978963794,1.057008280526618,434
4155000,8310.00000077547,-44523.97443515441,296.9239913984974,1.0226380634964825,434
4160000,8320.000000777507,-44345.960367546155,299.79852923206556,1.0497640871393528,434
4165000,8330.000000779544,-44300.207119033585,297.89197815940463,1.02035710707622,434
4170000,8340.000000781582,-44333.3953433694,300.4222693991281,1.0357126351994987,434
4175000,8350.000000783619,-44455.29125293589,312.68682236075,1.0454745352760637,434
4180000,8360.000000785656,-44511.81830598292,298.6622003725207,1.0279756540384337,433
4185000,8370.000000787693,-44347.652469737106,307.2524132883763,1.0163297725293068,433
4190000,8380.00000078973,-44519.23856506136,300.2267105503364,1.0286434049306548,433
4195000,8390.000000791768,-44153.257284781925,298.766006081683,1.0409110111529407,433
4200000,8400.000000793805,-44601.46572982331,302.7073341750897,1.0350914669803364,433
4205000,8410.000000795842,-44009.70051072916,305.7425926295028,1.0360785361210312,433
4210000,8420.00000079788,-44435.140296976984,302.11589174337655,1.035525784030002,433
4215000,8430.000000799917,-44341.472852094565,301.3215446974538,1.0420571067616986,433
4220000,8440.000000801954,-44291.40044846397,293.4304005082406,1.0263300605868066,433
4225000,8450.000000803991,-44728.254252032086,300.28852920354456,1.04693992564387,433
4230000,8460.000000806029,-44617.478212088055,297.3990635142478,1.0287888296862309,433
4235000,8470.000000808066,-44213.04655690826,300.5309394623337,1.0285239413164635,433
4240000,8480.000000810103,-44207.788952498,292.4765932409013,1.0369394248009507,433
4245000,8490.00000081214,-44319.60862083148,307.4667008849224,1.0398253491968648,433
4250000,8500.000000814178,-44389.485490187246,300.591005372587,1.0361054989559724,433
4255000,8510.000000816215,-44558.0246745412,303.7823761124352,1.0323748816776979,433
4260000,8520.000000818252,-44556.16243208945,298.38203721210675,1.0348115023251376,433
4265000,8530.00000082029,-44723.414859776385,300.41311180953204,1.0458491946429924,433
4270000,8540.000000822327,-44478.243940329994,294.6535393784072,1.0219890215857323,433
4275000,8550.000000824364,-44572.57759098071,297.11691128598613,1.0297424624158706,433
4280000,8560.000000826401,-44596.86492772357,296.3207327221442,1.0423403833626874,433
4285000,8570.000000828439,-44021.59854703871,299.13138405969227,1.0400752975513443,433
4290000,8580.000000830476,-43951.38161974889,297.65336879264123,1.0260221109924674,433
4295000,8590.000000832513,-44848.12108057921,297.27123144098425,1.037623735893605,433
4300000,8600.00000083455,-44524.91277503909,301.8875428157089,1.0453562733808104,433
4305000,8610.000000836588,-44340.87762281892,298.65199901464825,1.0376320444065765,433
4310000,8620.000000838625,-44290.95073352521,301.8834859050492,1.0294843425284226,433
4315000,8630.000000840662,-44350.11082042931,301.77326003629923,1.029677925519357,433
4320000,8640.0000008427,-44265.02984357212,297.68728141475805,1.037270298586189,433
4325000,8650.000000844737,-44418.70288935662,301.1836885099874,1.0349203853554032,433
4330000,8660.000000846774,-44421.58924678282,298.77469102149337,1.0448743707141404,433
4335000,8670.000000848811,-44256.34319887025,300.4725475200712,1.0135866022773563,433
4340000,8680.000000850849,-44775.22994584404,296.72638440063474,1.0435243941479755,433
4345000,8690.000000852886,-44417.95135885902,300.1209157733264,1.0264723312548176,433
4350000,8700.000000854923,-43895.12144863003,299.20153316537164,1.0288316017285928,433
4355000,8710.00000085696,-44488.61230894626,302.40923001656404,1.0359470735504575,433
4360000,8720.000000858998,-44437.38593939142,303.3581335423778,1.0563204620116553,433
4365000,8730.000000861035,-44555.69427479111,301.4772237205855,1.045366728599737,433
4370000,8740.000000863072,-43995.560215134814,295.53351481048765,1.0281334757193688,433
4375000,8750.00000086511,-44040.38932647917,290.53811861397133,1.0442792472911089,433
4380000,8760.000000867147,-44327.725907560554,300.2442182861446,1.041472052382053,433
4385000,8770.000000869184,-44248.81146132891,299.6098238051651,1.0355354184832495,433
4390000,8780.000000871221,-44370.40386292362,306.2484657562814,1.0426006733277469,433
4395000,8790.000000873259,-44804.73175155587,295.2947675875368,1.0363931204003292,433
4400000,8800.000000875296,-44502.05481019465,301.5310467149207,1.045025171042019,433
4405000,8810.000000877333,-44643.079452624224,301.05760917967876,1.046643251745006,433
4410000,8820.00000087937,-44217.378637733986,301.1766972319087,1.0316476730921766,433
4415000,8830.000000881408,-44140.304037478374,300.3401464988802,1.0403753748683109,433
4420000,8840.000000883445,-44541.876257519965,305.99431802781646,1.0260341576041747,433
4425000,8850.000000885482,-44566.25204087229,288.97662157853887,1.0363270047679087,433
4430000,8860.00000088752,-44261.04051642996,302.3586367957639,1.038807095542514,433
4435000,8870.000000889557,-44347.91857294706,313.2601465506819,1.0458287404589772,433
4440000,8880.000000891594,-44334.59149200065,296.59475143534536,1.0390680665091772,433
4445000,8890.000000893631,-44530.357082550734,304.94564600975923,1.0329392259073489,433
4450000,8900.000000895669,-44367.69826922848,312.1212181173163,1.0260066526144724,433
4455000,8910.000000897706,-44560.84286549152,295.80723811757275,1.0435808310378174,433
4460000,8920.000000899743,-44565.52334932878,296.8056320146869,1.0402283618847732,433
4465000,8930.00000090178,-44365.544096479396,304.82019687916477,1.0175698466570469,433
4470000,8940.000000903818,-44031.63222073016,292.0958541448601,1.0201693133060072,433
4475000,8950.000000905855,-44632.526998013054,297.85207864000364,1.0307108321757747,433
4480000,8960.000000907892,-44108.37302611701,298.4182736956694,1.0056236626534372,433
4485000,8970.00000090993,-44494.714958941215,295.42642024656726,1.0330810707284526,433
4490000,8980.000000911967,-44605.19433231928,284.7387845196329,1.0462069233388651,433
4495000,8990.000000914004,-44236.47059634596,300.3207481639296,1.0289068265605967,433
4500000,9000.000000916041,-44582.58568017089,297.3766323431729,1.030562691842934,433
4505000,9010.000000918079,-44768.57413811621,300.789616751244,1.0285044035406945,433
4510000,9020.000000920116,-44303.627112154936,308.1716186526615,1.0207723307750625,433
4515000,9030.000000922153,-44697.79704305806,301.4485496335925,1.048653459410087,433
4520000,9040.00000092419,-44429.80503387691,299.3995734255377,1.038660689760575,433
4525000,9050.000000926228,-43994.74091831004,293.17869480366795,1.0236230049985893,433
4530000,9060.000000928265,-44229.48252122945,289.2575921823366,1.0365420660781988,433
4535000,9070.000000930302,-44512.71266248965,303.95898958232084,1.0470567592012976,433
4540000,9080.00000093234,-44559.13011557254,300.2917392833384,1.0357916324629175,433
4545000,9090.000000934377,-44443.34586858642,291.0574228721574,1.0317560335166873,433
4550000,9100.000000936414,-44072.688230429776,295.7888835508987,1.0435067750985754,433
4555000,9110.000000938451,-44342.71709331352,304.7203496119569,1.0249535860741334,433
4560000,9120.000000940488,-44482.85932576953,302.5769222217465,1.0327326246518114,433
4565000,9130.000000942526,-44717.37739237363,300.33307644583726,1.0334023946037514,433
4570000,9140.000000944563,-44523.63600396371,291.2580823998854,1.0479156589103462,433
4575000,9150.0000009466,-44134.08515311929,298.98222366485356,1.0265961380385986,433
4580000,9160.000000948638,-44504.58329779803,297.0451472935393,1.0440204773314012,433
4585000,9170.000000950675,-44351.261564759276,302.69723128592256,1.028890765453698,433
4590000,9180.000000952712,-44337.492430692655,305.00017797877274,1.046470252900281,433
4595000,9190.00000095475,-44299.4901763259,292.05156292120114,1.021020176318382,433
4600000,9200.000000956787,-44266.11155323291,298.7440869478758,1.0397010561779616,433
4605000,9210.000000958824,-44767.48684630758,303.19203653022174,1.0317991780969211,433
4610000,9220.000000960861,-44019.29430174851,299.6761720188186,1.0165905460235056,433
4615000,9230.000000962898,-44263.59063940059,292.02403107119,1.0338826925672255,433
4620000,9240.000000964936,-44637.76277538971,302.773308207663,1.0374221683718006,433
4625000,9250.000000966973,-44242.91591766075,298.5805895095406,1.035285841778673,433
4630000,9260.00000096901,-44201.95859612615,304.8389453206602,1.044496701322383,433
4635000,9270.000000971047,-44149.11044401108,297.69287443722095,1.0276798962562204,433
4640000,9280.000000973085,-44397.72790286844,300.44907258071976,1.029494587868963,433
4645000,9290.000000975122,-44323.96440848496,293.9699696259843,1.037065770444201,433
4650000,9300.00000097716,-44144.04984753858,301.03986511897773,1.0263963036312114,433
4655000,9310.000000979197,-44299.72884582981,298.45417538563385,1.0432642498501037,433
4660000,9320.000000981234,-44185.83885589885,295.32182678776235,1.0465055359755444,433
4665000,9330.000000983271,-43955.989820599905,300.36756018644496,1.0172893865954613,433
4670000,9340.000000985308,-44352.12996982029,302.1251084141957,1.0356564819638683,433
4675000,9350.000000987346,-44247.442876938265,294.20160740841,1.030520587271135,433
4680000,9360.000000989383,-44330.30527023226,303.99311883558926,1.0392734060792277,433
4685000,9370.00000099142,-44146.713589137595,295.3278727662698,1.0349618873896198,433
4690000,9380.000000993457,-44407.93561166027,302.73772161755556,1.0320901229623463,433
4695000,9390.000000995495,-44053.4217703492,300.3107634372088,1.042514070056242,433
4700000,9400.000000997532,-44409.807428950095,301.47836595756746,1.0365293242919729,433
4705000,9410.00000099957,-44456.4414771724,300.7094829188439,1.0563310939951094,433
4710000,9420.000001001607,-44155.38508310352,315.61303657087706,1.0366158318124543,433
4715000,9430.000001003644,-44536.090063531214,301.6402485091352,1.0240468680280694,432
4720000,9440.000001005681,-44308.25411802856,299.7692052516174,1.037392583246154,432
4725000,9450.000001007718,-44520.75465064356,298.2031392682575,1.0438543314199047,432
4730000,9460.000001009756,-44239.2689465484,311.0768196410705,1.041115307610301,432
4735000,9470.000001011793,-44574.285829862056,294.5326788894812,1.0357481133591113,432
4740000,9480.00000101383,-44379.965327998594,303.490593644792,1.0394481661034307,432
4745000,9490.000001015867,-44341.07645697589,293.1028542068203,1.0400306467093405,432
4750000,9500.000001017905,-44501.753902177996,297.0736638306038,1.0484955235099538,432
4755000,9510.000001019942,-44494.65188856289,302.8017262760221,1.0307114193545244,432
4760000,9520.00000102198,-44001.41561416557,301.92511847366404,1.03727051326125,432
4765000,9530.000001024016,-44319.712730093044,303.4426787727768,1.0193751075525477,432
4770000,9540.000001026054,-44174.024510751595,296.7281371435897,1.038511299804642,432
4775000,9550.000001028091,-44488.71351937647,297.82669340776874,1.0255126104977745,432
4780000,9560.000001030128,-44368.35621079939,304.1792049949279,1.0457810309939168,432
4785000,9570.000001032166,-44381.37429735792,301.59392883014647,1.0357848580652618,432
4790000,9580.000001034203,-44473.85882017529,301.44874657100326,1.0401813563303555,432
4795000,9590.00000103624,-44513.363047728926,299.3858665817553,1.0531742261336206,432
4800000,9600.000001038277,-44547.75179992549,298.56073821854545,1.0383124713889293,432
4805000,9610.000001040315,-44663.90522884688,297.26981349162753,1.0415833804561427,432
4810000,9620.000001042352,-44325.49330238704,302.39469603565686,1.0307889061323603,432
4815000,9630.00000104439,-44150.38904628204,288.96348585324745,1.0184969403277555,432
4820000,9640.000001046426,-43910.843982672435,303.8429934474383,1.0304984465897251,432
4825000,9650.000001048464,-44689.65044809316,292.78202347110374,1.0428689564394362,432
4830000,9660.000001050501,-44429.07857573475,309.7472361004387,1.0433370575226857,432
4835000,9670.000001052538,-44120.84030708988,297.6415525480013,1.0372633621185272,432
4840000,9680.000001054575,-44340.11609664446,299.6511018864408,1.0459615924543646,432
4845000,9690.000001056613,-44118.66056370182,305.87109428996257,1.0285537650326815,432
4850000,9700.00000105865,-44186.86069353644,295.80024683949415,1.044552467083024,432
4855000,9710.000001060687,-44198.2652950997,290.17380409797966,1.0254345288329312,432
4860000,9720.000001062725,-44608.29918823051,301.5747668200886,1.035853323955869,432
4865000,9730.000001064762,-44489.819257253606,301.50089559734766,1.037006158072087,432
4870000,9740.000001066799,-44292.576492402906,293.0346350877654,1.018357065211292,432
4875000,9750.000001068836,-44419.60361267859,297.9977138551914,1.0154651121659448,432
4880000,9760.000001070874,-44356.418885400286,295.0449130946244,1.0348908666619052,432
4885000,9770.00000107291,-44368.40158439122,300.19262068455004,1.0215412982171954,432
4890000,9780.000001074948,-44450.208251638396,307.9487051975283,1.0312428767269965,432
4895000,9790.000001076985,-44561.13481683243,310.6938945397708,1.052643254169706,432
4900000,9800.000001079023,-44386.88486856964,295.90375714254037,1.0266632913625326,432
4905000,9810.00000108106,-44602.88614075203,300.9505146157584,1.0382112078711074,432
4910000,9820.000001083097,-43936.52563214314,308.0893972837083,1.0189745326461332,432
4915000,9830.000001085134,-44458.166565500025,301.97880361181166,1.0420031082687835,432
4920000,9840.000001087172,-44201.044148980814,297.4438470814333,1.0382587869212703,432
4925000,9850.000001089209,-44678.67945466962,299.67248928923914,1.0356981954192475,432
4930000,9860.000001091246,-44166.425883969234,299.2044084515673,1.0262250296834816,432
4935000,9870.000001093284,-44473.449136796815,299.40945968355317,1.0344319425420174,432
4940000,9880.00000109532,-44459.607494907454,292.3652645226516,1.0504528838252831,432
4945000,9890.000001097358,-43922.67854114054,306.0237798644522,1.0280449712485622,432
4950000,9900.000001099395,-44807.66037533773,308.6771766795831,1.0285245568164116,432
4955000,9910.000001101433,-44415.8609722158,296.7052727102114,1.0373149983729877,432
4960000,9920.00000110347,-44564.37690497862,296.267756558675,1.048193880772769,432
4965000,9930.000001105507,-44797.32240972895,306.9031644843006,1.0368212814754172,432
4970000,9940.000001107544,-44317.84735137451,310.4330312456022,1.0445163160678124,432
4975000,9950.000001109582,-44408.481330812705,306.7124896832934,1.0316090453671451,432
4980000,9960.000001111619,-44592.88041291508,309.3188775384983,1.0462862917074134,432
4985000,9970.000001113656,-44411.76860097505,305.74462108483266,1.0394700939695791,432
4990000,9980.000001115694,-44327.63945652882,306.45719971784666,1.0232714363525792,432
4995000,9990.00000111773,-44324.43471948372,306.0073749781437,1.0207372484663382,432
5000000,10000.000001119768,-44402.14418480231,295.4894992992037,1.0247252935628657,432
5005000,10010.000001121805,-44501.927947447024,288.718948670423,1.0369348241136422,432
5010000,10020.000001123843,-44294.77230957066,301.3294025001394,1.0323996386206649,432
5015000,10030.00000112588,-44362.68440144541,303.4163088534886,1.0262732819563072,432
5020000,10040.000001127917,-44787.85151848948,301.4547137745464,1.0463651647260732,432
5025000,10050.000001129954,-44430.259787218645,306.6808615351405,1.0413561734418704,432
5030000,10060.000001131992,-44522.86543518919,294.8104591072261,1.0374445924758198,432
5035000,10070.000001134029,-44294.16814650255,311.1471262966783,1.0445823799487928,432
5040000,10080.000001136066,-44477.70924286888,295.98560433041325,1.0260125167312135,432
5045000,10090.000001138103,-44199.34179621021,300.30794723223624,1.0168801638705438,432
5050000,10100.00000114014,-44164.1635563586,301.9937905487634,1.0415206460141277,432
5055000,10110.000001142178,-44369.08887325274,296.63683696000476,1.0425505484510627,432
5060000,10120.000001144215,-44363.83134635328,292.31187479062,1.0347205017559165,432
5065000,10130.000001146253,-44312.69293884386,306.80611372832425,1.0368085279633918,432
5070000,10140.00000114829,-44400.37128346626,305.00817363764577,1.0444297752515472,432
5075000,10150.000001150327,-44440.94677289974,302.6531173059333,1.0239306490948286,432
5080000,10160.000001152364,-44040.56868345715,300.08436418990675,1.0438368861039342,432
5085000,10170.000001154402,-44629.618504185055,305.2861507928014,1.0438333640571582,432
5090000,10180.000001156439,-44212.904463107465,297.5074775588197,1.0288519796291962,432
5095000,10190.000001158476,-44294.6679896797,297.8154679753607,1.0429037356201107,432
5100000,10200.000001160513,-44486.57531428107,307.5193816422757,1.0437740620794906,432
5105000,10210.00000116255,-44328.17961418058,287.7200624297823,1.0326326560283214,432
5110000,10220.000001164588,-44449.187225225236,299.16907788009377,1.0314563440577018,432
5115000,10230.000001166625,-44353.62357127547,300.3946390804116,1.036026375158216,432
5120000,10240.000001168662,-44097.71674445734,299.54585853418064,1.0272770825820499,432
5125000,10250.0000011707,-44681.17864838461,292.4677310574213,1.0324439613412564,432
5130000,10260.000001172737,-44097.636208816664,296.65465979567006,1.0240866788791294,432
5135000,10270.000001174774,-44376.68231780722,302.0062763805997,1.0322133516057737,432
5140000,10280.000001176812,-44385.19025280577,290.3875599635169,1.0216821029826928,432
5145000,10290.000001178849,-44330.09375354866,302.88894985520625,1.0379535262774273,432
5150000,10300.000001180886,-44191.50050971686,285.0083327536119,1.0410312656925824,432
5155000,10310.000001182923,-44417.42665311249,297.0809111273163,1.0392006338522697,432
5160000,10320.00000118496,-44086.09334774589,302.38707455786414,1.0298988870332253,432
5165000,10330.000001186998,-44322.522869217035,305.9456547936408,1.0181559957993467,432
5170000,10340.000001189035,-44558.97847183223,306.57853285655824,1.0381908784674843,432
5175000,10350.000001191072,-44318.71655232634,301.42743794316914,1.0355925111580275,432
5180000,10360.00000119311,-44407.609369343525,305.0955350730174,1.045000365162263,432
5185000,10370.000001195147,-44444.716969475005,301.35240478970525,1.0353772322132946,432
5190000,10380.000001197184,-44579.9869707147,301.4424445738619,1.0331893653196689,432
5195000,10390.000001199222,-44172.102190440666,304.7840785580486,1.0290309191628921,432
5200000,10400.000001201259,-44450.06677152583,290.03484506101347,1.048518644761822,432
5205000,10410.000001203296,-44047.22072897729,294.18963361384147,1.0336209178102627,432
5210000,10420.000001205333,-44385.434994211595,299.5945414620974,1.0315386239383149,432
5215000,10430.00000120737,-44552.31137471952,291.2827192699597,1.0367522497808774,432
5220000,10440.000001209408,-44475.16550703457,296.8803106808116,1.0427740502038616,432
5225000,10450.000001211445,-44520.7836306298,292.05947980511,1.036215921718297,432
5230000,10460.000001213482,-44085.41597705684,302.0767405861361,1.0221073901193243,432
5235000,10470.00000121552,-44142.83298679534,308.37789089659344,1.0288120491857615,432
5240000,10480.000001217557,-44516.81551884982,302.70532541350093,1.035436687100609,432
5245000,10490.000001219594,-44057.56473012708,302.58865969142215,1.0355901991008851,432
5250000,10500.000001221631,-44121.479535242746,308.60803195469816,1.033440206773784,432
5255000,10510.000001223669,-44313.3815367326,300.24372594261797,1.015405549449017,432
5260000,10520.000001225706,-44291.92473890935,298.33784445715327,1.021969615366943,432
5265000,10530.000001227743,-44438.834648822,301.1721282839813,1.049154625702689,432
5270000,10540.00000122978,-44520.331028708635,301.06345822077554,1.0315058044179508,432
5275000,10550.000001231818,-44668.51934814232,308.4181842908158,1.0419544932467444,432
5280000,10560.000001233855,-44606.524750630255,304.2931135932573,1.0379004747483331,432
5285000,10570.000001235892,-44679.61590481165,303.5730316448969,1.0394553080569588,432
5290000,10580.00000123793,-44324.42444623317,302.4842237825458,1.027159748747855,432
5295000,10590.000001239967,-44337.83100283577,293.8557459277978,1.038708019327923,432
5300000,10600.000001242004,-44292.47185298585,300.56794400179797,1.022062426391469,432
5305000,10610.000001244041,-44728.94818183867,306.97693723833623,1.0404002545049325,432
5310000,10620.000001246079,-44552.41282339461,304.2189272706593,1.0394768277050999,432
5315000,10630.000001248116,-44330.94531424722,302.0319176314684,1.0164059060734632,432
5320000,10640.000001250153,-44433.30431682663,296.2687018582462,1.0284835476762897,432
5325000,10650.00000125219,-44355.18480182451,302.2251526188142,1.041713845471402,432
5330000,10660.000001254228,-44272.13408196776,298.6759466037853,1.024258518345614,432
5335000,10670.000001256265,-44246.214549818076,295.50765692846716,1.0313780801509083,432
5340000,10680.000001258302,-44568.206726153236,298.6725986678039,1.0357449520119886,432
5345000,10690.00000126034,-44618.6183820345,290.51621917390526,1.0305397284995792,432
5350000,10700.000001262377,-44330.0082977718,303.33107434215225,1.0296582011768007,432
5355000,10710.000001264414,-44501.54939083115,302.3700985530647,1.0316676637588413,432
5360000,10720.000001266451,-44570.78863270342,304.41850364262865,1.0379066844809985,432
5365000,10730.000001268489,-44577.978747404064,293.07459368838965,1.0374150372176685,432
5370000,10740.000001270526,-44261.99778622389,296.4888975771122,1.0413158509793325,432
5375000,10750.000001272563,-44651.16884103432,301.1345920135082,1.0438118243043495,432
5380000,10760.0000012746,-44332.85011659787,291.7522180569883,1.0363694272772943,432
5385000,10770.000001276638,-44292.120404504414,290.4169627189294,1.038520264040119,432
5390000,10780.000001278675,-44456.610215626715,303.859142315113,1.039724712544388,432
5395000,10790.000001280712,-44528.31944642539,299.2304041897753,1.0277827608753032,432
5400000,10800.00000128275,-44638.060935596266,288.1216768913541,1.0400935343904527,432
5405000,10810.000001284787,-44730.41897482661,308.13201453937654,1.0332244232753893,432
5410000,10820.000001286824,-44537.663937584555,300.1614061049594,1.031261656527688,432
5415000,10830.000001288861,-44435.86845944295,297.1100578640949,1.0295067046010327,432
5420000,10840.000001290899,-44192.99628360165,305.9154052073625,1.0179990700910475,432
5425000,10850.000001292936,-44423.109631926316,296.62460714680236,1.0369220614463335,432
5430000,10860.000001294973,-44199.57677809356,306.6250888604397,1.0297540698413468,432
5435000,10870.00000129701,-44488.839442692,296.7398155320422,1.0676637957972899,432
5440000,10880.000001299048,-44540.57010748706,293.3035334282893,1.0252155624352404,432
5445000,10890.000001301085,-44234.39074720512,296.90358868275234,1.026946469976092,432
5450000,10900.000001303122,-44584.21214538711,295.3627503816988,1.0357868241944184,432
5455000,10910.00000130516,-44382.0353776039,305.3358577952535,1.031022173090246,432
5460000,10920.000001307197,-44343.69883606731,298.9294838262771,1.0364056373489654,432
5465000,10930.000001309234,-44641.59066251785,297.27916801863415,1.0426977551864547,432
5470000,10940.000001311271,-44489.491381789005,297.92183387086163,1.028314641765347,432
5475000,10950.000001313309,-44145.65295624148,298.2802008770512,1.0228224268575876,432
5480000,10960.000001315346,-44325.96867930825,304.52727217453963,1.035809045329905,432
5485000,10970.000001317383,-44376.60800508142,300.12465758412907,1.03063340358343,432
5490000,10980.00000131942,-44327.13088137991,298.40129769086997,1.0319858238740558,432
5495000,10990.000001321458,-43897.94423187585,303.88393673511587,1.025455519170766,432
5500000,11000.000001323495,-44513.08122273814,301.4493373832352,1.046997041468311,432
