#"Step","Time (ps)","Potential Energy (kJ/mole)","Temperature (K)","Density (g/mL)","Speed (ns/day)"
505000,1009.9999999899404,-30331.943143407872,308.19458748580536,1.0241239581304318,0
510000,1019.999999989704,-30481.365063747304,289.9216414789533,1.0243360470869463,415
515000,1029.9999999894676,-30483.799096112314,303.6995395450901,1.0285020197154686,412
520000,1039.9999999892311,-30683.363711597514,312.5955163050879,1.0346510999249972,417
525000,1049.9999999889947,-30598.783820279525,301.77121150711616,1.0388480920522867,422
530000,1059.9999999887582,-30338.358419927798,308.5529671471077,1.0249066089108727,423
535000,1069.9999999885217,-29988.787322311924,300.1168568834621,1.0190081771365178,423
540000,1079.9999999882853,-30312.4767240051,302.5414795827281,1.0331126405692177,422
545000,1089.9999999880488,-30581.941182184848,307.8716197530819,1.0259674456323447,422
550000,1099.9999999878123,-30520.901096077345,297.83429230165746,1.0200098117551046,421
555000,1109.9999999875758,-30376.079152473947,301.23866456794667,1.0253174387782107,421
560000,1119.9999999873394,-30630.30374172688,305.84200031012756,1.0221462904035352,421
565000,1129.999999987103,-30390.19696072454,288.6229304956297,1.0191531498250017,419
570000,1139.9999999868664,-30358.51074904893,301.90940010920303,1.0205421906418728,420
575000,1149.99999998663,-30208.5234404715,291.7004068848001,1.0229103341745323,419
580000,1159.9999999863935,-30423.043067653227,301.71987202787955,1.0328205525300251,418
585000,1169.999999986157,-30396.650514651614,301.235869917954,1.0363694147368492,419
590000,1179.9999999859206,-29940.556667829922,306.62565534549475,1.0165386057430814,417
595000,1189.999999985684,-30237.806341412244,292.77089463305504,1.0185829919887235,417
600000,1199.9999999854476,-30333.13316870373,302.4590667224537,1.023530683423797,417
605000,1209.9999999852112,-30531.825940221024,297.331059872901,1.0312085336721226,417
610000,1219.9999999849747,-30340.497844499507,297.7996425503493,1.026115458060958,417
615000,1229.9999999847382,-30238.44598248831,300.7063326018536,1.035692659175892,417
620000,1239.9999999845018,-30357.887268793187,308.18446420820936,1.0244328942998933,417
625000,1249.9999999842653,-30599.134702927724,303.45351263069733,1.035217232269101,417
630000,1259.9999999840288,-30092.360513227293,297.4120265506617,1.023979655488775,417
635000,1269.9999999837923,-30630.357403053524,304.02567324493816,1.0314579073872976,417
640000,1279.9999999835559,-30663.363975273358,306.4575463997797,1.0308196167397963,418
645000,1289.9999999833194,-30454.341927358357,312.6979998334918,1.0440572252236668,418
650000,1299.999999983083,-30284.265564637346,299.24901057418873,1.0191161055969913,417
655000,1309.9999999828465,-30458.290542228293,306.03453801452014,1.0306848339592676,418
660000,1319.99999998261,-30197.25101506099,292.0293938636617,1.037805999092541,418
665000,1329.9999999823735,-30318.07562922695,299.6405351752648,1.0226616215569626,418
670000,1339.999999982137,-30620.107674590545,303.4270513992978,1.0409347751133364,418
675000,1349.9999999819006,-30167.48718012584,304.68851341139,1.0241585818901264,418
680000,1359.9999999816641,-30515.769477259048,295.4891314686176,1.0252381426426538,418
685000,1369.9999999814277,-30546.487993796618,308.5682106925225,1.0247290131342426,418
690000,1379.9999999811912,-30205.99429439043,305.65907776515047,1.0217212622841725,418
695000,1389.9999999809547,-30433.114066654263,302.9055071730367,1.0233669799558622,418
700000,1399.9999999807183,-30611.05273210458,304.7923649502797,1.03470923117683,418
705000,1409.9999999804818,-30789.668179951143,316.88075052327383,1.0263468193574594,418
710000,1419.9999999802453,-30526.59842234754,296.34267229680944,1.0268712602032222,418
715000,1429.9999999800089,-30406.97845593476,295.695212476821,1.021101775256197,417
720000,1439.9999999797724,-30327.967536621174,298.41294119420314,1.022347730685786,417
725000,1449.999999979536,-30449.138774950785,310.34267663684204,1.0407533298008136,417
730000,1459.9999999792994,-30437.979289554845,308.1970303616731,1.0152283799876365,417
735000,1469.999999979063,-30683.73740789795,303.14586661541637,1.0336662017551395,416
740000,1479.9999999788265,-30263.841300956847,292.78392981868535,1.0199189722948148,416
745000,1489.99999997859,-30277.562844186614,294.4403169150614,1.0205918891978238,417
750000,1499.9999999783536,-30430.303063809406,296.77343925582494,1.0121892178322491,417
755000,1509.999999978117,-30575.94699068158,297.31786834321514,1.027339977175964,417
760000,1519.9999999778806,-30448.593064776796,304.9855475739014,1.027966775300939,416
765000,1529.9999999776442,-30643.069513046386,291.26647395865996,1.0389482247104238,416
770000,1539.9999999774077,-30569.877081249608,299.16098887092204,1.0302301993783727,416
775000,1549.9999999771712,-30444.85682031163,301.7301125635172,1.0269285204655467,416
780000,1559.9999999769348,-30493.604913708026,291.1319398988713,1.034556038573303,417
785000,1569.9999999766983,-30285.334287228587,308.80436838840956,1.0206231522465117,416
790000,1579.9999999764618,-30137.929215422075,308.0771926431048,1.0393793912702287,416
795000,1589.9999999762254,-30295.090551623347,301.2662983797627,1.0340329200096912,416
800000,1599.9999999759889,-30237.3049817516,291.8829385696384,1.0127261795805755,417
805000,1609.9999999757524,-30248.779991315852,300.90217307441935,1.0243448792398147,416
810000,1619.999999975516,-30277.02161754333,298.0196577225023,1.0291213348576642,416
815000,1629.9999999752795,-30308.07700804778,303.552341616803,1.0444807232422542,417
820000,1639.999999975043,-30085.248078166915,295.30171403204383,1.0268763877884695,417
825000,1649.9999999748065,-30137.564993964304,300.89957385449605,1.021393955994158,417
830000,1659.99999997457,-30358.545844905457,300.89160030766374,1.018264779653666,417
835000,1669.9999999743336,-30423.71848742827,306.9748302505275,1.0343377670277487,417
840000,1679.9999999740971,-30053.58793281333,296.071239473392,1.030386212343442,417
845000,1689.9999999738607,-30459.2232159439,297.9273951867292,1.0172704999804194,417
850000,1699.9999999736242,-30762.81236467691,297.0804794378907,1.023119268688918,417
855000,1709.9999999733877,-30531.98812075553,291.2509958971619,1.0227216307653433,417
860000,1719.9999999731513,-30601.227271137614,306.61432040146843,1.039252234925664,417
865000,1729.9999999729148,-30765.373225266725,308.85963601204156,1.0330030998041049,417
870000,1739.9999999726783,-30566.190916946856,302.75420521329175,1.0167242912752439,417
875000,1749.9999999724419,-30359.563100253697,300.5631409899896,1.0282716662494453,417
880000,1759.9999999722054,-30186.799157727364,294.96029770076717,1.0269836478679004,417
885000,1769.999999971969,-30226.177033591142,293.3207175903612,1.0283893292087827,417
890000,1779.9999999717324,-30242.925774507312,298.07580478144666,1.0225358880301831,417
895000,1789.999999971496,-30405.220950519753,292.81607806510493,1.0292376298999264,417
900000,1799.9999999712595,-30458.605287657585,295.0034486600951,1.021777094367724,417
905000,1809.999999971023,-30415.318473067688,310.37527437242136,1.0135703783571965,417
910000,1819.9999999707866,-30186.74722371463,300.5020300072819,1.0147941290573255,417
915000,1829.99999997055,-30190.733191114734,289.0396655756609,1.029099220713017,417
920000,1839.9999999703136,-30314.13833463058,301.0747573687242,1.0267915253011182,417
925000,1849.9999999700772,-30066.155977752554,311.2570939316582,1.0192229637031622,417
930000,1859.9999999698407,-30634.795615612325,294.082933947113,1.0372692692335044,417
935000,1869.9999999696042,-30503.11155323591,297.15636493384653,1.016943560121813,417
940000,1879.9999999693678,-30383.43536509946,304.5730924123905,1.032926189926075,417
945000,1889.9999999691313,-30489.018747249764,298.2763160326716,1.0203621115913712,417
950000,1899.9999999688948,-30519.431123745773,298.07918572164766,1.0262205063601821,417
955000,1909.9999999686584,-30322.49254932694,298.91705305827196,1.0298066506322114,417
960000,1919.999999968422,-30199.506191587716,308.36179745320106,1.0176824696008455,417
965000,1929.9999999681854,-30868.423840583302,304.00386324919094,1.0412739584867325,417
970000,1939.999999967949,-30611.34609826299,287.04879991547256,1.0298917187349639,417
975000,1949.9999999677125,-30349.356704058737,303.25362675569454,1.010129042625283,417
980000,1959.999999967476,-30008.015230231715,301.05198976563673,1.0137478211109456,417
985000,1969.9999999672395,-30266.66501951494,303.8732964198114,1.027415307135534,417
990000,1979.999999967003,-30235.470276201755,307.5480071011293,1.0168521107165318,417
995000,1989.9999999667666,-30710.783311849984,291.77982966501236,1.0352732255200892,417
1000000,1999.9999999665301,-30513.342922633106,299.0057001377609,1.0418053017130224,417
1005000,2009.9999999662937,-30551.932978330326,304.73660875147425,1.0296998900650824,417
1010000,2019.9999999660572,-30294.162470915297,295.2409548234612,1.0273470545881904,417
1015000,2029.9999999658207,-30227.939428848942,311.9500694148145,1.0284837995320741,416
1020000,2039.9999999655843,-30602.37053265312,299.89521964173287,1.0198193675713663,417
1025000,2049.999999965348,-30588.994754375133,296.88456079329717,1.0207519911437912,417
1030000,2059.9999999651113,-30335.5278954987,294.94186864522084,1.0351273726719254,417
1035000,2069.999999964875,-30141.25439337705,307.27919304064216,1.0195756797822386,417
1040000,2079.9999999646384,-30348.210842691624,296.1880871118982,1.0128837738087926,417
1045000,2089.999999964402,-30288.997940107598,300.1187720981424,1.0330948139379437,417
1050000,2099.9999999641655,-30750.54030724094,296.34812479574623,1.0211036598923777,417
1055000,2109.999999963929,-30462.147101685143,298.8220935875408,1.0143326624837998,417
1060000,2119.9999999636925,-30389.313415165263,315.12885675197225,1.0325898085738754,417
1065000,2129.999999963456,-30095.470310224657,299.3414880830383,1.022518451402181,417
1070000,2139.9999999632196,-30184.5326462207,303.17373494331565,1.0124740822585638,417
1075000,2149.999999962983,-30785.722212919383,303.0495000481854,1.0191075947285586,417
1080000,2159.9999999627466,-30344.563679138228,292.5085493078656,1.0245505567541513,417
1085000,2169.99999996251,-30368.500359904836,295.03534284742443,1.038664313621487,417
1090000,2179.9999999622737,-30764.18403563561,295.570860323649,1.038480219581827,417
1095000,2189.9999999620372,-30510.926490389073,293.4104981642527,1.0437671725382642,417
1100000,2199.9999999618008,-30246.14030758367,304.32421221898414,1.0269498994128639,417
1105000,2209.9999999615643,-30019.470724266517,298.7890854488158,1.0154938896370216,417
1110000,2219.999999961328,-30323.58875163627,299.8878714711227,1.0339747653913955,417
1115000,2229.9999999610914,-30210.55037876629,291.2125157164931,1.0320769963930778,417
1120000,2239.999999960855,-30231.242552490206,309.01250141234186,1.014781992311518,417
1125000,2249.9999999606184,-30412.53577684454,300.90895449782823,1.0213596533152498,417
1130000,2259.999999960382,-30295.55237843434,296.02726770777247,1.022229249033761,417
1135000,2269.9999999601455,-30513.102545911213,297.2347323916839,1.02335359428485,417
1140000,2279.999999959909,-30427.92531570536,302.1907021511261,1.0330502614783812,417
1145000,2289.9999999596726,-30510.877049752482,295.83097774604704,1.033859164782271,417
1150000,2299.999999959436,-30858.06295707528,297.76614583645073,1.034927263956683,417
1155000,2309.9999999591996,-30786.67591277731,300.5760002885574,1.0426477387788664,418
1160000,2319.999999958963,-30384.545404196397,300.05773928746254,1.018466397809114,418
1165000,2329.9999999587267,-30161.91919406195,294.95541194903166,1.0282490735545269,418
1170000,2339.99999995849,-30327.923564056633,309.2501639197635,1.0252444820725393,418
1175000,2349.9999999582537,-30308.683141316054,291.636774854197,1.024773504590273,418
1180000,2359.9999999580173,-30595.20732954718,300.4356228696931,1.0221571810401757,418
1185000,2369.999999957781,-30349.212792346516,292.8147491406329,1.0358739820420522,418
1190000,2379.9999999575443,-30755.932895380654,294.96797810249535,1.02923042168011,418
1195000,2389.999999957308,-30599.7816436915,293.99125770154814,1.0190113823260796,418
1200000,2399.9999999570714,-30661.222005651158,301.19811282854204,1.037318323781112,418
1205000,2409.999999956835,-30091.15526814296,295.1212734489484,1.0114200526808497,418
1210000,2419.9999999565985,-30474.99610566991,302.3609608276049,1.0304500275827198,418
1215000,2429.999999956362,-30667.760447827284,302.9917895486857,1.018279769450322,418
1220000,2439.9999999561255,-30316.776030545094,297.44253318449813,1.0272993045296557,418
1225000,2449.999999955889,-30055.04810502843,300.08001831537644,1.0143275810311687,418
1230000,2459.9999999556526,-30556.807582481473,298.0148305997877,1.0328316622190428,418
1235000,2469.999999955416,-30416.43496472272,305.59552390657507,1.023215384718332,418
1240000,2479.9999999551796,-30403.429293922643,297.43440329361033,1.025843284885133,418
1245000,2489.999999954943,-30897.824698274984,307.9776796517561,1.0521799177367956,418
1250000,2499.9999999547067,-30016.31748206797,308.3387757910234,1.031110108956354,418
1255000,2509.9999999544702,-30496.345828707184,290.7099086639588,1.0364581555754349,418
1260000,2519.9999999542338,-30298.330364376365,296.8061347064389,1.0365428241227574,418
1265000,2529.9999999539973,-30240.936799224757,299.2404507371482,1.0315480498816294,418
1270000,2539.999999953761,-30193.39209070659,290.2825617311581,1.0026967672212417,418
1275000,2549.9999999535244,-30227.35129333599,295.79587850557925,1.0284564549624584,418
1280000,2559.999999953288,-30310.297097041563,298.7720439467623,1.034555145838488,418
1285000,2569.9999999530514,-30494.34820787923,294.0603031450742,1.0366938845661424,418
1290000,2579.999999952815,-30480.09958230803,301.6712881126217,1.0346049048426404,418
1295000,2589.9999999525785,-30356.431295412767,302.7228582301568,1.024374391587675,418
1300000,2599.999999952342,-30677.61292386611,296.08050285868256,1.0280470039045344,418
1305000,2609.9999999521056,-30268.54919140393,310.1248893674805,1.0365612028656133,418
1310000,2619.999999951869,-30404.423818317562,301.8554418670362,1.0348683230375464,418
1315000,2629.9999999516326,-30547.807806178957,303.1324796556611,1.0332693695577282,418
1320000,2639.999999951396,-30646.322378683748,306.3527372535497,1.0280639801324853,418
1325000,2649.9999999511597,-30315.084771081456,304.5186455950501,1.010826567734239,418
1330000,2659.999999950923,-30504.019578343024,303.8165630706588,1.0223191220553638,418
1335000,2669.9999999506867,-30747.824164385762,297.28306224785143,1.0396839221294256,418
1340000,2679.9999999504503,-30483.80854688541,301.1780421604126,1.0221856037565447,418
1345000,2689.999999950214,-30608.02821747563,296.9044751173711,1.0275788382860946,418
1350000,2699.9999999499773,-30255.69713925573,305.2160768837892,1.0188778695659486,418
1355000,2709.999999949741,-30564.999326113117,293.3899584639567,1.022665089485966,418
1360000,2719.9999999495044,-30465.928310480638,302.1756931217947,1.0237659864998618,418
1365000,2729.999999949268,-30407.684101002582,294.4227868378344,1.0248574236666599,418
1370000,2739.9999999490315,-30056.3787842624,303.9990556694832,1.016789293770498,418
1375000,2749.999999948795,-29903.995622963936,294.7210717527902,1.012521546724703,418
1380000,2759.9999999485585,-30321.934399202524,304.317860741728,1.0347098548929896,418
1385000,2769.999999948322,-30437.491503368918,304.02348442816066,1.0245766693954548,418
1390000,2779.9999999480856,-30075.736706095922,295.68983814991196,1.016021040137637,418
1395000,2789.999999947849,-30213.616549658705,302.8116616537012,1.0093031013261382,418
1400000,2799.9999999476127,-30498.072819773253,310.6030285753234,1.0303600213644708,418
1405000,2809.999999947376,-30216.998212825478,307.4319411829008,1.0220532393347033,418
1410000,2819.9999999471397,-30494.292645337497,300.6272615957663,1.0240896263633243,418
1415000,2829.9999999469032,-30809.86796794628,291.46647709170435,1.0401763335407737,418
1420000,2839.999999946667,-30513.787263534294,298.5519896885954,1.0161243558154194,418
1425000,2849.9999999464303,-30687.60867393858,301.4971990067824,1.0335087586547427,418
1430000,2859.999999946194,-30669.91360589824,315.4866892090803,1.0279405607432897,418
1435000,2869.9999999459574,-30251.19566133528,295.5044141000463,1.0139661961888229,418
1440000,2879.999999945721,-30464.764772733557,295.45592789982317,1.0407683694070677,418
1445000,2889.9999999454844,-30262.618557400536,305.5913026170756,1.0093187464391349,418
1450000,2899.999999945248,-30241.14536725657,295.2698198447145,1.0191203754768914,418
1455000,2909.9999999450115,-30154.28032159945,288.01455668952525,1.0160212072993289,418
1460000,2919.999999944775,-30485.834208998363,298.03865352524997,1.0399396798757417,418
1465000,2929.9999999445386,-30341.61141183335,298.11250654848374,1.0312103392161693,418
1470000,2939.999999944302,-30044.1332641592,298.2994549528909,1.0208477770560913,418
1475000,2949.9999999440656,-30545.223311294423,298.17140917140694,1.0295873659718215,418
1480000,2959.999999943829,-30364.756258066802,296.8434813927051,1.014949085151471,418
1485000,2969.9999999435927,-30497.4756828901,299.41325000452935,1.0374110124816038,418
1490000,2979.999999943356,-30042.679037594324,302.5484173501925,1.0206282958178114,418
1495000,2989.9999999431197,-30509.405279612867,303.2357058183287,1.0220969056556775,418
1500000,2999.9999999428833,-30293.498235139647,301.0931473382566,1.007322584391001,418
1505000,3009.999999942647,-30437.24335059733,307.7078688979149,1.003333200769233,417
1510000,3019.9999999424103,-30383.93429179344,295.7551117930982,1.035894644903798,417
1515000,3029.999999942174,-30636.872339699825,288.04412525902853,1.0378508930794772,417
1520000,3039.9999999419374,-30505.727381227072,302.57558212984185,1.0485242151966445,417
1525000,3049.999999941701,-30638.295358771895,291.7381444312051,1.0342053207735513,417
1530000,3059.9999999414645,-30307.077110864164,297.0707665634405,1.0314759513835163,417
1535000,3069.999999941228,-30549.821303493693,298.5409869756871,1.023233526810363,417
1540000,3079.9999999409915,-30587.864998854697,303.30119443459137,1.027802283854929,417
1545000,3089.999999940755,-30661.048030856095,312.36961868784533,1.0311939061249462,417
1550000,3099.9999999405186,-30146.33884412996,302.50454329960775,1.026034969694748,417
1555000,3109.999999940282,-30523.20485556865,304.2325555164262,1.030355203729421,417
1560000,3119.9999999400457,-30660.172258341918,307.73685117720987,1.0341033137272313,417
1565000,3129.999999939809,-30572.449697003787,298.38991953202543,1.0229640472584662,417
1570000,3139.9999999395727,-30173.454390444414,302.8621021546186,1.0282744830835182,417
1575000,3149.9999999393362,-30265.990296326403,302.19824575180576,1.0347209668095743,418
1580000,3159.9999999391,-30340.369767121185,304.8639900707222,1.0199683530082724,417
1585000,3169.9999999388633,-30267.800721842184,306.1145079989268,1.0317151297064917,417
1590000,3179.999999938627,-30732.406849804975,298.0327710801604,1.0276417685591799,417
1595000,3189.9999999383904,-30464.92734197501,308.87374606305366,1.035627320064159,417
1600000,3199.999999938154,-30696.275549150596,302.54011157224215,1.0324757058951013,417
1605000,3209.9999999379174,-30638.843458610354,298.6197648366703,1.0267120354329042,417
1610000,3219.999999937681,-30716.12114802748,303.923658748701,1.0308296416517342,417
1615000,3229.9999999374445,-30116.29376374508,299.1528394370272,1.020660808661561,417
1620000,3239.999999937208,-30725.187250711286,295.36597143886917,1.0271612299546458,417
1625000,3249.9999999369716,-30133.332832699525,302.3907443701845,1.0192971385163716,417
1630000,3259.999999936735,-30403.059526668454,303.18075088280784,1.0264169777066916,417
1635000,3269.9999999364986,-30306.004542366485,296.1698730294283,1.0119815522367883,417
1640000,3279.999999936262,-30452.5633252525,297.3444663756632,1.0125303969236847,417
1645000,3289.9999999360257,-30407.342371339357,301.83464810764985,1.0345392179433877,417
1650000,3299.999999935789,-30327.441866863344,292.8498874671146,1.014074511855329,417
1655000,3309.9999999355528,-30212.54334707145,298.7284239552678,1.029131433177049,417
1660000,3319.9999999353163,-30240.12551312326,298.50162735970594,1.0213389179520733,417
1665000,3329.99999993508,-30304.848551135947,308.32882840048995,1.0278930567127103,417
1670000,3339.9999999348433,-30911.261617630807,301.6619660983104,1.0348288009144593,417
1675000,3349.999999934607,-30523.079863160703,288.3782715917228,1.025680899661327,417
1680000,3359.9999999343704,-30389.552069675206,300.48485170417996,1.0230700166617348,417
1685000,3369.999999934134,-30123.90515495601,299.5176096615996,1.0207886315243568,417
1690000,3379.9999999338975,-30468.40392093247,298.4380148721097,1.01871490671649,417
1695000,3389.999999933661,-30576.713890526415,309.943100316906,1.0298209823060813,417
1700000,3399.9999999334245,-30643.894467146572,296.6623763473736,1.037283934936456,417
1705000,3409.999999933188,-30102.760918441345,291.55655081070006,1.0245859964623423,417
1710000,3419.9999999329516,-30533.21201194299,293.91627118391165,1.0227845524997285,417
1715000,3429.999999932715,-30638.80760249123,304.09458188741564,1.0348821639244574,417
1720000,3439.9999999324787,-30370.636103658355,298.7560577670838,1.0308644422772202,417
1725000,3449.999999932242,-30296.39696576295,300.54738932639435,1.0304600298263096,417
1730000,3459.9999999320057,-30627.892863787973,291.64345856257114,1.0424062253275146,417
1735000,3469.9999999317693,-30760.490017068776,297.28818251567026,1.0311911708051649,417
1740000,3479.999999931533,-30514.83963763478,296.4925085310337,1.031973168760176,417
1745000,3489.9999999312963,-30753.713087956567,308.2697108044904,1.0316382146221774,417
1750000,3499.99999993106,-30561.407862231717,301.40573773429384,1.0325771406342177,417
1755000,3509.9999999308234,-30477.82295997211,289.9261754565638,1.0299464086888588,417
1760000,3519.999999930587,-30193.893468101072,312.0166719824729,1.016933065383197,417
1765000,3529.9999999303504,-30563.64761641636,308.8200027939632,1.0215836785135437,417
1770000,3539.999999930114,-30518.47054693685,298.1676178280602,1.042039815423545,417
1775000,3549.9999999298775,-30390.202198401705,304.4885298213525,1.0193978046457584,417
1780000,3559.999999929641,-30582.674067405955,295.25871941677144,1.0368777495730213,417
1785000,3569.9999999294046,-30769.035272612353,299.35966307949434,1.03818386267099,417
1790000,3579.999999929168,-30411.935641387798,300.35150976781466,1.027028908740533,417
1795000,3589.9999999289316,-30341.151829255075,299.9737825296397,1.0231246130654885,417
1800000,3599.999999928695,-30482.534118894837,296.62159009188565,1.0302969799950221,417
1805000,3609.9999999284587,-30278.676069578592,291.2572301163764,1.0266905725048379,417
1810000,3619.999999928222,-30524.80963763062,309.35768954395843,1.026921918029103,417
1815000,3629.9999999279858,-30130.563581144146,303.9570382045579,1.0229939216179198,417
1820000,3639.9999999277493,-30415.89388791952,295.38520175770003,1.0159109326852311,417
1825000,3649.999999927513,-30377.505013524555,297.45380949950373,1.0200077659956477,417
1830000,3659.9999999272763,-30367.72726761218,300.6364858950429,1.0277417710930505,417
1835000,3669.99999992704,-30380.656009182625,299.84528725899605,1.0417189671777964,417
1840000,3679.9999999268034,-30267.72513233323,301.62198110610706,1.0135677771130351,417
1845000,3689.999999926567,-30241.557487892365,305.7044370842628,1.0233158144315273,417
1850000,3699.9999999263305,-30531.596328354615,295.3024175802938,1.0508200650387403,417
1855000,3709.999999926094,-30243.665579942463,301.76282755713805,1.0239528766842223,417
1860000,3719.9999999258575,-30377.121517009014,308.27514376042024,1.04344679094251,417
1865000,3729.999999925621,-30292.623902185704,294.34824980935764,1.0284682449245561,417
1870000,3739.9999999253846,-30464.899782960652,293.931338842264,1.0347899655327613,417
1875000,3749.999999925148,-30472.422812015313,301.6869029751684,1.0193319393055793,417
1880000,3759.9999999249117,-30179.553473436798,302.73612793187044,1.0240813542246738,417
1885000,3769.999999924675,-30399.828816273133,295.606584940339,1.0322189645307358,417
1890000,3779.9999999244387,-30129.53734655783,300.55725854490004,1.0231308437665882,417
1895000,3789.9999999242023,-30656.155546368536,303.9217044480068,1.031604492602804,417
1900000,3799.999999923966,-30888.420296646596,293.5847045281337,1.0343703317002373,417
1905000,3809.9999999237293,-30446.874462941196,308.772552373108,1.0231044647834486,417
1910000,3819.999999923493,-30373.66826942694,296.39879981274686,1.0302942210748747,417
1915000,3829.9999999232564,-30261.003857727337,307.2120823548033,1.0329774875980313,417
1920000,3839.99999992302,-30237.799863278575,307.2587510553808,1.0321818101638733,417
1925000,3849.9999999227834,-30303.97964198148,305.92230252565224,1.030760855580162,417
1930000,3859.999999922547,-30537.113699788926,307.9498308668638,1.0237862416286212,417
1935000,3869.9999999223105,-30428.627579254186,297.88238764174173,1.0281629454609522,417
1940000,3879.999999922074,-30375.119503786118,299.48557867322165,1.0267286652836716,417
1945000,3889.9999999218376,-30335.554039746785,296.09713395759013,1.034026406072882,417
1950000,3899.999999921601,-30324.18656557938,298.2342985677463,1.027412574362773,417
1955000,3909.9999999213646,-30410.666179576394,299.96838865972376,1.0422238616475707,417
1960000,3919.999999921128,-30204.521073168027,304.1380455348547,1.033930796111355,417
1965000,3929.9999999208917,-30486.964521664253,307.98332758076236,1.037426654528438,417
1970000,3939.9999999206552,-30134.10816316068,295.6185257175806,1.0145863842541727,417
1975000,3949.9999999204188,-30356.955835146277,294.83674681087984,1.023716636475701,417
1980000,3959.9999999201823,-30247.096626838495,302.0927330573259,1.017076459211066,417
1985000,3969.999999919946,-30592.03210925366,315.4519417427374,1.0304610106109267,417
1990000,3979.9999999197094,-30377.679839636025,306.5826802732293,1.0316643937605707,417
1995000,3989.999999919473,-30322.522289609537,293.0689254889205,1.032008738229665,417
2000000,3999.9999999192364,-30204.64896673907,291.9627131239756,1.0237811952804057,417
2005000,4009.999999919,-30832.306943747768,312.60507283548253,1.0460577037332712,417
2010000,4019.9999999187635,-30322.621370184293,308.7534588553257,1.0286878459973403,417
2015000,4029.999999918527,-30320.34863233479,296.8211632787773,1.0273854890317988,417
2020000,4039.9999999182905,-30762.077974005748,305.8510291793348,1.024146400857135,417
2025000,4049.999999918054,-30592.070918033074,302.19851935390295,1.0342470292506418,417
2030000,4059.9999999178176,-30413.288359455066,303.1723473898228,1.0339518979332796,417
2035000,4069.999999917581,-30175.521525740885,299.0265329831611,1.0267558887215207,417
2040000,4079.9999999173447,-30322.176264286332,308.7158385669623,1.0390478684547715,417
2045000,4089.999999917108,-30223.861604022386,306.9593131030155,1.0263098279185647,417
2050000,4099.999999917781,-30288.139262120298,296.51494390300314,1.025268550115,417
2055000,4109.999999919818,-30036.3120756656,302.4537119385516,1.0250644271808869,417
2060000,4119.999999921855,-30444.518181667547,308.2883939191269,1.0300203197593187,417
2065000,4129.999999923893,-30350.35856587722,296.372475382396,1.035195332318182,417
2070000,4139.99999992593,-30347.260285247146,306.1374905750906,1.0290871042593865,417
2075000,4149.999999927967,-30331.481130587636,299.52743979409144,1.0166341117079805,417
2080000,4159.999999930004,-30314.84225799158,303.06116722332973,1.0302066719626886,417
2085000,4169.999999932042,-30471.632039039978,300.7175893738522,1.015733981612609,417
2090000,4179.999999934079,-30319.411885793204,296.06772173214245,1.029135873810634,417
2095000,4189.999999936116,-30617.16766560753,296.0498203377836,1.039301976741877,417
2100000,4199.999999938153,-30697.047526092414,295.97602594357056,1.0327826329655816,417
2105000,4209.999999940191,-30620.537025421625,310.1954396225411,1.0382939564510336,417
2110000,4219.999999942228,-30394.757595854084,289.1316740523438,1.0281742787657535,417
2115000,4229.999999944265,-30568.558663146978,303.3562079991331,1.0183468990899172,417
2120000,4239.9999999463025,-30371.56193650345,302.818814394242,1.04193091797147,417
2125000,4249.99999994834,-30384.311446078267,296.4679625143146,1.0341424160887471,417
2130000,4259.999999950377,-30653.80008727964,301.0133923269263,1.03026108028124,417
2135000,4269.999999952414,-30085.218913113407,301.26305424061036,1.0124462560191534,417
2140000,4279.999999954452,-30249.787422859838,297.75228984452883,1.0000025830158943,417
2145000,4289.999999956489,-30485.013611518807,299.5940228187428,1.0351873700696332,417
2150000,4299.999999958526,-30579.809579021967,303.0212017741333,1.0217364019311908,417
2155000,4309.999999960563,-30736.041197351326,301.7318323481281,1.0229104055216443,417
2160000,4319.999999962601,-30569.11136763764,307.3713578613806,1.0340156501664621,417
2165000,4329.999999964638,-30330.685260864033,306.95536541561324,1.0189856463430127,417
2170000,4339.999999966675,-30348.136056013405,296.4723401478696,1.013391515385066,417
2175000,4349.9999999687125,-30124.09142411253,302.64922017999936,1.0282560811631278,417
2180000,4359.99999997075,-30766.36031782505,305.4693933397714,1.0354385588463084,417
2185000,4369.999999972787,-30385.943157295405,305.23470136940495,1.0228083693910197,417
2190000,4379.999999974824,-30373.298225471604,304.2840708827253,1.0395091872070656,417
2195000,4389.999999976862,-30499.548915651656,293.79348247129514,1.0286559848082966,417
2200000,4399.999999978899,-30800.890763782692,302.09474598704094,1.0259805544688094,417
2205000,4409.999999980936,-30115.984576099087,298.9715585046332,1.038564828248901,417
2210000,4419.999999982973,-30520.109519423684,314.7161279883642,1.0308147350357257,417
2215000,4429.999999985011,-30529.58240713537,299.0119148139684,1.0236113782158256,417
2220000,4439.999999987048,-30445.48849049781,293.5241798356344,1.025758434165895,417
2225000,4449.999999989085,-30428.092674498068,316.662025189579,1.0366994573377155,417
2230000,4459.999999991122,-30506.804683515424,303.75750410368005,1.0377260071928183,417
2235000,4469.99999999316,-30675.81552154597,296.00827190502486,1.0526748901202112,417
2240000,4479.999999995197,-30608.933076777088,304.4083644068764,1.02922179887356,417
2245000,4489.999999997234,-30662.527612652106,298.0674403744755,1.0285700530120625,417
2250000,4499.9999999992715,-30145.958852863725,293.164119475735,1.0129534549337202,417
2255000,4510.000000001309,-30347.200624197925,302.2332668202459,1.025697681001959,417
2260000,4520.000000003346,-30345.750899030274,295.47889093298,1.030546831004091,417
2265000,4530.000000005383,-30241.633002965304,308.08876210321444,1.0402350701795875,417
2270000,4540.000000007421,-30253.64361073199,291.02988631662015,1.0142259859711902,417
2275000,4550.000000009458,-30471.220153261558,311.1074335844964,1.034075387986372,417
2280000,4560.000000011495,-30654.144172697183,301.7578245473609,1.0264036944897643,417
2285000,4570.000000013532,-30275.431897028815,306.1589487967129,1.012308321130101,417
2290000,4580.00000001557,-30020.130332587578,300.80095984146675,1.0152979066835675,417
2295000,4590.000000017607,-30615.04180059122,301.03504597861803,1.0462606129878493,417
2300000,4600.000000019644,-30143.249160049338,307.60483816531666,1.0348505464842794,417
2305000,4610.000000021681,-30568.59761987423,294.8693445464591,1.028284571609692,417
2310000,4620.000000023719,-30284.573379761074,303.55632839021916,1.0369746045217416,417
2315000,4630.000000025756,-30388.28630109335,295.19954319175105,1.0209154124258408,417
2320000,4640.000000027793,-30398.701533712505,303.10328240328977,1.0205182151784395,417
2325000,4650.0000000298305,-30730.663171430206,300.7703359495886,1.0279631527370938,417
2330000,4660.000000031868,-30739.90855093539,305.70699721817226,1.0165342068785281,417
2335000,4670.000000033905,-30321.191895680706,301.34818357884967,1.0241086131075656,417
2340000,4680.000000035942,-30798.214722825214,303.86995456562437,1.0380669712738806,417
2345000,4690.00000003798,-30035.84502753982,303.73948545127956,1.023595560826723,417
2350000,4700.000000040017,-30399.569677807827,304.5905247745828,1.026228291155098,417
2355000,4710.000000042054,-30676.120855363,298.0580206451295,1.027520671137037,417
2360000,4720.000000044091,-30125.99312609731,294.5160265239547,1.0160673009635763,417
2365000,4730.000000046129,-30293.912594338006,297.2314296235107,1.0183712071735016,417
2370000,4740.000000048166,-30445.713879339834,303.4352203761996,1.0266528350096182,417
2375000,4750.000000050203,-30092.116282184725,291.5182074310799,1.0220764426142241,417
2380000,4760.0000000522405,-30187.7361255321,304.6878684921609,1.0258782248317984,417
2385000,4770.000000054278,-30525.647976087872,296.6841863431208,1.02759610433788,417
2390000,4780.000000056315,-30204.05737290118,294.74577411356483,1.0114099102749374,417
2395000,4790.000000058352,-30554.21175660321,300.713602600436,1.0325599871215807,417
2400000,4800.0000000603895,-30741.658051253733,306.0374499225545,1.0478236577206186,417
2405000,4810.000000062427,-30306.562401401403,301.1999498711946,1.0280351698218728,417
2410000,4820.000000064464,-30459.61084707544,298.1085588610815,1.0365050543622472,417
2415000,4830.000000066501,-30336.65439740577,303.31145451323596,1.042905247889897,417
2420000,4840.000000068539,-30758.56396375387,307.1078790417886,1.0402865315184604,417
2425000,4850.000000070576,-30205.870099230087,298.66725434353935,1.023349850797323,417
2430000,4860.000000072613,-30634.294701819046,296.98790421400645,1.0226447726853904,417
2435000,4870.00000007465,-30847.896686735417,299.63584485359866,1.029821017973401,417
2440000,4880.000000076688,-30091.760422410152,302.9609506837312,1.0199541176002547,417
2445000,4890.000000078725,-30485.496646101034,301.3859602112686,1.030374801538395,417
2450000,4900.000000080762,-30669.48224654913,300.81788408547857,1.0267439872853799,417
2455000,4910.0000000827995,-29984.486349468963,291.3173639487369,1.0229063747508913,417
2460000,4920.000000084837,-30562.210477277637,295.2450002258982,1.0272393929931622,417
2465000,4930.000000086874,-30379.709005108598,298.4091107648425,1.0333706159580742,417
2470000,4940.000000088911,-30234.869687967526,292.77449054633234,1.0219797382078073,417
2475000,4950.000000090949,-30614.513906725537,303.39509858294764,1.0534554748283862,417
2480000,4960.000000092986,-30306.605900141498,300.16420958928256,1.0464295817576235,417
2485000,4970.000000095023,-30074.207233104506,307.2738773427539,1.0108537919347587,417
2490000,4980.00000009706,-30449.616358335945,300.7275563073926,1.038466037078864,417
2495000,4990.000000099098,-30379.184637645463,296.01870787073193,1.0186234412071635,417
2500000,5000.000000101135,-30200.081829324132,295.24265506506515,1.0364027369290465,417
2505000,5010.000000103172,-30028.151916705014,296.6434587166537,1.0250357236115901,417
2510000,5020.000000105209,-30477.26867589244,297.22736467806675,1.0285892468028366,417
2515000,5030.000000107247,-30396.293889234774,295.90387316194074,1.0324009433391697,417
2520000,5040.000000109284,-30325.10378781517,303.00451204620487,1.0323134680821773,417
2525000,5050.000000111321,-30301.23599706922,298.41718202670955,1.037445540830244,417
2530000,5060.0000001133585,-30175.218354793586,295.4921215486798,1.0200615445432493,417
2535000,5070.000000115396,-30326.74318976811,291.6334134570029,1.0227092600721202,417
2540000,5080.000000117433,-30274.13441953092,294.59036812236207,1.0111497980643356,417
2545000,5090.00000011947,-30168.236023083708,310.0807612578054,1.0321564227525133,417
2550000,5100.000000121508,-30328.327878921613,291.44636733756107,1.0315890002266526,417
2555000,5110.000000123545,-30554.79018381264,305.04124514368607,1.0341043388668156,417
2560000,5120.000000125582,-30231.8024926417,305.37691583092186,1.0199240676757246,417
2565000,5130.000000127619,-30189.53390210151,305.4017354497382,1.0120353926157015,417
2570000,5140.000000129657,-30607.558952893945,296.53216129211904,1.0449981853432548,417
2575000,5150.000000131694,-30583.92710498057,300.22655178142753,1.0482146539869694,417
2580000,5160.000000133731,-30828.265060819424,299.2434603602172,1.041899747084912,417
2585000,5170.0000001357685,-30071.447329820774,297.0961529294582,1.0184478265001382,417
2590000,5180.000000137806,-30266.73258779617,302.9058198611478,1.0265053585929715,417
2595000,5190.000000139843,-30303.45496107533,299.5072909539342,1.0388435728057412,417
2600000,5200.00000014188,-30487.42482640472,289.46382699833003,1.0307445956733987,417
2605000,5210.0000001439175,-30424.383534900146,293.0950740322089,1.0182152443990335,417
2610000,5220.000000145955,-30371.710385854123,303.20494512540205,1.0296990899478782,417
2615000,5230.000000147992,-30478.795633687783,305.06289879537786,1.0299708949856168,417
2620000,5240.000000150029,-30526.36345734785,300.01783246728695,1.03675292098814,417
2625000,5250.000000152067,-30683.8923084407,307.2181211439484,1.02860840821796,417
2630000,5260.000000154104,-30839.636810662952,294.881500296777,1.0342721215041624,417
2635000,5270.000000156141,-30501.381385273824,296.94877911410856,1.0271447257596193,417
2640000,5280.000000158178,-30495.264753307798,299.1499275289928,1.0295234368668842,417
2645000,5290.000000160216,-30335.237173453963,292.0500703650064,1.029435518929333,416
2650000,5300.000000162253,-30370.15958397012,300.32270337558214,1.0240434251688908,416
2655000,5310.00000016429,-30587.348011931404,293.52161970172494,1.0358671607224972,416
2660000,5320.0000001663275,-30414.43863458949,302.0934952345967,1.0194448855737899,416
2665000,5330.000000168365,-30454.586704639194,295.218441279464,1.0303187758026586,416
2670000,5340.000000170402,-30233.86750423038,303.68851728917485,1.0070920936635073,416
2675000,5350.000000172439,-30859.546414914978,306.35062660880004,1.030158876371802,416
2680000,5360.000000174477,-30319.811908389558,305.25397077424975,1.0343752151511751,416
2685000,5370.000000176514,-30274.215164804657,308.8130063974779,1.0368182693585861,416
2690000,5380.000000178551,-30373.099172661983,295.671311379331,1.0251872628150425,416
2695000,5390.000000180588,-30140.368237040064,300.16839179276815,1.0291907172986205,416
2700000,5400.000000182626,-30452.016612784588,296.8837595300126,1.0275355419789032,416
2705000,5410.000000184663,-30467.319620049093,292.1009017260625,1.0351198643657749,416
2710000,5420.0000001867,-30326.479730880004,299.7193325792549,1.0293424409118408,416
2715000,5430.000000188737,-30412.54954447539,301.85815834500113,1.0284806411957392,416
2720000,5440.000000190775,-30879.951929400966,307.7800021365378,1.0446884586796255,416
2725000,5450.000000192812,-30484.436437035038,305.1043299700949,1.0112004144337987,416
2730000,5460.000000194849,-30670.832735439326,294.8558598716691,1.0262260354761654,416
2735000,5470.0000001968865,-30310.076406176493,297.97164055444586,1.0280833680455186,416
2740000,5480.000000198924,-30599.625165612786,299.26282748009675,1.0286902667305196,416
2745000,5490.000000200961,-30533.237490321626,301.12783617557864,1.0209382159421736,416
2750000,5500.000000202998,-30922.297175526473,314.8401479104181,1.036541858078504,416
2755000,5510.000000205036,-30409.056441860157,303.2628315119642,1.0177653577322119,416
2760000,5520.000000207073,-30476.229296226986,290.9353567920417,1.0349573743189677,416
2765000,5530.00000020911,-30497.32465711984,299.1875673603631,1.0265063461351516,416
2770000,5540.000000211147,-30428.09006220085,301.5072441123506,1.02781553849911,416
2775000,5550.000000213185,-30168.250237782806,303.96911578284806,1.0168327788491036,416
2780000,5560.000000215222,-30499.636629952933,296.46972138493936,1.0313127296573366,416
2785000,5570.000000217259,-30368.91825278438,304.5716853158907,1.0347054794790131,416
2790000,5580.000000219296,-29982.176862468623,294.1916712377383,1.0246987659700728,416
2795000,5590.000000221334,-30834.080514581903,300.91438745375814,1.0294653336260073,416
2800000,5600.000000223371,-30156.20232474807,297.28599369889275,1.0143659540091388,416
2805000,5610.000000225408,-30863.14561649217,299.840264706212,1.0437204876043118,416
2810000,5620.0000002274455,-30129.873281623586,302.0197203833906,1.0271193198761859,416
2815000,5630.000000229483,-30605.345340515778,292.66164922424923,1.02937472453337,416
2820000,5640.00000023152,-30660.789193592558,298.42273224068106,1.0243731504388205,416
2825000,5650.000000233557,-30469.536911198025,296.3462095810659,1.0318041702920568,416
2830000,5660.000000235595,-30235.671879594418,300.45172630741325,1.0381109294570705,416
2835000,5670.000000237632,-30534.95890039901,307.64581985087403,1.0338352928602503,416
2840000,5680.000000239669,-30370.445135382208,310.0439031467128,1.0145497678299233,416
2845000,5690.000000241706,-30198.310364977486,294.1097078666236,1.0267133794226013,416
2850000,5700.000000243744,-30442.037083222473,298.7049332609235,1.0285585297581223,416
2855000,5710.000000245781,-30523.571060744347,292.7596378610565,1.0339667690203083,416
2860000,5720.000000247818,-30517.651162070193,301.8125449667985,1.0437611522273043,416
2865000,5730.0000002498555,-30265.71935769124,295.48666904974294,1.0172873330982053,416
2870000,5740.000000251893,-30200.68329636517,301.34445086452376,1.0271680585716136,416
2875000,5750.00000025393,-30214.30763717959,294.9095640547457,1.0165177924083768,416
2880000,5760.000000255967,-30624.29833331608,305.9498777084474,1.0336784623459625,416
2885000,5770.000000258005,-30098.912007343868,304.1458627376315,1.0179475079383462,416
2890000,5780.000000260042,-29938.994034148694,303.8136511626244,1.0151744228724315,416
2895000,5790.000000262079,-30757.071396560234,293.8070257751059,1.0351660371404836,416
2900000,5800.000000264116,-30562.842165999347,303.04262090974174,1.0353766416330663,416
2905000,5810.000000266154,-30476.754219024064,308.09679427906764,1.0335042807821553,416
2910000,5820.000000268191,-30286.683367945283,297.8410932680733,1.0327524659853087,416
2915000,5830.000000270228,-30256.468977842975,296.6113886422619,1.0293945930931925,416
2920000,5840.000000272265,-30553.779756650387,299.84128094257295,1.0308140449042211,416
2925000,5850.000000274303,-30381.0657867064,295.5417217002986,1.038778155552207,416
2930000,5860.00000027634,-30591.203244570264,300.4413294277201,1.0478234572715173,416
2935000,5870.000000278377,-30797.723439223308,299.95316465731594,1.0323929564583365,416
2940000,5880.0000002804145,-30133.902025245654,302.0296677739241,1.0204149453756457,416
2945000,5890.000000282452,-30356.74589038713,296.45162456051105,1.019006418544284,416
2950000,5900.000000284489,-30483.544112511416,306.20149392282565,1.030335167972021,416
2955000,5910.000000286526,-30497.210987675877,305.4668527488689,1.0282858598877151,416
2960000,5920.000000288564,-30384.3496191125,297.08147613124476,1.0150327909331935,416
2965000,5930.000000290601,-30364.685931416956,296.9367601648392,1.0358037823271973,416
2970000,5940.000000292638,-30642.003400279413,307.50055668027414,1.0330384378137845,416
2975000,5950.000000294675,-30394.14696729905,299.4762957449242,1.026926307528588,416
2980000,5960.000000296713,-30701.446392081823,299.9199806315284,1.0217629243656927,416
2985000,5970.00000029875,-30392.163141161844,301.5869795806739,1.0060427012615876,416
2990000,5980.000000300787,-30715.30601238404,299.1737699974621,1.0278859344127342,416
2995000,5990.000000302824,-30185.45712016162,300.0121259092599,1.0276667261377974,416
3000000,6000.000000304862,-30107.39025102055,296.8710761185072,1.0190968391431925,416
3005000,6010.000000306899,-30389.82159216347,289.07212651019154,1.0273464756121455,416
3010000,6020.000000308936,-30425.313625810988,293.82989109322807,1.0155920801042297,416
3015000,6030.0000003109735,-30419.575353561027,295.40249731884376,1.0273943551361642,416
3020000,6040.000000313011,-30331.67024977706,299.49536971969957,1.0290133029569746,416
3025000,6050.000000315048,-30440.18178302396,307.15419596824114,1.0384169507305463,416
3030000,6060.000000317085,-30545.897779526684,299.4444797296226,1.0230923804723189,416
3035000,6070.000000319123,-30322.138660367928,300.2695463966999,1.03595783032665,416
3040000,6080.00000032116,-30296.667140240694,292.85074735942004,1.0312472535189634,416
3045000,6090.000000323197,-30555.81290310857,294.5486633455478,1.010276281556365,416
3050000,6100.000000325234,-30537.531762259547,304.2709966110811,1.0392234062281942,416
3055000,6110.000000327272,-30587.43175863652,293.2644532733752,1.025172389222818,416
3060000,6120.000000329309,-30465.019404364983,291.7305031154908,1.0295210012623006,416
3065000,6130.000000331346,-30381.40569509819,306.81989329149127,1.0276439369892614,416
3070000,6140.0000003333835,-30157.001212563046,303.0446142964499,1.0216668494981673,416
3075000,6150.000000335421,-30376.01061792721,296.3700129635213,1.0294722291526932,416
3080000,6160.000000337458,-30274.676328280126,299.4977735095535,1.0222501699128121,416
3085000,6170.000000339495,-30488.758567660174,296.6890330088425,1.0356700382345752,416
3090000,6180.0000003415325,-30265.78624295711,302.8793586297483,1.0210662176263163,416
3095000,6190.00000034357,-30310.884324776067,299.3074050789314,1.0310677834469488,416
3100000,6200.000000345607,-30452.975392863533,304.23845750452267,1.042157725907964,416
3105000,6210.000000347644,-30544.542391164898,301.89282763931624,1.0371223921525183,416
3110000,6220.000000349682,-30453.500912955264,295.9372917038116,1.0337937238888124,416
3115000,6230.000000351719,-30493.737639642262,306.0055752782321,1.0337790178348718,416
3120000,6240.000000353756,-30475.690075589227,304.2717392453449,1.027670236050368,416
3125000,6250.000000355793,-30477.421701088548,306.20722002385963,1.0229933484508258,416
3130000,6260.000000357831,-30278.17000312466,291.34851550180247,1.0309373984582728,416
3135000,6270.000000359868,-30606.573150250566,294.9627992056557,1.0526313520012531,416
3140000,6280.000000361905,-30357.527875433734,307.43866397728885,1.0167794102861851,416
3145000,6290.0000003639425,-30273.221281062753,297.73239506346187,1.022533175572872,416
3150000,6300.00000036598,-30372.28341989065,301.5494960933592,1.027429096809716,416
3155000,6310.000000368017,-30238.512123470922,298.5994791954645,1.0301072761771963,416
3160000,6320.000000370054,-30407.49137578986,304.35421073464016,1.025799849731257,416
3165000,6330.000000372092,-30578.819269915693,303.8406205122044,1.0343692585569315,416
3170000,6340.000000374129,-30446.85701456532,296.770058315624,1.0218553219874866,416
3175000,6350.000000376166,-30624.04479728843,300.06403213569786,1.032901954490767,416
3180000,6360.000000378203,-30834.646070581977,298.65920262467927,1.0263094804129063,416
3185000,6370.000000380241,-30268.453359488136,298.42728576129855,1.0239358635753018,416
3190000,6380.000000382278,-30460.40740057695,293.41964429150164,1.030879579798018,416
3195000,6390.000000384315,-30653.93776307677,299.60010069390177,1.0230945146514956,416
3200000,6400.000000386352,-30297.090321715572,307.54714720882384,1.0367619169330111,416
3205000,6410.00000038839,-30920.15403019506,289.6239037681919,1.0316809242181497,416
3210000,6420.000000390427,-30403.932933791162,299.7285568785315,1.0266774180174734,416
3215000,6430.000000392464,-30203.446691353165,289.7611152199317,1.0217623411695178,416
3220000,6440.0000003945015,-30473.04286142881,306.6035131186295,1.0282954858441866,416
3225000,6450.000000396539,-30553.804484063963,303.833018282504,1.021747981392632,416
3230000,6460.000000398576,-30007.245615811727,287.69887849839114,0.99393442748265,416
3235000,6470.000000400613,-30570.63523145477,308.2915208002377,1.0395420295543054,416
3240000,6480.000000402651,-30377.865164549323,302.6184790300796,1.0192715648477786,416
3245000,6490.000000404688,-30261.119690849155,300.57453456303676,1.0262022926439918,416
3250000,6500.000000406725,-30358.33713008673,299.9221694483059,1.0249275166190182,416
3255000,6510.000000408762,-30136.70545023831,293.85574649141233,1.0109268976801675,416
3260000,6520.0000004108,-30582.808780196443,301.599760707214,1.033331784798616,416
3265000,6530.000000412837,-30315.074721503857,305.0840052428752,1.0218052351392943,416
3270000,6540.000000414874,-30677.088818369113,306.61621607314174,1.035354873114251,416
3275000,6550.0000004169115,-30634.83828196922,295.4265743033963,1.0315604779520775,416
3280000,6560.000000418949,-30594.37615835335,296.93291019247164,1.0325320533682358,416
3285000,6570.000000420986,-30505.934136590455,301.07956494843194,1.0332025563290828,416
3290000,6580.000000423023,-30557.93780985556,298.7973521407522,1.0237236755809618,416
3295000,6590.0000004250605,-29819.762911902333,298.36308698349404,1.0079868534361993,416
3300000,6600.000000427098,-30335.389628683246,297.6069875879151,1.0264855290351333,416
3305000,6610.000000429135,-30489.356036525453,292.4565258233861,1.0251416265506985,416
3310000,6620.000000431172,-30355.817246432067,306.12506122267547,1.0300271972118282,416
3315000,6630.00000043321,-30571.915379020385,300.6146368132818,1.0398895498915108,416
3320000,6640.000000435247,-30401.76394664665,291.63247539266973,1.046035503177736,416
3325000,6650.000000437284,-30869.619747288147,292.63335095019727,1.0138723900800128,416
3330000,6660.000000439321,-30480.977024123276,302.8507867535991,1.0284215267902417,416
3335000,6670.000000441359,-30313.75792945648,303.49742576729597,1.0383228995401859,416
3340000,6680.000000443396,-30299.544919694803,298.9495726218235,1.0273705070369517,416
3345000,6690.000000445433,-30422.915678793943,292.863567571974,1.020941710534799,416
3350000,6700.0000004474705,-30364.0357992207,292.5256689819468,1.0394803310062932,416
3355000,6710.000000449508,-30533.95024496049,299.6056704508802,1.0370317441611225,416
3360000,6720.000000451545,-30569.663403455663,292.58126883669684,1.0329263172370322,416
3365000,6730.000000453582,-30353.541852305672,295.8476870169825,1.0185697146705412,416
3370000,6740.00000045562,-30716.971244956978,298.2395360936068,1.0347490249782314,416
3375000,6750.000000457657,-30705.673115068552,305.6972061716943,1.0388567119964867,416
3380000,6760.000000459694,-30594.44118888877,303.78949600604415,1.0237677796042386,416
3385000,6770.000000461731,-30341.954238097213,309.47332551603427,1.0138550641387358,416
3390000,6780.000000463769,-30330.752247712895,302.4338562434985,1.0283421698763449,416
3395000,6790.000000465806,-30304.473748082208,300.7996309169947,1.0275872527047867,416
3400000,6800.000000467843,-30982.562186979543,300.12258298449615,1.0293811022282076,416
3405000,6810.00000046988,-30430.327502530126,300.38076564920686,1.032343960360882,416
3410000,6820.000000471918,-30057.992374020367,298.10351676529046,1.0184146821473967,416
3415000,6830.000000473955,-30384.77811475715,299.08213283791105,1.0306181215467367,416
3420000,6840.000000475992,-30654.11713626256,291.9597425869204,1.0439493470293841,416
3425000,6850.0000004780295,-30546.599039514025,315.45233260287625,1.0255655272555109,416
3430000,6860.000000480067,-30254.871696885646,300.8559147769876,1.0225973705195424,416
3435000,6870.000000482104,-30408.35794404021,300.4033769082388,1.0276052704675303,416
3440000,6880.000000484141,-30661.235995042283,296.95432932808006,1.0278768276764974,416
3445000,6890.000000486179,-30284.398125302512,299.6062958271024,1.0215089096432384,416
3450000,6900.000000488216,-30355.003365386685,309.33023161920494,1.0251656654553432,416
3455000,6910.000000490253,-30305.132422627008,301.70161885939575,1.0241585162685034,416
3460000,6920.00000049229,-30656.309055681108,301.4167013611883,1.0347677524087358,416
3465000,6930.000000494328,-30375.11797316291,298.13642718898075,1.019440902391144,416
3470000,6940.000000496365,-30402.257317346317,297.66225521154706,1.0327818106753992,416
3475000,6950.000000498402,-30340.385537429072,301.901661078454,1.0181567719444806,416
3480000,6960.0000005004395,-30529.886217876076,308.94199024329515,1.028902714300025,416
3485000,6970.000000502477,-29891.656955373473,297.586135199508,1.0057773227478348,416
3490000,6980.000000504514,-30317.273057098704,301.32737027645646,1.0325531390753155,416
3495000,6990.000000506551,-30855.956789027754,308.57084899845967,1.0309912152749203,416
3500000,7000.0000005085885,-30529.40272546574,294.31391274616055,1.0338778678056086,416
3505000,7010.000000510626,-30459.803382318758,307.3416524908288,1.0314219664908164,416
3510000,7020.000000512663,-30110.83237839531,295.6282776780447,1.0103670729067327,416
3515000,7030.0000005147,-30136.967685818207,293.30234716383575,1.023721656978908,416
3520000,7040.000000516738,-30134.866071658063,289.4300566823342,1.0121946736267489,416
3525000,7050.000000518775,-30413.317871896375,307.50868657116206,1.0345452373519717,416
3530000,7060.000000520812,-30229.942957620282,315.44777908225876,1.0217433231151147,416
3535000,7070.000000522849,-30397.55888543732,291.96218546278817,1.0105902087257375,416
3540000,7080.000000524887,-30331.88179452406,294.0776573352387,1.0389548929380588,416
3545000,7090.000000526924,-30843.30913984892,300.4402741053452,1.0273446399504111,416
3550000,7100.000000528961,-30448.317750069516,299.78671686719093,1.029556689358901,416
3555000,7110.0000005309985,-30482.682436331932,297.20801710119423,1.0246939809310407,416
3560000,7120.000000533036,-30356.545907435735,305.23769144946704,1.0429920217608997,416
3565000,7130.000000535073,-30517.199868007738,311.2847277434742,1.0282270194631011,416
3570000,7140.00000053711,-30424.58126019675,307.2959609405984,1.0169029435911505,416
3575000,7150.000000539148,-30264.519873896003,300.36335283002154,1.0215823302248777,416
3580000,7160.000000541185,-30265.029107714276,295.497437246568,1.0217382344497576,416
3585000,7170.000000543222,-30604.064352238842,299.2881356740866,1.026206883027139,416
3590000,7180.000000545259,-30087.587078792538,299.62677689837756,1.0232397455348234,416
3595000,7190.000000547297,-30906.101883211522,303.0291362349518,1.0378201221148278,416
3600000,7200.000000549334,-30204.276053770795,290.2853759241578,1.017576502669073,416
3605000,7210.000000551371,-30589.76287266545,294.91657999423785,1.0238769857466072,416
3610000,7220.000000553408,-30588.65492145528,303.4479624167258,1.035034185927864,416
3615000,7230.000000555446,-30579.894926774898,297.73176968723976,1.0385968270955879,416
3620000,7240.000000557483,-30542.356072099123,300.93738957292885,1.0195541521021816,416
3625000,7250.00000055952,-30393.419830737635,301.7634138473463,1.0399145244514016,416
3630000,7260.0000005615575,-30792.945362377504,291.01681204497595,1.0272405431914384,416
3635000,7270.000000563595,-30501.068721334712,294.6942782902727,1.0311475038743823,416
3640000,7280.000000565632,-30369.148995228054,304.9715547809309,1.0361312340803268,416
3645000,7290.000000567669,-30610.431563911203,291.0903523800987,1.0314705116544782,416
3650000,7300.000000569707,-30201.41287676248,303.8629386261322,1.0229351681678391,416
3655000,7310.000000571744,-30266.021744894824,302.3150543042981,1.0178260734694151,416
3660000,7320.000000573781,-30297.35116749149,302.5492381564841,1.0243449607150867,416
3665000,7330.000000575818,-30618.347269245132,300.7727788254564,1.0296274037871027,416
3670000,7340.000000577856,-30335.9377739825,296.9475479046712,1.0181661721110693,416
3675000,7350.000000579893,-30725.94454590202,302.2805218110316,1.025047462070193,416
3680000,7360.00000058193,-30104.08713951506,307.29990862800065,1.0288992463460913,416
3685000,7370.000000583967,-30591.495750350412,301.5750778894463,1.0265167919640967,416
3690000,7380.000000586005,-30758.19281093689,302.516914023002,1.0430716944929959,416
3695000,7390.000000588042,-30701.40562427233,296.1020978813534,1.0293664617083704,416
3700000,7400.000000590079,-30077.025689334696,295.6415669227652,1.0287116901021507,416
3705000,7410.0000005921165,-30356.352362973295,300.0705204140026,1.0134817566282293,416
3710000,7420.000000594154,-30749.648918285005,299.2958356188218,1.0156115443139653,416
3715000,7430.000000596191,-30226.153646959487,300.43280867669336,1.027447690220798,416
3720000,7440.000000598228,-30307.269959552068,303.4184524762434,1.0198291534679325,416
3725000,7450.000000600266,-30718.591255683918,295.8258770212352,1.028546347151804,416
3730000,7460.000000602303,-30541.532893342228,306.2672952271993,1.0309854529605333,416
3735000,7470.00000060434,-30296.306247610075,301.7871781437878,1.0290123604602166,416
3740000,7480.000000606377,-30322.514239735203,300.0231090791614,1.0181439710075864,416
3745000,7490.000000608415,-30285.223806610098,307.4521291090719,1.0247124110261987,416
3750000,7500.000000610452,-30515.11359203086,312.39568905910596,1.0305309291452085,416
3755000,7510.000000612489,-30243.529039037327,300.87407023043676,1.0071174451450426,415
3760000,7520.0000006145265,-30645.548715155805,297.4374324596863,1.026706097175775,415
3765000,7530.000000616564,-30297.176464525837,308.6511707569913,1.0194370972084845,415
3770000,7540.000000618601,-30183.6783138873,301.9621075989256,1.03976995954442,415
3775000,7550.000000620638,-30535.767100117548,302.4399732046714,1.0260018932038113,415
3780000,7560.0000006226755,-30153.7145941997,293.46469092250294,1.0161981000268565,415
3785000,7570.000000624713,-30575.175772837392,302.24612611881366,1.0252685328383708,415
3790000,7580.00000062675,-30721.566612349823,293.63496914198856,1.0248976319529184,415
3795000,7590.000000628787,-30321.108996247174,300.1745673829618,1.0244510942706522,416
3800000,7600.000000630825,-30733.402212616988,291.92679307721625,1.0373500861405522,416
3805000,7610.000000632862,-30539.42442447084,303.7438630848346,1.0093267364527112,415
3810000,7620.000000634899,-30287.502005334652,293.1444787537583,1.0209989802026296,415
3815000,7630.000000636936,-30649.350014746626,289.2656218219243,1.0357663564765485,416
3820000,7640.000000638974,-30327.46129944388,299.46681738655735,1.0327180832135383,415
3825000,7650.000000641011,-30321.993189759232,301.087284436174,1.044959061145347,415
3830000,7660.000000643048,-30461.56450751389,284.4705105526216,1.0375500805262492,415
3835000,7670.0000006450855,-30279.362938998616,300.2485767502512,1.0308209541502273,415
3840000,7680.000000647123,-30142.833425032994,299.4773510672991,1.0227243194676365,415
3845000,7690.00000064916,-30374.585790566343,301.56450512269066,1.0407158854854883,415
3850000,7700.000000651197,-30394.54516223559,310.1684311869472,1.0242409312394782,415
3855000,7710.000000653235,-29874.082458924036,304.7123949658731,1.0192758243523445,415
3860000,7720.000000655272,-30400.135577703622,299.963248848898,1.0281532355520633,415
3865000,7730.000000657309,-30093.074014664715,296.3092928409525,1.0206891681400436,415
3870000,7740.000000659346,-30274.451938377577,293.95152676843503,1.0306084869432628,415
3875000,7750.000000661384,-30142.438428185036,293.7669430678679,1.017389820347012,415
3880000,7760.000000663421,-30190.31335733016,301.23073010712824,1.034699606185829,415
3885000,7770.000000665458,-30847.716207072226,294.5443834270275,1.0361196836236186,415
3890000,7780.000000667495,-30113.01299642946,296.03719555529904,1.0264658619362939,415
3895000,7790.000000669533,-30292.966925437737,296.97977432311853,1.027268727602612,415
3900000,7800.00000067157,-30762.232726074028,300.21756199823426,1.038735510948958,415
3905000,7810.000000673607,-30292.48903846013,299.3205184365895,1.0189286624488239,415
3910000,7820.0000006756445,-30303.78615025367,299.71388008031806,1.0245476446027362,415
3915000,7830.000000677682,-30415.175261736353,305.5333771444995,1.0255261185462103,415
3920000,7840.000000679719,-30227.961924878036,296.25867645297274,1.0237233355930002,415
3925000,7850.000000681756,-30249.44234953882,294.42892334201423,1.028920859864188,415
3930000,7860.000000683794,-30431.58960038051,297.17905436490616,1.0317534102791337,415
3935000,7870.000000685831,-30334.790579043503,304.8668628927427,1.0150970671205075,415
3940000,7880.000000687868,-30419.047372614237,295.51645259232254,1.0285180692646503,415
3945000,7890.000000689905,-30436.372830827808,295.09031732595224,1.0404402185234136,415
3950000,7900.000000691943,-30501.418543222826,296.49475597683204,1.0357068003281766,415
3955000,7910.00000069398,-30663.366709360445,296.505231028553,1.023288908877885,415
3960000,7920.000000696017,-30481.273736527277,297.22314338856734,1.0078040926090852,415
3965000,7930.0000006980545,-30950.596181505447,302.851177613738,1.0450868124803272,415
3970000,7940.000000700092,-30488.448580446508,300.05820831962916,1.0167542006909311,415
3975000,7950.000000702129,-30435.80476016598,309.0434184493241,1.0232865129006692,415
3980000,7960.000000704166,-30330.90318956136,294.4987700488249,1.032384091865286,415
3985000,7970.0000007062035,-30464.900758901145,307.8482854027931,1.02833708281348,415
3990000,7980.000000708241,-30017.709980478452,290.82376622240287,1.0327550229074638,415
3995000,7990.000000710278,-30560.809277262335,297.89010712948385,1.02316509856588,415
4000000,8000.000000712315,-30409.266243648715,298.3447165569686,1.028902963421408,415
4005000,8010.000000714353,-30320.704637413495,296.3981548935178,1.0170219681683443,415
4010000,8020.00000071639,-30501.833115445625,308.52337903459755,1.02798995396467,415
4015000,8030.000000718427,-30596.873941155907,302.82882041379634,1.033764314430989,415
4020000,8040.000000720464,-30499.661012288096,298.7494913167513,1.028116698205246,415
4025000,8050.000000722502,-30167.56551429283,293.8270378142145,1.0240733763276753,415
4030000,8060.000000724539,-30437.944251998997,304.16814176554533,1.0191814321568096,415
4035000,8070.000000726576,-30382.827696663328,301.66216152837984,1.0256918631359533,415
4040000,8080.0000007286135,-30609.520703961054,301.85424974361274,1.0268863188228357,415
4045000,8090.000000730651,-30471.64184510894,308.6463045482627,1.0132436556974718,415
4050000,8100.000000732688,-30747.09383759991,314.93262541926765,1.0283716319080185,415
4055000,8110.000000734725,-30257.933405739837,295.486649506736,1.029181725354988,415
4060000,8120.000000736763,-30429.813618437853,292.78441839385886,1.0306280130335195,415
4065000,8130.0000007388,-30516.549991816253,313.42838063193506,1.015003592169494,415
4070000,8140.000000740837,-30343.06654318419,307.63129939671614,1.025235592482449,415
4075000,8150.000000742874,-30692.310900285578,297.1137807217198,1.0290410078392378,415
4080000,8160.000000744912,-30430.72113776568,303.5911931146037,1.0232256730887483,415
4085000,8170.000000746949,-30398.501145682298,303.6653588259486,1.0268820099813658,415
4090000,8180.000000748986,-30500.850376638817,304.35047802031426,1.0497339922435296,415
4095000,8190.000000751023,-30137.370966880233,290.637071877086,1.0239649472491574,415
4100000,8200.00000075306,-30582.531398172345,291.38025334507626,1.0241960254125362,415
4105000,8210.000000755097,-30611.6843822769,301.17880433768335,1.0093129528273541,415
4110000,8220.000000757134,-30415.637288926722,291.74689969831513,1.0246880261615199,415
4115000,8230.000000759172,-30671.70491233794,293.19239820678007,1.028600223237327,415
4120000,8240.000000761209,-30727.54175335943,299.11060699902555,1.0519291849383179,415
4125000,8250.000000763246,-30259.87792540365,299.4907771130682,1.0209142619097438,415
4130000,8260.000000765283,-30307.330541307834,303.5369026413188,1.0336571687901908,415
4135000,8270.00000076732,-30600.008658656094,302.64642553000664,1.0364761036254986,415
4140000,8280.000000769358,-30268.986791136704,293.8281713086172,1.0234704187066976,415
4145000,8290.000000771395,-30985.129598113737,308.52674043179155,1.037408719324357,415
4150000,8300.000000773432,-30837.49737340986,295.2991734411414,1.0378855884818516,415
4155000,8310.00000077547,-30721.25434307105,295.9338716775967,1.039798919770764,415
4160000,8320.000000777507,-30431.001534464216,298.01356030433647,1.0230920243253936,415
4165000,8330.000000779544,-30552.10768616924,292.5161319945591,1.027521018211204,415
4170000,8340.000000781582,-30537.617624813312,301.60632715754656,1.0370331421567651,415
4175000,8350.000000783619,-30801.605608057085,300.8879457653656,1.0362471477484412,415
4180000,8360.000000785656,-30482.113607096224,301.6724802360452,1.0356332038940848,415
4185000,8370.000000787693,-30614.3831474077,310.1195150405714,1.0177002847793615,415
4190000,8380.00000078973,-30682.562355210102,297.3382321564487,1.0326172814963663,415
4195000,8390.000000791768,-30409.89285768193,291.5824843809121,1.0397959578190974,415
4200000,8400.000000793805,-30244.674088130967,285.55751214174245,1.0169842877367041,415
4205000,8410.000000795842,-30238.283933457802,303.7823237224964,1.0302286070827351,415
4210000,8420.00000079788,-30638.36202135813,299.75839905013197,1.0329540924501244,415
4215000,8430.000000799917,-30454.289913114713,294.68425272771145,1.0206459565621213,415
4220000,8440.000000801954,-30606.67383030083,297.2503863402444,1.0331542755794236,415
4225000,8450.000000803991,-30283.440720863582,293.2591766615009,1.0150294593201274,415
4230000,8460.000000806029,-30157.28936053894,296.9487595711016,1.019013654735154,415
4235000,8470.000000808066,-30340.086378836684,288.9895768488686,1.0388722702204296,415
4240000,8480.000000810103,-30434.20777486617,295.4915157154646,1.0163338500091417,415
4245000,8490.00000081214,-30700.121271212294,298.3576149415503,1.0349925698381037,415
4250000,8500.000000814178,-30465.404852230364,303.8495907523908,1.0244188336312905,415
4255000,8510.000000816215,-30381.110117102828,289.60213285845856,1.0230337984065854,415
4260000,8520.000000818252,-30574.69083769218,294.7630110456877,1.0256086246797378,415
4265000,8530.00000082029,-30083.373333586176,299.3416835131077,1.0202104641734264,415
4270000,8540.000000822327,-30559.548972789635,300.65268704779777,1.0305670224063952,415
4275000,8550.000000824364,-30535.571039830975,306.4308506522969,1.0230121350522527,415
4280000,8560.000000826401,-30255.70016511745,299.1625913974912,1.0274279000328073,415
4285000,8570.000000828439,-30424.45229331474,287.97257831061387,1.0352651743982804,415
4290000,8580.000000830476,-30484.040101500344,300.5019127492403,1.0245649992761783,415
4295000,8590.000000832513,-30440.188662618864,294.07720784607903,1.021608154405936,415
4300000,8600.00000083455,-30700.57121229588,288.52910451930114,1.0270121436948785,415
4305000,8610.000000836588,-30140.465161827044,295.39380068075457,1.0184905950903875,415
4310000,8620.000000838625,-30296.61561441986,297.16400624956077,1.026464284895448,415
4315000,8630.000000840662,-30678.52319534539,295.0076699495945,1.035851471212339,415
4320000,8640.0000008427,-30157.97837313058,307.1169079109958,1.0354128907058695,415
4325000,8650.000000844737,-30373.307827662415,305.60431825969897,1.0168710236666936,415
4330000,8660.000000846774,-30649.192547662882,290.2438079483921,1.0443134243106216,415
4335000,8670.000000848811,-30381.201078462676,304.09079054406897,1.032063612845814,415
4340000,8680.000000850849,-30460.171947794966,295.4894050707148,1.042605749509565,415
4345000,8690.000000852886,-30553.923471380956,305.61295626876733,1.0327983055165169,415
4350000,8700.000000854923,-30280.390202146955,304.15436394565126,1.0102511308255873,415
4355000,8710.00000085696,-30551.722197832074,293.37107991925075,1.0330861960288045,415
4360000,8720.000000858998,-30300.776972230175,292.56657249547646,1.0251809237450134,415
4365000,8730.000000861035,-30442.900971670868,295.10636213465165,1.036892641823728,415
4370000,8740.000000863072,-30394.617020219914,304.52468438419515,1.0351619326455903,415
4375000,8750.00000086511,-30579.13567525221,308.1509284082969,1.02930494890208,415
4380000,8760.000000867147,-30596.977332308365,297.9228221231047,1.0380799207963631,415
4385000,8770.000000869184,-30568.065030037076,289.21113591856994,1.020538797246596,415
4390000,8780.000000871221,-30272.61093338774,297.41028722304384,1.0253209081736976,415
4395000,8790.000000873259,-30503.04073798287,288.02385916082966,1.0431080749159376,415
4400000,8800.000000875296,-30561.498992842826,300.0657910063226,1.0264117539184925,415
4405000,8810.000000877333,-30413.24966830376,303.0555583803374,1.0266235504723034,415
4410000,8820.00000087937,-30447.42531452261,303.245711837883,1.0337408966010133,415
4415000,8830.000000881408,-30530.165661618288,294.3900132151927,1.0359810528623512,415
4420000,8840.000000883445,-30188.951312458812,298.04897223291533,1.028031337656806,415
4425000,8850.000000885482,-30556.790301716974,302.3212298944918,1.0319086871058083,415
4430000,8860.00000088752,-30532.755594331655,302.5570749022678,1.0199980839927503,415
4435000,8870.000000889557,-30677.103578390263,291.0583800207416,1.0383254283301442,415
4440000,8880.000000891594,-29938.217650655366,295.670607831081,1.0277565779537439,415
4445000,8890.000000893631,-30430.17181578494,302.57859175291094,1.0155080672774743,415
4450000,8900.000000895669,-30483.744118481438,290.85810328559995,1.02219700007862,415
4455000,8910.000000897706,-30587.570051283372,305.93264077632455,1.050896368715826,415
4460000,8920.000000899743,-30552.717104895768,299.8627000781814,1.0144286686176798,415
4465000,8930.00000090178,-30316.913438768184,302.4773198909375,1.0224999188776733,415
4470000,8940.000000903818,-30443.121236117382,305.4145165762783,1.0115821149713802,415
4475000,8950.000000905855,-30293.371946079773,303.23461140993993,1.0295325679304885,415
4480000,8960.000000907892,-30513.26848090341,292.5244964015303,1.0176745680923633,415
4485000,8970.00000090993,-30671.237666500296,303.8859798313168,1.0291710058692938,415
4490000,8980.000000911967,-30862.0038687615,290.5278264682802,1.0413608414527704,415
4495000,8990.000000914004,-30343.287079818256,302.16244296308804,1.0285551118180798,415
4500000,9000.000000916041,-30569.875674365263,294.8234184801454,1.0422598319450258,415
4505000,9010.000000918079,-30314.29353762904,301.4346418415611,1.0170099273942472,415
4510000,9020.000000920116,-30280.86378687815,302.69635791274345,1.015965248420174,415
4515000,9030.000000922153,-30412.412905871985,301.41148337833476,1.0309701835234981,415
4520000,9040.00000092419,-30433.569918119145,296.8316578735052,1.0315350045975131,415
4525000,9050.000000926228,-30704.618637580686,291.1089182366936,1.0333986907077202,415
4530000,9060.000000928265,-30541.927128926356,310.903385049015,1.0269139345872633,415
4535000,9070.000000930302,-30602.507152238337,303.25348995464594,1.0359601213627425,415
4540000,9080.00000093234,-30496.713275064365,300.9267581771524,1.0281000676108876,415
4545000,9090.000000934377,-30363.372511499794,290.10706552881896,1.0124287107726615,415
4550000,9100.000000936414,-30548.027796220005,306.60128521583806,1.0262302690398115,415
4555000,9110.000000938451,-30416.24542056347,304.2179568902405,1.0060508545848363,415
4560000,9120.000000940488,-30204.220853526378,298.9912383126238,1.026941962138029,415
4565000,9130.000000942526,-30788.4221305447,300.35319046641166,1.0378716413512419,415
4570000,9140.000000944563,-30263.142425425147,289.30990627565484,1.026684091037243,415
4575000,9150.0000009466,-30398.20445323008,303.5006308204344,1.0297485273032492,415
4580000,9160.000000948638,-30408.20008720187,301.37157655815923,1.028221537601539,415
4585000,9170.000000950675,-30471.554057301022,302.5130054216136,1.0120405606765641,415
4590000,9180.000000952712,-30206.804766790592,303.8573493261468,1.0288676107897452,415
4595000,9190.00000095475,-30388.585205091018,293.2682641597289,1.0354497586053797,415
4600000,9200.000000956787,-30023.15825931428,290.51649152425387,1.0172012512056021,415
4605000,9210.000000958824,-30039.491810322303,301.7828591392536,1.0182509919450229,415
4610000,9220.000000960861,-30657.868693915894,303.9242059528953,1.045125309669025,415
4615000,9230.000000962898,-29798.319462355343,304.75454923184697,1.0210346113039785,415
4620000,9240.000000964936,-30507.176029174647,296.97410685110543,1.0202263960959375,415
4625000,9250.000000966973,-30499.631087724236,301.91274196339015,1.033671023012088,415
4630000,9260.00000096901,-30244.262199189834,305.8719401967627,1.0194210850582914,415
4635000,9270.000000971047,-30185.660625510558,298.4148368658765,1.0357406376489005,415
4640000,9280.000000973085,-30513.474514733884,300.05668396508764,1.0343182461083258,415
4645000,9290.000000975122,-30296.299280295818,305.97364200488886,1.0275863342522782,415
4650000,9300.00000097716,-30527.662590790656,298.6398745908136,1.0252598148940222,415
4655000,9310.000000979197,-30481.85116976025,298.23519754606565,1.0311991570085726,415
4660000,9320.000000981234,-30168.175543699384,304.03237649631933,1.0225444192764814,415
4665000,9330.000000983271,-30364.671912323014,297.8349958499074,1.0240720195440673,415
4670000,9340.000000985308,-30417.1043219805,294.30228465703004,1.0275066932940284,415
4675000,9350.000000987346,-30361.59096204603,291.08554480039095,1.019004763390002,415
4680000,9360.000000989383,-30176.096024575934,294.9739973486335,1.0305550867325333,415
4685000,9370.00000099142,-30750.64009364738,304.9678416096119,1.0250334804408396,415
4690000,9380.000000993457,-30520.821067176497,301.17466122021165,1.0391785505863012,415
4695000,9390.000000995495,-30224.112220742274,303.3172392432907,1.0171736193708745,415
4700000,9400.000000997532,-30638.056089852325,303.5266816486881,1.0288105410931918,415
4705000,9410.00000099957,-30185.085946286825,307.43158940877584,1.0252925926644312,415
4710000,9420.000001001607,-30735.75748622697,300.3594051426192,1.038873208865659,415
4715000,9430.000001003644,-30935.088691003504,298.749589031786,1.050390668224015,415
4720000,9440.000001005681,-30117.08165787428,305.566248482176,1.0313926524695929,415
4725000,9450.000001007718,-30499.815468188317,298.3146203262779,1.0112014633843005,415
4730000,9460.000001009756,-30223.16661964968,294.2609902833616,1.0156274110581947,415
4735000,9470.000001011793,-30204.507523871842,306.15396532994265,1.0330082680297414,415
4740000,9480.00000101383,-30431.604728591105,304.3067212277711,1.0179362816717497,415
4745000,9490.000001015867,-30337.39670504749,310.17378597084934,1.0188656497872584,415
4750000,9500.000001017905,-30398.124742874876,302.0167693893424,1.0269554416389717,415
4755000,9510.000001019942,-30418.412421937915,304.8667260916941,1.0364844985674888,415
4760000,9520.00000102198,-30797.20867675767,306.61508257873913,1.025127143076873,415
4765000,9530.000001024016,-30418.69189791096,304.2523721254654,1.0393060871816835,415
4770000,9540.000001026054,-30196.489349469368,300.271227095297,1.0219127546361084,415
4775000,9550.000001028091,-29926.831933099806,298.5640281808717,1.0180344484075565,415
4780000,9560.000001030128,-30627.627451384236,303.4390898915741,1.0201452813575165,415
4785000,9570.000001032166,-30130.680656067794,310.55159138105205,1.0294752697161158,415
4790000,9580.000001034203,-30726.375796169217,311.7856150113976,1.0392208630063846,415
4795000,9590.00000103624,-30207.50167911951,302.9610679417728,1.0320828505689377,415
4800000,9600.000001038277,-30297.492333284958,306.0829655857224,1.024075003804956,415
4805000,9610.000001040315,-30625.588949451456,297.7844185479415,1.0287418457455715,415
4810000,9620.000001042352,-30405.27636007438,299.7749519770118,1.0369842001270273,415
4815000,9630.00000104439,-30271.322481204523,300.07337369301615,1.0243093761104398,415
4820000,9640.000001046426,-30354.277170409303,297.9631198034191,1.0247802180523167,415
4825000,9650.000001048464,-30559.897536768694,294.3991984284554,1.0243580198132884,415
4830000,9660.000001050501,-30238.618646920688,304.73527982700216,1.0313200844646297,415
4835000,9670.000001052538,-29974.072223765543,299.7271497820317,1.0131043293045916,415
4840000,9680.000001054575,-30517.326414577314,290.4570416971363,1.0178004023569898,415
4845000,9690.000001056613,-30471.37026789965,305.20411656354077,1.0193913883123487,415
4850000,9700.00000105865,-30079.829372147535,302.1187447995657,1.0255021257944545,415
4855000,9710.000001060687,-30101.86579202747,293.981544827098,1.0183653758263915,415
4860000,9720.000001062725,-30263.048797614814,295.6450846640148,1.0289898264250827,415
4865000,9730.000001064762,-30397.001609356696,295.2307729168444,1.0272131247515934,415
4870000,9740.000001066799,-30623.028977193608,295.1352662419189,1.035806396115866,415
4875000,9750.000001068836,-30314.9183495857,306.0145650614254,1.022859091707262,415
4880000,9760.000001070874,-30567.687303358252,302.9422089400738,1.0236048695441005,415
4885000,9770.00000107291,-30344.27096082599,303.8813676816785,1.0255072801366734,415
4890000,9780.000001074948,-30399.740749948425,296.14941150116,1.0308173008084618,415
4895000,9790.000001076985,-30164.017625163076,302.1568927491165,1.0383147410919726,415
4900000,9800.000001079023,-30252.807275962346,289.24340142303123,1.027976835014176,415
4905000,9810.00000108106,-30288.774436746782,306.1804461043491,1.0212080998219453,415
4910000,9820.000001083097,-30221.665427824802,303.79932613853595,1.0167678478566813,415
4915000,9830.000001085134,-30439.047251391923,303.2331261414124,1.0226664449662923,415
4920000,9840.000001087172,-30137.255637520837,309.1645850923645,1.0150158445297748,415
4925000,9850.000001089209,-30508.72476024073,307.1790742160783,1.0248633313694375,415
4930000,9860.000001091246,-30188.90261783314,307.2402242847998,1.0215216962957827,415
4935000,9870.000001093284,-30436.40050199849,299.63936259484825,1.037154717071927,415
4940000,9880.00000109532,-30099.741948659997,305.45571323491197,1.0229841974477392,415
4945000,9890.000001097358,-30616.02726467309,300.0721815695927,1.041805489526913,415
4950000,9900.000001099395,-30788.720959874307,297.7400168361693,1.0141230666852965,415
4955000,9910.000001101433,-30395.459369031043,306.65557568912294,1.0452755820527573,414
4960000,9920.00000110347,-30215.463694531296,305.3912017689965,1.0197642388178,414
4965000,9930.000001105507,-30401.703653360513,292.5216040365029,1.0376558626143353,414
4970000,9940.000001107544,-30353.55976627022,300.46145872487034,1.0254378207143633,414
4975000,9950.000001109582,-30238.01645534535,303.39634933539196,1.0353901902155738,414
4980000,9960.000001111619,-30566.97336867274,300.74170544441864,1.028264704464632,414
4985000,9970.000001113656,-30471.98152556017,303.95152707660026,1.0053452493816932,414
4990000,9980.000001115694,-30536.630785439134,297.08880475884797,1.029523716506854,414
4995000,9990.00000111773,-30752.434377177677,299.36814474450716,1.0327856774587894,414
5000000,10000.000001119768,-30539.39674527239,297.5596544251016,1.0366709208758929,414
5005000,10010.000001121805,-30670.75820775106,308.2677565037962,1.03866858882531,414
5010000,10020.000001123843,-30351.887962274835,306.28128802016977,1.0349003142306823,414
5015000,10030.00000112588,-30323.626976046333,299.59808776418674,1.0241118242800964,414
5020000,10040.000001127917,-30300.148329740943,302.3171844920548,1.040428302141868,414
5025000,10050.000001129954,-30605.289474057936,298.9536375672674,1.0356487039160167,414
5030000,10060.000001131992,-30429.299717025773,299.4502644596775,1.0224903528281475,414
5035000,10070.000001134029,-30663.7273323407,298.178131965795,1.0256897944485273,414
5040000,10080.000001136066,-30619.771032785386,298.1334566519256,1.0344421478926547,414
5045000,10090.000001138103,-30621.52780441576,301.3655573120211,1.030397224540599,414
5050000,10100.00000114014,-30280.295215531805,311.4880141016849,1.0252622140234045,414
5055000,10110.000001142178,-30136.320371010428,297.53270461852856,1.0162445695874631,414
5060000,10120.000001144215,-30884.361607317318,301.17194474224675,1.0340719187358987,414
5065000,10130.000001146253,-30484.215896535752,297.96224036810673,1.030895225782583,414
5070000,10140.00000114829,-30778.138521362445,297.77828204376175,1.048308702708084,414
5075000,10150.000001150327,-30804.319772036077,297.1822985040585,1.036980229039855,414
5080000,10160.000001152364,-30485.26501657805,300.36603022197255,1.029078199318432,414
5085000,10170.000001154402,-30563.904935771134,302.38206727510226,1.0242383334556175,414
5090000,10180.000001156439,-30942.652434761607,305.94161101651093,1.0446137799439523,414
5095000,10190.000001158476,-30435.133615622355,295.4139886069256,1.0241312443951025,414
5100000,10200.000001160513,-30392.987273635226,303.15135820036704,1.0229331151713872,414
5105000,10210.00000116255,-30438.181975167303,303.24739253648005,1.0273520259199944,414
5110000,10220.000001164588,-30431.584750589915,295.3009713977801,1.0296560814587938,414
5115000,10230.000001166625,-30212.797074707312,300.3101567651254,1.0220475982842785,414
5120000,10240.000001168662,-30471.96836196212,303.80671339516005,1.0233488707680929,414
5125000,10250.0000011707,-30657.119647976244,303.50326912637166,1.0311161165677862,414
5130000,10260.000001172737,-30360.545773124788,306.5020849126005,1.0308776116412879,414
5135000,10270.000001174774,-30373.454135906504,298.1819819381626,1.01647630519576,414
5140000,10280.000001176812,-30394.594270166446,304.2420143317861,1.033153864968414,414
5145000,10290.000001178849,-30638.86106252001,304.0734363539044,1.0310720341259836,414
5150000,10300.000001180886,-30417.113757861225,291.1155824020608,1.0236705597164124,414
5155000,10310.000001182923,-30299.49263682813,298.01971635152313,1.0295915451754811,414
5160000,10320.00000118496,-29997.37523061363,299.32839426838717,1.0236478867537369,414
5165000,10330.000001186998,-30376.9125648537,308.5367855373597,1.0241188747383139,414
5170000,10340.000001189035,-30614.815578689508,296.1037590369435,1.0314881320552531,414
5175000,10350.000001191072,-30436.91816286446,305.3829741630739,1.018278809110289,414
5180000,10360.00000119311,-30148.807666575885,301.31365108558316,1.0211606829705295,414
5185000,10370.000001195147,-30341.427199678234,305.707739852436,1.0210309638620305,414
5190000,10380.000001197184,-30434.13911300717,302.66532361771954,1.0217284410199985,414
5195000,10390.000001199222,-30479.109034381167,301.42410816081934,1.0311730853751626,414
5200000,10400.000001201259,-30355.51902174705,301.1018830623596,1.0196207071151073,414
5205000,10410.000001203296,-30334.38970990607,302.00363648867733,1.0291311362703013,414
5210000,10420.000001205333,-30400.84317456247,300.3826808638871,1.0304812788552982,414
5215000,10430.00000120737,-30395.594687041594,302.0272835270772,1.029114526990176,414
5220000,10440.000001209408,-30295.883794109686,298.52075996350214,1.0261366315754352,414
5225000,10450.000001211445,-30353.27503430401,297.76237403611094,1.0299754609635532,414
5230000,10460.000001213482,-30221.821751431125,305.2339782781481,1.0256883044324066,414
5235000,10470.00000121552,-30693.32491774994,313.7475570213118,1.0335613704343953,414
5240000,10480.000001217557,-30253.582795105875,294.74190459819033,1.030204700628481,414
5245000,10490.000001219594,-30527.884462929156,312.45328230056407,1.0328022461699538,414
5250000,10500.000001221631,-30195.102167452686,298.8803512912349,1.0168232816385332,414
5255000,10510.000001223669,-30540.38761016351,299.0951875665483,1.023968809677585,414
5260000,10520.000001225706,-30564.437475310435,300.89711143562135,1.030338711713629,414
5265000,10530.000001227743,-30386.67726108359,292.3149562810982,1.0144382847877713,414
5270000,10540.00000122978,-30002.3846070999,300.5481319606581,1.017838535874448,414
5275000,10550.000001231818,-30337.188452206552,296.9942556912626,1.0275161440187455,414
5280000,10560.000001233855,-30243.605718364037,311.9851881982893,1.022637288053084,414
5285000,10570.000001235892,-30089.768838911346,309.29224001370966,1.0271650724229464,414
5290000,10580.00000123793,-30554.615929510474,301.9957020278589,1.0312973400349108,414
5295000,10590.000001239967,-30710.77566489493,305.95957103989065,1.0261881075214636,414
5300000,10600.000001242004,-30216.764370536694,307.1441117766591,1.0266419645206675,414
5305000,10610.000001244041,-30208.42972135154,307.27329105254563,1.02143390624378,414
5310000,10620.000001246079,-30214.24428480692,302.6715187509202,1.01562470201163,414
5315000,10630.000001248116,-30377.68897749702,295.41713503104336,1.026201443743826,414
5320000,10640.000001250153,-30245.592926258076,292.2409664568158,1.0261848939484342,414
5325000,10650.00000125219,-30569.969504455803,297.6317094916967,1.0288976505336778,414
5330000,10660.000001254228,-30792.806724196853,301.332568716303,1.0305979678656672,414
5335000,10670.000001256265,-30316.024289761728,306.7765469020939,1.0035519748713784,414
5340000,10680.000001258302,-30289.7289355119,309.6817321420637,1.0214638019134463,414
5345000,10690.00000126034,-30329.04234893041,301.7979658836198,1.0256621338551652,414
5350000,10700.000001262377,-30369.23718323931,300.60664372344246,1.0220535103440977,414
5355000,10710.000001264414,-30333.24072225814,307.79231423091124,1.011100581069517,414
5360000,10720.000001266451,-30364.194591575273,304.52724451810457,1.0319420020347871,414
5365000,10730.000001268489,-30306.99650040429,282.35486279310857,1.0372491515993663,414
5370000,10740.000001270526,-30066.91949932641,304.52720543209074,1.0335434942381092,414
5375000,10750.000001272563,-30448.086925103882,305.7451256247161,1.0239106009232701,414
5380000,10760.0000012746,-30554.46158363775,306.90666424231375,1.0310875071410912,414
5385000,10770.000001276638,-30273.836941365036,297.4462463558171,1.021450068334378,414
5390000,10780.000001278675,-30744.476647415402,291.62270388919876,1.0288556590520495,414
5395000,10790.000001280712,-30369.51110733353,300.92003538276435,1.0265815255129178,414
5400000,10800.00000128275,-30236.21898960395,292.61412063136635,1.0176618155050008,414
5405000,10810.000001284787,-30424.054568781547,300.61389417901796,1.0331843766561433,414
5410000,10820.000001286824,-30655.588125013164,298.8772634961381,1.0307366235485096,414
5415000,10830.000001288861,-30598.66192389329,301.38324373330363,1.0260602479907546,414
5420000,10840.000001290899,-30466.400488871266,294.22606692995623,1.023103365625878,414
5425000,10850.000001292936,-30488.78948241312,297.47341113546656,1.021683010264516,414
5430000,10860.000001294973,-30463.486749431177,297.995170334804,1.041494926163117,414
5435000,10870.00000129701,-30595.15004742451,291.613186444818,1.0381693238742251,414
5440000,10880.000001299048,-30501.498464098055,296.76032589816685,1.0429999895250504,414
5445000,10890.000001301085,-30254.67896583627,294.7748150218806,1.026942838256602,414
5450000,10900.000001303122,-30082.449405260355,295.0627030571432,1.0185775816494704,414
5455000,10910.00000130516,-30718.16910950563,299.0657362550867,1.019721208769031,414
5460000,10920.000001307197,-30350.490454904386,299.59457002293715,1.032866248027372,414
5465000,10930.000001309234,-30091.008521518816,309.2710944801984,1.0270795807986979,414
5470000,10940.000001311271,-30430.09579188592,298.0786971464741,1.0249839849882887,414
5475000,10950.000001313309,-30822.188800950156,302.40884119461276,1.0219512613572177,414
5480000,10960.000001315346,-30109.26173703611,295.75534630918156,1.026804247441726,414
5485000,10970.000001317383,-30146.79249448012,299.23978627491215,1.0207950782243063,414
5490000,10980.00000131942,-30131.897868425585,304.52980465201404,1.0054641295271058,414
5495000,10990.000001321458,-30531.11397874425,301.82728039403275,1.0297762778367288,414
5500000,11000.000001323495,-30082.97205972715,288.8282493265623,1.009944399651247,414
