#"Step","Time (ps)","Potential Energy (kJ/mole)","Temperature (K)","Density (g/mL)","Speed (ns/day)"
505000,1009.9999999899404,-45454.98234658208,294.74777960749805,1.0432600916000887,0
510000,1019.999999989704,-45526.834264459816,295.5656895400308,1.0362226811867656,446
515000,1029.9999999894676,-45089.35853522472,292.92205058050007,1.052677898341588,439
520000,1039.9999999892311,-45654.43521372936,295.8560332871956,1.0430924510300752,438
525000,1049.9999999889947,-45453.377050306735,298.2560050147734,1.0363498182050996,435
530000,1059.9999999887582,-45682.77755927967,290.1059072613194,1.046442933927422,435
535000,1069.9999999885217,-45642.11622464194,302.59275303890007,1.0426930584391245,432
540000,1079.9999999882853,-45754.17646611959,295.704966549869,1.053533806120375,432
545000,1089.9999999880488,-45875.65085170683,304.9018608929217,1.055831516368337,433
550000,1099.9999999878123,-45446.663453896996,299.9901948155768,1.0452670701426374,434
555000,1109.9999999875758,-45343.53915839558,296.92282031489236,1.0414658017839298,434
560000,1119.9999999873394,-45353.68642115162,296.00540199503126,1.0409766052315848,433
565000,1129.999999987103,-45477.20126860979,309.39679580076324,1.0450483804941908,433
570000,1139.9999999868664,-45444.313875767926,293.1341884921323,1.035185140922579,432
575000,1149.99999998663,-45428.8488677945,296.09099811800746,1.0490344783595689,433
580000,1159.9999999863935,-45661.86442956643,292.8935314033678,1.0607866977790037,433
585000,1169.999999986157,-45530.87360517305,306.86165706654697,1.0355156674815507,432
590000,1179.9999999859206,-45702.67484495338,307.4033477699534,1.045214086430262,433
595000,1189.999999985684,-45496.945149107574,306.56180049507486,1.0469248702650045,433
600000,1199.9999999854476,-45327.966460285155,291.58018277526753,1.0383442521251325,433
605000,1209.9999999852112,-45366.23183547903,295.9180306594054,1.0523934136361728,432
610000,1219.9999999849747,-44943.96439392152,296.9820390933897,1.035946819544918,431
615000,1229.9999999847382,-45519.007567968365,300.5863768290114,1.0237655021703544,431
620000,1239.9999999845018,-45655.038202434866,291.69267722904374,1.0516495124256833,431
625000,1249.9999999842653,-45414.708823306864,293.89401809775836,1.0406881960498091,431
630000,1259.9999999840288,-45609.407050046546,308.12605227625437,1.0388344307513149,431
635000,1269.9999999837923,-45502.95960496631,293.9368354550361,1.026995230452165,431
640000,1279.9999999835559,-45267.681759059604,304.1960016110027,1.0406649084407131,431
645000,1289.9999999833194,-45581.151079664356,291.73574543158725,1.0434947326264965,431
650000,1299.999999983083,-45278.69020882493,303.78094917520053,1.0426573925152929,431
655000,1309.9999999828465,-45641.07724128399,298.88035888112626,1.0333741738417175,431
660000,1319.99999998261,-45602.45064837899,306.00969006524656,1.0391085958918662,431
665000,1329.9999999823735,-45462.90468299319,297.82750341357126,1.043357861192091,431
670000,1339.999999982137,-45579.13055609621,298.7492246945287,1.047665854708508,432
675000,1349.9999999819006,-45090.206051707326,304.3304932650027,1.0349254606137588,432
680000,1359.9999999816641,-45648.10054276377,311.7616105995622,1.0443021348409143,432
685000,1369.9999999814277,-45437.83965940593,299.32443218459207,1.044292152206844,432
690000,1379.9999999811912,-45226.87761448187,300.2642915078394,1.029167283859044,432
695000,1389.9999999809547,-45670.264125733665,301.05900790118886,1.0439702990868012,431
700000,1399.9999999807183,-45145.22202594098,306.65108211387803,1.0494443461069098,431
705000,1409.9999999804818,-45560.98751273312,305.7081740558628,1.0517397731838638,431
710000,1419.9999999802453,-45346.69136376382,310.20017600367447,1.048298414128709,431
715000,1429.9999999800089,-45257.93785151391,296.028981450008,1.0500446671872516,431
720000,1439.9999999797724,-45358.06687482749,296.1111236266333,1.0461028801676713,431
725000,1449.999999979536,-45243.38068092955,296.2765850230537,1.0380633137506607,432
730000,1459.9999999792994,-45572.24624644514,303.3789213974257,1.035291318779791,432
735000,1469.999999979063,-45381.61007915059,308.62203125393256,1.0391750153917676,432
740000,1479.9999999788265,-45745.26276522575,301.42066888697406,1.058416957800663,431
745000,1489.99999997859,-45482.679280235985,298.695003525556,1.0542012286484104,431
750000,1499.9999999783536,-45422.75905808486,303.59731114491103,1.036771902756995,432
755000,1509.999999978117,-45517.74616428581,303.41923030204634,1.031583252900894,431
760000,1519.9999999778806,-45672.72423313506,298.50773788680846,1.0466882758024285,432
765000,1529.9999999776442,-45185.95507073295,296.9752469754258,1.04101822403046,432
770000,1539.9999999774077,-45622.44730603986,297.15413824145656,1.0667246273526585,432
775000,1549.9999999771712,-45741.31890109804,305.0500911491668,1.038665624220471,432
780000,1559.9999999769348,-45595.441356861964,303.0264259117338,1.0399239119224248,432
785000,1569.9999999766983,-45385.54445703491,296.6115985233046,1.0446192742483764,432
790000,1579.9999999764618,-45656.11770117059,301.6422231439652,1.0416934814583778,432
795000,1589.9999999762254,-45091.70474301628,301.4196848017009,1.054424733450348,432
800000,1599.9999999759889,-45600.24880492716,296.06795894514147,1.0344022881173496,432
805000,1609.9999999757524,-45196.282782932074,295.75154658613246,1.0370292173716098,432
810000,1619.999999975516,-45989.39884682084,289.36147569584995,1.0624057600888157,432
815000,1629.9999999752795,-45276.86974087896,301.99068580961614,1.0404386801988033,431
820000,1639.999999975043,-45521.2193764901,297.8364566599782,1.0422506394842241,431
825000,1649.9999999748065,-45634.12935591428,307.52714955647633,1.0424613748785279,431
830000,1659.99999997457,-44956.70666592504,294.32348448844397,1.0269415457981848,432
835000,1669.9999999743336,-45335.36006727317,301.09592074682763,1.0340703153059527,432
840000,1679.9999999740971,-45096.968161872646,303.380831680603,1.0435730143679287,432
845000,1689.9999999738607,-45200.56945985902,308.32900539200364,1.0350789124216195,432
850000,1699.9999999736242,-45482.16468269221,304.32393269651493,1.0310938025347507,432
855000,1709.9999999733877,-45698.258663748595,302.2358967047427,1.039368966257525,432
860000,1719.9999999731513,-45218.30760234999,293.74080952777837,1.0300105919165592,431
865000,1729.9999999729148,-45432.34349099515,302.1312749331519,1.031451418575446,431
870000,1739.9999999726783,-45523.123329894996,308.09413704014014,1.0385064165434805,432
875000,1749.9999999724419,-45169.48357109181,300.12777379592404,1.0315717388284686,432
880000,1759.9999999722054,-45272.988630070875,303.05318917200606,1.0450449999489568,432
885000,1769.999999971969,-45004.738631495304,305.0130239372107,1.044315210879282,432
890000,1779.9999999717324,-45521.83365559863,299.79627212939306,1.041415410572606,431
895000,1789.999999971496,-45087.16034304607,297.41999563153007,1.0367396177066415,431
900000,1799.9999999712595,-45185.99645286481,293.7192368349273,1.0432172864142113,431
905000,1809.999999971023,-45622.44942153455,301.9898367948706,1.0388388207154784,431
910000,1819.9999999707866,-45280.12936996453,302.2351248731559,1.0334838036104974,431
915000,1829.99999997055,-45518.09012915098,304.123121413419,1.0484264948594404,431
920000,1839.9999999703136,-45273.36641537247,300.3220245105321,1.0204529769097972,431
925000,1849.9999999700772,-45281.326778182236,301.7659284515397,1.021852589002284,431
930000,1859.9999999698407,-45629.25047627499,306.8992066732448,1.051295202746472,431
935000,1869.9999999696042,-45766.06736194409,305.8398292287814,1.0510451796023843,431
940000,1879.9999999693678,-45666.05532773645,299.1987394106815,1.0332179356870934,431
945000,1889.9999999691313,-45650.84122912827,288.31242149886,1.0479958169765708,431
950000,1899.9999999688948,-45374.655657095194,291.68773750688825,1.0303700433450786,431
955000,1909.9999999686584,-45523.388225851144,307.3154554480065,1.0418015693209595,431
960000,1919.999999968422,-45501.72614130439,286.32157839965566,1.044055406960713,431
965000,1929.9999999681854,-44902.81256971485,301.541016727146,1.029416262956991,431
970000,1939.999999967949,-45337.640431588894,297.26634325838774,1.0467642070009637,431
975000,1949.9999999677125,-45593.06163604214,300.3696272236481,1.0458472749475465,431
980000,1959.999999967476,-45333.694591458974,308.29685860641337,1.0527746891262457,431
985000,1969.9999999672395,-45314.92202786449,303.7425891453366,1.0420896073055037,431
990000,1979.999999967003,-45248.53681350284,305.03274423425347,1.027770188605243,431
995000,1989.9999999667666,-45418.20947728018,294.2235515937429,1.0386435172880142,431
1000000,1999.9999999665301,-45588.68516533804,292.8977378855159,1.0535046486141093,431
1005000,2009.9999999662937,-45258.608094375755,299.84366258882267,1.048154830203342,431
1010000,2019.9999999660572,-45494.66683374584,296.9238044001655,1.0392224709715652,431
1015000,2029.9999999658207,-45711.06252029893,297.5551626381686,1.0513731802886388,431
1020000,2039.9999999655843,-45419.62190212819,306.0918129460822,1.0280631083380296,431
1025000,2049.999999965348,-45167.50749903725,295.26398057275037,1.0427478664987866,431
1030000,2059.9999999651113,-45305.071642871306,297.85818371914655,1.0583555430410267,431
1035000,2069.999999964875,-45753.48434762296,297.9374122315317,1.0380185761459146,431
1040000,2079.9999999646384,-45471.919552240695,304.09697561841614,1.051941761037709,431
1045000,2089.999999964402,-45440.34335629793,298.82494137319395,1.040540422505566,431
1050000,2099.9999999641655,-45513.34413416678,295.12505088712624,1.050836259310044,431
1055000,2109.999999963929,-45221.244625038584,306.1603901825694,1.044697913155288,431
1060000,2119.9999999636925,-45855.094398869376,307.41426918690667,1.0317364199647587,431
1065000,2129.999999963456,-45521.17721992836,297.9810400119756,1.0297577204599218,431
1070000,2139.9999999632196,-45487.82056346163,300.2510931877051,1.0439912243822964,431
1075000,2149.999999962983,-45421.41798470187,299.3365885320842,1.0399777543405715,431
1080000,2159.9999999627466,-45437.502752615575,304.0729330644873,1.0386888180444294,431
1085000,2169.99999996251,-45391.85509613075,300.20752329463016,1.0405886354125327,431
1090000,2179.9999999622737,-45484.4514079247,303.0446218413926,1.0464420862180546,431
1095000,2189.9999999620372,-45200.746918532386,301.38556984556425,1.0430386208373572,431
1100000,2199.9999999618008,-45318.63246313046,305.2427789048116,1.0388385526263915,431
1105000,2209.9999999615643,-45494.51525865673,292.689555610766,1.0448424500324855,431
1110000,2219.999999961328,-45457.18376425767,301.93933971330415,1.0443435925278706,431
1115000,2229.9999999610914,-45267.186901158624,300.44486150757143,1.0392510647983366,431
1120000,2239.999999960855,-45147.813578316214,306.18995133234387,1.0431848211598818,431
1125000,2249.9999999606184,-45513.04395338564,300.4806359016197,1.0340669812768368,431
1130000,2259.999999960382,-45256.87750822137,303.8799751677871,1.0288019885284188,431
1135000,2269.9999999601455,-45633.39567596739,300.5030576092162,1.0507382411544968,431
1140000,2279.999999959909,-45567.99838773336,300.1617343857432,1.0456664594653557,431
1145000,2289.9999999596726,-45251.281416551414,306.6330791421159,1.0407021221661896,431
1150000,2299.999999959436,-45899.62734358525,297.7306192536381,1.0449203898063928,431
1155000,2309.9999999591996,-45819.99234899436,292.04949497162175,1.0518354851920413,431
1160000,2319.999999958963,-45403.509078033705,305.3040044454346,1.0406468836531853,431
1165000,2329.9999999587267,-45315.27502436453,310.85424538611915,1.037554456158629,431
1170000,2339.99999995849,-45640.1324151484,297.29609736605886,1.046603514779206,431
1175000,2349.9999999582537,-45343.648917328246,288.0561734120421,1.0362273426276538,431
1180000,2359.9999999580173,-45335.33435280688,301.8883988285753,1.036604583193742,431
1185000,2369.999999957781,-45438.23470982499,314.32492118669666,1.042561343520585,431
1190000,2379.9999999575443,-45623.82658828498,301.8554223240293,1.054720099416196,431
1195000,2389.999999957308,-45365.89106773556,301.87008712417844,1.0505183710538346,431
1200000,2399.9999999570714,-45178.926249886164,299.0195587078058,1.0404780919603736,431
1205000,2409.999999956835,-45850.171173200826,296.22066582459,1.0402943552230872,431
1210000,2419.9999999565985,-45329.11411252551,294.9897874015394,1.0457289466886843,431
1215000,2429.999999956362,-45346.86420579572,298.6680280115973,1.043048187904592,431
1220000,2439.9999999561255,-45374.9062858313,294.18901213023355,1.0481054649923383,431
1225000,2449.999999955889,-45324.526073983434,308.20539656337746,1.044461099566437,431
1230000,2459.9999999556526,-45569.999653143925,301.68025514540483,1.0515827175338084,432
1235000,2469.999999955416,-45295.907754279324,300.2162835831404,1.026019302202469,431
1240000,2479.9999999551796,-45404.46063559048,310.03259207039036,1.0389951532852202,431
1245000,2489.999999954943,-45704.84340626863,297.9570360496261,1.0510590598958613,431
1250000,2499.9999999547067,-45323.977292877535,302.2629879934394,1.051727789195741,431
1255000,2509.9999999544702,-45071.44603901566,302.3925399252839,1.0249235922328295,431
1260000,2519.9999999542338,-45556.03572382586,308.7205169644083,1.0384996268858273,431
1265000,2529.9999999539973,-45574.34618006527,299.6915538788539,1.0358067907257351,431
1270000,2539.999999953761,-45680.483496209024,305.6303734319133,1.048487895719487,431
1275000,2549.9999999535244,-45267.96050506117,308.03987727958804,1.0313316018513679,431
1280000,2559.999999953288,-45321.74931363764,307.4413990671827,1.0521019352211225,431
1285000,2569.9999999530514,-45510.862676147895,294.0399521550327,1.0381222297202208,431
1290000,2579.999999952815,-45540.15367470763,292.9067683150814,1.0414557604376182,431
1295000,2589.9999999525785,-45615.46946515463,300.0915363029237,1.0200162900600578,431
1300000,2599.999999952342,-45152.39907692882,301.74921829768545,1.0384324010757267,431
1305000,2609.9999999521056,-45549.10895622437,287.54406315419976,1.0409817880277799,431
1310000,2619.999999951869,-45582.69674274244,304.55461386202006,1.0453840322408625,431
1315000,2629.9999999516326,-45169.75961893264,291.1655162552588,1.050451375244878,431
1320000,2639.999999951396,-45608.77132423123,298.24305753990484,1.0435396337593423,431
1325000,2649.9999999511597,-45345.03021580825,296.4028952622337,1.04480377331621,431
1330000,2659.999999950923,-45449.73826770886,304.57693909066825,1.0288467358932543,431
1335000,2669.9999999506867,-45525.94335728197,292.91857733835946,1.0535573335065225,431
1340000,2679.9999999504503,-45445.63994893432,292.3547736599911,1.049555699346251,431
1345000,2689.999999950214,-45542.546957879385,296.2535844417671,1.0239430022266334,431
1350000,2699.9999999499773,-45368.61812350995,298.14524718206746,1.0374459647086536,431
1355000,2709.999999949741,-45590.999200983235,294.01938284324444,1.0401484999672848,431
1360000,2719.9999999495044,-45894.133021159825,297.1464778129575,1.05427093274894,431
1365000,2729.999999949268,-45268.47596784026,296.0220156699371,1.0340216326392424,431
1370000,2739.9999999490315,-45524.23446229778,291.1554052614717,1.0367756914185133,431
1375000,2749.999999948795,-45493.88424810281,297.7595822339328,1.0523702493972256,431
1380000,2759.9999999485585,-45718.746870267845,299.7911008577615,1.0385361161857731,431
1385000,2769.999999948322,-45324.107239738776,302.6353002551225,1.043511381531816,431
1390000,2779.9999999480856,-45589.29529918294,304.87401706842786,1.037402716987502,431
1395000,2789.999999947849,-44930.85556327575,294.99092585312997,1.0363690796036926,431
1400000,2799.9999999476127,-45298.43249145034,286.66257359470427,1.0446152538579199,431
1405000,2809.999999947376,-45102.36881874106,301.64421061030123,1.0350022732151736,431
1410000,2819.9999999471397,-45655.04291917634,301.47768794544896,1.041413177533111,431
1415000,2829.9999999469032,-44887.252794999484,297.9213195429469,1.028636107565248,431
1420000,2839.999999946667,-45314.94554656066,305.64063879201774,1.0322702615697223,431
1425000,2849.9999999464303,-45306.94478948551,297.4748921531413,1.0445779032078708,431
1430000,2859.999999946194,-45314.942227210355,295.6000167498538,1.0519450723072532,431
1435000,2869.9999999459574,-45353.85792777047,307.96296426196335,1.034940687096396,431
1440000,2879.999999945721,-45863.53304825557,296.53101930564264,1.0451199134976512,431
1445000,2889.9999999454844,-45340.267287362745,304.6782033948565,1.0405852071451707,431
1450000,2899.999999945248,-45451.387858398375,304.05230586533,1.040320006529698,431
1455000,2909.9999999450115,-45304.741904333234,300.33240564537454,1.0474672459411516,431
1460000,2919.999999944775,-45623.81916078733,300.5491745465276,1.0469155044868128,431
1465000,2929.9999999445386,-45577.75078967452,291.91087401863234,1.0483101630480323,431
1470000,2939.999999944302,-45204.48016549405,300.3130712641252,1.038712945558429,431
1475000,2949.9999999440656,-45522.0230171798,299.759436466913,1.0550140225565332,431
1480000,2959.999999943829,-45625.09593887511,296.41159766337483,1.0460100913172727,431
1485000,2969.9999999435927,-45755.69500583474,312.90361261539266,1.0565993283026593,431
1490000,2979.999999943356,-45396.19262280455,309.36567169202544,1.0434285877843348,431
1495000,2989.9999999431197,-45659.19403072426,295.5603253105026,1.0365204211621875,431
1500000,2999.9999999428833,-45435.747990137635,295.06044858331103,1.0479760330289605,431
1505000,3009.999999942647,-45201.87377390923,301.967183537798,1.037764336120587,431
1510000,3019.9999999424103,-45647.968231649196,294.3411401359921,1.0286578440684027,431
1515000,3029.999999942174,-45574.57895195324,296.20708158866233,1.024567973655128,431
1520000,3039.9999999419374,-45176.0344259706,298.9286948342496,1.029990744203931,431
1525000,3049.999999941701,-45547.43653888372,295.9093475540539,1.0432653971796473,431
1530000,3059.9999999414645,-45511.71349510495,296.0372400479868,1.0406704254376922,431
1535000,3069.999999941228,-45193.79947201788,307.70281842563213,1.0437124233912387,431
1540000,3079.9999999409915,-45399.09518166736,295.1062181964083,1.0321902186852456,431
1545000,3089.999999940755,-45083.20819792073,300.01730540006315,1.0379051321735229,432
1550000,3099.9999999405186,-45639.71300237067,304.3363977766418,1.056307338752341,432
1555000,3109.999999940282,-45294.06372050967,295.716138812088,1.0389957186525278,432
1560000,3119.9999999400457,-45862.587727510196,301.6389235639316,1.0402538653878912,432
1565000,3129.999999939809,-45487.27025683256,297.814536642913,1.0498348719674109,431
1570000,3139.9999999395727,-45853.0303927995,294.50687167346786,1.0332328722803916,432
1575000,3149.9999999393362,-45473.00182496797,303.90214603011793,1.0537721293069016,431
1580000,3159.9999999391,-45463.94242685658,298.8024424824387,1.0442785489141597,432
1585000,3169.9999999388633,-45542.81765078765,296.7406487646177,1.03404247288878,432
1590000,3179.999999938627,-45120.96643616693,302.0483802207294,1.0204811216018168,432
1595000,3189.9999999383904,-45610.09870823973,291.96227800231327,1.0439600583153388,432
1600000,3199.999999938154,-45412.70573799545,305.1743367388521,1.0517009785620992,431
1605000,3209.9999999379174,-45355.44604451212,309.077064565931,1.0325810200326893,432
1610000,3219.999999937681,-45583.69823315824,294.01052607578595,1.0638042990821424,432
1615000,3229.9999999374445,-45243.183338860224,295.18085431085194,1.042690396248749,432
1620000,3239.999999937208,-45528.99481679086,307.69556320871624,1.0406582208134403,432
1625000,3249.9999999369716,-45534.01188016409,302.7062508737391,1.0420313167564257,432
1630000,3259.999999936735,-45204.97455331465,299.66915146704696,1.0223582669153977,432
1635000,3269.9999999364986,-45556.709414725716,298.85789858195034,1.0563286042285407,432
1640000,3279.999999936262,-45271.431630353734,303.6740505004287,1.0436398459202008,432
1645000,3289.9999999360257,-45342.84743126674,298.01345693862123,1.044694459023472,432
1650000,3299.999999935789,-45574.23588424656,303.28763301649684,1.045869496869592,432
1655000,3309.9999999355528,-45461.65796011317,304.67677550642094,1.0507832663571748,432
1660000,3319.9999999353163,-45587.705272507505,302.4365150299419,1.0514092852362573,432
1665000,3329.99999993508,-45785.93520678335,291.74533543905324,1.0504061230565442,432
1670000,3339.9999999348433,-45306.11432876781,301.7000912171856,1.0396409023265334,432
1675000,3349.999999934607,-45490.60568412923,302.22431923094075,1.0458923133626135,432
1680000,3359.9999999343704,-45164.65207529854,306.75688092863874,1.0351983232467181,432
1685000,3369.999999934134,-45295.83218772334,298.33100774922076,1.0440503417463378,432
1690000,3379.9999999338975,-45497.67189537312,303.3087619061855,1.0442433063856433,432
1695000,3389.999999933661,-45313.95152694892,298.06486092230216,1.0412029462119476,432
1700000,3399.9999999334245,-45506.20866648451,302.56050977436144,1.0455306557756243,432
1705000,3409.999999933188,-45403.91729378948,295.64815974508053,1.041462636559806,432
1710000,3419.9999999329516,-45789.13080982244,304.360942021102,1.0581816085049687,431
1715000,3429.999999932715,-45629.97067791296,291.1386758118278,1.035570635574925,431
1720000,3439.9999999324787,-45602.43677663815,302.5006349390154,1.0432327099384708,431
1725000,3449.999999932242,-45611.330953323864,294.53905705063744,1.0380887738098579,431
1730000,3459.9999999320057,-45342.52075803862,303.2339907212141,1.0410844746618588,431
1735000,3469.9999999317693,-45680.86561577712,297.57521096363575,1.0427644522744168,431
1740000,3479.999999931533,-45675.244604712294,297.77216308879764,1.0431923668368783,431
1745000,3489.9999999312963,-45687.348972689215,293.1433732880152,1.0460784105113774,431
1750000,3499.99999993106,-45476.06397285999,292.9927117622717,1.0503431596968118,431
1755000,3509.9999999308234,-45453.08624227601,287.9522076973,1.0485472864574783,431
1760000,3519.999999930587,-45229.78349857556,293.7014461168515,1.048100774807262,431
1765000,3529.9999999303504,-45496.10344115578,295.2386452009137,1.0474120913829044,431
1770000,3539.999999930114,-45433.992731392325,302.68232409454833,1.0402460346230094,431
1775000,3549.9999999298775,-45335.44366437063,295.8580207535316,1.0304073437251748,431
1780000,3559.999999929641,-45335.53000100545,296.1673129661524,1.0371055632742205,431
1785000,3569.9999999294046,-45252.81113380933,296.89123310720254,1.0194459304456667,431
1790000,3579.999999929168,-45793.23811604499,299.7963686083414,1.0402708747821092,431
1795000,3589.9999999289316,-45480.92510103443,293.9141436063842,1.0257629089991198,431
1800000,3599.999999928695,-45600.10242808971,299.57292336396256,1.045203837607579,431
1805000,3609.9999999284587,-45219.02185285126,300.459391237193,1.049127121025642,431
1810000,3619.999999928222,-45395.46627731898,299.8938509377544,1.0507015426327877,431
1815000,3629.9999999279858,-45465.048951419856,308.14594623540415,1.0412668640903817,431
1820000,3639.9999999277493,-45684.48066079669,286.4323362323616,1.0584416507160814,431
1825000,3649.999999927513,-45495.90782489517,299.40180830116884,1.0478009249834936,431
1830000,3659.9999999272763,-45546.77391844042,298.74895455347337,1.0568681917104765,431
1835000,3669.99999992704,-45230.50375960843,295.49082187611117,1.029655211887073,431
1840000,3679.9999999268034,-45119.44634403766,299.90390404417246,1.0430552801634059,431
1845000,3689.999999926567,-45570.777171246475,305.9048560399694,1.0568182374164385,431
1850000,3699.9999999263305,-45139.853102167894,290.10170077917127,1.0323762008338635,431
1855000,3709.999999926094,-45576.42290500522,303.50710332820364,1.0423548972134768,431
1860000,3719.9999999258575,-45384.496625928936,297.93891730312595,1.0435734086055974,431
1865000,3729.999999925621,-45451.448411186604,305.74672704362354,1.039635696541385,431
1870000,3739.9999999253846,-45482.16725988683,301.90317940346256,1.0420235318922453,431
1875000,3749.999999925148,-45334.068191255006,300.8345399799575,1.046769164250889,431
1880000,3759.9999999249117,-45040.32133376098,301.4304518523368,1.0274075686247104,431
1885000,3769.999999924675,-45117.090358827176,295.12452990080516,1.0491377114033866,431
1890000,3779.9999999244387,-45651.449832015,304.5780582464691,1.0490550645925412,431
1895000,3789.9999999242023,-45739.738779700594,308.1845571105339,1.0495413691271722,431
1900000,3799.999999923966,-45629.694104503695,301.9858039748296,1.0424902033100372,431
1905000,3809.9999999237293,-45437.044463266095,300.09962123879546,1.0200919008265217,431
1910000,3819.999999923493,-45350.61638261369,302.3180195855783,1.0338064339645905,431
1915000,3829.9999999232564,-45568.28686592169,297.329131757974,1.0468939410838547,431
1920000,3839.99999992302,-45576.14881667562,303.1838602596515,1.0520323181291367,431
1925000,3849.9999999227834,-45687.416793613054,302.54050004047366,1.0515769511562874,431
1930000,3859.999999922547,-45348.01198643184,290.62907400664255,1.0430067269879286,431
1935000,3869.9999999223105,-45346.003971517,302.3057281675585,1.0442797774256822,431
1940000,3879.999999922074,-45562.30564100799,299.54243601628394,1.0487727576881338,431
1945000,3889.9999999218376,-45291.46747921567,299.5813363282587,1.043178460673082,431
1950000,3899.999999921601,-45469.55175680565,301.2205329565166,1.048660236819741,431
1955000,3909.9999999213646,-45729.1575857744,295.75544433564585,1.0484027359292438,431
1960000,3919.999999921128,-45233.18993257085,301.51544980583316,1.0408725343615717,431
1965000,3929.9999999208917,-45375.92484655979,301.3154875374828,1.04181596848005,431
1970000,3939.9999999206552,-45543.40264384274,300.79658516167655,1.0401144635249542,431
1975000,3949.9999999204188,-45264.485549997335,297.1935402439628,1.0391018363311086,431
1980000,3959.9999999201823,-45536.93384668097,298.2454309220342,1.041753042820629,431
1985000,3969.999999919946,-45299.33896492966,303.1035704788345,1.0348598997902485,431
1990000,3979.9999999197094,-45452.680409656954,293.8305542455336,1.0525798815930285,431
1995000,3989.999999919473,-45444.71001158006,299.49842232004664,1.045579397482493,431
2000000,3999.9999999192364,-45522.96069130226,300.8948393226763,1.0461372939256546,431
2005000,4009.999999919,-45208.79365099332,306.16617891947044,1.0264402132406862,431
2010000,4019.9999999187635,-45101.58874458255,304.15914665273294,1.0473138188047253,431
2015000,4029.999999918527,-45292.10906656177,309.17504858587534,1.0267580588074345,430
2020000,4039.9999999182905,-45347.71827697416,311.1981735411976,1.0416870327120828,430
2025000,4049.999999918054,-45422.60650548941,298.0999985552913,1.0488521053252098,431
2030000,4059.9999999178176,-45217.039027383784,305.10425443077054,1.039372160019533,430
2035000,4069.999999917581,-45402.05751887796,301.0353126714741,1.0373410276310573,430
2040000,4079.9999999173447,-45326.57718083545,298.38565342556626,1.05170664280512,430
2045000,4089.999999917108,-45423.56343024873,301.4307219933921,1.051471851428637,430
2050000,4099.999999917781,-45025.836348413635,295.3516413452213,1.035416412700066,430
2055000,4109.999999919818,-45335.099416083365,310.2606297127107,1.037592010438637,430
2060000,4119.999999921855,-45414.743002872274,301.8110805993676,1.0444686383896151,430
2065000,4129.999999923893,-45426.18893241318,304.6726655032212,1.0440591874477045,430
2070000,4139.99999992593,-45526.12240085658,298.6212164258579,1.0563762409057051,430
2075000,4149.999999927967,-45488.406892163475,314.4768369387687,1.0393347309764431,430
2080000,4159.999999930004,-45304.71346107134,294.39937482921613,1.045014490528834,430
2085000,4169.999999932042,-45265.950930237916,300.27758630692205,1.0435720475799855,430
2090000,4179.999999934079,-45652.48627124846,307.12037501444263,1.0372874032258275,430
2095000,4189.999999936116,-45489.03661892045,297.2998021576755,1.040307363443812,430
2100000,4199.999999938153,-45532.45281926109,315.1527298593302,1.0432354278962113,430
2105000,4209.999999940191,-45622.51067074915,307.23562876614164,1.0490017428939122,430
2110000,4219.999999942228,-45050.88473728442,291.1019752198754,1.0468367078675067,430
2115000,4229.999999944265,-44897.00513875997,307.68989024655326,1.0392474659637356,430
2120000,4239.9999999463025,-45583.67422005767,296.7466497552051,1.0477000797180664,430
2125000,4249.99999994834,-45455.85816572368,301.74053519233394,1.0436846797079955,430
2130000,4259.999999950377,-45141.37278384241,303.4644596330329,1.0335994386443632,430
2135000,4269.999999952414,-45356.10248091619,298.3314322565935,1.0370978568096036,430
2140000,4279.999999954452,-45656.16195382661,312.56373657614495,1.0323930676211268,430
2145000,4289.999999956489,-45000.80952510753,305.86113178057707,1.0319012323036538,430
2150000,4299.999999958526,-45530.640919777565,307.4973375614361,1.0463970175626303,430
2155000,4309.999999960563,-45439.14362854566,301.8630055693696,1.0484583978868935,430
2160000,4319.999999962601,-45502.82748013345,307.86756587783475,1.0318832820150223,430
2165000,4329.999999964638,-45375.37069599333,305.8269589370715,1.0394810572858857,430
2170000,4339.999999966675,-45071.36240780831,300.40711894297687,1.0498987822975838,430
2175000,4349.9999999687125,-45592.875913912256,302.2653999671482,1.0390200044632227,430
2180000,4359.99999997075,-45168.79064604972,287.4429532163288,1.041216366003624,430
2185000,4369.999999972787,-44918.78808320232,314.566639543893,1.0320884658390777,430
2190000,4379.999999974824,-45500.797133354004,295.9083248772014,1.039296717199151,430
2195000,4389.999999976862,-45635.23418577685,306.49189184910034,1.0461492026670725,430
2200000,4399.999999978899,-45862.09438720721,300.1955020176658,1.0471889952781623,430
2205000,4409.999999980936,-45678.0752395241,298.80145839716556,1.0519321328677322,430
2210000,4419.999999982973,-45595.12283407882,299.1921402506144,1.0513446491456881,430
2215000,4429.999999985011,-45512.051912611205,296.3524946596156,1.0358931885569047,430
2220000,4439.999999987048,-45135.65245797654,300.24900924242075,1.0379410638928575,430
2225000,4449.999999989085,-45579.007441737835,305.30848106863806,1.0441204154657875,430
2230000,4459.999999991122,-45325.79243744319,300.7990550227543,1.0392438589149,430
2235000,4469.99999999316,-45404.40728224817,299.6190210054843,1.0442305647232755,430
2240000,4479.999999995197,-45755.66688310812,308.05315278288106,1.0421223247104214,430
2245000,4489.999999997234,-45607.70665604298,305.02060718255103,1.0316084028414179,430
2250000,4499.9999999992715,-45297.54263289302,305.4842078251629,1.0272850190635046,430
2255000,4510.000000001309,-45228.68222719684,290.986219777645,1.0293590133840749,430
2260000,4520.000000003346,-45551.50048658432,306.93934191575846,1.0382424594612936,430
2265000,4530.000000005383,-45424.497902062925,302.3646382134211,1.0547057871369117,430
2270000,4540.000000007421,-45558.32513665676,302.67445141236294,1.0471816781126981,430
2275000,4550.000000009458,-45410.72968497229,298.62881896698786,1.0533678856228499,430
2280000,4560.000000011495,-45755.72601662058,291.91253345654394,1.0463406796136328,430
2285000,4570.000000013532,-45365.08317702002,302.77853290184305,1.053849042843366,430
2290000,4580.00000001557,-45152.576532901294,298.9638324672387,1.043197839636318,430
2295000,4590.000000017607,-45486.091904604866,309.1068379693918,1.056586247966481,430
2300000,4600.000000019644,-45590.50415266791,309.6346357042359,1.0435701554618877,430
2305000,4610.000000021681,-45152.618370382814,295.9633757651299,1.040573357366956,430
2310000,4620.000000023719,-45223.90047290217,296.9159703095595,1.0384888039902551,430
2315000,4630.000000025756,-45401.367572133255,305.0886441369275,1.041348406236691,430
2320000,4640.000000027793,-45685.92207606739,297.7308315073244,1.053727731771466,430
2325000,4650.0000000298305,-45537.0854334083,296.2436278142973,1.0399696023902445,430
2330000,4660.000000031868,-45579.38499646392,297.3135793514999,1.0560457792251516,430
2335000,4670.000000033905,-45303.73833083015,301.94078689752945,1.0481969550237578,430
2340000,4680.000000035942,-45537.768604698416,301.32608092601157,1.0506775647686644,430
2345000,4690.00000003798,-45409.5438734995,299.55976363540765,1.0308166305729178,430
2350000,4700.000000040017,-45529.36303855383,294.473354886811,1.0293066936316446,430
2355000,4710.000000042054,-45166.89019749864,295.32134695543937,1.0246231620532666,430
2360000,4720.000000044091,-45516.2131425275,298.39530132040124,1.0455955578548064,430
2365000,4730.000000046129,-45168.07672845354,296.0441479406887,1.049814246844786,430
2370000,4740.000000048166,-45693.71425359309,308.7968896999223,1.0359345134903641,430
2375000,4750.000000050203,-45749.86280238989,303.1087610462557,1.0399119732156923,430
2380000,4760.0000000522405,-45615.23661693302,297.2707812900118,1.0422507754694479,430
2385000,4770.000000054278,-45336.88626812902,303.39922056815857,1.0433397627391727,430
2390000,4780.000000056315,-45777.10411146504,296.8430322246068,1.0476454114532319,430
2395000,4790.000000058352,-45404.45167572738,301.96344015460204,1.0302644998430515,430
2400000,4800.0000000603895,-45253.170586367836,312.2277968779899,1.042320425434761,430
2405000,4810.000000062427,-45591.811937472434,294.7155170471697,1.0564618083905268,430
2410000,4820.000000064464,-45209.84039535074,304.11156323540666,1.028364523471175,430
2415000,4830.000000066501,-45429.458178886154,299.684356549307,1.0432129353163286,430
2420000,4840.000000068539,-45528.66018003915,299.49597175475856,1.046737894960783,430
2425000,4850.000000070576,-45570.327026068175,292.9966866949437,1.0399778950763672,430
2430000,4860.000000072613,-45443.296895545296,305.89951110623076,1.0438239327867969,430
2435000,4870.00000007465,-45298.73701316689,308.3584507670401,1.0387528587940567,430
2440000,4880.000000076688,-45420.07620757099,296.7197321286154,1.0477330749914004,430
2445000,4890.000000078725,-45390.91232903206,295.8778182337331,1.0383325752601433,430
2450000,4900.000000080762,-45401.55745022345,297.09875932510363,1.0312240597441347,430
2455000,4910.0000000827995,-45498.777497938165,281.96086500475883,1.0461384750756686,430
2460000,4920.000000084837,-45266.76470535857,306.19379119448826,1.0303910693054852,430
2465000,4930.000000086874,-45420.538814643165,301.5136552973939,1.0507735335015504,430
2470000,4940.000000088911,-45094.71849017474,303.6447016043405,1.0405704444881663,430
2475000,4950.000000090949,-45471.43993455029,293.4179137834402,1.053092878726791,430
2480000,4960.000000092986,-45148.75734922025,308.05963616821015,1.032146783885078,430
2485000,4970.000000095023,-45751.34458252866,302.10011223283476,1.056022681800004,430
2490000,4980.00000009706,-45657.734537383134,300.942866543165,1.0410221607668706,430
2495000,4990.000000099098,-45284.95115078715,306.34045849177005,1.0443909007840753,430
2500000,5000.000000101135,-45325.22172789267,301.05115451479315,1.0418300359994344,430
2505000,5010.000000103172,-45396.83210974635,295.7423231986702,1.0277585175893207,430
2510000,5020.000000105209,-45505.91424449667,291.7900437837187,1.049452836530853,430
2515000,5030.000000107247,-44944.30127775803,297.3534444529582,1.0214850584689095,430
2520000,5040.000000109284,-45658.17021527153,289.6548874735723,1.0415673683202809,430
2525000,5050.000000111321,-45315.03248723742,302.918581743268,1.049385025029661,430
2530000,5060.0000001133585,-45448.58821437493,290.96943244063203,1.0400859561303788,430
2535000,5070.000000115396,-45480.709821278404,297.59109139853416,1.0267472261398334,430
2540000,5080.000000117433,-45411.84143479538,296.33628619629275,1.0452367884989244,430
2545000,5090.00000011947,-45623.191319557605,310.10354268900704,1.0344736122304892,430
2550000,5100.000000121508,-45618.20263533137,305.61157933277474,1.0351813404236498,430
2555000,5110.000000123545,-45298.42992092017,305.4600302007064,1.0308035390332204,430
2560000,5120.000000125582,-45460.47515335446,291.67114312777204,1.0434515655253518,430
2565000,5130.000000127619,-45553.6638237428,297.71230754924125,1.0403698037735944,430
2570000,5140.000000129657,-44959.24467641549,306.2802170364202,1.0217064609908428,430
2575000,5150.000000131694,-45747.63824076837,307.64651331137503,1.057275654622399,430
2580000,5160.000000133731,-45594.84289375605,301.1031180763745,1.0459485550727363,430
2585000,5170.0000001357685,-45448.17538382369,300.3841955448489,1.0392521703247388,430
2590000,5180.000000137806,-45619.43758620194,300.381146810081,1.0559719211109961,430
2595000,5190.000000139843,-45290.7797354245,297.6108695829459,1.0378781689910812,431
2600000,5200.00000014188,-45762.2433563575,297.21322194942616,1.0329127250588506,431
2605000,5210.0000001439175,-45336.24991705737,299.73211362874025,1.0534069741355148,431
2610000,5220.000000145955,-45338.49308269244,306.4114091103867,1.0265837472148378,431
2615000,5230.000000147992,-45569.69698797661,294.8387592557922,1.0490641825387441,431
2620000,5240.000000150029,-45301.15242954527,294.8283781209497,1.0325791035025467,431
2625000,5250.000000152067,-45592.86727380665,305.33582320260047,1.0384960236944236,431
2630000,5260.000000154104,-45493.25204928333,300.01796145691196,1.039640440600575,431
2635000,5270.000000156141,-45743.58126606446,301.946189718637,1.0526912002285764,430
2640000,5280.000000158178,-45262.025903270376,305.4669187976186,1.0450724735849473,430
2645000,5290.000000160216,-45506.76546791062,284.03765155115343,1.0294314011776726,430
2650000,5300.000000162253,-45314.43732246573,302.28737787158235,1.0320438478021077,430
2655000,5310.00000016429,-45478.26810296718,307.0771331497921,1.050986103790466,430
2660000,5320.0000001663275,-45181.13318716231,305.9096413958075,1.0345230145764333,430
2665000,5330.000000168365,-45022.07036403639,307.64257697028233,1.0347412713685533,430
2670000,5340.000000170402,-45438.3315895343,301.8687364189016,1.0453790733057302,430
2675000,5350.000000172439,-45549.56376299515,296.90678551367654,1.0525604580241261,430
2680000,5360.000000174477,-45768.303275151324,301.8980660192,1.0430104288814372,430
2685000,5370.000000176514,-45219.671403020446,299.3060625928262,1.0402771221389366,430
2690000,5380.000000178551,-45812.801626504835,300.80005840381716,1.0476072885035206,430
2695000,5390.000000180588,-45464.53659034445,307.22783326711493,1.0429656653895185,430
2700000,5400.000000182626,-45116.18148912606,295.80059648347367,1.0274142703242235,430
2705000,5410.000000184663,-45771.51975314331,302.5116335391273,1.0423512634772525,430
2710000,5420.0000001867,-45881.67290188736,288.83323415784344,1.0427154890761334,430
2715000,5430.000000188737,-45442.97282229949,299.5255136087434,1.043606283991826,430
2720000,5440.000000190775,-45362.64133808782,307.9374166364403,1.049481660746262,430
2725000,5450.000000192812,-45158.10457627606,300.21400667995937,1.0376812659404646,430
2730000,5460.000000194849,-45405.19845383428,295.16385472015264,1.045869784925892,430
2735000,5470.0000001968865,-45273.189947197185,303.37990548269886,1.0403010009638667,430
2740000,5480.000000198924,-45282.936747970234,307.00479323431915,1.0321360977999898,430
2745000,5490.000000200961,-45240.39434764034,289.8474208628997,1.0430522882553377,430
2750000,5500.000000202998,-45312.10382821379,304.51602228268,1.0348152479929216,430
2755000,5510.000000205036,-45555.71019781352,304.3041738078928,1.0478672794992796,430
2760000,5520.000000207073,-45361.22968794167,299.4636706028509,1.0427894964315023,430
2765000,5530.00000020911,-45629.456509948155,296.69551591257954,1.0538617525776788,430
2770000,5540.000000211147,-45097.40169711271,304.53622497446446,1.0407302118781865,430
2775000,5550.000000213185,-45756.74712754632,307.8449512123415,1.0395969066150126,430
2780000,5560.000000215222,-45284.70609261832,291.35581133298456,1.0584871738501926,430
2785000,5570.000000217259,-45256.00939574311,307.2233566439115,1.053745411703026,430
2790000,5580.000000219296,-44933.312394019566,302.76359796063844,1.0331630661470106,430
2795000,5590.000000221334,-45591.02656715174,300.9975315153002,1.031526411318412,430
2800000,5600.000000223371,-45475.429277869844,296.884132256604,1.041536997236823,430
2805000,5610.000000225408,-45454.964408013766,292.77603934006703,1.044128106313937,430
2810000,5620.0000002274455,-45397.06109398525,292.1327755998376,1.0331825075588161,430
2815000,5630.000000229483,-45653.97277556942,296.5663691923181,1.0473785399842785,430
2820000,5640.00000023152,-45471.92844280746,295.23414928192057,1.04199261222125,430
2825000,5650.000000233557,-45208.36746424236,300.38049075323227,1.040449648108488,430
2830000,5660.000000235595,-45569.28788632227,306.7402479579432,1.0379235668346027,431
2835000,5670.000000237632,-45400.09539542583,307.76217227465713,1.0549860483140585,431
2840000,5680.000000239669,-45123.599273104366,300.6789966194275,1.0339467862907854,431
2845000,5690.000000241706,-45919.11696710004,293.99397028824905,1.0547972149985565,431
2850000,5700.000000243744,-45530.06563667912,304.3428039788122,1.0525581155897585,431
2855000,5710.000000245781,-45866.65685718652,294.003386633608,1.0464489465335016,431
2860000,5720.000000247818,-45363.96632578422,302.3444934090056,1.0392783664849021,431
2865000,5730.0000002498555,-45617.74914483883,289.12168691762065,1.0552398928667053,431
2870000,5740.000000251893,-45080.337270766875,301.05265958638745,1.0418320156126915,431
2875000,5750.00000025393,-45461.18314444093,302.54281553523407,1.040147693980294,431
2880000,5760.000000255967,-45597.04502955277,296.85742688370067,1.0452795758919113,431
2885000,5770.000000258005,-45445.58120260367,293.4733505871622,1.0430470316652702,431
2890000,5780.000000260042,-45487.25425598599,308.87870384812317,1.040752635122895,431
2895000,5790.000000262079,-45400.970438913355,308.70154920316276,1.0508259682626673,431
2900000,5800.000000264116,-45285.40814008907,292.9986934570694,1.030231541087266,431
2905000,5810.000000266154,-45612.68056189199,295.62608536169796,1.0457503900374767,431
2910000,5820.000000268191,-45755.13480582161,300.8246412398568,1.0361814622444785,431
2915000,5830.000000270228,-45600.17581513521,298.57193497904063,1.0397820444802761,431
2920000,5840.000000272265,-45265.76756293248,299.4166081718457,1.0217783852877045,431
2925000,5850.000000274303,-45166.80066197834,298.01671792707543,1.0310306737016037,431
2930000,5860.00000027634,-45683.90280154481,296.6223655739405,1.0363892124269933,431
2935000,5870.000000278377,-45260.405317042285,302.8046208094769,1.0440615863810057,431
2940000,5880.0000002804145,-45348.08907476536,298.16714790334294,1.0349039172445118,431
2945000,5890.000000282452,-45498.08006202013,295.94411856703925,1.0383932739330286,431
2950000,5900.000000284489,-45347.590138661064,307.1826811192871,1.038326969916557,431
2955000,5910.000000286526,-45175.97114991408,302.0531462807779,1.05164825022924,431
2960000,5920.000000288564,-45439.332500784716,299.77358028074116,1.0419073222284339,431
2965000,5930.000000290601,-45468.28843752493,304.8052468740439,1.0508520323907282,431
2970000,5940.000000292638,-45349.48742640292,305.9571283341854,1.049174966386958,431
2975000,5950.000000294675,-45394.813258676004,299.27372284933926,1.0411631216771424,431
2980000,5960.000000296713,-45085.52440723061,294.44832824760897,1.0200281224330294,431
2985000,5970.00000029875,-45735.6615905581,289.58287558652376,1.0467966946415557,431
2990000,5980.000000300787,-45112.65827823678,301.79896284345483,1.0353708817655451,431
2995000,5990.000000302824,-45355.68793225312,302.49963155795257,1.044480340427191,431
3000000,6000.000000304862,-45503.12168161155,293.85569665947367,1.0366399587673438,431
3005000,6010.000000306899,-45251.91672284904,308.860700876361,1.028095937570071,430
3010000,6020.000000308936,-45096.12758592397,306.38723148593016,1.02961146933249,430
3015000,6030.0000003109735,-45718.3550368298,307.53270674390126,1.04115519189942,431
3020000,6040.000000313011,-45608.87659641742,301.92681674580837,1.0409833930616808,431
3025000,6050.000000315048,-45277.809801735246,291.6053830765766,1.0350702969319765,431
3030000,6060.000000317085,-45561.40861135861,294.1597597130938,1.031182871165159,431
3035000,6070.000000319123,-45357.56295939983,302.55674709537584,1.0512679204308704,431
3040000,6080.00000032116,-45288.31904319269,303.5123903745732,1.0343849149151936,431
3045000,6090.000000323197,-45261.62202961976,293.2629300008107,1.0472472955337404,431
3050000,6100.000000325234,-45456.566340862366,300.55156722444667,1.0378898769979261,431
3055000,6110.000000327272,-45378.978833449335,304.22556276077717,1.0405405411025053,430
3060000,6120.000000329309,-45488.3589749666,306.006679922058,1.0358383584808328,431
3065000,6130.000000331346,-45439.35649033374,303.9671921370956,1.0350088951632923,431
3070000,6140.0000003333835,-45795.859420721186,293.8160052201224,1.0455852289743741,431
3075000,6150.000000335421,-45638.93883779898,306.7153756850585,1.0405734775633646,431
3080000,6160.000000337458,-45312.23722626592,305.37748281249804,1.0410955999206395,430
3085000,6170.000000339495,-45395.31699058568,306.33980243492124,1.0407730274203733,430
3090000,6180.0000003415325,-45679.64923587837,307.56037690628807,1.0520879927287068,430
3095000,6190.00000034357,-45457.30265925851,303.93330873043504,1.0435767688584523,430
3100000,6200.000000345607,-45576.49998052901,299.59515211366244,1.0398257204601982,430
3105000,6210.000000347644,-45373.336075747095,290.1994918412189,1.042052880553226,430
3110000,6220.000000349682,-45546.971778406034,295.9131874161982,1.043144840295702,430
3115000,6230.000000351719,-45332.74306465965,307.38584648872273,1.0445735219461316,430
3120000,6240.000000353756,-45370.27704595891,309.40046200080053,1.0429365360429672,430
3125000,6250.000000355793,-45625.86141811669,310.51189948579366,1.0607460870927692,430
3130000,6260.000000357831,-45626.299902948376,305.6418351309773,1.0493630857713934,430
3135000,6270.000000359868,-45264.69851287044,301.90362320662496,1.0399404931529344,430
3140000,6280.000000361905,-45621.69107491855,300.34182199073354,1.0588603850832887,430
3145000,6290.0000003639425,-45408.26184869133,307.6850277075564,1.0387662139659777,430
3150000,6300.00000036598,-45282.93477917253,295.22700983974266,1.0450693527238482,430
3155000,6310.000000368017,-45543.116476101044,299.34156684581905,1.0340540966543421,430
3160000,6320.000000370054,-45207.88997376629,291.5174328672606,1.0486036064890274,430
3165000,6330.000000372092,-45496.686221728625,299.19333658957396,1.0343552701427243,430
3170000,6340.000000374129,-45366.843919181,304.4733207001402,1.0531473215239613,430
3175000,6350.000000376166,-45197.5334432635,299.89215290826337,1.0406544332436158,430
3180000,6360.000000378203,-45543.61871222584,300.6466182843612,1.051509305626666,430
3185000,6370.000000380241,-45377.949993103626,298.246029091514,1.0307582595869946,430
3190000,6380.000000382278,-45361.535112426995,303.1602808046747,1.0432696968025834,430
3195000,6390.000000384315,-45678.13691919809,299.0216812446694,1.0576407990832268,430
3200000,6400.000000386352,-45595.3290278042,298.6384282702435,1.0479388220601382,430
3205000,6410.00000038839,-45640.45882172868,302.45853152595544,1.0286184458163723,430
3210000,6420.000000390427,-45488.84354852687,305.459875834389,1.0396448404988743,430
3215000,6430.000000392464,-45347.160757951264,297.39060814386266,1.0452738937775061,430
3220000,6440.0000003945015,-45800.95139061622,307.5856543907558,1.0525491164243552,430
3225000,6450.000000396539,-45499.94352045204,297.54674967387245,1.0508482150153255,430
3230000,6460.000000398576,-45602.065975427744,305.20322253598806,1.0455603377459668,430
3235000,6470.000000400613,-45395.91180369735,299.9140922211182,1.0392863554378515,430
3240000,6480.000000402651,-45221.34966867685,293.22715560676244,1.0427182229606407,430
3245000,6490.000000404688,-45156.55864236987,307.71418364574777,1.0435086993706746,430
3250000,6500.000000406725,-45568.2100524118,296.3661753744916,1.0431963729634106,430
3255000,6510.000000408762,-45738.62448420556,292.9550656766255,1.041648789861063,430
3260000,6520.0000004108,-45618.602575831086,309.11171980417834,1.0362898897579795,430
3265000,6530.000000412837,-45105.27371537342,295.3560214894764,1.0397981903233164,430
3270000,6540.000000414874,-45207.77884567683,293.4102726507309,1.0344288172638303,430
3275000,6550.0000004169115,-45546.47481916158,304.66901859897354,1.049980750900483,430
3280000,6560.000000418949,-45296.33802090894,298.95931725245595,1.0562912805467968,430
3285000,6570.000000420986,-45569.06540105332,299.0858204495326,1.044355371453308,431
3290000,6580.000000423023,-45366.9567498432,295.9640897093477,1.0440894937659435,431
3295000,6590.0000004250605,-45539.08806075982,292.3692647980333,1.0574708974133467,430
3300000,6600.000000427098,-45451.895532562485,306.90414639540035,1.0382199294124368,431
3305000,6610.000000429135,-45491.584823274694,308.05469644605466,1.0442985569621979,431
3310000,6620.000000431172,-45294.87289327069,304.93387260798426,1.0406915409462352,430
3315000,6630.00000043321,-45268.6141086905,307.5800972033308,1.0436347474065413,431
3320000,6640.000000435247,-45402.63964019896,305.11598627088995,1.0304332343776663,431
3325000,6650.000000437284,-45569.333259307954,304.26679786330203,1.040301372079827,430
3330000,6660.000000439321,-45707.69730905918,305.0964396359542,1.046400292549662,431
3335000,6670.000000441359,-45290.859706457646,298.5859051307617,1.0460133477084719,431
3340000,6680.000000443396,-45442.71485955961,307.1446491178475,1.0470250040307714,431
3345000,6690.000000445433,-45499.95177801978,311.5697139712938,1.0417871650478836,431
3350000,6700.0000004474705,-45296.28437256001,297.14973880141184,1.0477950647796914,431
3355000,6710.000000449508,-45516.823112692335,302.5371425730711,1.0578057106069567,430
3360000,6720.000000451545,-45195.51527869614,296.1661745145618,1.0505561765384548,430
3365000,6730.000000453582,-45410.01896899435,305.4153797434099,1.0351891404488207,430
3370000,6740.00000045562,-45524.78362813403,298.95408809345537,1.0320754491322621,430
3375000,6750.000000457657,-45315.454804816894,301.55492899149806,1.0355288683829844,430
3380000,6760.000000459694,-45321.92538156558,301.2965776636061,1.0497127365865826,430
3385000,6770.000000461731,-45476.63943902677,294.9753927424456,1.071596282181371,430
3390000,6780.000000463769,-45297.606345999724,307.4170863721985,1.0356338503942766,430
3395000,6790.000000465806,-45824.92532269706,303.49396289543836,1.0606321192634012,430
3400000,6800.000000467843,-45547.46590448302,307.46659936849176,1.0513925769656518,430
3405000,6810.00000046988,-45552.0102622993,292.8178919078613,1.057655521080516,430
3410000,6820.000000471918,-45493.38731192137,292.1600405506413,1.041455371206485,430
3415000,6830.000000473955,-45429.77724587443,302.65222266266306,1.0366538549658102,430
3420000,6840.000000475992,-45199.192427487724,308.6575933942944,1.0271007836888453,431
3425000,6850.0000004780295,-45055.76219669968,309.08300766914937,1.0222646238574433,431
3430000,6860.000000480067,-45542.0819852539,293.85467398262114,1.0465398032104187,431
3435000,6870.000000482104,-45394.48347720591,303.39377915547163,1.031758358779075,431
3440000,6880.000000484141,-45492.74081855797,300.7609265423664,1.0475825151847948,431
3445000,6890.000000486179,-45577.47279653489,300.3461635434093,1.0479863909845069,431
3450000,6900.000000488216,-45580.74151090626,296.3214091424572,1.0441280128648767,431
3455000,6910.000000490253,-45321.59981661552,304.54321005032506,1.0279670001614711,431
3460000,6920.00000049229,-45427.82536461571,300.154556351986,1.0395430006795445,431
3465000,6930.000000494328,-45500.388984574965,298.50304900991864,1.0526690634490907,431
3470000,6940.000000496365,-45421.37435605211,299.4415190363098,1.0474522889698257,431
3475000,6950.000000498402,-45530.71891786525,296.7774651313081,1.0535837090289737,431
3480000,6960.0000005004395,-45266.36383687233,295.4945845550968,1.0359499210845533,431
3485000,6970.000000502477,-45554.5536900688,307.4940958687715,1.0422598455522776,431
3490000,6980.000000504514,-45672.71434751933,302.6968345283801,1.0459835824978858,431
3495000,6990.000000506551,-45536.96933244422,312.7371092463301,1.0506252625052614,431
3500000,7000.0000005085885,-45269.34499954712,297.07207324799,1.0310806922039504,431
3505000,7010.000000510626,-45335.059832948,306.2235260063697,1.0382740851575296,431
3510000,7020.000000512663,-45602.80966851002,299.6400148246453,1.0461978486743553,431
3515000,7030.0000005147,-45265.71010884154,305.91116576319143,1.0438115207719065,431
3520000,7040.000000516738,-45676.29377947375,304.763432897829,1.0499580862819335,431
3525000,7050.000000518775,-45337.46517484629,297.5548346097442,1.032681879768187,431
3530000,7060.000000520812,-45768.12114705407,292.4028973594282,1.0530538173122466,431
3535000,7070.000000522849,-45498.259617102856,302.9198166738069,1.0434510284857466,431
3540000,7080.000000524887,-45314.51730277622,302.30790859179126,1.034426818905071,431
3545000,7090.000000526924,-45504.24025699566,294.22254821268007,1.030453419218174,431
3550000,7100.000000528961,-45449.709193280316,297.9854201562307,1.040461543783319,431
3555000,7110.0000005309985,-45457.674991590466,297.6309179084131,1.0469994904703175,431
3560000,7120.000000533036,-45619.8842709825,303.9145532228758,1.0471140681465474,431
3565000,7130.000000535073,-45295.08805121339,300.2135242852176,1.0478021113920897,431
3570000,7140.00000053711,-45298.710020498955,298.67682689168686,1.0285528094727112,431
3575000,7150.000000539148,-45676.55293577889,306.2900192975726,1.053378109227961,431
3580000,7160.000000541185,-45661.29996765204,290.8643668658788,1.0471273488407757,431
3585000,7170.000000543222,-45150.383007554425,294.6318890947399,1.0357762450763155,431
3590000,7180.000000545259,-45262.49019869516,302.7829130460981,1.023983458119214,431
3595000,7190.000000547297,-45279.01070588041,294.9753155592869,1.0442407087811623,431
3600000,7200.000000549334,-45613.28642974366,301.77287493582094,1.0409870905438936,431
3605000,7210.000000551371,-45585.28374944895,298.7938172644562,1.0423366633332365,431
3610000,7220.000000553408,-45076.85575889642,305.91541083691885,1.0363743759836168,431
3615000,7230.000000555446,-44910.430776465946,299.8013469220763,1.0274640406787139,431
3620000,7240.000000557483,-45656.328713897004,306.4480518149701,1.034784853757931,431
3625000,7250.00000055952,-45308.30926085083,298.8909136780757,1.0384198048249564,431
3630000,7260.0000005615575,-45336.989591818245,301.88849530752367,1.0401485184240362,431
3635000,7270.000000563595,-45536.317084117414,292.98121147162834,1.043600432133,431
3640000,7280.000000565632,-45437.784932243696,305.89835335885056,1.0312760823684295,431
3645000,7290.000000567669,-45166.24919399695,297.6209998725227,1.0514066987835524,431
3650000,7300.000000569707,-45618.15212680522,302.17579031992057,1.0447233720611129,431
3655000,7310.000000571744,-45279.90938869628,294.9094011417741,1.040199635278175,431
3660000,7320.000000573781,-45545.002425971004,302.12818760680466,1.0513079145536344,431
3665000,7330.000000575818,-45041.86730914438,300.72156313143955,1.0460799159191159,431
3670000,7340.000000577856,-45535.237014338025,300.10932702099944,1.0265011090944007,431
3675000,7350.000000579893,-45708.20985449685,300.7396432863604,1.0465121677529934,431
3680000,7360.00000058193,-45227.14661738489,295.1198796154947,1.0427409758433432,431
3685000,7370.000000583967,-45086.71619630957,308.6024267316278,1.0326660199540478,431
3690000,7380.000000586005,-45694.7328894501,286.3382113703512,1.03944547012859,431
3695000,7390.000000588042,-45266.004101891886,294.2050276356597,1.0537784730530049,431
3700000,7400.000000590079,-45583.62437367355,290.8142557001058,1.0577766860324187,431
3705000,7410.0000005921165,-44755.28113260868,299.04996887232573,1.0346422048284427,430
3710000,7420.000000594154,-45770.54268592686,300.62330897043984,1.0472586513538507,430
3715000,7430.000000596191,-45446.711875946,301.0152836417966,1.0460219140885065,430
3720000,7440.000000598228,-45490.456716798595,299.3072589317858,1.0351012245657156,430
3725000,7450.000000600266,-45479.38321889183,295.9723676031162,1.045848748041,430
3730000,7460.000000602303,-45457.5110095409,295.9815138074198,1.0389558274574948,430
3735000,7470.00000060434,-44952.111805094784,299.1841710894807,1.0285231605356435,430
3740000,7480.000000606377,-45419.04647791578,296.654087852158,1.040298062373565,430
3745000,7490.000000608415,-45168.74462466367,294.95711962962804,1.0482223002414204,430
3750000,7500.000000610452,-45458.62229647607,295.0890642393917,1.0402908506149118,430
3755000,7510.000000612489,-45237.19067771893,302.57146978289404,1.025973602357971,430
3760000,7520.0000006145265,-45214.27740382217,294.92445185771675,1.0403757739372526,430
3765000,7530.000000616564,-45367.469771172444,292.00993860279823,1.0509349386203022,430
3770000,7540.000000618601,-45458.00184035036,293.32697272672544,1.0458759481674191,430
3775000,7550.000000620638,-45437.94094133985,299.53884699940534,1.050655545366543,430
3780000,7560.0000006226755,-45435.027696170204,307.21465424277034,1.0419963701811172,430
3785000,7570.000000624713,-45154.92854371693,294.5475471980922,1.030982005439963,430
3790000,7580.00000062675,-45600.042795653135,301.17103925601305,1.0440295694963313,430
3795000,7590.000000628787,-45227.14828802744,299.7386549014384,1.0265597482361697,430
3800000,7600.000000630825,-45517.64300653362,298.3691362296087,1.048851969492854,430
3805000,7610.000000632862,-45460.70365686534,305.5734508523867,1.0488591539991494,430
3810000,7620.000000634899,-45608.555230955535,294.90982564914685,1.0394964534970974,430
3815000,7630.000000636936,-45292.79622509648,297.9179620755443,1.0289478552667994,430
3820000,7640.000000638974,-45366.97085793721,304.79868630555615,1.0329230198446024,430
3825000,7650.000000641011,-45405.276170623634,298.98783642958824,1.0359594457223795,430
3830000,7660.000000643048,-45570.249267927575,298.37349707807414,1.0482301772176217,430
3835000,7670.0000006450855,-45328.4704456467,306.7114779355452,1.0445667316857106,430
3840000,7680.000000647123,-45723.32755953027,297.9981553774129,1.0470113962020153,430
3845000,7690.00000064916,-45353.23762327686,285.74168203270256,1.0439585262730362,430
3850000,7700.000000651197,-45405.70791274484,302.49137295997383,1.0495035558382901,430
3855000,7710.000000653235,-45876.14027748906,297.58568857742654,1.05484519428732,430
3860000,7720.000000655272,-45246.179229205765,299.3896519536767,1.0425190876668669,430
3865000,7730.000000657309,-45399.93004161553,294.6917446342963,1.0481274926283453,430
3870000,7740.000000659346,-45491.023293034435,302.0026491992115,1.0320306226845648,430
3875000,7750.000000661384,-45352.50071859587,302.6465689962898,1.0335903348885003,430
3880000,7760.000000663421,-45225.97272733241,305.0454408638563,1.0390432616551624,430
3885000,7770.000000665458,-45233.44935553172,302.71562862751875,1.0351101395097313,430
3890000,7780.000000667495,-45321.55551994941,298.0242046934675,1.0273757574125766,430
3895000,7790.000000669533,-45490.33859848889,309.39017734490636,1.0593118420608834,430
3900000,7800.00000067157,-45523.421465562395,315.0971579850805,1.0460502553259974,430
3905000,7810.000000673607,-44814.28543455788,289.69618046346613,1.0271117889107653,430
3910000,7820.0000006756445,-45237.90615737843,304.5252456701423,1.0499536713123185,430
3915000,7830.000000677682,-45549.41861961197,301.22022422388187,1.0349402871066835,430
3920000,7840.000000679719,-45276.350792689016,305.00148505498805,1.0345530163429713,430
3925000,7850.000000681756,-45452.19759134008,314.9243448927959,1.046849450812304,430
3930000,7860.000000683794,-45048.189545228815,296.2201641340586,1.0251488022008728,430
3935000,7870.000000685831,-45334.35256708035,300.8016599543598,1.0293009289799238,430
3940000,7880.000000687868,-45470.43679555468,305.17985533469766,1.0407028071848898,430
3945000,7890.000000689905,-45518.64534280138,300.5925321859161,1.0430992165056576,430
3950000,7900.000000691943,-45190.572445124155,302.5019084611336,1.0270372037208506,430
3955000,7910.00000069398,-45388.75575040569,303.93168788410276,1.012938855077133,430
3960000,7920.000000696017,-45510.43470844522,308.39439882319533,1.0424972016050507,430
3965000,7930.0000006980545,-45607.92901161118,290.66224346908535,1.040004931456045,430
3970000,7940.000000700092,-45281.27436622398,296.1582632407971,1.0462354825013784,430
3975000,7950.000000702129,-45317.98971698139,301.82562962477874,1.037728002351345,430
3980000,7960.000000704166,-45781.79911656765,302.7566514763572,1.05184852752425,430
3985000,7970.0000007062035,-45541.00289045693,293.50046117164857,1.033265318628885,430
3990000,7980.000000708241,-45486.111356402835,308.7433631793777,1.0602367395879364,430
3995000,7990.000000710278,-45536.23594037152,298.2870133487731,1.0474850759584797,430
4000000,8000.000000712315,-45399.25320623338,306.8834613088741,1.0507921069484583,430
4005000,8010.000000714353,-45453.66980612103,298.91343186462063,1.0369814287409131,430
4010000,8020.00000071639,-45563.41975339255,295.6052845004337,1.0539155106449034,430
4015000,8030.000000718427,-45096.27648992662,301.63139820596035,1.0490116872617843,430
4020000,8040.000000720464,-45400.87083495519,296.96837767430327,1.039375748703836,430
4025000,8050.000000722502,-45363.23018474199,297.82989609149035,1.0407280855693546,430
4030000,8060.000000724539,-44975.27666040335,302.1481587491132,1.0428381825032593,430
4035000,8070.000000726576,-45513.320163304685,288.19956042508005,1.043014340571096,430
4040000,8080.0000007286135,-45252.91315562537,294.4368858443347,1.0467005111438352,430
4045000,8090.000000730651,-45384.07205090311,294.11765630003384,1.0410800764792698,430
4050000,8100.000000732688,-45468.466655642376,293.6956573799505,1.0444483684762778,430
4055000,8110.000000734725,-45758.155959237134,302.47782731562546,1.0392624248725661,430
4060000,8120.000000736763,-45212.991366942646,304.85304254505655,1.0274403923167006,430
4065000,8130.0000007388,-45516.559007195436,286.03492014831784,1.044061385485365,430
4070000,8140.000000740837,-45787.660154736775,299.0263894173489,1.0573925829771564,430
4075000,8150.000000742874,-45518.997597772366,300.7553307633621,1.0473623023458984,430
4080000,8160.000000744912,-45561.44185005099,309.2049184682845,1.057982491655794,430
4085000,8170.000000746949,-45677.46773498383,311.32035448138816,1.0467665457290367,430
4090000,8180.000000748986,-45729.79908337761,298.5339222733907,1.0365351662307276,430
4095000,8190.000000751023,-45693.12675416586,285.5943586785719,1.057788578340641,430
4100000,8200.00000075306,-45524.63386093447,303.70689193444707,1.0261377195267658,430
4105000,8210.000000755097,-45356.690341495094,299.2898541295034,1.0508949574347877,430
4110000,8220.000000757134,-45402.76167702707,297.15861486466,1.0409354365009804,430
4115000,8230.000000759172,-45620.90592174293,304.3307634060581,1.0435035572695996,430
4120000,8240.000000761209,-45692.65952145506,296.92538665491844,1.0396904874203994,430
4125000,8250.000000763246,-45400.38480285063,307.43173187655805,1.0304583618978604,430
4130000,8260.000000765283,-45518.209550196596,302.3095873254925,1.0445430177411439,430
4135000,8270.00000076732,-45580.063092403696,304.4009807846673,1.0208342342181376,430
4140000,8280.000000769358,-45532.89741934504,302.87721157021554,1.0469485069727325,430
4145000,8290.000000771395,-45465.3845668103,292.53995535345433,1.0421739733035331,430
4150000,8300.000000773432,-45979.49159599046,291.701900616506,1.0530120501727593,430
4155000,8310.00000077547,-45171.691492001584,298.4680464474572,1.0472648448661581,430
4160000,8320.000000777507,-44999.10150473614,307.4446021682679,1.0280969824242618,430
4165000,8330.000000779544,-45518.548767209635,297.8198622808619,1.0396288547834385,430
4170000,8340.000000781582,-45355.70395967961,295.9746059147179,1.0441424169730091,430
4175000,8350.000000783619,-45520.35452971101,296.73188847610754,1.032192592186442,430
4180000,8360.000000785656,-45387.492162130075,303.3310485432544,1.0386232456569,430
4185000,8370.000000787693,-45295.7734942612,295.26205099378336,1.0424803035097825,430
4190000,8380.00000078973,-46007.082912425074,304.78734038123014,1.0456807448300145,430
4195000,8390.000000791768,-45167.14550184485,299.67615583869724,1.0284862380009347,430
4200000,8400.000000793805,-45542.02516512587,299.573309279756,1.0271343346498352,430
4205000,8410.000000795842,-45385.92262400812,285.13125972649146,1.0350768734207423,430
4210000,8420.00000079788,-45153.741991017334,298.1098008164437,1.0306603164785448,430
4215000,8430.000000799917,-45281.23425443677,309.35397844348546,1.0242366710319282,430
4220000,8440.000000801954,-45323.39793664837,293.6385418425272,1.0260874226701135,430
4225000,8450.000000803991,-45593.26368454471,294.49232264805664,1.0439224475084674,430
4230000,8460.000000806029,-45364.62554705399,315.17025043635056,1.0461530031229902,430
4235000,8470.000000808066,-45283.82798191806,307.4869178350143,1.043316208739928,430
4240000,8480.000000810103,-44953.502966458735,301.7878870601842,1.0384738224262484,430
4245000,8490.00000081214,-45237.13594248472,300.5455083464903,1.0414180779106654,430
4250000,8500.000000814178,-45746.25258736499,292.4311270997154,1.0430209478067662,430
4255000,8510.000000816215,-45204.36059316015,306.24498292448277,1.0394581030259555,430
4260000,8520.000000818252,-45499.408293324406,304.81655420679056,1.0394828013110406,430
4265000,8530.00000082029,-45521.04673296536,296.40798935070654,1.0277106995433976,430
4270000,8540.000000822327,-45395.19109556012,305.786051862971,1.050414372853414,430
4275000,8550.000000824364,-45555.18806840072,301.6843458528149,1.033355566441859,430
4280000,8560.000000826401,-45378.25431879581,292.9476753891819,1.0419143601817462,430
4285000,8570.000000828439,-45401.56686192451,301.6217503111253,1.0400319993717377,430
4290000,8580.000000830476,-45125.99064666242,309.2503214613781,1.0376956312120813,430
4295000,8590.000000832513,-45416.55675524153,303.6796269836433,1.0384238627335,430
4300000,8600.00000083455,-45271.86362247905,306.62603617888635,1.0425109705649762,430
4305000,8610.000000836588,-45245.38603521319,305.12486233413813,1.0444714580385919,429
4310000,8620.000000838625,-44867.29123961806,302.30918211390946,1.0401866876209627,429
4315000,8630.000000840662,-45400.877717900206,303.8098156765469,1.0481962183200169,429
4320000,8640.0000008427,-45453.07300897388,301.56253153262804,1.045180416995374,429
4325000,8650.000000844737,-45250.57873772044,299.9561763383885,1.0293530285106003,429
4330000,8660.000000846774,-45541.69614786722,301.14531796838287,1.0427221039719632,429
4335000,8670.000000848811,-45626.41862180142,294.6296121915588,1.05374843292667,429
4340000,8680.000000850849,-45318.22099391703,303.0537294541169,1.0318286832856214,429
4345000,8690.000000852886,-45598.47564003014,295.788826051775,1.05226071174811,429
4350000,8700.000000854923,-45461.09583412923,299.7302612329319,1.0470857754567422,429
4355000,8710.00000085696,-45529.98014602723,308.01845895305433,1.0423078647009991,429
4360000,8720.000000858998,-45473.274349028274,303.2745118795212,1.0330214697092424,429
4365000,8730.000000861035,-45333.585168734455,310.6673849589547,1.0478556491887965,429
4370000,8740.000000863072,-44990.94826998067,308.57689840189437,1.0435604945916064,429
4375000,8750.00000086511,-45580.12643113383,301.56463477370204,1.0419423078710162,429
4380000,8760.000000867147,-45435.74314498011,300.486289567993,1.0303190293507742,429
4385000,8770.000000869184,-45532.465177205275,294.87416702983666,1.0518844900042057,429
4390000,8780.000000871221,-45573.92944497973,299.0683963514606,1.0452159387273048,429
4395000,8790.000000873259,-45408.53526038991,294.74127692637927,1.0335847876701239,429
4400000,8800.000000875296,-45719.990702743205,302.23037810889707,1.0407377086143237,429
4405000,8810.000000877333,-45140.38476922779,308.8172467580241,1.035172345405041,429
4410000,8820.00000087937,-45264.609117424145,307.4268114501922,1.0466501842093014,429
4415000,8830.000000881408,-45261.87917737375,298.4273323312535,1.0369682172406607,429
4420000,8840.000000883445,-45687.20199134323,303.2814583638024,1.051445867080386,429
4425000,8850.000000885482,-45247.60137260237,295.3859685550443,1.0329287954504605,429
4430000,8860.00000088752,-45299.41905812212,308.66637297859427,1.0295984445768556,429
4435000,8870.000000889557,-45095.228284847835,299.72277446653993,1.0429391829038728,429
4440000,8880.000000891594,-45286.038613672776,305.861016005839,1.0443987535208712,429
4445000,8890.000000893631,-45478.05090507676,309.38595156696863,1.0406020570729662,429
4450000,8900.000000895669,-45273.28217875233,299.56215631332674,1.0404063527636314,429
4455000,8910.000000897706,-45370.03859359521,308.10984381293156,1.0297029519231338,429
4460000,8920.000000899743,-45595.18648720873,287.3298412972832,1.0496119164909272,429
4465000,8930.00000090178,-45550.47668372613,293.5757726387307,1.0401616869899817,429
4470000,8940.000000903818,-45411.212737026886,307.5413705534631,1.045148939743749,429
4475000,8950.000000905855,-45430.10974581927,296.65667348797376,1.0389043897768526,429
4480000,8960.000000907892,-45396.50516672584,292.51556547531146,1.0365744328197164,429
4485000,8970.00000090993,-45422.23789339344,307.565470994761,1.0453223079096525,429
4490000,8980.000000911967,-44918.32274023004,294.4786419331806,1.0406397679397383,429
4495000,8990.000000914004,-45555.05665073893,300.18679961652464,1.0428219956858356,429
4500000,9000.000000916041,-45311.41898091533,301.8305307553549,1.0350140869950002,429
4505000,9010.000000918079,-45422.685669712635,299.83289553818673,1.0506555103560147,429
4510000,9020.000000920116,-45710.12339219524,306.8979717427059,1.0350978235158208,429
4515000,9030.000000922153,-45491.28163910555,300.35104537819586,1.0336860437914757,429
4520000,9040.00000092419,-45246.78357995802,308.100639721259,1.0444133080147562,429
4525000,9050.000000926228,-45404.578772476205,302.4039630327686,1.051480758823492,429
4530000,9060.000000928265,-45398.98809612717,303.9189333671309,1.028225875210358,429
4535000,9070.000000930302,-44971.95451497848,303.85099289170273,1.0318101391890764,429
4540000,9080.00000093234,-45448.78757881865,304.8658742451871,1.0443898932580786,429
4545000,9090.000000934377,-45354.632452117454,289.1417159472981,1.0351489725804262,429
4550000,9100.000000936414,-45341.085706279584,292.21800510281,1.0285300401415902,429
4555000,9110.000000938451,-45368.94268042865,304.9713836231028,1.0441356749082076,429
4560000,9120.000000940488,-45489.759179069195,309.5589190255707,1.0395088866160536,429
4565000,9130.000000942526,-45850.914141431305,294.8466898253466,1.034580590841977,429
4570000,9140.000000944563,-45311.221403609175,298.88020451480884,1.0527304068732106,429
4575000,9150.0000009466,-45804.78331330797,304.69821312874427,1.0357759496277967,429
4580000,9160.000000948638,-45276.484447591734,301.22051366072697,1.056906029848233,429
4585000,9170.000000950675,-45307.289847859705,290.2710985166844,1.0424949772091752,429
4590000,9180.000000952712,-45438.503876080475,294.92321692717786,1.0422115069745896,429
4595000,9190.00000095475,-45256.33304124858,310.0878359162156,1.0449587635159707,429
4600000,9200.000000956787,-45381.19744939447,306.45495970767195,1.0459823871053309,429
4605000,9210.000000958824,-45341.112300248555,304.25821123689883,1.0427093367238782,429
4610000,9220.000000960861,-45663.532943534956,294.03620877183675,1.0372325423434692,429
4615000,9230.000000962898,-45398.41833398631,303.52246277678097,1.0463508047406382,429
4620000,9240.000000964936,-45579.883834604,300.33005155903487,1.0394106562045637,429
4625000,9250.000000966973,-45331.6675914744,297.8167942503044,1.0544594985097198,429
4630000,9260.00000096901,-45481.74652030703,300.30164815664057,1.045153014283171,429
4635000,9270.000000971047,-45514.562920879456,298.2057008911037,1.047173126745258,429
4640000,9280.000000973085,-45232.77353235998,301.27168609493185,1.036499999329738,429
4645000,9290.000000975122,-45444.236990768084,310.5838341896835,1.0390350988018662,429
4650000,9300.00000097716,-45545.30112325039,288.8093845618113,1.0483865436855047,429
4655000,9310.000000979197,-45560.47489731343,296.69636492732496,1.0421509098818273,429
4660000,9320.000000981234,-45163.81969729261,298.5285966354418,1.0364126816644357,429
4665000,9330.000000983271,-45355.36876362763,296.6457327752309,1.0431035155130832,429
4670000,9340.000000985308,-45694.542913109326,302.56197625437636,1.0431459228371172,429
4675000,9350.000000987346,-45105.81026962199,295.11567313334666,1.033113337292675,429
4680000,9360.000000989383,-45390.38558971387,294.9396762357664,1.0358590671166588,429
4685000,9370.00000099142,-45416.537174123805,299.16338952400605,1.0284785017920932,429
4690000,9380.000000993457,-45308.22756804485,289.3174041122436,1.034480273116538,429
4695000,9390.000000995495,-45462.88138921521,295.5815313833499,1.038246775018937,429
4700000,9400.000000997532,-45114.67283651122,288.0956718934966,1.0439815921953406,429
4705000,9410.00000099957,-45662.10957650567,300.23237627172523,1.0561012068800169,429
4710000,9420.000001001607,-45708.53129059379,294.69145519745126,1.0590604988676935,429
4715000,9430.000001003644,-45637.203322878864,298.0511223200571,1.0412916576526554,429
4720000,9440.000001005681,-45215.14425924714,310.70169287298796,1.032664513135662,429
4725000,9450.000001007718,-45235.02717329134,295.13280779457364,1.0216344353074553,429
4730000,9460.000001009756,-45828.37075230686,297.82769637146794,1.049701958889593,429
4735000,9470.000001011793,-45164.652192673704,303.5646433729996,1.0481547593660958,429
4740000,9480.00000101383,-45841.08538300768,298.33046746711,1.041317600724588,429
4745000,9490.000001015867,-45218.68973035063,300.76955176034886,1.0264558839056959,429
4750000,9500.000001017905,-45575.58455780914,307.5459436556149,1.0422822433342047,429
4755000,9510.000001019942,-45451.608217963716,301.6028597330384,1.051251487677128,429
4760000,9520.00000102198,-45190.378688390425,303.34270320021506,1.0357916962721323,429
4765000,9530.000001024016,-45796.016835172515,298.4798554707353,1.0582154695594506,429
4770000,9540.000001026054,-45580.918271571456,294.1640240826109,1.0480417149506482,429
4775000,9550.000001028091,-45303.296734416945,301.81096482462954,1.0373460628561226,429
4780000,9560.000001030128,-45427.06633509483,305.5043526295784,1.0437513816173498,429
4785000,9570.000001032166,-45283.14555159124,306.1025028135594,1.0271020158647304,429
4790000,9580.000001034203,-45512.436874614155,290.1123134634898,1.045220368744066,429
4795000,9590.00000103624,-45375.69118850448,311.4405093636634,1.043905857235775,429
4800000,9600.000001038277,-45389.688635360246,307.07296525922334,1.048619759329703,429
4805000,9610.000001040315,-45641.20139767183,299.76570759855576,1.0466098307539724,429
4810000,9620.000001042352,-45463.24203718311,304.5264613048915,1.0443769929759168,429
4815000,9630.00000104439,-45339.64840682573,296.11392151613546,1.0490332120865649,429
4820000,9640.000001046426,-45870.43017589676,301.81050172567745,1.0483535300768274,429
4825000,9650.000001048464,-45584.420599709,306.0871819565614,1.0384280020027084,429
4830000,9660.000001050501,-45469.87215491684,301.51666544058236,1.0413619953427282,429
4835000,9670.000001052538,-45604.85666393893,297.9588305580654,1.0390322550363986,429
4840000,9680.000001054575,-45823.01825798844,295.9426327912347,1.0449529714259382,429
4845000,9690.000001056613,-45488.3234720513,300.84328097267803,1.0676770506408864,429
4850000,9700.00000105865,-45289.9506319027,306.95562756224,1.040223485272771,429
4855000,9710.000001060687,-45256.59911214633,299.3968685790133,1.056891385654968,429
4860000,9720.000001062725,-45400.53942605114,298.0752613529343,1.048100335725257,429
4865000,9730.000001064762,-45444.69591793453,301.165539955957,1.037842671046819,429
4870000,9740.000001066799,-45265.10664355123,306.3937534628387,1.0349717319610208,429
4875000,9750.000001068836,-45527.87307332008,294.3693505804896,1.0450927758145765,429
4880000,9760.000001070874,-45638.23957411383,305.83857500245284,1.0402301124030506,429
4885000,9770.00000107291,-45413.89646211872,294.12628151801636,1.0431388814692326,429
4890000,9780.000001074948,-45408.7278398358,299.134156402656,1.0346388885875388,429
4895000,9790.000001076985,-45494.39427631098,306.96000770649505,1.0340353982399124,429
4900000,9800.000001079023,-45505.27009103086,292.20312804897446,1.0392088023497792,429
4905000,9810.00000108106,-45518.50953780586,306.02709486752894,1.0339335568298553,429
4910000,9820.000001083097,-45477.28214394106,296.03235821320027,1.0431868879782795,429
4915000,9830.000001085134,-45543.3084886515,300.38971414069454,1.0389646710494849,428
4920000,9840.000001087172,-45648.37872367189,307.9373780448609,1.0617251464853614,428
4925000,9850.000001089209,-45642.477976163646,299.3775727893433,1.045038183880891,428
4930000,9860.000001091246,-45293.460202603776,300.0293073812379,1.0544712493559174,428
4935000,9870.000001093284,-45347.33100995721,302.0325190816207,1.0472383302160602,428
4940000,9880.00000109532,-45456.57149148849,298.892534524408,1.038629677288915,428
4945000,9890.000001097358,-45228.11874912522,292.5864196149797,1.0443410227707368,428
4950000,9900.000001099395,-45412.38577622481,298.23483753350536,1.0455257146300878,428
4955000,9910.000001101433,-45520.125274370046,294.00199733675174,1.0369243024074828,428
4960000,9920.00000110347,-45747.097402921674,292.15002603580257,1.060377661659816,428
4965000,9930.000001105507,-45626.916365782876,306.44118251384754,1.045274840377697,428
4970000,9940.000001107544,-45277.65480131761,294.960457801241,1.0463907073529357,428
4975000,9950.000001109582,-45444.70764742774,301.7824263517076,1.0464942288791033,428
4980000,9960.000001111619,-45012.17397580025,290.3684457755696,1.034423816756072,428
4985000,9970.000001113656,-45412.442472895316,290.63050189507817,1.0527101870575357,428
4990000,9980.000001115694,-45469.596882539365,300.14160887711745,1.036025644920789,428
4995000,9990.00000111773,-45323.83242317714,297.2962131407969,1.0442080566902308,428
5000000,10000.000001119768,-45418.803408859996,293.1162819993185,1.0498146633912813,428
5005000,10010.000001121805,-45426.910807253415,298.0765541708422,1.0470485422426847,428
5010000,10020.000001123843,-45674.55256398712,297.6150567693043,1.0442518886719505,428
5015000,10030.00000112588,-45306.555050569266,295.2793593171174,1.0390748373377332,428
5020000,10040.000001127917,-45382.092880278185,295.92771714581977,1.035146944799742,428
5025000,10050.000001129954,-44863.29011939105,305.6981016536551,1.0375589486622037,428
5030000,10060.000001131992,-45586.555108829285,298.31292759429994,1.0446133157274888,428
5035000,10070.000001134029,-45287.60079523231,303.82156681245596,1.033716207032784,428
5040000,10080.000001136066,-45607.46941925655,300.5930338764475,1.0474542936294453,428
5045000,10090.000001138103,-45706.227255582955,298.3862708908357,1.0433415049526127,428
5050000,10100.00000114014,-45181.163697351294,307.8884825138371,1.0351852069116423,428
5055000,10110.000001142178,-45035.84059835825,300.78269219311414,1.0266645009140238,428
5060000,10120.000001144215,-45676.295440582704,292.98991387276953,1.0402603883052834,428
5065000,10130.000001146253,-45296.189963099605,303.95493931065516,1.0494925479544535,428
5070000,10140.00000114829,-45705.698422033165,292.77117680107017,1.0524575065290727,428
5075000,10150.000001150327,-45779.97770103539,303.5794818352559,1.0469156567661995,428
5080000,10160.000001152364,-45539.1138624716,302.8921079198408,1.045038543547767,428
5085000,10170.000001154402,-45322.766969388525,295.84767821026855,1.0311756962584977,428
5090000,10180.000001156439,-45029.79254235461,304.4675319632392,1.0308217045298094,428
5095000,10190.000001158476,-45193.1439887232,297.06582141213687,1.0465002338856482,428
5100000,10200.000001160513,-45393.377571301506,293.1832769810528,1.057489179611397,428
5105000,10210.00000116255,-45336.54323030598,301.0405611262643,1.037317068459697,428
5110000,10220.000001164588,-45923.74565766688,302.09177645169734,1.0495089853923092,428
5115000,10230.000001166625,-45749.76921945496,296.95533372048635,1.039973137351031,428
5120000,10240.000001168662,-45419.3028651262,301.8145345457185,1.0307504642028025,428
5125000,10250.0000011707,-45640.783579200564,300.0818305207197,1.0467292461774462,428
5130000,10260.000001172737,-45582.53143345023,297.9760809940304,1.0371281740505025,428
5135000,10270.000001174774,-45688.837790304504,300.0061910252132,1.0357125419352977,428
5140000,10280.000001176812,-45298.30263544145,304.8128108235946,1.0417820950240073,428
5145000,10290.000001178849,-45440.84698609085,295.6342474807284,1.0508919652444964,428
5150000,10300.000001180886,-45450.464824056544,299.2110694202807,1.0535065915684314,428
5155000,10310.000001182923,-45493.50258500039,302.4222361455861,1.051843545886209,428
5160000,10320.00000118496,-45376.22173970711,292.7880413212418,1.0368357110036952,428
5165000,10330.000001186998,-45231.8989694326,304.94224698070104,1.0434899107553401,428
5170000,10340.000001189035,-45532.65355114962,300.82942659569494,1.041978771287813,428
5175000,10350.000001191072,-45371.76189150356,317.00466256870004,1.044834837161004,428
5180000,10360.00000119311,-45406.73429766137,297.2784224227212,1.0458779353836423,428
5185000,10370.000001195147,-45733.06919186225,292.41972328802046,1.0494887757803975,428
5190000,10380.000001197184,-45409.34280030138,304.7681024789291,1.036805369061328,428
5195000,10390.000001199222,-45598.47905959768,303.65274794863296,1.0526520191218693,428
5200000,10400.000001201259,-45514.304721242166,297.4358374748492,1.0477030999723196,428
5205000,10410.000001203296,-45423.85512816749,298.82023320051445,1.0360966596789014,428
5210000,10420.000001205333,-45039.79268671642,293.0763011231222,1.0209806947247972,428
5215000,10430.00000120737,-45451.56842346527,298.72633988798015,1.0368667870973525,428
5220000,10440.000001209408,-45451.585534621816,302.7473316099466,1.0416649655294576,428
5225000,10450.000001211445,-45634.820778613706,303.0148870295111,1.0452632467974385,428
5230000,10460.000001213482,-45232.25958092976,290.4382579425958,1.0371241281869377,428
5235000,10470.00000121552,-45299.535239103745,300.683704792107,1.0298985770741058,428
5240000,10480.000001217557,-45441.381747613224,301.3408807966885,1.0347042385628737,428
5245000,10490.000001219594,-45448.14199662255,297.0176784169102,1.0470095742057,428
5250000,10500.000001221631,-45480.4421012192,297.0505584425079,1.0388892428025371,428
5255000,10510.000001223669,-45411.20912462514,292.3050484100115,1.0310268922055232,428
5260000,10520.000001225706,-45451.458416599664,293.5167468181301,1.0326455930110148,428
5265000,10530.000001227743,-45477.33141693147,293.1466535722591,1.0326414436149658,428
5270000,10540.00000122978,-45385.007776154845,297.6435952422263,1.0351107689318344,428
5275000,10550.000001231818,-45630.779770583176,299.75509491423725,1.0531097885675031,428
5280000,10560.000001233855,-45452.901144860545,297.16322655839116,1.044340119938324,428
5285000,10570.000001235892,-45445.820542337315,295.2700973380758,1.0558686713098802,428
5290000,10580.00000123793,-45539.30723205002,297.61094676610463,1.0418663730877742,428
5295000,10590.000001239967,-45434.12399895687,299.5895949262375,1.0352104687308443,428
5300000,10600.000001242004,-45272.3582766662,297.3377762717461,1.0292173729121865,428
5305000,10610.000001244041,-45350.80890016566,300.58049161316205,1.0516864201738847,428
5310000,10620.000001246079,-45447.56571510335,304.9009539908072,1.0384913360121106,428
5315000,10630.000001248116,-45459.0477665269,303.7786722720195,1.0270960924027095,428
5320000,10640.000001250153,-44893.734982244816,289.3772210602207,1.0271883801796133,428
5325000,10650.00000125219,-45367.548812370456,289.7216123142512,1.0380080853625622,428
5330000,10660.000001254228,-45135.51339620631,308.8551243931464,1.040776601394891,428
5335000,10670.000001256265,-45413.60370858817,298.4864932223818,1.0457652522916177,428
5340000,10680.000001258302,-45333.69362589094,304.67947691697475,1.0480305956867788,428
5345000,10690.00000126034,-45399.708942494035,296.4038214601378,1.0299359851405083,428
5350000,10700.000001262377,-45554.724776020856,298.12593209660776,1.04421141953811,428
5355000,10710.000001264414,-45120.51970936422,297.5861709721683,1.0404472142172096,428
5360000,10720.000001266451,-45214.27427825358,308.76829333963127,1.031244064164482,428
5365000,10730.000001268489,-45827.25618657691,299.9885932650342,1.0520245062331708,428
5370000,10740.000001270526,-45204.85772647368,308.4643653565388,1.0404456351471032,428
5375000,10750.000001272563,-45456.06515446727,299.07528494837277,1.0336592755968215,428
5380000,10760.0000012746,-45446.87906728033,315.3851669416953,1.0456408369531314,428
5385000,10770.000001276638,-45156.8343959444,299.667453437556,1.064302047231334,428
5390000,10780.000001278675,-45386.44625785557,290.9354718508128,1.0444738401004754,428
5395000,10790.000001280712,-45217.19301527104,294.3984872228913,1.0150146050038924,428
5400000,10800.00000128275,-45342.46751200463,302.55342821955253,1.0293516256129556,428
5405000,10810.000001284787,-45060.444346222765,305.67270839444933,1.0398200437122043,428
5410000,10820.000001286824,-45373.11511076146,306.8714979192786,1.03868056317968,428
5415000,10830.000001288861,-45700.77657048928,295.41093730687726,1.0485105093562903,428
5420000,10840.000001290899,-45163.15233742786,291.4178087051943,1.0356141467959243,428
5425000,10850.000001292936,-45489.26967569796,301.453182292568,1.0368250581295315,428
5430000,10860.000001294973,-45423.49206907692,296.37043974400865,1.0402624426288938,428
5435000,10870.00000129701,-45454.36960069148,299.728331653965,1.0426154714646376,428
5440000,10880.000001299048,-45241.573991768324,298.1738242465688,1.0419652064519236,428
5445000,10890.000001301085,-45209.021477644215,309.38344311431155,1.0416217234095146,428
5450000,10900.000001303122,-45419.14461071996,295.09988917739656,1.038210480478263,428
5455000,10910.00000130516,-45656.155260999105,310.5375628860548,1.052044197872024,428
5460000,10920.000001307197,-45628.39965519661,305.02861493526405,1.0493382377527163,428
5465000,10930.000001309234,-45615.21130282647,291.2510351950763,1.0483540344364533,428
5470000,10940.000001311271,-45636.40455139396,293.16664401035723,1.0335849226061142,428
5475000,10950.000001313309,-45601.92299864945,300.01931216218884,1.0386660705878947,428
5480000,10960.000001315346,-45108.20602394472,302.15280903442357,1.0331505875232945,428
5485000,10970.000001317383,-45310.586296708905,299.8745937396637,1.0216767445783783,428
5490000,10980.00000131942,-45873.37554836046,302.343181295308,1.0487614076862475,428
5495000,10990.000001321458,-45295.232665690506,298.3942014603901,1.0403050448197804,428
5500000,11000.000001323495,-45712.94182632913,290.7357025403591,1.0399401870102034,428
