#"Step","Time (ps)","Potential Energy (kJ/mole)","Temperature (K)","Density (g/mL)","Speed (ns/day)"
5000,10.000000000000009,-45476.77257000905,302.1143332298216,1.059776292869524,0
10000,19.999999999999794,-45449.19115475676,295.7402778449652,1.0543676553134769,455
15000,29.99999999999425,-45358.98542117074,294.3248544895105,1.0593282920172136,442
20000,40.00000000000292,-45346.67469871306,308.2714267556283,1.034140188207716,445
25000,50.00000000001514,-45210.65402177285,295.3398130261536,1.0263196419609968,445
30000,60.00000000002736,-45036.70342058051,308.00215401078316,1.0418046314805212,445
35000,70.00000000001826,-45373.63918836805,299.55455377219675,1.0419646045456203,445
40000,79.99999999999496,-45854.59753994222,296.7222019896932,1.04173033591199,445
45000,89.99999999997165,-45217.26086660288,304.55633118730066,1.0347142350428635,447
50000,99.99999999994834,-45120.37723872127,304.36107709162974,1.044799918040985,448
55000,109.99999999992504,-45382.112810890074,292.7467676271376,1.0447022354873634,447
60000,119.99999999990173,-45480.48625616962,304.034997541996,1.0483974805131497,446
65000,129.99999999989262,-45287.763497529464,309.20709889251725,1.0469043802808007,445
70000,139.99999999994037,-45167.45969222832,302.73615934772766,1.0360635090467893,445
75000,149.99999999998812,-45046.37338541803,296.3646510071077,1.0370922562360452,445
80000,160.00000000003587,-45401.454263708,296.5036771716802,1.0449611225952762,444
85000,170.00000000008362,-45316.97086240788,300.1950389187137,1.039742421238883,445
90000,180.00000000013137,-45249.14718586666,300.6441098317041,1.0426774991699472,444
95000,190.0000000001791,-45030.65657366297,292.668619678974,1.0422843984647139,443
100000,200.00000000022686,-45135.03237884614,296.1474768943716,1.0148486685438682,443
105000,210.0000000002746,-45273.95448728281,297.17719671011224,1.0387448497800091,442
110000,220.00000000032236,-45290.86992749537,307.730778024864,1.0343122374344702,442
115000,230.0000000003701,-45083.59726891795,294.8096997965491,1.0448143480536702,442
120000,240.00000000041786,-45185.70016272337,301.0458481726339,1.0449197915858257,441
125000,250.0000000004656,-45482.78747475025,303.7127964460861,1.0434978447214132,442
130000,260.00000000051335,-45159.94576110752,302.0253796394428,1.0400469485392696,442
135000,270.0000000005611,-45266.37916398491,300.6196620661922,1.0369498976152913,441
140000,280.00000000060885,-45283.596651043976,305.2702561093017,1.041448188800477,441
145000,290.0000000006566,-45655.14503499013,300.2904951902113,1.0506661265675359,441
150000,300.00000000070435,-45045.17145396682,300.7389679337219,1.0228287416744166,441
155000,310.0000000007521,-45527.98347985407,304.7934571465555,1.028285840655503,440
160000,320.00000000079984,-45229.05956810506,308.5438447141897,1.0382888238667265,440
165000,330.0000000008476,-45344.6437602762,305.2205308593221,1.043879364033854,440
170000,340.00000000089534,-45263.52272625582,299.6247904465956,1.0343492814160462,440
175000,350.0000000009431,-45136.37507385257,299.21932801825943,1.0334832908483347,440
180000,360.00000000099084,-45138.20639153925,291.72659922728366,1.0186471196806122,440
185000,370.0000000010386,-45028.900619970256,299.34361219952405,1.0348717278611625,439
190000,380.00000000108633,-45655.88567860608,289.0935343604921,1.051278701240892,438
195000,390.0000000011341,-45308.15985347377,304.21898289649965,1.0535913209031378,438
200000,400.00000000118183,-45156.905692460365,303.4832344363818,1.0521621897482982,437
205000,410.0000000012296,-45681.87852861747,296.73335495612247,1.0506259956765707,438
210000,420.00000000127733,-45602.53595027243,296.06257541982353,1.0459359834305135,437
215000,430.0000000013251,-45112.048030509904,289.19941035841146,1.0516014431222118,437
220000,440.0000000013728,-45296.26979014004,309.61464526613776,1.0399268360016634,437
225000,450.0000000014206,-45323.41413096432,291.6341723947642,1.0420785133576262,437
230000,460.0000000014683,-45553.30984526756,297.26954635947294,1.0485029958098175,436
235000,470.00000000151607,-45638.854205009586,305.3658667471167,1.0579195850976033,436
240000,480.0000000015638,-45472.46779479587,306.2786926690363,1.046801524133515,436
245000,490.00000000161157,-45592.92994568637,298.35516607788765,1.0406708476707784,437
250000,500.0000000016593,-45611.99149945422,308.3945531895127,1.0527398985324496,437
255000,510.00000000170706,-45219.04720116625,287.8674412932796,1.0379849861759636,437
260000,520.0000000015274,-45362.64703495728,301.8449833018178,1.0461736031805895,437
265000,530.0000000012909,-45477.73315564118,289.39088247930704,1.0422523145413483,437
270000,540.0000000010544,-45524.250928017864,310.22319588075084,1.0551724600218308,437
275000,550.000000000818,-45293.21493121839,299.8430258277635,1.0525933119788642,437
280000,560.0000000005815,-45480.19086998116,302.1634217187421,1.035889312667317,437
285000,570.000000000345,-45492.05426577988,294.53818874010227,1.0419410402461666,437
290000,580.0000000001086,-44988.3404663573,302.6858745198476,1.039227066694277,437
295000,589.9999999998721,-45697.52090153177,291.34483202866227,1.058809801002318,437
300000,599.9999999996356,-45396.50131738352,298.0947886920804,1.0385030554421697,437
305000,609.9999999993992,-45161.52707452356,302.4991684590005,1.0315334846155553,437
310000,619.9999999991627,-45285.70709757868,310.36038894530463,1.0452745784663837,437
315000,629.9999999989262,-45282.811183653714,304.57821261278644,1.0497966642486218,437
320000,639.9999999986898,-45529.24237720511,300.1548071972517,1.0362186137695841,437
325000,649.9999999984533,-45366.307982096594,297.90343234592274,1.042461552744193,437
330000,659.9999999982168,-45614.47439202195,291.5204816020285,1.0568124232506346,437
335000,669.9999999979804,-45056.07167290081,303.616606934581,1.0386530526514755,437
340000,679.9999999977439,-45761.22699326012,301.8237772289704,1.0453638852438878,437
345000,689.9999999975074,-45486.48171307432,294.22254821268007,1.0494294982428471,437
350000,699.999999997271,-45781.034133109264,301.97926270213145,1.0520163241368212,437
355000,709.9999999970345,-45309.526154147694,308.1448849669723,1.0376262823171452,437
360000,719.999999996798,-45642.42819508302,294.3339813980245,1.054821699387215,437
365000,729.9999999965615,-45493.15096645945,300.1810687669926,1.0498924531157265,437
370000,739.9999999963251,-45673.628184725676,292.8286589584972,1.0494444568136871,437
375000,749.9999999960886,-45253.6133565451,301.0600498738311,1.0342740796139387,437
380000,759.9999999958521,-45049.29970592528,305.36613688817204,1.0288660401320937,437
385000,769.9999999956157,-45201.454925459315,297.2874528522868,1.0424793052590762,437
390000,779.9999999953792,-45281.52723385012,303.09517681032804,1.0457631540789003,436
395000,789.9999999951427,-45372.44391027934,306.07243997325344,1.046222335354201,436
400000,799.9999999949063,-45342.51344441436,303.95951241280693,1.048678140538028,436
405000,809.9999999946698,-45403.56449853693,304.40922008685646,1.0417215424655222,436
410000,819.9999999944333,-45521.2926249734,300.2662596783858,1.0396018320011193,436
415000,829.9999999941969,-45152.62015868371,303.4573973740137,1.0269230835363168,436
420000,839.9999999939604,-45404.73593334493,300.1083429357263,1.0371580019358846,436
425000,849.9999999937239,-45107.21352017947,291.82452535985897,1.0427399242468294,436
430000,859.9999999934874,-45565.768695508945,296.0579637260924,1.0417499628107751,436
435000,869.999999993251,-45191.63277986302,302.2792543441313,1.0398237666638526,435
440000,879.9999999930145,-45300.95708479773,293.6995937210432,1.0415887357065934,435
445000,889.999999992778,-45058.238175062084,291.7529958675522,1.0381781388064029,435
450000,899.9999999925416,-45294.315783336235,289.1517690537161,1.0520433608604483,435
455000,909.9999999923051,-45502.132135532214,304.23440023244603,1.0609238983950442,435
460000,919.9999999920686,-45489.65495677601,306.22259980846553,1.0338959671519836,435
465000,929.9999999918322,-45195.8526727439,291.81406704185787,1.0304013631485183,435
470000,939.9999999915957,-45323.21247376985,301.78784846860486,1.0393163003329633,435
475000,949.9999999913592,-45292.920126218814,290.1228489646496,1.043711455594393,435
480000,959.9999999911228,-45269.830497939896,303.72329335566656,1.0413222448416888,435
485000,969.9999999908863,-45497.125629477814,309.01823170322706,1.0506207954617273,435
490000,979.9999999906498,-45500.32530158007,311.2210776435359,1.0469492844921666,435
495000,989.9999999904134,-45179.23222254982,310.6116201268083,1.0332222980603802,435
500000,999.9999999901769,-45064.34086797148,288.04000354029864,1.0207689424074775,435
505000,1009.9999999899404,-45590.09926957669,292.73715832388194,1.0501979282570655,435
510000,1019.999999989704,-45060.33534589273,302.59474050523613,1.039121963088513,435
515000,1029.9999999894676,-44987.241638579784,299.3690054587298,1.0356027598489475,436
520000,1039.9999999892311,-45290.740825897374,304.8533512776913,1.0285275613718743,435
525000,1049.9999999889947,-45414.88084194,300.8171544734648,1.0411425483861545,436
530000,1059.9999999887582,-45388.18002556954,294.1313177191202,1.0377700098805314,435
535000,1069.9999999885217,-45325.850728760415,295.9013398013409,1.039609169946904,435
540000,1079.9999999882853,-45269.95338147288,296.85673223527255,1.051821682385018,435
545000,1089.9999999880488,-44994.211888579914,297.74198447375375,1.04919972105907,435
550000,1099.9999999878123,-45228.329577049095,299.2806307420411,1.0501714122810373,435
555000,1109.9999999875758,-45099.14296756155,302.2848308273459,1.0426559012531602,435
560000,1119.9999999873394,-45422.134000780236,306.10400788515364,1.0327383328604571,435
565000,1129.999999987103,-45401.55709023602,301.4264769196647,1.0504016321247192,435
570000,1139.9999999868664,-45227.88701835842,299.58511830303405,1.0348905367795904,435
575000,1149.99999998663,-45578.141340070724,316.17170192022456,1.0344101565275654,435
580000,1159.9999999863935,-45467.10945771911,296.4634840417975,1.0415815287925467,436
585000,1169.999999986157,-45448.880728652555,300.07550150170795,1.054312808968003,436
590000,1179.9999999859206,-45625.05494717017,299.926094202293,1.062268782809689,436
595000,1189.999999985684,-45559.98219080662,303.12020344953004,1.0368015576090064,435
600000,1199.9999999854476,-45614.03623324586,301.83330934906746,1.0557833941023251,436
605000,1209.9999999852112,-45468.41931218299,301.4319762197207,1.0471135197534531,435
610000,1219.9999999849747,-45407.83831151636,300.84050237896554,1.0425672814177822,435
615000,1229.9999999847382,-45209.875813891675,305.1161792287866,1.038169650826371,435
620000,1239.9999999845018,-45341.59729781619,292.23641328615525,1.0393797831685203,436
625000,1249.9999999842653,-45295.8680965199,297.29555708394815,1.042983163959098,435
630000,1259.9999999840288,-45451.82236866283,300.1505621235243,1.050923579954565,435
635000,1269.9999999837923,-45082.63597900499,297.77590647199366,1.030494442968155,435
640000,1279.9999999835559,-45383.309098796395,293.0681968914608,1.0383591009668967,435
645000,1289.9999999833194,-45644.1695052977,297.78713662158157,1.043378036734355,435
650000,1299.999999983083,-45627.48009301652,291.76032826762685,1.0533972143094197,435
655000,1309.9999999828465,-45266.143633003114,308.84196466459144,1.0377931734270824,435
660000,1319.99999998261,-45299.0469377728,298.41828260589824,1.0309374258405801,435
665000,1329.9999999823735,-45132.3023023236,295.84580651867054,1.0353192972976322,435
670000,1339.999999982137,-45173.70253785211,301.7604870388528,1.0304127646436492,435
675000,1349.9999999819006,-45152.715658423695,303.1284427517192,1.0355405638799684,435
680000,1359.9999999816641,-45185.98124434889,298.64433278188255,1.0368242844838318,435
685000,1369.9999999814277,-45239.418712341576,302.5413104636398,1.0580331603972069,435
690000,1379.9999999811912,-45623.51798922825,305.4506331511371,1.0522885607294665,435
695000,1389.9999999809547,-45347.93632190346,289.8712125715629,1.040772918121347,435
700000,1399.9999999807183,-45350.538230423204,301.19944265840724,1.0488948373865306,435
705000,1409.9999999804818,-45423.740020076686,298.9459645660043,1.0381019091689272,435
710000,1419.9999999802453,-45107.27648420338,295.7474944703018,1.0483177575103815,435
715000,1429.9999999800089,-45255.087108131615,300.80766094494714,1.0381862613780084,435
720000,1439.9999999797724,-45194.28945684314,287.5665427491653,1.045443389889743,435
725000,1449.999999979536,-45604.96808272053,297.36035234566003,1.0401767661766521,435
730000,1459.9999999792994,-45127.03633190438,303.59225564801744,1.0262424422130592,435
735000,1469.999999979063,-45005.87708900319,304.3221574838653,1.0407418332579437,435
740000,1479.9999999788265,-45395.37974264752,300.01732469585284,1.0450897996847717,435
745000,1489.99999997859,-45128.58555393273,294.7523720054395,1.0467555546160388,435
750000,1499.9999999783536,-45145.80253108707,291.98732393730495,1.0384722417703391,435
755000,1509.999999978117,-44810.87687242188,301.9426007017584,1.0449707294168278,435
760000,1519.9999999778806,-45509.8998070205,300.6651808340238,1.0460449884748209,435
765000,1529.9999999776442,-45476.647061219584,308.036018121654,1.0551459116796804,434
770000,1539.9999999774077,-45265.184113771335,311.72560465603794,1.0504467344697226,434
775000,1549.9999999771712,-45597.88472414651,307.9309332511111,1.0370889538196164,434
780000,1559.9999999769348,-45049.393487851165,302.58692571041973,1.0234684013187685,434
785000,1569.9999999766983,-45197.787993875245,289.7935856097204,1.0363831003369763,434
790000,1579.9999999764618,-45454.36861732224,303.8562027549136,1.0469369738584973,434
795000,1589.9999999762254,-45602.64769658295,297.76726195822147,1.0463717885270036,434
800000,1599.9999999759889,-44935.12977435923,310.2291389839692,1.025093515203489,434
805000,1609.9999999757524,-45282.515450238105,306.0284455728058,1.041879449421646,434
810000,1619.999999975516,-45329.82192962544,302.68552719563354,1.046502091102758,434
815000,1629.9999999752795,-44807.533060888,299.4577467954223,1.0301971248540618,434
820000,1639.999999975043,-45383.97010066756,298.65984659677724,1.0457688068144735,434
825000,1649.9999999748065,-45328.70846795532,302.21972683299924,1.0537163112567494,434
830000,1659.99999997457,-45223.830154987954,298.8469771649971,1.0235978588038175,434
835000,1669.9999999743336,-45371.21627567359,293.56961728182597,1.044356732937591,434
840000,1679.9999999740971,-45479.77488537101,296.81514980853365,1.0288838130072506,434
845000,1689.9999999738607,-45287.58242922032,308.1918895106085,1.0394709583167294,435
850000,1699.9999999736242,-45371.67858824151,304.28732858351094,1.0488404692664572,435
855000,1709.9999999733877,-45580.36127274405,309.132906581236,1.0299148647918968,434
860000,1719.9999999731513,-45468.42272184536,295.51486443004,1.0548601970205227,434
865000,1729.9999999729148,-45356.96336809834,303.2857806206885,1.049294779385812,434
870000,1739.9999999726783,-45271.31758485467,294.0582445636399,1.0397710633825308,434
875000,1749.9999999724419,-45451.914025646896,289.3483545588743,1.038554058873794,434
880000,1759.9999999722054,-45586.20863183215,304.9103510403765,1.03096555737428,434
885000,1769.999999971969,-45455.425640588044,300.896846084802,1.026143906963333,434
890000,1779.9999999717324,-45206.70295458927,295.934779404839,1.048346244074855,435
895000,1789.999999971496,-45416.43508450774,310.56816600847145,1.042102093998698,435
900000,1799.9999999712595,-45840.891332533036,302.0231220320514,1.0358212726079332,435
905000,1809.999999971023,-45187.00835946022,305.4490123048048,1.0461165637955847,435
910000,1819.9999999707866,-45183.66349369497,307.8645943262256,1.0359981105604101,435
915000,1829.99999997055,-45009.668911118555,300.27758630692205,1.0297689556971024,435
920000,1839.9999999703136,-45321.923860109644,308.76678826803703,1.0524591291706307,435
925000,1849.9999999700772,-45377.96000004493,301.07706876032,1.0510464473682635,435
930000,1859.9999999698407,-45122.011286190624,307.7150712520726,1.0441287760474263,435
935000,1869.9999999696042,-45315.202110590384,299.8067111516046,1.0340027579735172,435
940000,1879.9999999693678,-44995.152254061686,298.56510426949745,1.0470351564475233,435
945000,1889.9999999691313,-45275.40085395254,303.8205055440241,1.042981475922924,435
950000,1899.9999999688948,-45255.95863804428,309.40648228717754,1.041893614477543,435
955000,1909.9999999686584,-45104.96877244013,301.7330291301523,1.0478659664435248,435
960000,1919.999999968422,-45487.38905736682,297.7135810713595,1.047451122733752,435
965000,1929.9999999681854,-45278.15963184388,310.69011539918597,1.0266209472523542,435
970000,1939.999999967949,-45453.690646211704,307.1266268502957,1.0477054258640015,435
975000,1949.9999999677125,-45446.92473201029,304.39802852884776,1.0469635598545133,435
980000,1959.999999967476,-45474.5364645519,307.46106147685646,1.0353030093212852,435
985000,1969.9999999672395,-45510.88719971469,298.2994398373206,1.0498091588258254,435
990000,1979.999999967003,-45184.13837178878,303.8854165804741,1.0490433468825557,435
995000,1989.9999999667666,-45311.977876576595,290.677467847135,1.0539721080804552,435
1000000,1999.9999999665301,-45371.15835767484,294.93871144628287,1.0523879993439864,435
1005000,2009.9999999662937,-45216.00480216148,304.73817470915094,1.0406945070468372,435
1010000,2019.9999999660572,-45230.990229939925,295.7948077465727,1.0345670289236348,435
1015000,2029.9999999658207,-45485.47062156166,293.54920233635505,1.036150261568743,435
1020000,2039.9999999655843,-45452.78384067587,298.30835449214817,1.0518093887596003,435
1025000,2049.999999965348,-45354.02992059273,299.0929598917105,1.0442617469895925,435
1030000,2059.9999999651113,-45086.659498700756,301.85696598720284,1.0283863982289092,435
1035000,2069.999999964875,-45455.83317347255,302.18676962424286,1.0598435490481517,435
1040000,2079.9999999646384,-45358.98876314226,304.24381657780503,1.039900333420257,435
1045000,2089.999999964402,-45399.88484117208,306.31394607676344,1.0366875929633381,435
1050000,2099.9999999641655,-45012.674676426424,303.2787183616693,1.0403248000452694,435
1055000,2109.999999963929,-45372.21189831398,306.6480719706895,1.0464586326809815,435
1060000,2119.9999999636925,-45180.68782840797,295.45886804841757,1.0345004107372437,435
1065000,2129.999999963456,-45206.202781740256,306.64554422224273,1.0353500498979569,435
1070000,2139.9999999632196,-45209.03747221187,311.2691048640246,1.0269382889050795,435
1075000,2149.999999962983,-45409.742014450545,300.150465644576,1.0540346971091994,435
1080000,2159.9999999627466,-45323.92689973209,296.46657136814474,1.0313515771329511,435
1085000,2169.99999996251,-45417.31180133362,303.4932489512206,1.0320207078102355,435
1090000,2179.9999999622737,-45275.95474105701,296.9662165458603,1.049837189082571,435
1095000,2189.9999999620372,-45277.68653626178,310.4558066252229,1.0312386267581461,435
1100000,2199.9999999618008,-45441.46886973322,299.3385952942099,1.037045246449648,435
1105000,2209.9999999615643,-45157.58609702243,289.4793343791544,1.0478013789881249,435
1110000,2219.999999961328,-45299.71599036839,297.3055137114179,1.0483252471934672,435
1115000,2229.9999999610914,-44988.651662247255,299.4935983726291,1.0349013522100983,435
1120000,2239.999999960855,-45219.10206029509,296.738931439337,1.0375690482023345,435
1125000,2249.9999999606184,-45509.45803114821,298.09579207314323,1.0380564932020053,435
1130000,2259.999999960382,-45028.5625308514,303.7801001604551,1.03316630036393,435
1135000,2269.9999999601455,-45179.81631415899,302.35410271226124,1.0498423934282775,435
1140000,2279.999999959909,-45307.59775376564,301.3397037535187,1.0379409115067666,435
1145000,2289.9999999596726,-45373.18745769354,305.8232541454549,1.0319695781118663,435
1150000,2299.999999959436,-45236.09305424176,299.07648128733234,1.0552439983597723,435
1155000,2309.9999999591996,-45240.98595956346,300.05489359834036,1.0439782343162525,435
1160000,2319.999999958963,-45357.13928903421,308.67906960819715,1.040767219828315,436
1165000,2329.9999999587267,-45464.43397356151,292.388290446648,1.0451210438195087,436
1170000,2339.99999995849,-45434.55888043606,311.1479851922659,1.0485946944197233,436
1175000,2349.9999999582537,-45275.90597332007,290.41780440554555,1.0299169374403994,436
1180000,2359.9999999580173,-44914.49080513275,301.0307588651119,1.0316521873016364,436
1185000,2369.999999957781,-45239.03500180191,302.9624217773983,1.0338062250132707,436
1190000,2379.9999999575443,-45509.92822001799,298.5124267636983,1.0465142626463364,436
1195000,2389.999999957308,-45534.52660280187,301.1203299207601,1.0291356888433507,436
1200000,2399.9999999570714,-45120.30414526674,297.85415089910555,1.0306050647271932,436
1205000,2409.999999956835,-45198.163755096844,301.0410628167957,1.035828362926112,436
1210000,2419.9999999565985,-45100.3267695113,300.36277721831516,1.0424994282336983,436
1215000,2429.999999956362,-45384.43605666407,300.19687201873234,1.0332897188996546,436
1220000,2439.9999999561255,-45389.11231256329,300.0463262677269,1.0344323873919357,436
1225000,2449.999999955889,-45352.06544037818,310.5862075718129,1.0506975241915308,436
1230000,2459.9999999556526,-45266.80310926758,292.213856508031,1.047760548131506,436
1235000,2469.999999955416,-44930.986333894456,303.3577539161577,1.0322104238883545,436
1240000,2479.9999999551796,-45295.78027400974,312.47750369210956,1.0403074856290835,436
1245000,2489.999999954943,-45361.65451363291,302.6673891533437,1.036689902533246,436
1250000,2499.9999999547067,-45452.751428942865,299.1131239919157,1.0376045069207098,436
1255000,2509.9999999544702,-45134.00139635292,301.68195317489574,1.0398842908644776,436
1260000,2519.9999999542338,-45139.72297444192,297.0026662925469,1.0430142409780883,436
1265000,2529.9999999539973,-45147.68696934325,303.82980611464507,1.037252197182485,436
1270000,2539.999999953761,-45290.08965745891,299.8567644300086,1.033886078756679,436
1275000,2549.9999999535244,-45372.32062139374,288.0284453622863,1.0535065576963258,436
1280000,2559.999999953288,-45186.35588268179,297.0868924144566,1.043172962806567,436
1285000,2569.9999999530514,-45463.10025804007,292.4892653139912,1.0453796158298854,436
1290000,2579.999999952815,-45241.05124914428,299.5940329578616,1.0369215882422804,436
1295000,2589.9999999525785,-45390.76464787481,292.6080694909895,1.0377218107258879,436
1300000,2599.999999952342,-45471.846468781005,305.5490802700335,1.048451985637772,436
1305000,2609.9999999521056,-45424.451739990356,299.5152289528492,1.0443478151916936,436
1310000,2619.999999951869,-45705.32429543874,291.0645413879156,1.0531569177085678,436
1315000,2629.9999999516326,-45406.03116305315,311.4032877853899,1.044457427841775,436
1320000,2639.999999951396,-45444.62554730009,303.58031155421173,1.0465817611816717,436
1325000,2649.9999999511597,-45178.64003069149,295.48441567394076,1.0499567349018684,436
1330000,2659.999999950923,-45506.28343153541,305.5847388893437,1.0354987485300389,436
1335000,2669.9999999506867,-45291.41304028922,309.06764822057204,1.047640535437862,436
1340000,2679.9999999504503,-45435.51381428557,304.66303690417584,1.053235636392399,436
1345000,2689.999999950214,-45277.81585162293,294.10416854305447,1.0444677085598022,436
1350000,2699.9999999499773,-45134.33323222381,307.6653074105136,1.0352351839928606,436
1355000,2709.999999949741,-45273.744560918014,305.4727654218886,1.0454594055886726,436
1360000,2719.9999999495044,-45569.91472019482,308.69940737050933,1.0438845010595614,436
1365000,2729.999999949268,-45333.55348102408,311.8715387133123,1.0451961065359414,436
1370000,2739.9999999490315,-45244.45129103077,300.8534112622548,1.041548609276215,436
1375000,2749.999999948795,-45343.00033312311,299.19352954747063,1.0690845491035725,436
1380000,2759.9999999485585,-45607.77808641284,299.3766079998598,1.0507960015767994,436
1385000,2769.999999948322,-45105.96165963137,303.3088583851339,1.041227461030769,436
1390000,2779.9999999480856,-45192.04716580076,300.002987924128,1.03254829666498,436
1395000,2789.999999947849,-45294.907672797475,299.6993879694599,1.0417621102375632,436
1400000,2799.9999999476127,-45409.80464301331,299.554418701669,1.0254579179799546,436
1405000,2809.999999947376,-44967.16390295376,302.06308361245806,1.0323287532153225,436
1410000,2819.9999999471397,-45117.89449625558,302.8098306726878,1.0432776667051737,436
1415000,2829.9999999469032,-45369.27776690401,297.7339960168303,1.0338167241916483,436
1420000,2839.999999946667,-45085.23986163095,309.1760905585175,1.0517991181822157,436
1425000,2849.9999999464303,-45609.144364630745,303.2748592037353,1.042057573261457,436
1430000,2859.999999946194,-45132.86675823797,299.07387635572684,1.0333973233021512,436
1435000,2869.9999999459574,-45283.498327896814,303.20168956930655,1.0373222525058605,436
1440000,2879.999999945721,-45370.45415601204,301.05638367379373,1.0674852922368112,436
1445000,2889.9999999454844,-45309.50979811765,295.8521162418926,1.0473152490473956,436
1450000,2899.999999945248,-45303.443396917224,308.8382791687645,1.0427889604979736,436
1455000,2909.9999999450115,-45234.94792859777,303.31530317888365,1.0361035524458602,436
1460000,2919.999999944775,-45349.180869366304,306.1742831511318,1.055084682047253,436
1465000,2929.9999999445386,-45249.90588992636,303.86521388868954,1.05680039672279,436
1470000,2939.999999944302,-45203.62428736148,304.48356676445496,1.0345368513614301,436
1475000,2949.9999999440656,-45166.162372814986,301.378160262331,1.0344360784581303,436
1480000,2959.999999943829,-45394.385438200465,301.9579408545461,1.0503362175848554,436
1485000,2969.9999999435927,-45123.53756549655,305.7836205934726,1.0213492565972961,436
1490000,2979.999999943356,-45555.417348306364,300.29528054604947,1.0495989856264265,436
1495000,2989.9999999431197,-45359.75069010598,304.28395182031863,1.0595627565703587,436
1500000,2999.9999999428833,-45778.624718195,296.92395876648294,1.0584991052774066,436
1505000,3009.999999942647,-45353.99407343709,297.8641654139443,1.034830238915727,436
1510000,3019.9999999424103,-45322.745718243415,302.45332166274454,1.046343091820609,436
1515000,3029.999999942174,-45533.67370519534,300.5162945209299,1.0516618993838536,436
1520000,3039.9999999419374,-45306.98998565826,298.76963963999964,1.036126481412517,436
1525000,3049.999999941701,-45422.2049117033,297.78567014156664,1.0374326365910087,436
1530000,3059.9999999414645,-45239.82915087984,302.9482200762012,1.040661742427949,436
1535000,3069.999999941228,-45333.44502165288,303.4633018856527,1.0472627952137996,436
1540000,3079.9999999409915,-45346.55533266012,296.8779576039096,1.0390989471562033,436
1545000,3089.999999940755,-45307.67384911986,293.9146452969156,1.04449656320427,436
1550000,3099.9999999405186,-45451.86370548862,297.4833051174374,1.045690640365061,436
1555000,3109.999999940282,-44939.26384196448,309.3448708307612,1.0342685674109553,436
1560000,3119.9999999400457,-45421.731314807344,296.117047434062,1.0494656388607562,436
1565000,3129.999999939809,-45519.03889690898,302.6291834897971,1.047509118320015,436
1570000,3139.9999999395727,-45437.325406377495,297.0233513790732,1.0482384184744042,436
1575000,3149.9999999393362,-45453.65441287827,306.3197348136644,1.0369434034559077,436
1580000,3159.9999999391,-45164.73853655715,298.4658467274349,1.0288497265900138,436
1585000,3169.9999999388633,-45053.15138320663,299.299173995914,1.0428630448483058,436
1590000,3179.999999938627,-45514.93227482197,305.1698215240693,1.042303261669707,436
1595000,3189.9999999383904,-45185.31728872366,290.4364827299461,1.0365075356357047,436
1600000,3199.999999938154,-45413.879120505124,306.4163681283319,1.0428920280569947,436
1605000,3209.9999999379174,-45181.60193977473,296.9968968514356,1.0404545639746139,436
1610000,3219.999999937681,-45190.43111725562,297.66279455294796,1.0363965364545062,436
1615000,3229.9999999374445,-45425.99135159279,308.645514229961,1.0569747953693989,436
1620000,3239.999999937208,-45465.330963933346,292.4651648726934,1.0505654679223986,436
1625000,3249.9999999369716,-45027.54339344334,286.73832886494876,1.0393361672848895,436
1630000,3259.999999936735,-45543.31546092607,295.5204602090443,1.0472197455647154,436
1635000,3269.9999999364986,-45313.1134830082,301.40652507314593,1.0462239804394733,436
1640000,3279.999999936262,-45287.44150943152,302.07664855259605,1.0434671383730236,436
1645000,3289.9999999360257,-45300.05433010761,301.2002530815734,1.038409030176258,436
1650000,3299.999999935789,-45527.30879048066,303.9554795927659,1.0463397826567216,436
1655000,3309.9999999355528,-45411.71979200764,300.35087171608876,1.0270776810879496,436
1660000,3319.9999999353163,-45588.339424373145,291.56775628672005,1.03920929910557,436
1665000,3329.99999993508,-45377.1945965449,295.8435682070688,1.0492341779256429,436
1670000,3339.9999999348433,-45381.61591312691,298.2297434450325,1.0451324694345931,436
1675000,3349.999999934607,-45604.035797979566,297.6463159485698,1.0447009904485638,436
1680000,3359.9999999343704,-45388.732369840116,302.5978085357936,1.0447384136479128,436
1685000,3369.999999934134,-45590.74638663657,301.969228891503,1.041967029856814,436
1690000,3379.9999999338975,-45571.07085670787,304.87729735267175,1.0511477345284441,436
1695000,3389.999999933661,-45350.30940030771,301.76212718097474,1.0417719010308188,436
1700000,3399.9999999334245,-45384.92450400806,298.68037731698615,1.0524376875825454,436
1705000,3409.999999933188,-45379.79802231895,308.30121945487883,1.0465785117090434,436
1710000,3419.9999999329516,-45223.76775406746,296.5486942489803,1.0291158030585694,436
1715000,3429.999999932715,-45523.91107660276,308.83679339295986,1.0480351305344997,436
1720000,3439.9999999324787,-45441.50184484947,296.9780062733486,1.0432388420199192,436
1725000,3449.999999932242,-45741.161241241236,307.5507097156634,1.0433493370646296,436
1730000,3459.9999999320057,-45331.55825071555,296.69952943683086,1.0472327989494403,436
1735000,3469.9999999317693,-45259.38863651178,300.79913220591305,1.0430281204391019,436
1740000,3479.999999931533,-45305.02593961384,299.6138883254321,1.0363756097778285,436
1745000,3489.9999999312963,-45288.9559895054,308.0697857535766,1.0317600364265511,436
1750000,3499.99999993106,-45413.27511928373,295.7534761650995,1.062194755852064,436
1755000,3509.9999999308234,-45148.80592270059,297.9219948955853,1.04314094769864,436
1760000,3519.999999930587,-45410.30678718124,303.5746385920487,1.061914582852755,436
1765000,3529.9999999303504,-45167.464806592005,303.2236095863717,1.054514359749437,436
1770000,3539.999999930114,-44776.930917034275,307.0987830258018,1.0312150788265735,436
1775000,3549.9999999298775,-45653.7149250099,305.3412646152874,1.04212457752613,436
1780000,3559.999999929641,-45352.060202532826,305.99668470300895,1.0456325731029248,436
1785000,3569.9999999294046,-45258.06162737287,298.48394617814535,1.0446623517884837,436
1790000,3579.999999929168,-45595.755562492064,306.25138912665324,1.0457724816961722,436
1795000,3589.9999999289316,-45253.76116289286,297.0291980033432,1.0447501585686045,436
1800000,3599.999999928695,-45103.37951525775,302.36670286291576,1.0323959846189725,436
1805000,3609.9999999284587,-44993.998878489656,290.3597047828491,1.0330733469490891,436
1810000,3619.999999928222,-45613.87722498257,293.7989670378438,1.046865558862693,436
1815000,3629.9999999279858,-45457.44775015983,292.1855688803747,1.0578124922440093,436
1820000,3639.9999999277493,-44855.960539574764,300.04864176248725,1.0306833579432577,436
1825000,3649.999999927513,-45289.32420270887,295.4630359389863,1.0490062981548283,436
1830000,3659.9999999272763,-45249.433510839444,298.9061766477047,1.0534046104886607,436
1835000,3669.99999992704,-45177.90968028706,296.431530214104,1.0288758066083266,436
1840000,3679.9999999268034,-45466.221585615654,302.2233158498779,1.0527767321073616,436
1845000,3689.999999926567,-45374.028110546846,302.7169986285853,1.0613558641245564,436
1850000,3699.9999999263305,-45732.27706273622,305.33931574053076,1.0497057380813184,436
1855000,3709.999999926094,-45530.856558622356,291.80463140070924,1.0422307376165212,436
1860000,3719.9999999258575,-45227.077762232104,300.7872074078969,1.0427479224109737,436
1865000,3729.999999925621,-45544.58888152684,299.0121298287828,1.0483078492615663,436
1870000,3739.9999999253846,-45236.595316971274,307.50418756676896,1.0408700085190845,436
1875000,3749.999999925148,-45052.331179872795,301.9930398959558,1.0384281315835286,436
1880000,3759.9999999249117,-45224.4252418587,306.9341127567579,1.0485741738891914,435
1885000,3769.999999924675,-44943.064424370474,300.3006833671571,1.0263402357206366,435
1890000,3779.9999999244387,-45665.418862907216,293.638908462531,1.0443911903678769,435
1895000,3789.9999999242023,-44943.17191406744,299.251397620691,1.049639331810688,435
1900000,3799.999999923966,-45336.228624988726,304.6262012416958,1.031902660025144,435
1905000,3809.9999999237293,-44941.58132353812,296.14880830385886,1.0128695238018413,435
1910000,3819.999999923493,-45172.29942515088,302.32836212884143,1.025211649492276,435
1915000,3829.9999999232564,-45131.80266467595,302.1859013137077,1.0525956357665633,435
1920000,3839.99999992302,-45354.71041087707,302.9569031815527,1.0484189512986024,435
1925000,3849.9999999227834,-45108.86959951368,306.2511575771772,1.0345481450290877,435
1930000,3859.999999922547,-45301.90752021011,302.27437250934474,1.0378533311817366,435
1935000,3869.9999999223105,-45534.418480870954,299.7631026669503,1.0510861227932309,435
1940000,3879.999999922074,-45347.24271600804,298.90264551819513,1.0334732026098747,435
1945000,3889.9999999218376,-45478.80933039525,305.75845888374295,1.0458758512575135,435
1950000,3899.999999921601,-45156.66550361362,302.4761678777138,1.0494164716547603,435
1955000,3909.9999999213646,-45557.020947554935,302.37301258613786,1.0475184405007145,435
1960000,3919.999999921128,-45227.415982820356,297.1056865135952,1.0353035991251673,435
1965000,3929.9999999208917,-45092.46011227736,292.5582477620615,1.0443862677530236,435
1970000,3939.9999999206552,-45390.888245750655,304.0954705468219,1.0408980381268,435
1975000,3949.9999999204188,-45553.123392426496,296.7569922984682,1.0282818993177925,435
1980000,3959.9999999201823,-45337.9541371387,304.34982764625215,1.0454092775592254,435
1985000,3969.999999919946,-45363.686727835564,309.033031573904,1.0450368201190803,435
1990000,3979.9999999197094,-45616.252741455275,295.72734966588627,1.0350562230504567,435
1995000,3989.999999919473,-45273.18694501382,302.3616473660222,1.0435176775962334,435
2000000,3999.9999999192364,-45199.81033142703,301.6019528309239,1.0462501028235605,435
2005000,4009.999999919,-45259.651883955,304.8159753331004,1.0354783033193224,435
2010000,4019.9999999187635,-45174.27784516569,300.3018025229579,1.0315031919636433,435
2015000,4029.999999918527,-45349.59644757706,299.9652839511128,1.0564450911789887,435
2020000,4039.9999999182905,-45567.93169126587,299.041883936454,1.0407348810604766,435
2025000,4049.999999918054,-45346.79573453707,308.4512249237735,1.0412379659758184,435
2030000,4059.9999999178176,-45349.06815033854,296.9043156525988,1.0479492325544022,435
2035000,4069.999999917581,-45156.787996863684,303.3411981286208,1.042059070238793,435
2040000,4079.9999999173447,-45392.035834253766,297.73335925577123,1.0524559534974864,435
2045000,4089.999999917108,-45425.49055480468,298.66617561578903,1.0464441248988166,435
2050000,4099.999999917781,-45600.680983618746,295.8836069706341,1.0382712289864289,435
2055000,4109.999999919818,-45374.82508747498,285.57220711203075,1.0354850358487848,435
2060000,4119.999999921855,-45452.55634734503,300.5198642420188,1.040463295815917,435
2065000,4129.999999923893,-45057.089854249585,302.17291524725977,1.0366670996968153,434
2070000,4139.99999992593,-45284.620413468394,295.00130698797244,1.0364354276206762,434
2075000,4149.999999927967,-45683.12095896262,303.8316971020327,1.036963082210283,434
2080000,4159.999999930004,-45360.864073172124,300.29858012608304,1.0543022239776363,434
2085000,4169.999999932042,-45668.235971599,298.95993471772545,1.0464379524751126,434
2090000,4179.999999934079,-45193.08945612755,293.2764370535796,1.0421473988350818,434
2095000,4189.999999936116,-44935.60273448893,303.66150823714315,1.0492358310070582,434
2100000,4199.999999938153,-45228.451642617816,299.8930212187986,1.0365935064322467,434
2105000,4209.999999940191,-45526.07186533659,302.7380503351153,1.0476084429161014,434
2110000,4219.999999942228,-45637.82917340091,301.3558736252621,1.0497664786053686,434
2115000,4229.999999944265,-45344.294783547695,293.17208542304417,1.04671908460977,434
2120000,4239.9999999463025,-45827.200769549,290.45593288593346,1.060160136475022,434
2125000,4249.99999994834,-45662.88131572236,291.92600191773363,1.0513517662183864,434
2130000,4259.999999950377,-45070.348510375625,297.81339819132245,1.045857209911426,434
2135000,4269.999999952414,-45522.396326982096,307.48329022655633,1.0554449782270168,434
2140000,4279.999999954452,-45221.77329234753,296.1780221294192,1.043997591386865,434
2145000,4289.999999956489,-45111.649499412306,309.4720493804763,1.044250562036677,434
2150000,4299.999999958526,-45010.0385950091,300.1900413091892,1.032657417263416,434
2155000,4309.999999960563,-45592.913507639314,300.79376797638474,1.0535161142100333,434
2160000,4319.999999962601,-45124.27143977763,298.4426145966722,1.0425696447613362,434
2165000,4329.999999964638,-45361.97189960384,307.1530427863539,1.0435719201798241,434
2170000,4339.999999966675,-45142.35732529193,303.68254064788346,1.0328417432899386,434
2175000,4349.9999999687125,-45620.96394376835,296.2757745998876,1.0570188566540257,434
2180000,4359.99999997075,-45436.14677888603,295.2109557427372,1.0404373683140677,434
2185000,4369.999999972787,-45373.56477083621,293.2625440850172,1.039279362548444,434
2190000,4379.999999974824,-45622.515489213634,298.2793915118535,1.0691915579160545,434
2195000,4389.999999976862,-45299.89090496555,291.75633403916515,1.0404973758584404,434
2200000,4399.999999978899,-45531.90992307727,308.2019619128162,1.0464589782238425,434
2205000,4409.999999980936,-45435.894497485424,299.3729803914019,1.0431898119535754,434
2210000,4419.999999982973,-45533.31412020314,300.66452477717496,1.0518147272447989,434
2215000,4429.999999985011,-45164.112030988064,307.4579548547196,1.0504416783180899,434
2220000,4439.999999987048,-45112.97953765039,293.2859691736767,1.0358508463283556,434
2225000,4449.999999989085,-45359.95326598265,298.1552231053269,1.0424167005377962,434
2230000,4459.999999991122,-45283.964031210635,297.73164193049064,1.042952520089214,434
2235000,4469.99999999316,-45558.019979753066,300.92513371245826,1.0435623908422262,434
2240000,4479.999999995197,-45393.25012073471,301.8680031788941,1.0485928124142174,434
2245000,4489.999999997234,-45416.822627064656,295.5533788262213,1.0375699256310855,434
2250000,4499.9999999992715,-45302.8943296003,299.03368322584424,1.0314249264784745,434
2255000,4510.000000001309,-45258.40375170446,304.8853244011745,1.038287908630403,434
2260000,4520.000000003346,-45366.62266544762,305.09630456542646,1.0323765717032107,434
2265000,4530.000000005383,-45383.942132036784,304.7893085517765,1.049245123117709,434
2270000,4540.000000007421,-45288.250695255876,302.018703296217,1.0438888985707897,434
2275000,4550.000000009458,-45348.92266125302,306.05441770570167,1.0412799157282482,434
2280000,4560.000000011495,-45493.54092642752,298.76601203154166,1.032287122003671,434
2285000,4570.000000013532,-45406.14143141461,298.1994876468299,1.0379591279214146,434
2290000,4580.00000001557,-44773.17244730666,309.6557067065555,1.0326203342782407,434
2295000,4590.000000017607,-45206.57912805266,297.56033390980014,1.0364409057439763,434
2300000,4600.000000019644,-45221.99678163213,302.1390704321786,1.0163537252921675,434
2305000,4610.000000021681,-45049.33678746142,294.9976600837248,1.0260301479422862,434
2310000,4620.000000023719,-45519.28433746143,296.8949186030295,1.0360000828478315,434
2315000,4630.000000025756,-45433.31235287228,307.62306892692595,1.051000792934583,434
2320000,4640.000000027793,-45031.1622665053,297.6140533882415,1.0330852239142871,434
2325000,4650.0000000298305,-45148.26328396218,306.2467195455531,1.0515489922449255,434
2330000,4660.000000031868,-45374.36649402807,307.87974152111656,1.0487105398291348,433
2335000,4670.000000033905,-45323.70243859821,301.1209473860296,1.0408730867639366,433
2340000,4680.000000035942,-45487.51501120339,305.4189494644989,1.0351120167374013,433
2345000,4690.00000003798,-44971.836813268164,300.5177995925241,1.0286833996502742,433
2350000,4700.000000040017,-45440.29316819084,303.68686290476955,1.0446620069680892,433
2355000,4710.000000042054,-45191.789878580865,299.6962041641644,1.0311962341736558,433
2360000,4720.000000044091,-45263.091026611044,302.9048045494436,1.0367142907292841,433
2365000,4730.000000046129,-45272.45372681596,292.1227224934195,1.0453738648652016,433
2370000,4740.000000048166,-45144.20231978959,297.69573246591466,1.041936739409531,433
2375000,4750.000000050203,-45166.53583808217,303.11209921786866,1.0442608239139328,433
2380000,4760.0000000522405,-45563.68024069225,289.9922164685836,1.0440849259074407,433
2385000,4770.000000054278,-44924.281710040465,300.42157148943977,1.0435805561780083,433
2390000,4780.000000056315,-45178.489229060186,305.32441939090546,1.0423845256792215,433
2395000,4790.000000058352,-44975.734840504156,307.42704299966823,1.0367091985448078,433
2400000,4800.0000000603895,-45276.388866837515,301.49358767613705,1.0371848146510931,433
2405000,4810.000000062427,-45212.58328886796,303.6816144499793,1.0401370652583903,433
2410000,4820.000000064464,-45186.72754057331,303.59493776278157,1.0372182949234345,433
2415000,4830.000000066501,-44960.455010693724,302.8907186229845,1.0286004256636727,433
2420000,4840.000000068539,-45016.652263842494,297.3270478126896,1.0363853402425165,433
2425000,4850.000000070576,-45236.339076379896,294.36591592992835,1.0518838613286363,433
2430000,4860.000000072613,-45638.14708837407,304.5996309393202,1.03600588279836,433
2435000,4870.00000007465,-45101.115792257886,296.2242548414686,1.0416724543694766,433
2440000,4880.000000076688,-45577.01882535062,301.2410636767255,1.0452474414112198,433
2445000,4890.000000078725,-45427.711871272535,299.4222618382191,1.0480343944458055,433
2450000,4900.000000080762,-45520.60495246734,297.14782851823446,1.055152702026008,433
2455000,4910.0000000827995,-45061.78771629193,309.3487299886952,1.0250127010765204,433
2460000,4920.000000084837,-45573.1999993904,302.56176400069,1.0448823923344068,433
2465000,4930.000000086874,-45442.399340719974,303.80045721855697,1.0325815451800495,433
2470000,4940.000000088911,-45359.68855850774,299.41245957706667,1.041957223779452,433
2475000,4950.000000090949,-45445.038333548495,300.070060089021,1.0568895901718292,433
2480000,4960.000000092986,-44924.89705656524,295.79110295495605,1.0336340037344804,433
2485000,4970.000000095023,-45471.93740270194,294.1584283036066,1.0474214741318493,433
2490000,4980.00000009706,-45261.155410941516,302.00573652555875,1.0439095870667359,433
2495000,4990.000000099098,-45670.45059031382,298.827565600589,1.0492242723425833,433
2500000,5000.000000101135,-45422.20637845094,295.98859536222864,1.0359470521515297,433
